<testsuites id="" name="" tests="114" failures="39" skipped="11" errors="0" time="290.473891">
<testsuite name="dashboard-core-uat.spec.ts" timestamp="2025-11-01T00:58:39.906Z" hostname="chromium-desktop" tests="3" failures="2" skipped="0" time="30.119" errors="0">
<testcase name="Emergent Narrative Dashboard - Core UAT › Core User Story: Turn Orchestration Flow" classname="dashboard-core-uat.spec.ts" time="11.031">
<failure message="dashboard-core-uat.spec.ts:27:3 Core User Story: Turn Orchestration Flow" type="FAILURE">
<![CDATA[  [chromium-desktop] › dashboard-core-uat.spec.ts:27:3 › Emergent Narrative Dashboard - Core UAT › Core User Story: Turn Orchestration Flow › Phase 4: Observe Component Updates 

    Error: expect(received).toBe(expected) // Object.is equality

    Expected: true
    Received: false

      115 |       
      116 |       // *** PERFORMANCE METRICS VALIDATION ***  
    > 117 |       expect(componentUpdates.performanceMetrics.hasHealthStatus).toBe(true);
          |                                                                   ^
      118 |       expect(componentUpdates.performanceMetrics.hasMetricValues).toBe(true);
      119 |       expect(componentUpdates.performanceMetrics.systemOnline).toBe(true);
      120 |       
        at D:\Code\Novel-Engine\frontend\tests\e2e\dashboard-core-uat.spec.ts:117:67
        at D:\Code\Novel-Engine\frontend\tests\e2e\dashboard-core-uat.spec.ts:100:5

    attachment #1: screenshot (image/png) ──────────────────────────────────────────────────────────
    ..\..\test-results\dashboard-core-uat-Emergen-53431-ory-Turn-Orchestration-Flow-chromium-desktop\test-failed-1.png
    ────────────────────────────────────────────────────────────────────────────────────────────────

    attachment #2: video (video/webm) ──────────────────────────────────────────────────────────────
    ..\..\test-results\dashboard-core-uat-Emergen-53431-ory-Turn-Orchestration-Flow-chromium-desktop\video.webm
    ────────────────────────────────────────────────────────────────────────────────────────────────

    Error Context: ..\..\test-results\dashboard-core-uat-Emergen-53431-ory-Turn-Orchestration-Flow-chromium-desktop\error-context.md

    attachment #4: trace (application/zip) ─────────────────────────────────────────────────────────
    ..\..\test-results\dashboard-core-uat-Emergen-53431-ory-Turn-Orchestration-Flow-chromium-desktop\trace.zip
    Usage:

        npx playwright show-trace ..\..\test-results\dashboard-core-uat-Emergen-53431-ory-Turn-Orchestration-Flow-chromium-desktop\trace.zip

    ────────────────────────────────────────────────────────────────────────────────────────────────
]]>
</failure>
<system-out>
<![CDATA[🎯 Starting Core User Story UAT: Turn Orchestration Flow
📋 Phase 1: Validating initial application state...
📐 Validating component layout...
✅ Phase 1: Initial application state validated
🎮 Phase 2: Triggering turn orchestration...
👀 Observing component updates...
🎮 Triggering turn orchestration...
✅ Phase 2: Turn orchestration triggered successfully
📊 Phase 3: Monitoring turn pipeline progression...
📊 Monitoring turn pipeline progression...
✅ Phase 1: World Update completed in 1441ms
✅ Phase 2: Subjective Brief completed in 1012ms
✅ Phase 3: Interaction Orchestration completed in 637ms
✅ Phase 4: Event Integration completed in 960ms
✅ Phase 5: Narrative Integration completed in 1095ms
📊 Turn pipeline monitoring completed in 5146ms
📊 Total pipeline duration: 5145ms
✅ Phase 3: Pipeline progression monitored
👀 Phase 4: Observing component updates...
👀 Observing component updates...

[[ATTACHMENT|test-results\dashboard-core-uat-Emergen-53431-ory-Turn-Orchestration-Flow-chromium-desktop\test-failed-1.png]]

[[ATTACHMENT|test-results\dashboard-core-uat-Emergen-53431-ory-Turn-Orchestration-Flow-chromium-desktop\video.webm]]

[[ATTACHMENT|test-results\dashboard-core-uat-Emergen-53431-ory-Turn-Orchestration-Flow-chromium-desktop\error-context.md]]

[[ATTACHMENT|test-results\dashboard-core-uat-Emergen-53431-ory-Turn-Orchestration-Flow-chromium-desktop\trace.zip]]
]]>
</system-out>
</testcase>
<testcase name="Emergent Narrative Dashboard - Core UAT › Performance Validation: Dashboard Load Time" classname="dashboard-core-uat.spec.ts" time="2.56">
<system-out>
<![CDATA[⚡ Performance Validation: Dashboard load time testing
⚡ Dashboard Load Time: 410ms
⚡ World Map Load Time: 11ms
]]>
</system-out>
</testcase>
<testcase name="Emergent Narrative Dashboard - Core UAT › Error Handling: Network Interruption Resilience" classname="dashboard-core-uat.spec.ts" time="16.528">
<failure message="dashboard-core-uat.spec.ts:284:3 Error Handling: Network Interruption Resilience" type="FAILURE">
<![CDATA[  [chromium-desktop] › dashboard-core-uat.spec.ts:284:3 › Emergent Narrative Dashboard - Core UAT › Error Handling: Network Interruption Resilience › Test Network Interruption Handling 

    Error: expect(locator).toBeVisible() failed

    Locator: locator('[data-testid="connection-status"]')
    Expected: visible
    Timeout: 10000ms
    Error: element(s) not found

    Call log:
      - Expect "toBeVisible" with timeout 10000ms
      - waiting for locator('[data-testid="connection-status"]')


      307 |       // Verify dashboard recovers gracefully
      308 |       await expect(dashboardPage.dashboardLayout).toBeVisible();
    > 309 |       await expect(dashboardPage.connectionStatus).toBeVisible();
          |                                                    ^
      310 |       
      311 |       console.log('🛡️ ✅ Network interruption resilience validated');
      312 |     });
        at D:\Code\Novel-Engine\frontend\tests\e2e\dashboard-core-uat.spec.ts:309:52
        at D:\Code\Novel-Engine\frontend\tests\e2e\dashboard-core-uat.spec.ts:287:5

    attachment #1: screenshot (image/png) ──────────────────────────────────────────────────────────
    ..\..\test-results\dashboard-core-uat-Emergen-d3c85-ork-Interruption-Resilience-chromium-desktop\test-failed-1.png
    ────────────────────────────────────────────────────────────────────────────────────────────────

    attachment #2: video (video/webm) ──────────────────────────────────────────────────────────────
    ..\..\test-results\dashboard-core-uat-Emergen-d3c85-ork-Interruption-Resilience-chromium-desktop\video.webm
    ────────────────────────────────────────────────────────────────────────────────────────────────

    Error Context: ..\..\test-results\dashboard-core-uat-Emergen-d3c85-ork-Interruption-Resilience-chromium-desktop\error-context.md

    attachment #4: trace (application/zip) ─────────────────────────────────────────────────────────
    ..\..\test-results\dashboard-core-uat-Emergen-d3c85-ork-Interruption-Resilience-chromium-desktop\trace.zip
    Usage:

        npx playwright show-trace ..\..\test-results\dashboard-core-uat-Emergen-d3c85-ork-Interruption-Resilience-chromium-desktop\trace.zip

    ────────────────────────────────────────────────────────────────────────────────────────────────
]]>
</failure>
<system-out>
<![CDATA[🛡️ Error Handling: Network interruption resilience testing
🎮 Triggering turn orchestration...

[[ATTACHMENT|test-results\dashboard-core-uat-Emergen-d3c85-ork-Interruption-Resilience-chromium-desktop\test-failed-1.png]]

[[ATTACHMENT|test-results\dashboard-core-uat-Emergen-d3c85-ork-Interruption-Resilience-chromium-desktop\video.webm]]

[[ATTACHMENT|test-results\dashboard-core-uat-Emergen-d3c85-ork-Interruption-Resilience-chromium-desktop\error-context.md]]

[[ATTACHMENT|test-results\dashboard-core-uat-Emergen-d3c85-ork-Interruption-Resilience-chromium-desktop\trace.zip]]
]]>
</system-out>
</testcase>
</testsuite>
<testsuite name="dashboard-cross-browser-uat.spec.ts" timestamp="2025-11-01T00:58:39.906Z" hostname="chromium-desktop" tests="9" failures="0" skipped="2" time="41.856" errors="0">
<testcase name="Cross-Browser Compatibility UAT › Browser Engine Compatibility: Core User Story" classname="dashboard-cross-browser-uat.spec.ts" time="8.187">
<system-out>
<![CDATA[🌐 Testing core user story on chromium...
  chromium load time: 1791ms
  ✅ chromium: All components loaded successfully
🎮 Triggering turn orchestration...
  chromium orchestration response: 213ms
  ✅ chromium: Turn orchestration triggered successfully
👀 Observing component updates...
  ✅ chromium: Component updates observed
🌐 ✅ chromium compatibility test completed
]]>
</system-out>
</testcase>
<testcase name="Cross-Browser Compatibility UAT › Responsive Layout Consistency" classname="dashboard-cross-browser-uat.spec.ts" time="10.887">
<system-out>
<![CDATA[📱 Testing responsive layout on chromium...
  Testing Desktop (1440x900)
    ✅ Desktop layout validated
  Testing Laptop (1366x768)
    ✅ Laptop layout validated
  Testing Tablet Portrait (768x1024)
    ✅ Tablet Portrait layout validated
  Testing Tablet Landscape (1024x768)
    ✅ Tablet Landscape layout validated
  Testing Mobile Portrait (375x667)
    ✅ Mobile Portrait layout validated
  Testing Mobile Landscape (667x375)
    ✅ Mobile Landscape layout validated
📱 ✅ chromium responsive layout test completed
]]>
</system-out>
</testcase>
<testcase name="Cross-Browser Compatibility UAT › Browser-Specific Feature Support" classname="dashboard-cross-browser-uat.spec.ts" time="1.836">
<system-out>
<![CDATA[🔧 Testing browser-specific features on chromium...
  ✅ chromium: CSS Grid supported
  ✅ chromium: Bento Grid styles applied
  ✅ chromium: WebSocket API supported
  ✅ chromium: Canvas API supported
  ✅ chromium: WebGL supported
  ✅ chromium: LocalStorage supported
🔧 ✅ chromium feature support test completed
]]>
</system-out>
</testcase>
<testcase name="Cross-Browser Compatibility UAT › Performance Comparison Across Browsers" classname="dashboard-cross-browser-uat.spec.ts" time="2.181">
<system-out>
<![CDATA[⚡ Testing performance on chromium...
  chromium load time: 1000ms
🎮 Triggering turn orchestration...
  chromium interaction response: 183ms
  chromium render time: 242ms
⚡ ✅ chromium performance within acceptable thresholds
]]>
</system-out>
</testcase>
<testcase name="Cross-Browser Compatibility UAT › Error Handling Consistency" classname="dashboard-cross-browser-uat.spec.ts" time="8.665">
<system-out>
<![CDATA[🛡️ Testing error handling consistency on chromium...
🎮 Triggering turn orchestration...
  chromium: Orchestration attempted while offline
  ✅ chromium: Network error handling consistent
🎮 Triggering turn orchestration...
  ✅ chromium: No console errors detected
🛡️ ✅ chromium error handling test completed
]]>
</system-out>
</testcase>
<testcase name="Cross-Browser Compatibility UAT › Visual Consistency Check" classname="dashboard-cross-browser-uat.spec.ts" time="6.566">
<system-out>
<![CDATA[👀 Visual consistency check on chromium...
  ✅ chromium: Initial state captured
🎮 Triggering turn orchestration...
  ✅ chromium: Active state captured
👀 ✅ chromium visual consistency check completed
]]>
</system-out>
</testcase>
<testcase name="Browser-Specific Edge Cases › Safari: WebKit-specific Issues" classname="dashboard-cross-browser-uat.spec.ts" time="0.561">
<properties>
<property name="skip" value="Safari-specific test">
</property>
</properties>
<skipped>
</skipped>
</testcase>
<testcase name="Browser-Specific Edge Cases › Firefox: Gecko-specific Issues" classname="dashboard-cross-browser-uat.spec.ts" time="0.746">
<properties>
<property name="skip" value="Firefox-specific test">
</property>
</properties>
<skipped>
</skipped>
</testcase>
<testcase name="Browser-Specific Edge Cases › Chrome: Chromium-specific Features" classname="dashboard-cross-browser-uat.spec.ts" time="2.227">
<system-out>
<![CDATA[🌐 Testing Chrome-specific features...
  ✅ Chrome: DevTools Protocol working
🌐 ✅ Chrome-specific tests completed
]]>
</system-out>
</testcase>
</testsuite>
<testsuite name="dashboard-extended-uat.spec.ts" timestamp="2025-11-01T00:58:39.906Z" hostname="chromium-desktop" tests="7" failures="2" skipped="0" time="92.26" errors="0">
<testcase name="Extended UAT Scenarios › Edge Case: Multiple Rapid Turn Orchestrations" classname="dashboard-extended-uat.spec.ts" time="24.768">
<system-out>
<![CDATA[🔄 Testing multiple rapid turn orchestration triggers...
  Triggering orchestration 1/3...
🎮 Triggering turn orchestration...
  Triggering orchestration 2/3...
🎮 Triggering turn orchestration...
  Triggering orchestration 3/3...
🎮 Triggering turn orchestration...
  Expected behavior: System should handle rapid requests gracefully
✅ Rapid orchestration handling validated
]]>
</system-out>
</testcase>
<testcase name="Extended UAT Scenarios › Error Recovery: Network Interruption During Orchestration" classname="dashboard-extended-uat.spec.ts" time="18.793">
<failure message="dashboard-extended-uat.spec.ts:54:3 Error Recovery: Network Interruption During Orchestration" type="FAILURE">
<![CDATA[  [chromium-desktop] › dashboard-extended-uat.spec.ts:54:3 › Extended UAT Scenarios › Error Recovery: Network Interruption During Orchestration › Network Interruption Simulation 

    Error: expect(locator).toBeVisible() failed

    Locator: locator('[data-testid="connection-status"]')
    Expected: visible
    Timeout: 10000ms
    Error: element(s) not found

    Call log:
      - Expect "toBeVisible" with timeout 10000ms
      - waiting for locator('[data-testid="connection-status"]')


      75 |       // Verify graceful recovery
      76 |       await expect(dashboardPage.dashboardLayout).toBeVisible();
    > 77 |       await expect(dashboardPage.connectionStatus).toBeVisible();
         |                                                    ^
      78 |       
      79 |       // System should show appropriate error/recovery indicators
      80 |       const errorIndicators = page.locator('[class*="error"], [class*="disconnected"], [class*="offline"]');
        at D:\Code\Novel-Engine\frontend\tests\e2e\dashboard-extended-uat.spec.ts:77:52
        at D:\Code\Novel-Engine\frontend\tests\e2e\dashboard-extended-uat.spec.ts:57:5

    attachment #1: screenshot (image/png) ──────────────────────────────────────────────────────────
    ..\..\test-results\dashboard-extended-uat-Ext-ab296-uption-During-Orchestration-chromium-desktop\test-failed-1.png
    ────────────────────────────────────────────────────────────────────────────────────────────────

    attachment #2: video (video/webm) ──────────────────────────────────────────────────────────────
    ..\..\test-results\dashboard-extended-uat-Ext-ab296-uption-During-Orchestration-chromium-desktop\video.webm
    ────────────────────────────────────────────────────────────────────────────────────────────────

    Error Context: ..\..\test-results\dashboard-extended-uat-Ext-ab296-uption-During-Orchestration-chromium-desktop\error-context.md

    attachment #4: trace (application/zip) ─────────────────────────────────────────────────────────
    ..\..\test-results\dashboard-extended-uat-Ext-ab296-uption-During-Orchestration-chromium-desktop\trace.zip
    Usage:

        npx playwright show-trace ..\..\test-results\dashboard-extended-uat-Ext-ab296-uption-During-Orchestration-chromium-desktop\trace.zip

    ────────────────────────────────────────────────────────────────────────────────────────────────
]]>
</failure>
<system-out>
<![CDATA[🛡️ Testing network interruption recovery...
🎮 Triggering turn orchestration...
  Network offline - simulating interruption
  Network restored

[[ATTACHMENT|test-results\dashboard-extended-uat-Ext-ab296-uption-During-Orchestration-chromium-desktop\test-failed-1.png]]

[[ATTACHMENT|test-results\dashboard-extended-uat-Ext-ab296-uption-During-Orchestration-chromium-desktop\video.webm]]

[[ATTACHMENT|test-results\dashboard-extended-uat-Ext-ab296-uption-During-Orchestration-chromium-desktop\error-context.md]]

[[ATTACHMENT|test-results\dashboard-extended-uat-Ext-ab296-uption-During-Orchestration-chromium-desktop\trace.zip]]
]]>
</system-out>
</testcase>
<testcase name="Extended UAT Scenarios › Data Integrity: Component State Synchronization" classname="dashboard-extended-uat.spec.ts" time="5.973">
<system-out>
<![CDATA[🔗 Testing component state synchronization...
👀 Observing component updates...
🎮 Triggering turn orchestration...
👀 Observing component updates...
  ✓ Character data synchronized between World Map and Character Networks
  ✓ Activity events present in Real-time Activity component
  ✓ Timeline reflects turn progression
  ✓ Performance metrics indicate system activity
✅ Component state synchronization validated
]]>
</system-out>
</testcase>
<testcase name="Extended UAT Scenarios › Accessibility: Keyboard Navigation and Screen Reader Support" classname="dashboard-extended-uat.spec.ts" time="2.092">
<system-out>
<![CDATA[♿ Testing accessibility compliance...
  Tab 1: ○ Focus on interactive element
  ✓ Keyboard navigation works for 1 interactive elements
  ✓ Found 7 elements with ARIA attributes
  ✓ Found 10 semantic headings
  ✓ Found 3 landmark elements
  ✓ Found 6 status/indicator elements
  ✓ Primary action (play) accessible via keyboard
✅ Accessibility compliance validated
]]>
</system-out>
</testcase>
<testcase name="Extended UAT Scenarios › Performance: Component Render Optimization" classname="dashboard-extended-uat.spec.ts" time="24.083">
<failure message="dashboard-extended-uat.spec.ts:206:3 Performance: Component Render Optimization" type="FAILURE">
<![CDATA[  [chromium-desktop] › dashboard-extended-uat.spec.ts:206:3 › Extended UAT Scenarios › Performance: Component Render Optimization › Memory Usage Monitoring 

    TimeoutError: page.waitForSelector: Timeout 10000ms exceeded.
    Call log:
      - waiting for locator('[data-testid="turn-pipeline-status"] [class*="processing"], [data-testid="turn-pipeline-status"] [class*="active"]') to be visible


       at pages\DashboardPage.ts:125

      123 |   async waitForTurnStart() {
      124 |     // Wait for pipeline to show active status
    > 125 |     await this.page.waitForSelector(
          |                     ^
      126 |       '[data-testid="turn-pipeline-status"] [class*="processing"], [data-testid="turn-pipeline-status"] [class*="active"]',
      127 |       { timeout: 10000 }
      128 |     );
        at DashboardPage.waitForTurnStart (D:\Code\Novel-Engine\frontend\tests\e2e\pages\DashboardPage.ts:125:21)
        at DashboardPage.triggerTurnOrchestration (D:\Code\Novel-Engine\frontend\tests\e2e\pages\DashboardPage.ts:117:16)
        at D:\Code\Novel-Engine\frontend\tests\e2e\dashboard-extended-uat.spec.ts:275:9
        at D:\Code\Novel-Engine\frontend\tests\e2e\dashboard-extended-uat.spec.ts:265:5

    attachment #1: screenshot (image/png) ──────────────────────────────────────────────────────────
    ..\..\test-results\dashboard-extended-uat-Ext-c8e60-mponent-Render-Optimization-chromium-desktop\test-failed-1.png
    ────────────────────────────────────────────────────────────────────────────────────────────────

    attachment #2: video (video/webm) ──────────────────────────────────────────────────────────────
    ..\..\test-results\dashboard-extended-uat-Ext-c8e60-mponent-Render-Optimization-chromium-desktop\video.webm
    ────────────────────────────────────────────────────────────────────────────────────────────────

    Error Context: ..\..\test-results\dashboard-extended-uat-Ext-c8e60-mponent-Render-Optimization-chromium-desktop\error-context.md

    attachment #4: trace (application/zip) ─────────────────────────────────────────────────────────
    ..\..\test-results\dashboard-extended-uat-Ext-c8e60-mponent-Render-Optimization-chromium-desktop\trace.zip
    Usage:

        npx playwright show-trace ..\..\test-results\dashboard-extended-uat-Ext-c8e60-mponent-Render-Optimization-chromium-desktop\trace.zip

    ────────────────────────────────────────────────────────────────────────────────────────────────
]]>
</failure>
<system-out>
<![CDATA[⚡ Testing component render performance...
  Initial render time: 411ms
  Time to interactive: 15ms
✅ Initial render performance validated
🎮 Triggering turn orchestration...
  First update response: 166ms
  Update 3: New activity detected
  ✓ Detected 3 dynamic updates
✅ Dynamic update performance validated
🎮 Triggering turn orchestration...

[[ATTACHMENT|test-results\dashboard-extended-uat-Ext-c8e60-mponent-Render-Optimization-chromium-desktop\test-failed-1.png]]

[[ATTACHMENT|test-results\dashboard-extended-uat-Ext-c8e60-mponent-Render-Optimization-chromium-desktop\video.webm]]

[[ATTACHMENT|test-results\dashboard-extended-uat-Ext-c8e60-mponent-Render-Optimization-chromium-desktop\error-context.md]]

[[ATTACHMENT|test-results\dashboard-extended-uat-Ext-c8e60-mponent-Render-Optimization-chromium-desktop\trace.zip]]
]]>
</system-out>
</testcase>
<testcase name="Extended UAT Scenarios › Complex Workflow: Multi-Character Interaction Scenario" classname="dashboard-extended-uat.spec.ts" time="8.642">
<system-out>
<![CDATA[🎭 Testing complex multi-character interaction workflow...
👀 Observing component updates...
  ✓ Character data available for complex scenario testing
🎮 Triggering turn orchestration...
📊 Monitoring turn pipeline progression...
✅ Phase 1: World Update completed in 934ms
✅ Phase 2: Subjective Brief completed in 1392ms
✅ Phase 3: Interaction Orchestration completed in 862ms
✅ Phase 4: Event Integration completed in 857ms
✅ Phase 5: Narrative Integration completed in 898ms
📊 Turn pipeline monitoring completed in 4943ms
  ✓ Interaction Orchestration phase completed
👀 Observing component updates...
  ✓ Character network connections updated
✅ Complex multi-character workflow validated
]]>
</system-out>
</testcase>
<testcase name="Extended UAT Scenarios › Data Validation: API Response Schema Compliance" classname="dashboard-extended-uat.spec.ts" time="7.909">
<system-out>
<![CDATA[📋 Testing API response schema compliance...
🎮 Triggering turn orchestration...
  Captured 0 API responses
  ⚠️ No API responses captured - may indicate mock data usage
✅ API response schema compliance validated
]]>
</system-out>
</testcase>
</testsuite>
<testsuite name="dashboard-core-uat.spec.ts" timestamp="2025-11-01T00:58:39.906Z" hostname="firefox-desktop" tests="3" failures="2" skipped="0" time="59.501" errors="0">
<testcase name="Emergent Narrative Dashboard - Core UAT › Core User Story: Turn Orchestration Flow" classname="dashboard-core-uat.spec.ts" time="22.567">
<failure message="dashboard-core-uat.spec.ts:27:3 Core User Story: Turn Orchestration Flow" type="FAILURE">
<![CDATA[  [firefox-desktop] › dashboard-core-uat.spec.ts:27:3 › Emergent Narrative Dashboard - Core UAT › Core User Story: Turn Orchestration Flow › Phase 2: Trigger Turn Orchestration 

    TimeoutError: locator.click: Timeout 10000ms exceeded.
    Call log:
      - waiting for locator('[data-testid="quick-action-play"], [aria-label*="Start"], [title*="Start"]').first()
        - locator resolved to <button class="btn-primary" data-testid="quick-action-play" aria-label="Start Turn Orchestration">Start</button>
      - attempting click action
        - waiting for element to be visible, enabled and stable
        - element is visible, enabled and stable
        - scrolling into view if needed
        - done scrolling
        - performing click action


       at pages\DashboardPage.ts:114

      112 |     
      113 |     // Click to start turn orchestration
    > 114 |     await runButton.click();
          |                     ^
      115 |     
      116 |     // Verify turn started by checking pipeline status
      117 |     await this.waitForTurnStart();
        at DashboardPage.triggerTurnOrchestration (D:\Code\Novel-Engine\frontend\tests\e2e\pages\DashboardPage.ts:114:21)
        at D:\Code\Novel-Engine\frontend\tests\e2e\dashboard-core-uat.spec.ts:65:7
        at D:\Code\Novel-Engine\frontend\tests\e2e\dashboard-core-uat.spec.ts:57:5

    attachment #1: screenshot (image/png) ──────────────────────────────────────────────────────────
    ..\..\test-results\dashboard-core-uat-Emergen-53431-ory-Turn-Orchestration-Flow-firefox-desktop\test-failed-1.png
    ────────────────────────────────────────────────────────────────────────────────────────────────

    attachment #2: video (video/webm) ──────────────────────────────────────────────────────────────
    ..\..\test-results\dashboard-core-uat-Emergen-53431-ory-Turn-Orchestration-Flow-firefox-desktop\video.webm
    ────────────────────────────────────────────────────────────────────────────────────────────────

    Error Context: ..\..\test-results\dashboard-core-uat-Emergen-53431-ory-Turn-Orchestration-Flow-firefox-desktop\error-context.md

    attachment #4: trace (application/zip) ─────────────────────────────────────────────────────────
    ..\..\test-results\dashboard-core-uat-Emergen-53431-ory-Turn-Orchestration-Flow-firefox-desktop\trace.zip
    Usage:

        npx playwright show-trace ..\..\test-results\dashboard-core-uat-Emergen-53431-ory-Turn-Orchestration-Flow-firefox-desktop\trace.zip

    ────────────────────────────────────────────────────────────────────────────────────────────────
]]>
</failure>
<system-out>
<![CDATA[🎯 Starting Core User Story UAT: Turn Orchestration Flow
📋 Phase 1: Validating initial application state...
📐 Validating component layout...
✅ Phase 1: Initial application state validated
🎮 Phase 2: Triggering turn orchestration...
👀 Observing component updates...
🎮 Triggering turn orchestration...

[[ATTACHMENT|test-results\dashboard-core-uat-Emergen-53431-ory-Turn-Orchestration-Flow-firefox-desktop\test-failed-1.png]]

[[ATTACHMENT|test-results\dashboard-core-uat-Emergen-53431-ory-Turn-Orchestration-Flow-firefox-desktop\video.webm]]

[[ATTACHMENT|test-results\dashboard-core-uat-Emergen-53431-ory-Turn-Orchestration-Flow-firefox-desktop\error-context.md]]

[[ATTACHMENT|test-results\dashboard-core-uat-Emergen-53431-ory-Turn-Orchestration-Flow-firefox-desktop\trace.zip]]
]]>
</system-out>
</testcase>
<testcase name="Emergent Narrative Dashboard - Core UAT › Performance Validation: Dashboard Load Time" classname="dashboard-core-uat.spec.ts" time="7.869">
<system-out>
<![CDATA[⚡ Performance Validation: Dashboard load time testing
⚡ Dashboard Load Time: 1157ms
⚡ World Map Load Time: 29ms
]]>
</system-out>
</testcase>
<testcase name="Emergent Narrative Dashboard - Core UAT › Error Handling: Network Interruption Resilience" classname="dashboard-core-uat.spec.ts" time="29.065">
<failure message="dashboard-core-uat.spec.ts:284:3 Error Handling: Network Interruption Resilience" type="FAILURE">
<![CDATA[  [firefox-desktop] › dashboard-core-uat.spec.ts:284:3 › Emergent Narrative Dashboard - Core UAT › Error Handling: Network Interruption Resilience › Test Network Interruption Handling 

    Error: expect(locator).toBeVisible() failed

    Locator: locator('[data-testid="connection-status"]')
    Expected: visible
    Timeout: 10000ms
    Error: element(s) not found

    Call log:
      - Expect "toBeVisible" with timeout 10000ms
      - waiting for locator('[data-testid="connection-status"]')


      307 |       // Verify dashboard recovers gracefully
      308 |       await expect(dashboardPage.dashboardLayout).toBeVisible();
    > 309 |       await expect(dashboardPage.connectionStatus).toBeVisible();
          |                                                    ^
      310 |       
      311 |       console.log('🛡️ ✅ Network interruption resilience validated');
      312 |     });
        at D:\Code\Novel-Engine\frontend\tests\e2e\dashboard-core-uat.spec.ts:309:52
        at D:\Code\Novel-Engine\frontend\tests\e2e\dashboard-core-uat.spec.ts:287:5

    attachment #1: screenshot (image/png) ──────────────────────────────────────────────────────────
    ..\..\test-results\dashboard-core-uat-Emergen-d3c85-ork-Interruption-Resilience-firefox-desktop\test-failed-1.png
    ────────────────────────────────────────────────────────────────────────────────────────────────

    attachment #2: video (video/webm) ──────────────────────────────────────────────────────────────
    ..\..\test-results\dashboard-core-uat-Emergen-d3c85-ork-Interruption-Resilience-firefox-desktop\video.webm
    ────────────────────────────────────────────────────────────────────────────────────────────────

    Error Context: ..\..\test-results\dashboard-core-uat-Emergen-d3c85-ork-Interruption-Resilience-firefox-desktop\error-context.md

    attachment #4: trace (application/zip) ─────────────────────────────────────────────────────────
    ..\..\test-results\dashboard-core-uat-Emergen-d3c85-ork-Interruption-Resilience-firefox-desktop\trace.zip
    Usage:

        npx playwright show-trace ..\..\test-results\dashboard-core-uat-Emergen-d3c85-ork-Interruption-Resilience-firefox-desktop\trace.zip

    ────────────────────────────────────────────────────────────────────────────────────────────────
]]>
</failure>
<system-out>
<![CDATA[🛡️ Error Handling: Network interruption resilience testing
🎮 Triggering turn orchestration...
🛡️ Orchestration correctly failed during network interruption

[[ATTACHMENT|test-results\dashboard-core-uat-Emergen-d3c85-ork-Interruption-Resilience-firefox-desktop\test-failed-1.png]]

[[ATTACHMENT|test-results\dashboard-core-uat-Emergen-d3c85-ork-Interruption-Resilience-firefox-desktop\video.webm]]

[[ATTACHMENT|test-results\dashboard-core-uat-Emergen-d3c85-ork-Interruption-Resilience-firefox-desktop\error-context.md]]

[[ATTACHMENT|test-results\dashboard-core-uat-Emergen-d3c85-ork-Interruption-Resilience-firefox-desktop\trace.zip]]
]]>
</system-out>
</testcase>
</testsuite>
<testsuite name="dashboard-cross-browser-uat.spec.ts" timestamp="2025-11-01T00:58:39.906Z" hostname="firefox-desktop" tests="9" failures="6" skipped="1" time="222.184" errors="0">
<testcase name="Cross-Browser Compatibility UAT › Browser Engine Compatibility: Core User Story" classname="dashboard-cross-browser-uat.spec.ts" time="17.479">
<failure message="dashboard-cross-browser-uat.spec.ts:26:3 Browser Engine Compatibility: Core User Story" type="FAILURE">
<![CDATA[  [firefox-desktop] › dashboard-cross-browser-uat.spec.ts:26:3 › Cross-Browser Compatibility UAT › Browser Engine Compatibility: Core User Story › firefox: Turn Orchestration 

    TimeoutError: page.waitForSelector: Timeout 10000ms exceeded.
    Call log:
      - waiting for locator('[data-testid="turn-pipeline-status"] [class*="processing"], [data-testid="turn-pipeline-status"] [class*="active"]') to be visible
        7 × locator resolved to hidden <div data-phase="World Update" class="pipeline-stage phase-1 active">…</div>
        2 × locator resolved to hidden <div data-phase="Subjective Brief" class="pipeline-stage phase-2 active">…</div>
        - locator resolved to hidden <div class="pipeline-stage phase-3 active" data-phase="Interaction Orchestration">…</div>
        2 × locator resolved to hidden <div data-phase="Event Integration" class="pipeline-stage phase-4 active">…</div>
        2 × locator resolved to hidden <div data-phase="Narrative Integration" class="pipeline-stage phase-5 active">…</div>


       at pages\DashboardPage.ts:125

      123 |   async waitForTurnStart() {
      124 |     // Wait for pipeline to show active status
    > 125 |     await this.page.waitForSelector(
          |                     ^
      126 |       '[data-testid="turn-pipeline-status"] [class*="processing"], [data-testid="turn-pipeline-status"] [class*="active"]',
      127 |       { timeout: 10000 }
      128 |     );
        at DashboardPage.waitForTurnStart (D:\Code\Novel-Engine\frontend\tests\e2e\pages\DashboardPage.ts:125:21)
        at DashboardPage.triggerTurnOrchestration (D:\Code\Novel-Engine\frontend\tests\e2e\pages\DashboardPage.ts:117:16)
        at D:\Code\Novel-Engine\frontend\tests\e2e\dashboard-cross-browser-uat.spec.ts:55:7
        at D:\Code\Novel-Engine\frontend\tests\e2e\dashboard-cross-browser-uat.spec.ts:51:5

    attachment #1: screenshot (image/png) ──────────────────────────────────────────────────────────
    ..\..\test-results\dashboard-cross-browser-ua-fe78c-mpatibility-Core-User-Story-firefox-desktop\test-failed-1.png
    ────────────────────────────────────────────────────────────────────────────────────────────────

    attachment #2: video (video/webm) ──────────────────────────────────────────────────────────────
    ..\..\test-results\dashboard-cross-browser-ua-fe78c-mpatibility-Core-User-Story-firefox-desktop\video.webm
    ────────────────────────────────────────────────────────────────────────────────────────────────

    Error Context: ..\..\test-results\dashboard-cross-browser-ua-fe78c-mpatibility-Core-User-Story-firefox-desktop\error-context.md

    attachment #4: trace (application/zip) ─────────────────────────────────────────────────────────
    ..\..\test-results\dashboard-cross-browser-ua-fe78c-mpatibility-Core-User-Story-firefox-desktop\trace.zip
    Usage:

        npx playwright show-trace ..\..\test-results\dashboard-cross-browser-ua-fe78c-mpatibility-Core-User-Story-firefox-desktop\trace.zip

    ────────────────────────────────────────────────────────────────────────────────────────────────
]]>
</failure>
<system-out>
<![CDATA[🌐 Testing core user story on firefox...
  firefox load time: 2204ms
  ✅ firefox: All components loaded successfully
🎮 Triggering turn orchestration...

[[ATTACHMENT|test-results\dashboard-cross-browser-ua-fe78c-mpatibility-Core-User-Story-firefox-desktop\test-failed-1.png]]

[[ATTACHMENT|test-results\dashboard-cross-browser-ua-fe78c-mpatibility-Core-User-Story-firefox-desktop\video.webm]]

[[ATTACHMENT|test-results\dashboard-cross-browser-ua-fe78c-mpatibility-Core-User-Story-firefox-desktop\error-context.md]]

[[ATTACHMENT|test-results\dashboard-cross-browser-ua-fe78c-mpatibility-Core-User-Story-firefox-desktop\trace.zip]]
]]>
</system-out>
</testcase>
<testcase name="Cross-Browser Compatibility UAT › Responsive Layout Consistency" classname="dashboard-cross-browser-uat.spec.ts" time="61.34">
<failure message="dashboard-cross-browser-uat.spec.ts:88:3 Responsive Layout Consistency" type="FAILURE">
<![CDATA[  [firefox-desktop] › dashboard-cross-browser-uat.spec.ts:88:3 › Cross-Browser Compatibility UAT › Responsive Layout Consistency › firefox: Mobile Landscape Layout 

    Test timeout of 60000ms exceeded.

    Error: page.setViewportSize: Test timeout of 60000ms exceeded.

      106 |         
      107 |         // Set viewport
    > 108 |         await page.setViewportSize({ width: viewport.width, height: viewport.height });
          |                    ^
      109 |         await page.waitForTimeout(1000); // Allow layout reflow
      110 |         
      111 |         // Verify layout doesn't break
        at D:\Code\Novel-Engine\frontend\tests\e2e\dashboard-cross-browser-uat.spec.ts:108:20
        at D:\Code\Novel-Engine\frontend\tests\e2e\dashboard-cross-browser-uat.spec.ts:104:18

    attachment #1: screenshot (image/png) ──────────────────────────────────────────────────────────
    ..\..\test-results\dashboard-cross-browser-ua-a22f4-sponsive-Layout-Consistency-firefox-desktop\test-failed-1.png
    ────────────────────────────────────────────────────────────────────────────────────────────────

    attachment #2: video (video/webm) ──────────────────────────────────────────────────────────────
    ..\..\test-results\dashboard-cross-browser-ua-a22f4-sponsive-Layout-Consistency-firefox-desktop\video.webm
    ────────────────────────────────────────────────────────────────────────────────────────────────

    Error Context: ..\..\test-results\dashboard-cross-browser-ua-a22f4-sponsive-Layout-Consistency-firefox-desktop\error-context.md

    attachment #4: trace (application/zip) ─────────────────────────────────────────────────────────
    ..\..\test-results\dashboard-cross-browser-ua-a22f4-sponsive-Layout-Consistency-firefox-desktop\trace.zip
    Usage:

        npx playwright show-trace ..\..\test-results\dashboard-cross-browser-ua-a22f4-sponsive-Layout-Consistency-firefox-desktop\trace.zip

    ────────────────────────────────────────────────────────────────────────────────────────────────
]]>
</failure>
<system-out>
<![CDATA[📱 Testing responsive layout on firefox...
  Testing Desktop (1440x900)
    ✅ Desktop layout validated
  Testing Laptop (1366x768)
    ✅ Laptop layout validated
  Testing Tablet Portrait (768x1024)
    ✅ Tablet Portrait layout validated
  Testing Tablet Landscape (1024x768)
    ✅ Tablet Landscape layout validated
  Testing Mobile Portrait (375x667)
    ✅ Mobile Portrait layout validated
  Testing Mobile Landscape (667x375)

[[ATTACHMENT|test-results\dashboard-cross-browser-ua-a22f4-sponsive-Layout-Consistency-firefox-desktop\test-failed-1.png]]

[[ATTACHMENT|test-results\dashboard-cross-browser-ua-a22f4-sponsive-Layout-Consistency-firefox-desktop\video.webm]]

[[ATTACHMENT|test-results\dashboard-cross-browser-ua-a22f4-sponsive-Layout-Consistency-firefox-desktop\error-context.md]]

[[ATTACHMENT|test-results\dashboard-cross-browser-ua-a22f4-sponsive-Layout-Consistency-firefox-desktop\trace.zip]]
]]>
</system-out>
</testcase>
<testcase name="Cross-Browser Compatibility UAT › Browser-Specific Feature Support" classname="dashboard-cross-browser-uat.spec.ts" time="13.82">
<system-out>
<![CDATA[🔧 Testing browser-specific features on firefox...
  ✅ firefox: CSS Grid supported
  ✅ firefox: Bento Grid styles applied
  ✅ firefox: WebSocket API supported
  ✅ firefox: Canvas API supported
  ✅ firefox: WebGL supported
  ✅ firefox: LocalStorage supported
🔧 ✅ firefox feature support test completed
]]>
</system-out>
</testcase>
<testcase name="Cross-Browser Compatibility UAT › Performance Comparison Across Browsers" classname="dashboard-cross-browser-uat.spec.ts" time="13.213">
<failure message="dashboard-cross-browser-uat.spec.ts:232:3 Performance Comparison Across Browsers" type="FAILURE">
<![CDATA[  [firefox-desktop] › dashboard-cross-browser-uat.spec.ts:232:3 › Cross-Browser Compatibility UAT › Performance Comparison Across Browsers › firefox: Interaction Performance 

    TimeoutError: page.waitForSelector: Timeout 10000ms exceeded.
    Call log:
      - waiting for locator('[data-testid="turn-pipeline-status"] [class*="processing"], [data-testid="turn-pipeline-status"] [class*="active"]') to be visible
        7 × locator resolved to hidden <div data-phase="World Update" class="pipeline-stage phase-1 active">…</div>
        2 × locator resolved to hidden <div data-phase="Subjective Brief" class="pipeline-stage phase-2 active">…</div>
        - locator resolved to hidden <div class="pipeline-stage phase-3 active" data-phase="Interaction Orchestration">…</div>
        2 × locator resolved to hidden <div data-phase="Event Integration" class="pipeline-stage phase-4 active">…</div>
        2 × locator resolved to hidden <div data-phase="Narrative Integration" class="pipeline-stage phase-5 active">…</div>


       at pages\DashboardPage.ts:125

      123 |   async waitForTurnStart() {
      124 |     // Wait for pipeline to show active status
    > 125 |     await this.page.waitForSelector(
          |                     ^
      126 |       '[data-testid="turn-pipeline-status"] [class*="processing"], [data-testid="turn-pipeline-status"] [class*="active"]',
      127 |       { timeout: 10000 }
      128 |     );
        at DashboardPage.waitForTurnStart (D:\Code\Novel-Engine\frontend\tests\e2e\pages\DashboardPage.ts:125:21)
        at DashboardPage.triggerTurnOrchestration (D:\Code\Novel-Engine\frontend\tests\e2e\pages\DashboardPage.ts:117:16)
        at D:\Code\Novel-Engine\frontend\tests\e2e\dashboard-cross-browser-uat.spec.ts:249:7
        at D:\Code\Novel-Engine\frontend\tests\e2e\dashboard-cross-browser-uat.spec.ts:247:5

    attachment #1: screenshot (image/png) ──────────────────────────────────────────────────────────
    ..\..\test-results\dashboard-cross-browser-ua-c9db5--Comparison-Across-Browsers-firefox-desktop\test-failed-1.png
    ────────────────────────────────────────────────────────────────────────────────────────────────

    attachment #2: video (video/webm) ──────────────────────────────────────────────────────────────
    ..\..\test-results\dashboard-cross-browser-ua-c9db5--Comparison-Across-Browsers-firefox-desktop\video.webm
    ────────────────────────────────────────────────────────────────────────────────────────────────

    Error Context: ..\..\test-results\dashboard-cross-browser-ua-c9db5--Comparison-Across-Browsers-firefox-desktop\error-context.md

    attachment #4: trace (application/zip) ─────────────────────────────────────────────────────────
    ..\..\test-results\dashboard-cross-browser-ua-c9db5--Comparison-Across-Browsers-firefox-desktop\trace.zip
    Usage:

        npx playwright show-trace ..\..\test-results\dashboard-cross-browser-ua-c9db5--Comparison-Across-Browsers-firefox-desktop\trace.zip

    ────────────────────────────────────────────────────────────────────────────────────────────────
]]>
</failure>
<system-out>
<![CDATA[⚡ Testing performance on firefox...
  firefox load time: 1478ms
🎮 Triggering turn orchestration...

[[ATTACHMENT|test-results\dashboard-cross-browser-ua-c9db5--Comparison-Across-Browsers-firefox-desktop\test-failed-1.png]]

[[ATTACHMENT|test-results\dashboard-cross-browser-ua-c9db5--Comparison-Across-Browsers-firefox-desktop\video.webm]]

[[ATTACHMENT|test-results\dashboard-cross-browser-ua-c9db5--Comparison-Across-Browsers-firefox-desktop\error-context.md]]

[[ATTACHMENT|test-results\dashboard-cross-browser-ua-c9db5--Comparison-Across-Browsers-firefox-desktop\trace.zip]]
]]>
</system-out>
</testcase>
<testcase name="Cross-Browser Compatibility UAT › Error Handling Consistency" classname="dashboard-cross-browser-uat.spec.ts" time="37.162">
<failure message="dashboard-cross-browser-uat.spec.ts:287:3 Error Handling Consistency" type="FAILURE">
<![CDATA[  [firefox-desktop] › dashboard-cross-browser-uat.spec.ts:287:3 › Cross-Browser Compatibility UAT › Error Handling Consistency › firefox: JavaScript Error Resilience 

    TimeoutError: page.waitForSelector: Timeout 10000ms exceeded.
    Call log:
      - waiting for locator('[data-testid="turn-pipeline-status"] [class*="processing"], [data-testid="turn-pipeline-status"] [class*="active"]') to be visible


       at pages\DashboardPage.ts:125

      123 |   async waitForTurnStart() {
      124 |     // Wait for pipeline to show active status
    > 125 |     await this.page.waitForSelector(
          |                     ^
      126 |       '[data-testid="turn-pipeline-status"] [class*="processing"], [data-testid="turn-pipeline-status"] [class*="active"]',
      127 |       { timeout: 10000 }
      128 |     );
        at DashboardPage.waitForTurnStart (D:\Code\Novel-Engine\frontend\tests\e2e\pages\DashboardPage.ts:125:21)
        at DashboardPage.triggerTurnOrchestration (D:\Code\Novel-Engine\frontend\tests\e2e\pages\DashboardPage.ts:117:16)
        at D:\Code\Novel-Engine\frontend\tests\e2e\dashboard-cross-browser-uat.spec.ts:325:7
        at D:\Code\Novel-Engine\frontend\tests\e2e\dashboard-cross-browser-uat.spec.ts:315:5

    attachment #1: screenshot (image/png) ──────────────────────────────────────────────────────────
    ..\..\test-results\dashboard-cross-browser-ua-a1a43--Error-Handling-Consistency-firefox-desktop\test-failed-1.png
    ────────────────────────────────────────────────────────────────────────────────────────────────

    attachment #2: video (video/webm) ──────────────────────────────────────────────────────────────
    ..\..\test-results\dashboard-cross-browser-ua-a1a43--Error-Handling-Consistency-firefox-desktop\video.webm
    ────────────────────────────────────────────────────────────────────────────────────────────────

    Error Context: ..\..\test-results\dashboard-cross-browser-ua-a1a43--Error-Handling-Consistency-firefox-desktop\error-context.md

    attachment #4: trace (application/zip) ─────────────────────────────────────────────────────────
    ..\..\test-results\dashboard-cross-browser-ua-a1a43--Error-Handling-Consistency-firefox-desktop\trace.zip
    Usage:

        npx playwright show-trace ..\..\test-results\dashboard-cross-browser-ua-a1a43--Error-Handling-Consistency-firefox-desktop\trace.zip

    ────────────────────────────────────────────────────────────────────────────────────────────────
]]>
</failure>
<system-out>
<![CDATA[🛡️ Testing error handling consistency on firefox...
🎮 Triggering turn orchestration...
  firefox: Expected error caught: page.waitForSelector: Timeout 10000ms exceeded.
Call log:
[2m  - waiting for locator('[data-testid="turn-pipeline-status"] [class*="processing"], [data-testid="turn-pipeline-status"] [class*="active"]') to be visible[22m
[2m    6 × locator resolved to hidden <div data-phase="World Update" class="pipeline-stage phase-1 active">…</div>[22m
[2m    2 × locator resolved to hidden <div data-phase="Subjective Brief" class="pipeline-stage phase-2 active">…</div>[22m
[2m    2 × locator resolved to hidden <div class="pipeline-stage phase-3 active" data-phase="Interaction Orchestration">…</div>[22m
[2m    2 × locator resolved to hidden <div data-phase="Event Integration" class="pipeline-stage phase-4 active">…</div>[22m
[2m    2 × locator resolved to hidden <div data-phase="Narrative Integration" class="pipeline-stage phase-5 active">…</div>[22m

  ✅ firefox: Network error handling consistent
🎮 Triggering turn orchestration...

[[ATTACHMENT|test-results\dashboard-cross-browser-ua-a1a43--Error-Handling-Consistency-firefox-desktop\test-failed-1.png]]

[[ATTACHMENT|test-results\dashboard-cross-browser-ua-a1a43--Error-Handling-Consistency-firefox-desktop\video.webm]]

[[ATTACHMENT|test-results\dashboard-cross-browser-ua-a1a43--Error-Handling-Consistency-firefox-desktop\error-context.md]]

[[ATTACHMENT|test-results\dashboard-cross-browser-ua-a1a43--Error-Handling-Consistency-firefox-desktop\trace.zip]]
]]>
</system-out>
</testcase>
<testcase name="Cross-Browser Compatibility UAT › Visual Consistency Check" classname="dashboard-cross-browser-uat.spec.ts" time="14.565">
<failure message="dashboard-cross-browser-uat.spec.ts:347:3 Visual Consistency Check" type="FAILURE">
<![CDATA[  [firefox-desktop] › dashboard-cross-browser-uat.spec.ts:347:3 › Cross-Browser Compatibility UAT › Visual Consistency Check › firefox: Active State Screenshot 

    TimeoutError: page.waitForSelector: Timeout 10000ms exceeded.
    Call log:
      - waiting for locator('[data-testid="turn-pipeline-status"] [class*="processing"], [data-testid="turn-pipeline-status"] [class*="active"]') to be visible
        7 × locator resolved to hidden <div data-phase="World Update" class="pipeline-stage phase-1 active">…</div>
        2 × locator resolved to hidden <div data-phase="Subjective Brief" class="pipeline-stage phase-2 active">…</div>
        2 × locator resolved to hidden <div class="pipeline-stage phase-3 active" data-phase="Interaction Orchestration">…</div>
        2 × locator resolved to hidden <div data-phase="Event Integration" class="pipeline-stage phase-4 active">…</div>
        2 × locator resolved to hidden <div data-phase="Narrative Integration" class="pipeline-stage phase-5 active">…</div>


       at pages\DashboardPage.ts:125

      123 |   async waitForTurnStart() {
      124 |     // Wait for pipeline to show active status
    > 125 |     await this.page.waitForSelector(
          |                     ^
      126 |       '[data-testid="turn-pipeline-status"] [class*="processing"], [data-testid="turn-pipeline-status"] [class*="active"]',
      127 |       { timeout: 10000 }
      128 |     );
        at DashboardPage.waitForTurnStart (D:\Code\Novel-Engine\frontend\tests\e2e\pages\DashboardPage.ts:125:21)
        at DashboardPage.triggerTurnOrchestration (D:\Code\Novel-Engine\frontend\tests\e2e\pages\DashboardPage.ts:117:16)
        at D:\Code\Novel-Engine\frontend\tests\e2e\dashboard-cross-browser-uat.spec.ts:359:7
        at D:\Code\Novel-Engine\frontend\tests\e2e\dashboard-cross-browser-uat.spec.ts:358:5

    attachment #1: screenshot (image/png) ──────────────────────────────────────────────────────────
    ..\..\test-results\dashboard-cross-browser-ua-86d96-AT-Visual-Consistency-Check-firefox-desktop\test-failed-1.png
    ────────────────────────────────────────────────────────────────────────────────────────────────

    attachment #2: video (video/webm) ──────────────────────────────────────────────────────────────
    ..\..\test-results\dashboard-cross-browser-ua-86d96-AT-Visual-Consistency-Check-firefox-desktop\video.webm
    ────────────────────────────────────────────────────────────────────────────────────────────────

    Error Context: ..\..\test-results\dashboard-cross-browser-ua-86d96-AT-Visual-Consistency-Check-firefox-desktop\error-context.md

    attachment #4: trace (application/zip) ─────────────────────────────────────────────────────────
    ..\..\test-results\dashboard-cross-browser-ua-86d96-AT-Visual-Consistency-Check-firefox-desktop\trace.zip
    Usage:

        npx playwright show-trace ..\..\test-results\dashboard-cross-browser-ua-86d96-AT-Visual-Consistency-Check-firefox-desktop\trace.zip

    ────────────────────────────────────────────────────────────────────────────────────────────────
]]>
</failure>
<system-out>
<![CDATA[👀 Visual consistency check on firefox...
  ✅ firefox: Initial state captured
🎮 Triggering turn orchestration...

[[ATTACHMENT|test-results\dashboard-cross-browser-ua-86d96-AT-Visual-Consistency-Check-firefox-desktop\test-failed-1.png]]

[[ATTACHMENT|test-results\dashboard-cross-browser-ua-86d96-AT-Visual-Consistency-Check-firefox-desktop\video.webm]]

[[ATTACHMENT|test-results\dashboard-cross-browser-ua-86d96-AT-Visual-Consistency-Check-firefox-desktop\error-context.md]]

[[ATTACHMENT|test-results\dashboard-cross-browser-ua-86d96-AT-Visual-Consistency-Check-firefox-desktop\trace.zip]]
]]>
</system-out>
</testcase>
<testcase name="Browser-Specific Edge Cases › Safari: WebKit-specific Issues" classname="dashboard-cross-browser-uat.spec.ts" time="2.033">
<properties>
<property name="skip" value="Safari-specific test">
</property>
</properties>
<skipped>
</skipped>
</testcase>
<testcase name="Browser-Specific Edge Cases › Firefox: Gecko-specific Issues" classname="dashboard-cross-browser-uat.spec.ts" time="2.215">
<system-out>
<![CDATA[🦊 Testing Firefox-specific edge cases...
  ✅ Firefox: CSS Grid gap working correctly
🦊 ✅ Firefox-specific tests completed
]]>
</system-out>
</testcase>
<testcase name="Browser-Specific Edge Cases › Chrome: Chromium-specific Features" classname="dashboard-cross-browser-uat.spec.ts" time="60.357">
<properties>
<property name="skip" value="Chrome-specific test">
</property>
</properties>
<failure message="dashboard-cross-browser-uat.spec.ts:431:3 Chrome: Chromium-specific Features" type="FAILURE">
<![CDATA[  [firefox-desktop] › dashboard-cross-browser-uat.spec.ts:431:3 › Browser-Specific Edge Cases › Chrome: Chromium-specific Features 

    Tearing down "context" exceeded the test timeout of 60000ms.

    Error: browserContext.close: Test ended.
    Browser logs:

    <launching> C:\Users\k7407\AppData\Local\ms-playwright\firefox-1495\firefox\firefox.exe -no-remote -wait-for-browser -foreground -profile C:\Users\k7407\AppData\Local\Temp\playwright_firefoxdev_profile-UbFjXT -juggler-pipe -silent
    <launched> pid=59208
    [pid=59208][err] JavaScript warning: resource://services-settings/Utils.sys.mjs, line 116: unreachable code after return statement
    [pid=59208][out] console.warn: services.settings: Ignoring preference override of remote settings server
    [pid=59208][out] console.warn: services.settings: Allow by setting MOZ_REMOTE_SETTINGS_DEVTOOLS=1 in the environment
    [pid=59208][out] 
    [pid=59208][out] Juggler listening to the pipe
    [pid=59208][out] console.error: "Warning: unrecognized command line flag" "-foreground"
    [pid=59208][err] JavaScript error: chrome://juggler/content/Helper.js, line 82: NS_ERROR_FAILURE: Component returned failure code: 0x80004005 (NS_ERROR_FAILURE) [nsIWebProgress.removeProgressListener]
    [pid=59208][out] console.error: services.settings: 
    [pid=59208][out]   Message: EmptyDatabaseError: "main/nimbus-desktop-experiments" has not been synced yet
    [pid=59208][out]   Stack:
    [pid=59208][out]     EmptyDatabaseError@resource://services-settings/Database.sys.mjs:19:5
    [pid=59208][out] list@resource://services-settings/Database.sys.mjs:96:13
    [pid=59208][out] 
    [pid=59208][out] console.error: services.settings: 
    [pid=59208][out]   Message: EmptyDatabaseError: "main/nimbus-secure-experiments" has not been synced yet
    [pid=59208][out]   Stack:
    [pid=59208][out]     EmptyDatabaseError@resource://services-settings/Database.sys.mjs:19:5
    [pid=59208][out] list@resource://services-settings/Database.sys.mjs:96:13
    [pid=59208][out] 
    [pid=59208][err] JavaScript error: chrome://juggler/content/Helper.js, line 82: NS_ERROR_FAILURE: Component returned failure code: 0x80004005 (NS_ERROR_FAILURE) [nsIWebProgress.removeProgressListener]
    [pid=59208][out] console.warn: services.settings: #fetchAttachment: Forcing fallbackToDump to false due to Utils.LOAD_DUMPS being false
    [pid=59208][out] console.error: (new NotFoundError("Could not find fa0fc42c-d91d-fca7-34eb-806ff46062dc in cache or dump", "resource://services-settings/Attachments.sys.mjs", 48))
    [pid=59208][out] console.warn: "Unable to find the attachment for" "fa0fc42c-d91d-fca7-34eb-806ff46062dc"
    [pid=59208][err] JavaScript error: chrome://juggler/content/Helper.js, line 82: NS_ERROR_FAILURE: Component returned failure code: 0x80004005 (NS_ERROR_FAILURE) [nsIWebProgress.removeProgressListener]
    [pid=59208] <gracefully close start>
    [pid=59208] <kill>
    [pid=59208] <will force kill>
    [pid=59208] taskkill stdout: SUCCESS: The process with PID 1844 (child process of PID 50932) has been terminated.
    SUCCESS: The process with PID 50988 (child process of PID 50932) has been terminated.
    SUCCESS: The process with PID 52652 (child process of PID 50932) has been terminated.
    SUCCESS: The process with PID 31028 (child process of PID 50932) has been terminated.
    SUCCESS: The process with PID 49528 (child process of PID 50932) has been terminated.
    SUCCESS: The process with PID 13260 (child process of PID 50932) has been terminated.
    SUCCESS: The process with PID 50932 (child process of PID 59208) has been terminated.
    SUCCESS: The process with PID 59208 (child process of PID 52396) has been terminated.


    attachment #1: screenshot (image/png) ──────────────────────────────────────────────────────────
    ..\..\test-results\dashboard-cross-browser-ua-d3a60--Chromium-specific-Features-firefox-desktop\test-failed-1.png
    ────────────────────────────────────────────────────────────────────────────────────────────────

    attachment #2: trace (application/zip) ─────────────────────────────────────────────────────────
    ..\..\test-results\dashboard-cross-browser-ua-d3a60--Chromium-specific-Features-firefox-desktop\trace.zip
    Usage:

        npx playwright show-trace ..\..\test-results\dashboard-cross-browser-ua-d3a60--Chromium-specific-Features-firefox-desktop\trace.zip

    ────────────────────────────────────────────────────────────────────────────────────────────────
]]>
</failure>
<system-out>
<![CDATA[
[[ATTACHMENT|test-results\dashboard-cross-browser-ua-d3a60--Chromium-specific-Features-firefox-desktop\test-failed-1.png]]

[[ATTACHMENT|test-results\dashboard-cross-browser-ua-d3a60--Chromium-specific-Features-firefox-desktop\trace.zip]]
]]>
</system-out>
</testcase>
</testsuite>
<testsuite name="dashboard-extended-uat.spec.ts" timestamp="2025-11-01T00:58:39.906Z" hostname="firefox-desktop" tests="7" failures="5" skipped="0" time="143.022" errors="0">
<testcase name="Extended UAT Scenarios › Edge Case: Multiple Rapid Turn Orchestrations" classname="dashboard-extended-uat.spec.ts" time="54.388">
<system-out>
<![CDATA[🔄 Testing multiple rapid turn orchestration triggers...
  Triggering orchestration 1/3...
🎮 Triggering turn orchestration...
  Expected behavior: System should handle rapid requests gracefully
  Triggering orchestration 2/3...
🎮 Triggering turn orchestration...
  Expected behavior: System should handle rapid requests gracefully
  Triggering orchestration 3/3...
🎮 Triggering turn orchestration...
  Expected behavior: System should handle rapid requests gracefully
✅ Rapid orchestration handling validated
]]>
</system-out>
</testcase>
<testcase name="Extended UAT Scenarios › Error Recovery: Network Interruption During Orchestration" classname="dashboard-extended-uat.spec.ts" time="13.5">
<failure message="dashboard-extended-uat.spec.ts:54:3 Error Recovery: Network Interruption During Orchestration" type="FAILURE">
<![CDATA[  [firefox-desktop] › dashboard-extended-uat.spec.ts:54:3 › Extended UAT Scenarios › Error Recovery: Network Interruption During Orchestration › Network Interruption Simulation 

    TimeoutError: page.waitForSelector: Timeout 10000ms exceeded.
    Call log:
      - waiting for locator('[data-testid="turn-pipeline-status"] [class*="processing"], [data-testid="turn-pipeline-status"] [class*="active"]') to be visible
        6 × locator resolved to hidden <div data-phase="World Update" class="pipeline-stage phase-1 active">…</div>
        2 × locator resolved to hidden <div data-phase="Subjective Brief" class="pipeline-stage phase-2 active">…</div>
        2 × locator resolved to hidden <div class="pipeline-stage phase-3 active" data-phase="Interaction Orchestration">…</div>
        2 × locator resolved to hidden <div data-phase="Event Integration" class="pipeline-stage phase-4 active">…</div>
        2 × locator resolved to hidden <div data-phase="Narrative Integration" class="pipeline-stage phase-5 active">…</div>


       at pages\DashboardPage.ts:125

      123 |   async waitForTurnStart() {
      124 |     // Wait for pipeline to show active status
    > 125 |     await this.page.waitForSelector(
          |                     ^
      126 |       '[data-testid="turn-pipeline-status"] [class*="processing"], [data-testid="turn-pipeline-status"] [class*="active"]',
      127 |       { timeout: 10000 }
      128 |     );
        at DashboardPage.waitForTurnStart (D:\Code\Novel-Engine\frontend\tests\e2e\pages\DashboardPage.ts:125:21)
        at DashboardPage.triggerTurnOrchestration (D:\Code\Novel-Engine\frontend\tests\e2e\pages\DashboardPage.ts:117:16)
        at D:\Code\Novel-Engine\frontend\tests\e2e\dashboard-extended-uat.spec.ts:59:7
        at D:\Code\Novel-Engine\frontend\tests\e2e\dashboard-extended-uat.spec.ts:57:5

    attachment #1: screenshot (image/png) ──────────────────────────────────────────────────────────
    ..\..\test-results\dashboard-extended-uat-Ext-ab296-uption-During-Orchestration-firefox-desktop\test-failed-1.png
    ────────────────────────────────────────────────────────────────────────────────────────────────

    attachment #2: video (video/webm) ──────────────────────────────────────────────────────────────
    ..\..\test-results\dashboard-extended-uat-Ext-ab296-uption-During-Orchestration-firefox-desktop\video.webm
    ────────────────────────────────────────────────────────────────────────────────────────────────

    Error Context: ..\..\test-results\dashboard-extended-uat-Ext-ab296-uption-During-Orchestration-firefox-desktop\error-context.md

    attachment #4: trace (application/zip) ─────────────────────────────────────────────────────────
    ..\..\test-results\dashboard-extended-uat-Ext-ab296-uption-During-Orchestration-firefox-desktop\trace.zip
    Usage:

        npx playwright show-trace ..\..\test-results\dashboard-extended-uat-Ext-ab296-uption-During-Orchestration-firefox-desktop\trace.zip

    ────────────────────────────────────────────────────────────────────────────────────────────────
]]>
</failure>
<system-out>
<![CDATA[🛡️ Testing network interruption recovery...
🎮 Triggering turn orchestration...

[[ATTACHMENT|test-results\dashboard-extended-uat-Ext-ab296-uption-During-Orchestration-firefox-desktop\test-failed-1.png]]

[[ATTACHMENT|test-results\dashboard-extended-uat-Ext-ab296-uption-During-Orchestration-firefox-desktop\video.webm]]

[[ATTACHMENT|test-results\dashboard-extended-uat-Ext-ab296-uption-During-Orchestration-firefox-desktop\error-context.md]]

[[ATTACHMENT|test-results\dashboard-extended-uat-Ext-ab296-uption-During-Orchestration-firefox-desktop\trace.zip]]
]]>
</system-out>
</testcase>
<testcase name="Extended UAT Scenarios › Data Integrity: Component State Synchronization" classname="dashboard-extended-uat.spec.ts" time="16.684">
<failure message="dashboard-extended-uat.spec.ts:93:3 Data Integrity: Component State Synchronization" type="FAILURE">
<![CDATA[  [firefox-desktop] › dashboard-extended-uat.spec.ts:93:3 › Extended UAT Scenarios › Data Integrity: Component State Synchronization › Cross-Component Data Validation 

    TimeoutError: page.waitForSelector: Timeout 10000ms exceeded.
    Call log:
      - waiting for locator('[data-testid="turn-pipeline-status"] [class*="processing"], [data-testid="turn-pipeline-status"] [class*="active"]') to be visible
        6 × locator resolved to hidden <div data-phase="World Update" class="pipeline-stage phase-1 active">…</div>
        2 × locator resolved to hidden <div data-phase="Subjective Brief" class="pipeline-stage phase-2 active">…</div>
        2 × locator resolved to hidden <div class="pipeline-stage phase-3 active" data-phase="Interaction Orchestration">…</div>
        2 × locator resolved to hidden <div data-phase="Event Integration" class="pipeline-stage phase-4 active">…</div>
        2 × locator resolved to hidden <div data-phase="Narrative Integration" class="pipeline-stage phase-5 active">…</div>


       at pages\DashboardPage.ts:125

      123 |   async waitForTurnStart() {
      124 |     // Wait for pipeline to show active status
    > 125 |     await this.page.waitForSelector(
          |                     ^
      126 |       '[data-testid="turn-pipeline-status"] [class*="processing"], [data-testid="turn-pipeline-status"] [class*="active"]',
      127 |       { timeout: 10000 }
      128 |     );
        at DashboardPage.waitForTurnStart (D:\Code\Novel-Engine\frontend\tests\e2e\pages\DashboardPage.ts:125:21)
        at DashboardPage.triggerTurnOrchestration (D:\Code\Novel-Engine\frontend\tests\e2e\pages\DashboardPage.ts:117:16)
        at D:\Code\Novel-Engine\frontend\tests\e2e\dashboard-extended-uat.spec.ts:101:7
        at D:\Code\Novel-Engine\frontend\tests\e2e\dashboard-extended-uat.spec.ts:96:5

    attachment #1: screenshot (image/png) ──────────────────────────────────────────────────────────
    ..\..\test-results\dashboard-extended-uat-Ext-1c2b3-onent-State-Synchronization-firefox-desktop\test-failed-1.png
    ────────────────────────────────────────────────────────────────────────────────────────────────

    attachment #2: video (video/webm) ──────────────────────────────────────────────────────────────
    ..\..\test-results\dashboard-extended-uat-Ext-1c2b3-onent-State-Synchronization-firefox-desktop\video.webm
    ────────────────────────────────────────────────────────────────────────────────────────────────

    Error Context: ..\..\test-results\dashboard-extended-uat-Ext-1c2b3-onent-State-Synchronization-firefox-desktop\error-context.md

    attachment #4: trace (application/zip) ─────────────────────────────────────────────────────────
    ..\..\test-results\dashboard-extended-uat-Ext-1c2b3-onent-State-Synchronization-firefox-desktop\trace.zip
    Usage:

        npx playwright show-trace ..\..\test-results\dashboard-extended-uat-Ext-1c2b3-onent-State-Synchronization-firefox-desktop\trace.zip

    ────────────────────────────────────────────────────────────────────────────────────────────────
]]>
</failure>
<system-out>
<![CDATA[🔗 Testing component state synchronization...
👀 Observing component updates...
🎮 Triggering turn orchestration...

[[ATTACHMENT|test-results\dashboard-extended-uat-Ext-1c2b3-onent-State-Synchronization-firefox-desktop\test-failed-1.png]]

[[ATTACHMENT|test-results\dashboard-extended-uat-Ext-1c2b3-onent-State-Synchronization-firefox-desktop\video.webm]]

[[ATTACHMENT|test-results\dashboard-extended-uat-Ext-1c2b3-onent-State-Synchronization-firefox-desktop\error-context.md]]

[[ATTACHMENT|test-results\dashboard-extended-uat-Ext-1c2b3-onent-State-Synchronization-firefox-desktop\trace.zip]]
]]>
</system-out>
</testcase>
<testcase name="Extended UAT Scenarios › Accessibility: Keyboard Navigation and Screen Reader Support" classname="dashboard-extended-uat.spec.ts" time="6.85">
<system-out>
<![CDATA[♿ Testing accessibility compliance...
  Tab 1: ○ Focus on interactive element
  ✓ Keyboard navigation works for 1 interactive elements
  ✓ Found 7 elements with ARIA attributes
  ✓ Found 10 semantic headings
  ✓ Found 3 landmark elements
  ✓ Found 6 status/indicator elements
  ✓ Primary action (play) accessible via keyboard
✅ Accessibility compliance validated
]]>
</system-out>
</testcase>
<testcase name="Extended UAT Scenarios › Performance: Component Render Optimization" classname="dashboard-extended-uat.spec.ts" time="15.716">
<failure message="dashboard-extended-uat.spec.ts:206:3 Performance: Component Render Optimization" type="FAILURE">
<![CDATA[  [firefox-desktop] › dashboard-extended-uat.spec.ts:206:3 › Extended UAT Scenarios › Performance: Component Render Optimization › Dynamic Update Performance 

    TimeoutError: page.waitForSelector: Timeout 10000ms exceeded.
    Call log:
      - waiting for locator('[data-testid="turn-pipeline-status"] [class*="processing"], [data-testid="turn-pipeline-status"] [class*="active"]') to be visible
        6 × locator resolved to hidden <div data-phase="World Update" class="pipeline-stage phase-1 active">…</div>
        2 × locator resolved to hidden <div data-phase="Subjective Brief" class="pipeline-stage phase-2 active">…</div>
        2 × locator resolved to hidden <div class="pipeline-stage phase-3 active" data-phase="Interaction Orchestration">…</div>
        - locator resolved to hidden <div data-phase="Event Integration" class="pipeline-stage phase-4 active">…</div>
        2 × locator resolved to hidden <div data-phase="Narrative Integration" class="pipeline-stage phase-5 active">…</div>


       at pages\DashboardPage.ts:125

      123 |   async waitForTurnStart() {
      124 |     // Wait for pipeline to show active status
    > 125 |     await this.page.waitForSelector(
          |                     ^
      126 |       '[data-testid="turn-pipeline-status"] [class*="processing"], [data-testid="turn-pipeline-status"] [class*="active"]',
      127 |       { timeout: 10000 }
      128 |     );
        at DashboardPage.waitForTurnStart (D:\Code\Novel-Engine\frontend\tests\e2e\pages\DashboardPage.ts:125:21)
        at DashboardPage.triggerTurnOrchestration (D:\Code\Novel-Engine\frontend\tests\e2e\pages\DashboardPage.ts:117:16)
        at D:\Code\Novel-Engine\frontend\tests\e2e\dashboard-extended-uat.spec.ts:236:7
        at D:\Code\Novel-Engine\frontend\tests\e2e\dashboard-extended-uat.spec.ts:232:5

    attachment #1: screenshot (image/png) ──────────────────────────────────────────────────────────
    ..\..\test-results\dashboard-extended-uat-Ext-c8e60-mponent-Render-Optimization-firefox-desktop\test-failed-1.png
    ────────────────────────────────────────────────────────────────────────────────────────────────

    attachment #2: video (video/webm) ──────────────────────────────────────────────────────────────
    ..\..\test-results\dashboard-extended-uat-Ext-c8e60-mponent-Render-Optimization-firefox-desktop\video.webm
    ────────────────────────────────────────────────────────────────────────────────────────────────

    Error Context: ..\..\test-results\dashboard-extended-uat-Ext-c8e60-mponent-Render-Optimization-firefox-desktop\error-context.md

    attachment #4: trace (application/zip) ─────────────────────────────────────────────────────────
    ..\..\test-results\dashboard-extended-uat-Ext-c8e60-mponent-Render-Optimization-firefox-desktop\trace.zip
    Usage:

        npx playwright show-trace ..\..\test-results\dashboard-extended-uat-Ext-c8e60-mponent-Render-Optimization-firefox-desktop\trace.zip

    ────────────────────────────────────────────────────────────────────────────────────────────────
]]>
</failure>
<system-out>
<![CDATA[⚡ Testing component render performance...
  Initial render time: 1774ms
  Time to interactive: 47ms
✅ Initial render performance validated
🎮 Triggering turn orchestration...

[[ATTACHMENT|test-results\dashboard-extended-uat-Ext-c8e60-mponent-Render-Optimization-firefox-desktop\test-failed-1.png]]

[[ATTACHMENT|test-results\dashboard-extended-uat-Ext-c8e60-mponent-Render-Optimization-firefox-desktop\video.webm]]

[[ATTACHMENT|test-results\dashboard-extended-uat-Ext-c8e60-mponent-Render-Optimization-firefox-desktop\error-context.md]]

[[ATTACHMENT|test-results\dashboard-extended-uat-Ext-c8e60-mponent-Render-Optimization-firefox-desktop\trace.zip]]
]]>
</system-out>
</testcase>
<testcase name="Extended UAT Scenarios › Complex Workflow: Multi-Character Interaction Scenario" classname="dashboard-extended-uat.spec.ts" time="19.443">
<failure message="dashboard-extended-uat.spec.ts:296:3 Complex Workflow: Multi-Character Interaction Scenario" type="FAILURE">
<![CDATA[  [firefox-desktop] › dashboard-extended-uat.spec.ts:296:3 › Extended UAT Scenarios › Complex Workflow: Multi-Character Interaction Scenario › Orchestrate Complex Interaction 

    TimeoutError: page.waitForSelector: Timeout 10000ms exceeded.
    Call log:
      - waiting for locator('[data-testid="turn-pipeline-status"] [class*="processing"], [data-testid="turn-pipeline-status"] [class*="active"]') to be visible
        5 × locator resolved to hidden <div data-phase="World Update" class="pipeline-stage phase-1 active">…</div>
        - locator resolved to hidden <div data-phase="Subjective Brief" class="pipeline-stage phase-2 active">…</div>
        - locator resolved to hidden <div data-phase="Event Integration" class="pipeline-stage phase-4 active">…</div>
        2 × locator resolved to hidden <div data-phase="Narrative Integration" class="pipeline-stage phase-5 active">…</div>


       at pages\DashboardPage.ts:125

      123 |   async waitForTurnStart() {
      124 |     // Wait for pipeline to show active status
    > 125 |     await this.page.waitForSelector(
          |                     ^
      126 |       '[data-testid="turn-pipeline-status"] [class*="processing"], [data-testid="turn-pipeline-status"] [class*="active"]',
      127 |       { timeout: 10000 }
      128 |     );
        at DashboardPage.waitForTurnStart (D:\Code\Novel-Engine\frontend\tests\e2e\pages\DashboardPage.ts:125:21)
        at DashboardPage.triggerTurnOrchestration (D:\Code\Novel-Engine\frontend\tests\e2e\pages\DashboardPage.ts:117:16)
        at D:\Code\Novel-Engine\frontend\tests\e2e\dashboard-extended-uat.spec.ts:319:7
        at D:\Code\Novel-Engine\frontend\tests\e2e\dashboard-extended-uat.spec.ts:317:5

    attachment #1: screenshot (image/png) ──────────────────────────────────────────────────────────
    ..\..\test-results\dashboard-extended-uat-Ext-e1ebe-racter-Interaction-Scenario-firefox-desktop\test-failed-1.png
    ────────────────────────────────────────────────────────────────────────────────────────────────

    attachment #2: video (video/webm) ──────────────────────────────────────────────────────────────
    ..\..\test-results\dashboard-extended-uat-Ext-e1ebe-racter-Interaction-Scenario-firefox-desktop\video.webm
    ────────────────────────────────────────────────────────────────────────────────────────────────

    Error Context: ..\..\test-results\dashboard-extended-uat-Ext-e1ebe-racter-Interaction-Scenario-firefox-desktop\error-context.md

    attachment #4: trace (application/zip) ─────────────────────────────────────────────────────────
    ..\..\test-results\dashboard-extended-uat-Ext-e1ebe-racter-Interaction-Scenario-firefox-desktop\trace.zip
    Usage:

        npx playwright show-trace ..\..\test-results\dashboard-extended-uat-Ext-e1ebe-racter-Interaction-Scenario-firefox-desktop\trace.zip

    ────────────────────────────────────────────────────────────────────────────────────────────────
]]>
</failure>
<system-out>
<![CDATA[🎭 Testing complex multi-character interaction workflow...
👀 Observing component updates...
  ✓ Character data available for complex scenario testing
🎮 Triggering turn orchestration...

[[ATTACHMENT|test-results\dashboard-extended-uat-Ext-e1ebe-racter-Interaction-Scenario-firefox-desktop\test-failed-1.png]]

[[ATTACHMENT|test-results\dashboard-extended-uat-Ext-e1ebe-racter-Interaction-Scenario-firefox-desktop\video.webm]]

[[ATTACHMENT|test-results\dashboard-extended-uat-Ext-e1ebe-racter-Interaction-Scenario-firefox-desktop\error-context.md]]

[[ATTACHMENT|test-results\dashboard-extended-uat-Ext-e1ebe-racter-Interaction-Scenario-firefox-desktop\trace.zip]]
]]>
</system-out>
</testcase>
<testcase name="Extended UAT Scenarios › Data Validation: API Response Schema Compliance" classname="dashboard-extended-uat.spec.ts" time="16.441">
<failure message="dashboard-extended-uat.spec.ts:346:3 Data Validation: API Response Schema Compliance" type="FAILURE">
<![CDATA[  [firefox-desktop] › dashboard-extended-uat.spec.ts:346:3 › Extended UAT Scenarios › Data Validation: API Response Schema Compliance › Monitor API Responses 

    TimeoutError: page.waitForSelector: Timeout 10000ms exceeded.
    Call log:
      - waiting for locator('[data-testid="turn-pipeline-status"] [class*="processing"], [data-testid="turn-pipeline-status"] [class*="active"]') to be visible
        7 × locator resolved to hidden <div data-phase="World Update" class="pipeline-stage phase-1 active">…</div>
        - locator resolved to hidden <div data-phase="Subjective Brief" class="pipeline-stage phase-2 active">…</div>
        2 × locator resolved to hidden <div class="pipeline-stage phase-3 active" data-phase="Interaction Orchestration">…</div>
        2 × locator resolved to hidden <div data-phase="Event Integration" class="pipeline-stage phase-4 active">…</div>
        2 × locator resolved to hidden <div data-phase="Narrative Integration" class="pipeline-stage phase-5 active">…</div>


       at pages\DashboardPage.ts:125

      123 |   async waitForTurnStart() {
      124 |     // Wait for pipeline to show active status
    > 125 |     await this.page.waitForSelector(
          |                     ^
      126 |       '[data-testid="turn-pipeline-status"] [class*="processing"], [data-testid="turn-pipeline-status"] [class*="active"]',
      127 |       { timeout: 10000 }
      128 |     );
        at DashboardPage.waitForTurnStart (D:\Code\Novel-Engine\frontend\tests\e2e\pages\DashboardPage.ts:125:21)
        at DashboardPage.triggerTurnOrchestration (D:\Code\Novel-Engine\frontend\tests\e2e\pages\DashboardPage.ts:117:16)
        at D:\Code\Novel-Engine\frontend\tests\e2e\dashboard-extended-uat.spec.ts:369:7
        at D:\Code\Novel-Engine\frontend\tests\e2e\dashboard-extended-uat.spec.ts:349:5

    attachment #1: screenshot (image/png) ──────────────────────────────────────────────────────────
    ..\..\test-results\dashboard-extended-uat-Ext-2cddd--Response-Schema-Compliance-firefox-desktop\test-failed-1.png
    ────────────────────────────────────────────────────────────────────────────────────────────────

    attachment #2: video (video/webm) ──────────────────────────────────────────────────────────────
    ..\..\test-results\dashboard-extended-uat-Ext-2cddd--Response-Schema-Compliance-firefox-desktop\video.webm
    ────────────────────────────────────────────────────────────────────────────────────────────────

    Error Context: ..\..\test-results\dashboard-extended-uat-Ext-2cddd--Response-Schema-Compliance-firefox-desktop\error-context.md

    attachment #4: trace (application/zip) ─────────────────────────────────────────────────────────
    ..\..\test-results\dashboard-extended-uat-Ext-2cddd--Response-Schema-Compliance-firefox-desktop\trace.zip
    Usage:

        npx playwright show-trace ..\..\test-results\dashboard-extended-uat-Ext-2cddd--Response-Schema-Compliance-firefox-desktop\trace.zip

    ────────────────────────────────────────────────────────────────────────────────────────────────
]]>
</failure>
<system-out>
<![CDATA[📋 Testing API response schema compliance...
🎮 Triggering turn orchestration...

[[ATTACHMENT|test-results\dashboard-extended-uat-Ext-2cddd--Response-Schema-Compliance-firefox-desktop\test-failed-1.png]]

[[ATTACHMENT|test-results\dashboard-extended-uat-Ext-2cddd--Response-Schema-Compliance-firefox-desktop\video.webm]]

[[ATTACHMENT|test-results\dashboard-extended-uat-Ext-2cddd--Response-Schema-Compliance-firefox-desktop\error-context.md]]

[[ATTACHMENT|test-results\dashboard-extended-uat-Ext-2cddd--Response-Schema-Compliance-firefox-desktop\trace.zip]]
]]>
</system-out>
</testcase>
</testsuite>
<testsuite name="dashboard-core-uat.spec.ts" timestamp="2025-11-01T00:58:39.906Z" hostname="webkit-desktop" tests="3" failures="2" skipped="0" time="58.949" errors="0">
<testcase name="Emergent Narrative Dashboard - Core UAT › Core User Story: Turn Orchestration Flow" classname="dashboard-core-uat.spec.ts" time="21.712">
<failure message="dashboard-core-uat.spec.ts:27:3 Core User Story: Turn Orchestration Flow" type="FAILURE">
<![CDATA[  [webkit-desktop] › dashboard-core-uat.spec.ts:27:3 › Emergent Narrative Dashboard - Core UAT › Core User Story: Turn Orchestration Flow › Phase 2: Trigger Turn Orchestration 

    TimeoutError: page.waitForSelector: Timeout 10000ms exceeded.
    Call log:
      - waiting for locator('[data-testid="turn-pipeline-status"] [class*="processing"], [data-testid="turn-pipeline-status"] [class*="active"]') to be visible
        6 × locator resolved to hidden <div data-phase="World Update" class="pipeline-stage phase-1 active">…</div>
        2 × locator resolved to hidden <div data-phase="Subjective Brief" class="pipeline-stage phase-2 active">…</div>
        2 × locator resolved to hidden <div class="pipeline-stage phase-3 active" data-phase="Interaction Orchestration">…</div>
        - locator resolved to hidden <div data-phase="Event Integration" class="pipeline-stage phase-4 active">…</div>
        2 × locator resolved to hidden <div data-phase="Narrative Integration" class="pipeline-stage phase-5 active">…</div>


       at pages\DashboardPage.ts:125

      123 |   async waitForTurnStart() {
      124 |     // Wait for pipeline to show active status
    > 125 |     await this.page.waitForSelector(
          |                     ^
      126 |       '[data-testid="turn-pipeline-status"] [class*="processing"], [data-testid="turn-pipeline-status"] [class*="active"]',
      127 |       { timeout: 10000 }
      128 |     );
        at DashboardPage.waitForTurnStart (D:\Code\Novel-Engine\frontend\tests\e2e\pages\DashboardPage.ts:125:21)
        at DashboardPage.triggerTurnOrchestration (D:\Code\Novel-Engine\frontend\tests\e2e\pages\DashboardPage.ts:117:16)
        at D:\Code\Novel-Engine\frontend\tests\e2e\dashboard-core-uat.spec.ts:65:7
        at D:\Code\Novel-Engine\frontend\tests\e2e\dashboard-core-uat.spec.ts:57:5

    attachment #1: screenshot (image/png) ──────────────────────────────────────────────────────────
    ..\..\test-results\dashboard-core-uat-Emergen-53431-ory-Turn-Orchestration-Flow-webkit-desktop\test-failed-1.png
    ────────────────────────────────────────────────────────────────────────────────────────────────

    attachment #2: video (video/webm) ──────────────────────────────────────────────────────────────
[...]

    attachment #2: video (video/webm) ──────────────────────────────────────────────────────────────
    ..\..\test-results\dashboard-core-uat-Emergen-53431-ory-Turn-Orchestration-Flow-high-dpi\video.webm
    ────────────────────────────────────────────────────────────────────────────────────────────────

    Error Context: ..\..\test-results\dashboard-core-uat-Emergen-53431-ory-Turn-Orchestration-Flow-high-dpi\error-context.md

    attachment #4: trace (application/zip) ─────────────────────────────────────────────────────────
    ..\..\test-results\dashboard-core-uat-Emergen-53431-ory-Turn-Orchestration-Flow-high-dpi\trace.zip
    Usage:

        npx playwright show-trace ..\..\test-results\dashboard-core-uat-Emergen-53431-ory-Turn-Orchestration-Flow-high-dpi\trace.zip

    ────────────────────────────────────────────────────────────────────────────────────────────────
]]>
</failure>
<system-out>
<![CDATA[🎯 Starting Core User Story UAT: Turn Orchestration Flow
📋 Phase 1: Validating initial application state...
📐 Validating component layout...
✅ Phase 1: Initial application state validated
🎮 Phase 2: Triggering turn orchestration...
👀 Observing component updates...
🎮 Triggering turn orchestration...
✅ Phase 2: Turn orchestration triggered successfully
📊 Phase 3: Monitoring turn pipeline progression...
📊 Monitoring turn pipeline progression...
✅ Phase 1: World Update completed in 890ms
✅ Phase 2: Subjective Brief completed in 1421ms
✅ Phase 3: Interaction Orchestration completed in 850ms
✅ Phase 4: Event Integration completed in 850ms
✅ Phase 5: Narrative Integration completed in 877ms
📊 Turn pipeline monitoring completed in 4889ms
📊 Total pipeline duration: 4888ms
✅ Phase 3: Pipeline progression monitored
👀 Phase 4: Observing component updates...
👀 Observing component updates...

[[ATTACHMENT|test-results\dashboard-core-uat-Emergen-53431-ory-Turn-Orchestration-Flow-high-dpi\test-failed-1.png]]

[[ATTACHMENT|test-results\dashboard-core-uat-Emergen-53431-ory-Turn-Orchestration-Flow-high-dpi\video.webm]]

[[ATTACHMENT|test-results\dashboard-core-uat-Emergen-53431-ory-Turn-Orchestration-Flow-high-dpi\error-context.md]]

[[ATTACHMENT|test-results\dashboard-core-uat-Emergen-53431-ory-Turn-Orchestration-Flow-high-dpi\trace.zip]]
]]>
</system-out>
</testcase>
<testcase name="Emergent Narrative Dashboard - Core UAT › Performance Validation: Dashboard Load Time" classname="dashboard-core-uat.spec.ts" time="4.497">
<system-out>
<![CDATA[⚡ Performance Validation: Dashboard load time testing
⚡ Dashboard Load Time: 562ms
⚡ World Map Load Time: 17ms
]]>
</system-out>
</testcase>
<testcase name="Emergent Narrative Dashboard - Core UAT › Error Handling: Network Interruption Resilience" classname="dashboard-core-uat.spec.ts" time="17.959">
<failure message="dashboard-core-uat.spec.ts:284:3 Error Handling: Network Interruption Resilience" type="FAILURE">
<![CDATA[  [high-dpi] › dashboard-core-uat.spec.ts:284:3 › Emergent Narrative Dashboard - Core UAT › Error Handling: Network Interruption Resilience › Test Network Interruption Handling 

    Error: expect(locator).toBeVisible() failed

    Locator: locator('[data-testid="connection-status"]')
    Expected: visible
    Timeout: 10000ms
    Error: element(s) not found

    Call log:
      - Expect "toBeVisible" with timeout 10000ms
      - waiting for locator('[data-testid="connection-status"]')


      307 |       // Verify dashboard recovers gracefully
      308 |       await expect(dashboardPage.dashboardLayout).toBeVisible();
    > 309 |       await expect(dashboardPage.connectionStatus).toBeVisible();
          |                                                    ^
      310 |       
      311 |       console.log('🛡️ ✅ Network interruption resilience validated');
      312 |     });
        at D:\Code\Novel-Engine\frontend\tests\e2e\dashboard-core-uat.spec.ts:309:52
        at D:\Code\Novel-Engine\frontend\tests\e2e\dashboard-core-uat.spec.ts:287:5

    attachment #1: screenshot (image/png) ──────────────────────────────────────────────────────────
    ..\..\test-results\dashboard-core-uat-Emergen-d3c85-ork-Interruption-Resilience-high-dpi\test-failed-1.png
    ────────────────────────────────────────────────────────────────────────────────────────────────

    attachment #2: video (video/webm) ──────────────────────────────────────────────────────────────
    ..\..\test-results\dashboard-core-uat-Emergen-d3c85-ork-Interruption-Resilience-high-dpi\video.webm
    ────────────────────────────────────────────────────────────────────────────────────────────────

    Error Context: ..\..\test-results\dashboard-core-uat-Emergen-d3c85-ork-Interruption-Resilience-high-dpi\error-context.md

    attachment #4: trace (application/zip) ─────────────────────────────────────────────────────────
    ..\..\test-results\dashboard-core-uat-Emergen-d3c85-ork-Interruption-Resilience-high-dpi\trace.zip
    Usage:

        npx playwright show-trace ..\..\test-results\dashboard-core-uat-Emergen-d3c85-ork-Interruption-Resilience-high-dpi\trace.zip

    ────────────────────────────────────────────────────────────────────────────────────────────────
]]>
</failure>
<system-out>
<![CDATA[🛡️ Error Handling: Network interruption resilience testing
🎮 Triggering turn orchestration...

[[ATTACHMENT|test-results\dashboard-core-uat-Emergen-d3c85-ork-Interruption-Resilience-high-dpi\test-failed-1.png]]

[[ATTACHMENT|test-results\dashboard-core-uat-Emergen-d3c85-ork-Interruption-Resilience-high-dpi\video.webm]]

[[ATTACHMENT|test-results\dashboard-core-uat-Emergen-d3c85-ork-Interruption-Resilience-high-dpi\error-context.md]]

[[ATTACHMENT|test-results\dashboard-core-uat-Emergen-d3c85-ork-Interruption-Resilience-high-dpi\trace.zip]]
]]>
</system-out>
</testcase>
</testsuite>
<testsuite name="dashboard-cross-browser-uat.spec.ts" timestamp="2025-11-01T00:58:39.906Z" hostname="high-dpi" tests="9" failures="0" skipped="2" time="42.927" errors="0">
<testcase name="Cross-Browser Compatibility UAT › Browser Engine Compatibility: Core User Story" classname="dashboard-cross-browser-uat.spec.ts" time="6.522">
<system-out>
<![CDATA[🌐 Testing core user story on chromium...
  chromium load time: 1479ms
  ✅ chromium: All components loaded successfully
🎮 Triggering turn orchestration...
  chromium orchestration response: 209ms
  ✅ chromium: Turn orchestration triggered successfully
👀 Observing component updates...
  ✅ chromium: Component updates observed
🌐 ✅ chromium compatibility test completed
]]>
</system-out>
</testcase>
<testcase name="Cross-Browser Compatibility UAT › Responsive Layout Consistency" classname="dashboard-cross-browser-uat.spec.ts" time="13.961">
<system-out>
<![CDATA[📱 Testing responsive layout on chromium...
  Testing Desktop (1440x900)
    ✅ Desktop layout validated
  Testing Laptop (1366x768)
    ✅ Laptop layout validated
  Testing Tablet Portrait (768x1024)
    ✅ Tablet Portrait layout validated
  Testing Tablet Landscape (1024x768)
    ✅ Tablet Landscape layout validated
  Testing Mobile Portrait (375x667)
    ✅ Mobile Portrait layout validated
  Testing Mobile Landscape (667x375)
    ✅ Mobile Landscape layout validated
📱 ✅ chromium responsive layout test completed
]]>
</system-out>
</testcase>
<testcase name="Cross-Browser Compatibility UAT › Browser-Specific Feature Support" classname="dashboard-cross-browser-uat.spec.ts" time="2.198">
<system-out>
<![CDATA[🔧 Testing browser-specific features on chromium...
  ✅ chromium: CSS Grid supported
  ✅ chromium: Bento Grid styles applied
  ✅ chromium: WebSocket API supported
  ✅ chromium: Canvas API supported
  ✅ chromium: WebGL supported
  ✅ chromium: LocalStorage supported
🔧 ✅ chromium feature support test completed
]]>
</system-out>
</testcase>
<testcase name="Cross-Browser Compatibility UAT › Performance Comparison Across Browsers" classname="dashboard-cross-browser-uat.spec.ts" time="2.201">
<system-out>
<![CDATA[⚡ Testing performance on chromium...
  chromium load time: 1040ms
🎮 Triggering turn orchestration...
  chromium interaction response: 175ms
  chromium render time: 253ms
⚡ ✅ chromium performance within acceptable thresholds
]]>
</system-out>
</testcase>
<testcase name="Cross-Browser Compatibility UAT › Error Handling Consistency" classname="dashboard-cross-browser-uat.spec.ts" time="8.355">
<system-out>
<![CDATA[🛡️ Testing error handling consistency on chromium...
🎮 Triggering turn orchestration...
  chromium: Orchestration attempted while offline
  ✅ chromium: Network error handling consistent
🎮 Triggering turn orchestration...
  ✅ chromium: No console errors detected
🛡️ ✅ chromium error handling test completed
]]>
</system-out>
</testcase>
<testcase name="Cross-Browser Compatibility UAT › Visual Consistency Check" classname="dashboard-cross-browser-uat.spec.ts" time="6.318">
<system-out>
<![CDATA[👀 Visual consistency check on chromium...
  ✅ chromium: Initial state captured
🎮 Triggering turn orchestration...
  ✅ chromium: Active state captured
👀 ✅ chromium visual consistency check completed
]]>
</system-out>
</testcase>
<testcase name="Browser-Specific Edge Cases › Safari: WebKit-specific Issues" classname="dashboard-cross-browser-uat.spec.ts" time="0.747">
<properties>
<property name="skip" value="Safari-specific test">
</property>
</properties>
<skipped>
</skipped>
</testcase>
<testcase name="Browser-Specific Edge Cases › Firefox: Gecko-specific Issues" classname="dashboard-cross-browser-uat.spec.ts" time="0.762">
<properties>
<property name="skip" value="Firefox-specific test">
</property>
</properties>
<skipped>
</skipped>
</testcase>
<testcase name="Browser-Specific Edge Cases › Chrome: Chromium-specific Features" classname="dashboard-cross-browser-uat.spec.ts" time="1.863">
<system-out>
<![CDATA[🌐 Testing Chrome-specific features...
  ✅ Chrome: DevTools Protocol working
🌐 ✅ Chrome-specific tests completed
]]>
</system-out>
</testcase>
</testsuite>
<testsuite name="dashboard-extended-uat.spec.ts" timestamp="2025-11-01T00:58:39.906Z" hostname="high-dpi" tests="7" failures="2" skipped="0" time="76.223" errors="0">
<testcase name="Extended UAT Scenarios › Edge Case: Multiple Rapid Turn Orchestrations" classname="dashboard-extended-uat.spec.ts" time="14.266">
<system-out>
<![CDATA[🔄 Testing multiple rapid turn orchestration triggers...
  Triggering orchestration 1/3...
🎮 Triggering turn orchestration...
  Triggering orchestration 2/3...
🎮 Triggering turn orchestration...
  Triggering orchestration 3/3...
🎮 Triggering turn orchestration...
✅ Rapid orchestration handling validated
]]>
</system-out>
</testcase>
<testcase name="Extended UAT Scenarios › Error Recovery: Network Interruption During Orchestration" classname="dashboard-extended-uat.spec.ts" time="17.558">
<failure message="dashboard-extended-uat.spec.ts:54:3 Error Recovery: Network Interruption During Orchestration" type="FAILURE">
<![CDATA[  [high-dpi] › dashboard-extended-uat.spec.ts:54:3 › Extended UAT Scenarios › Error Recovery: Network Interruption During Orchestration › Network Interruption Simulation 

    Error: expect(locator).toBeVisible() failed

    Locator: locator('[data-testid="connection-status"]')
    Expected: visible
    Timeout: 10000ms
    Error: element(s) not found

    Call log:
      - Expect "toBeVisible" with timeout 10000ms
      - waiting for locator('[data-testid="connection-status"]')


      75 |       // Verify graceful recovery
      76 |       await expect(dashboardPage.dashboardLayout).toBeVisible();
    > 77 |       await expect(dashboardPage.connectionStatus).toBeVisible();
         |                                                    ^
      78 |       
      79 |       // System should show appropriate error/recovery indicators
      80 |       const errorIndicators = page.locator('[class*="error"], [class*="disconnected"], [class*="offline"]');
        at D:\Code\Novel-Engine\frontend\tests\e2e\dashboard-extended-uat.spec.ts:77:52
        at D:\Code\Novel-Engine\frontend\tests\e2e\dashboard-extended-uat.spec.ts:57:5

    attachment #1: screenshot (image/png) ──────────────────────────────────────────────────────────
    ..\..\test-results\dashboard-extended-uat-Ext-ab296-uption-During-Orchestration-high-dpi\test-failed-1.png
    ────────────────────────────────────────────────────────────────────────────────────────────────

    attachment #2: video (video/webm) ──────────────────────────────────────────────────────────────
    ..\..\test-results\dashboard-extended-uat-Ext-ab296-uption-During-Orchestration-high-dpi\video.webm
    ────────────────────────────────────────────────────────────────────────────────────────────────

    Error Context: ..\..\test-results\dashboard-extended-uat-Ext-ab296-uption-During-Orchestration-high-dpi\error-context.md

    attachment #4: trace (application/zip) ─────────────────────────────────────────────────────────
    ..\..\test-results\dashboard-extended-uat-Ext-ab296-uption-During-Orchestration-high-dpi\trace.zip
    Usage:

        npx playwright show-trace ..\..\test-results\dashboard-extended-uat-Ext-ab296-uption-During-Orchestration-high-dpi\trace.zip

    ────────────────────────────────────────────────────────────────────────────────────────────────
]]>
</failure>
<system-out>
<![CDATA[🛡️ Testing network interruption recovery...
🎮 Triggering turn orchestration...
  Network offline - simulating interruption
  Network restored

[[ATTACHMENT|test-results\dashboard-extended-uat-Ext-ab296-uption-During-Orchestration-high-dpi\test-failed-1.png]]

[[ATTACHMENT|test-results\dashboard-extended-uat-Ext-ab296-uption-During-Orchestration-high-dpi\video.webm]]

[[ATTACHMENT|test-results\dashboard-extended-uat-Ext-ab296-uption-During-Orchestration-high-dpi\error-context.md]]

[[ATTACHMENT|test-results\dashboard-extended-uat-Ext-ab296-uption-During-Orchestration-high-dpi\trace.zip]]
]]>
</system-out>
</testcase>
<testcase name="Extended UAT Scenarios › Data Integrity: Component State Synchronization" classname="dashboard-extended-uat.spec.ts" time="5.771">
<system-out>
<![CDATA[🔗 Testing component state synchronization...
👀 Observing component updates...
🎮 Triggering turn orchestration...
👀 Observing component updates...
  ✓ Character data synchronized between World Map and Character Networks
  ✓ Activity events present in Real-time Activity component
  ✓ Timeline reflects turn progression
  ✓ Performance metrics indicate system activity
✅ Component state synchronization validated
]]>
</system-out>
</testcase>
<testcase name="Extended UAT Scenarios › Accessibility: Keyboard Navigation and Screen Reader Support" classname="dashboard-extended-uat.spec.ts" time="1.902">
<system-out>
<![CDATA[♿ Testing accessibility compliance...
  Tab 1: ○ Focus on interactive element
  ✓ Keyboard navigation works for 1 interactive elements
  ✓ Found 7 elements with ARIA attributes
  ✓ Found 10 semantic headings
  ✓ Found 3 landmark elements
  ✓ Found 6 status/indicator elements
  ✓ Primary action (play) accessible via keyboard
✅ Accessibility compliance validated
]]>
</system-out>
</testcase>
<testcase name="Extended UAT Scenarios › Performance: Component Render Optimization" classname="dashboard-extended-uat.spec.ts" time="22.408">
<failure message="dashboard-extended-uat.spec.ts:206:3 Performance: Component Render Optimization" type="FAILURE">
<![CDATA[  [high-dpi] › dashboard-extended-uat.spec.ts:206:3 › Extended UAT Scenarios › Performance: Component Render Optimization › Memory Usage Monitoring 

    TimeoutError: page.waitForSelector: Timeout 10000ms exceeded.
    Call log:
      - waiting for locator('[data-testid="turn-pipeline-status"] [class*="processing"], [data-testid="turn-pipeline-status"] [class*="active"]') to be visible


       at pages\DashboardPage.ts:125

      123 |   async waitForTurnStart() {
      124 |     // Wait for pipeline to show active status
    > 125 |     await this.page.waitForSelector(
          |                     ^
      126 |       '[data-testid="turn-pipeline-status"] [class*="processing"], [data-testid="turn-pipeline-status"] [class*="active"]',
      127 |       { timeout: 10000 }
      128 |     );
        at DashboardPage.waitForTurnStart (D:\Code\Novel-Engine\frontend\tests\e2e\pages\DashboardPage.ts:125:21)
        at DashboardPage.triggerTurnOrchestration (D:\Code\Novel-Engine\frontend\tests\e2e\pages\DashboardPage.ts:117:16)
        at D:\Code\Novel-Engine\frontend\tests\e2e\dashboard-extended-uat.spec.ts:275:9
        at D:\Code\Novel-Engine\frontend\tests\e2e\dashboard-extended-uat.spec.ts:265:5

    attachment #1: screenshot (image/png) ──────────────────────────────────────────────────────────
    ..\..\test-results\dashboard-extended-uat-Ext-c8e60-mponent-Render-Optimization-high-dpi\test-failed-1.png
    ────────────────────────────────────────────────────────────────────────────────────────────────

    attachment #2: video (video/webm) ──────────────────────────────────────────────────────────────
    ..\..\test-results\dashboard-extended-uat-Ext-c8e60-mponent-Render-Optimization-high-dpi\video.webm
    ────────────────────────────────────────────────────────────────────────────────────────────────

    Error Context: ..\..\test-results\dashboard-extended-uat-Ext-c8e60-mponent-Render-Optimization-high-dpi\error-context.md

    attachment #4: trace (application/zip) ─────────────────────────────────────────────────────────
    ..\..\test-results\dashboard-extended-uat-Ext-c8e60-mponent-Render-Optimization-high-dpi\trace.zip
    Usage:

        npx playwright show-trace ..\..\test-results\dashboard-extended-uat-Ext-c8e60-mponent-Render-Optimization-high-dpi\trace.zip

    ────────────────────────────────────────────────────────────────────────────────────────────────
]]>
</failure>
<system-out>
<![CDATA[⚡ Testing component render performance...
  Initial render time: 277ms
  Time to interactive: 9ms
✅ Initial render performance validated
🎮 Triggering turn orchestration...
  First update response: 106ms
  Update 3: New activity detected
  ✓ Detected 3 dynamic updates
✅ Dynamic update performance validated
🎮 Triggering turn orchestration...

[[ATTACHMENT|test-results\dashboard-extended-uat-Ext-c8e60-mponent-Render-Optimization-high-dpi\test-failed-1.png]]

[[ATTACHMENT|test-results\dashboard-extended-uat-Ext-c8e60-mponent-Render-Optimization-high-dpi\video.webm]]

[[ATTACHMENT|test-results\dashboard-extended-uat-Ext-c8e60-mponent-Render-Optimization-high-dpi\error-context.md]]

[[ATTACHMENT|test-results\dashboard-extended-uat-Ext-c8e60-mponent-Render-Optimization-high-dpi\trace.zip]]
]]>
</system-out>
</testcase>
<testcase name="Extended UAT Scenarios › Complex Workflow: Multi-Character Interaction Scenario" classname="dashboard-extended-uat.spec.ts" time="7.487">
<system-out>
<![CDATA[🎭 Testing complex multi-character interaction workflow...
👀 Observing component updates...
  ✓ Character data available for complex scenario testing
🎮 Triggering turn orchestration...
📊 Monitoring turn pipeline progression...
✅ Phase 1: World Update completed in 1357ms
✅ Phase 2: Subjective Brief completed in 839ms
✅ Phase 3: Interaction Orchestration completed in 841ms
✅ Phase 4: Event Integration completed in 1352ms
✅ Phase 5: Narrative Integration completed in 840ms
📊 Turn pipeline monitoring completed in 5229ms
  ✓ Interaction Orchestration phase completed
👀 Observing component updates...
  ✓ Character network connections updated
✅ Complex multi-character workflow validated
]]>
</system-out>
</testcase>
<testcase name="Extended UAT Scenarios › Data Validation: API Response Schema Compliance" classname="dashboard-extended-uat.spec.ts" time="6.831">
<system-out>
<![CDATA[📋 Testing API response schema compliance...
🎮 Triggering turn orchestration...
  Captured 0 API responses
  ⚠️ No API responses captured - may indicate mock data usage
✅ API response schema compliance validated
]]>
</system-out>
</testcase>
</testsuite>
</testsuites>