{"meta": {"format": 3, "version": "7.8.0", "timestamp": "2025-10-25T10:52:15.081950", "branch_coverage": false, "show_contexts": false}, "files": {"src\\__init__.py": {"executed_lines": [1, 14, 15, 16, 19, 20, 21, 22, 32, 34, 36, 39, 42, 43, 44, 45, 46, 48, 58, 59, 60, 61, 62, 64, 74, 75, 79, 80, 83, 86], "summary": {"covered_lines": 29, "num_statements": 37, "percent_covered": 78.37837837837837, "percent_covered_display": "78.38", "missing_lines": 8, "excluded_lines": 0}, "missing_lines": [23, 26, 54, 55, 70, 71, 76, 78], "excluded_lines": [], "functions": {"": {"executed_lines": [1, 14, 15, 16, 19, 20, 21, 22, 32, 34, 36, 39, 42, 43, 44, 45, 46, 48, 58, 59, 60, 61, 62, 64, 74, 75, 79, 80, 83, 86], "summary": {"covered_lines": 29, "num_statements": 37, "percent_covered": 78.37837837837837, "percent_covered_display": "78.38", "missing_lines": 8, "excluded_lines": 0}, "missing_lines": [23, 26, 54, 55, 70, 71, 76, 78], "excluded_lines": []}}, "classes": {"": {"executed_lines": [1, 14, 15, 16, 19, 20, 21, 22, 32, 34, 36, 39, 42, 43, 44, 45, 46, 48, 58, 59, 60, 61, 62, 64, 74, 75, 79, 80, 83, 86], "summary": {"covered_lines": 29, "num_statements": 37, "percent_covered": 78.37837837837837, "percent_covered_display": "78.38", "missing_lines": 8, "excluded_lines": 0}, "missing_lines": [23, 26, 54, 55, 70, 71, 76, 78], "excluded_lines": []}}}, "src\\agent_lifecycle_manager.py": {"executed_lines": [2, 16, 17, 18, 19, 22, 23, 31, 60, 61, 62, 68, 71, 72, 73, 75, 76, 77, 78, 79, 82, 83, 94, 96, 97, 98, 99, 102, 103, 106, 107, 109, 113, 225, 283, 318, 338, 367, 391, 409, 510, 535, 551, 580, 599, 611, 623, 640, 649, 668, 688, 700, 707, 708, 709, 710, 712, 734], "summary": {"covered_lines": 55, "num_statements": 269, "percent_covered": 20.44609665427509, "percent_covered_display": "20.45", "missing_lines": 214, "excluded_lines": 0}, "missing_lines": [32, 34, 36, 37, 38, 39, 41, 42, 43, 44, 45, 47, 48, 49, 50, 52, 53, 54, 55, 56, 63, 64, 65, 133, 134, 135, 137, 141, 143, 156, 160, 162, 166, 170, 179, 183, 187, 189, 190, 194, 203, 207, 215, 216, 217, 240, 242, 244, 245, 248, 251, 254, 257, 260, 261, 264, 265, 268, 269, 271, 272, 273, 281, 287, 289, 291, 292, 301, 305, 313, 314, 316, 324, 326, 328, 331, 333, 334, 336, 344, 346, 348, 349, 352, 353, 354, 362, 363, 365, 371, 373, 375, 376, 377, 378, 386, 387, 389, 395, 397, 399, 402, 404, 405, 407, 426, 427, 428, 430, 431, 433, 435, 438, 440, 441, 442, 444, 445, 450, 452, 453, 458, 460, 461, 466, 468, 469, 474, 476, 477, 482, 485, 486, 490, 493, 495, 498, 501, 503, 504, 507, 508, 514, 515, 517, 518, 520, 522, 524, 526, 530, 531, 533, 542, 543, 547, 549, 558, 559, 561, 562, 564, 565, 571, 572, 573, 574, 578, 584, 585, 587, 588, 590, 594, 595, 597, 603, 604, 607, 609, 615, 616, 617, 618, 619, 620, 621, 627, 629, 635, 644, 657, 666, 676, 686, 692, 698, 730, 731, 732, 741, 742, 743, 745, 746, 747, 748, 749, 751, 752, 754, 764, 765, 766], "excluded_lines": [], "functions": {"AgentLifecycleManager.__init__": {"executed_lines": [96, 97, 98, 99, 102, 103, 106, 107, 109], "summary": {"covered_lines": 9, "num_statements": 9, "percent_covered": 100.0, "percent_covered_display": "100.00", "missing_lines": 0, "excluded_lines": 0}, "missing_lines": [], "excluded_lines": []}, "AgentLifecycleManager.adjudicate_agent_action": {"executed_lines": [], "summary": {"covered_lines": 0, "num_statements": 22, "percent_covered": 0.0, "percent_covered_display": "0.00", "missing_lines": 22, "excluded_lines": 0}, "missing_lines": [133, 134, 135, 137, 141, 143, 156, 160, 162, 166, 170, 179, 183, 187, 189, 190, 194, 203, 207, 215, 216, 217], "excluded_lines": []}, "AgentLifecycleManager._validate_against_iron_laws": {"executed_lines": [], "summary": {"covered_lines": 0, "num_statements": 18, "percent_covered": 0.0, "percent_covered_display": "0.00", "missing_lines": 18, "excluded_lines": 0}, "missing_lines": [240, 242, 244, 245, 248, 251, 254, 257, 260, 261, 264, 265, 268, 269, 271, 272, 273, 281], "excluded_lines": []}, "AgentLifecycleManager._validate_causality_law": {"executed_lines": [], "summary": {"covered_lines": 0, "num_statements": 9, "percent_covered": 0.0, "percent_covered_display": "0.00", "missing_lines": 9, "excluded_lines": 0}, "missing_lines": [287, 289, 291, 292, 301, 305, 313, 314, 316], "excluded_lines": []}, "AgentLifecycleManager._validate_resource_law": {"executed_lines": [], "summary": {"covered_lines": 0, "num_statements": 7, "percent_covered": 0.0, "percent_covered_display": "0.00", "missing_lines": 7, "excluded_lines": 0}, "missing_lines": [324, 326, 328, 331, 333, 334, 336], "excluded_lines": []}, "AgentLifecycleManager._validate_physics_law": {"executed_lines": [], "summary": {"covered_lines": 0, "num_statements": 10, "percent_covered": 0.0, "percent_covered_display": "0.00", "missing_lines": 10, "excluded_lines": 0}, "missing_lines": [344, 346, 348, 349, 352, 353, 354, 362, 363, 365], "excluded_lines": []}, "AgentLifecycleManager._validate_narrative_law": {"executed_lines": [], "summary": {"covered_lines": 0, "num_statements": 9, "percent_covered": 0.0, "percent_covered_display": "0.00", "missing_lines": 9, "excluded_lines": 0}, "missing_lines": [371, 373, 375, 376, 377, 378, 386, 387, 389], "excluded_lines": []}, "AgentLifecycleManager._validate_social_law": {"executed_lines": [], "summary": {"covered_lines": 0, "num_statements": 7, "percent_covered": 0.0, "percent_covered_display": "0.00", "missing_lines": 7, "excluded_lines": 0}, "missing_lines": [395, 397, 399, 402, 404, 405, 407], "excluded_lines": []}, "AgentLifecycleManager._attempt_action_repairs": {"executed_lines": [], "summary": {"covered_lines": 0, "num_statements": 37, "percent_covered": 0.0, "percent_covered_display": "0.00", "missing_lines": 37, "excluded_lines": 0}, "missing_lines": [426, 427, 428, 430, 431, 433, 435, 438, 440, 441, 442, 444, 445, 450, 452, 453, 458, 460, 461, 466, 468, 469, 474, 476, 477, 482, 485, 486, 490, 493, 495, 498, 501, 503, 504, 507, 508], "excluded_lines": []}, "AgentLifecycleManager._repair_causality_violations": {"executed_lines": [], "summary": {"covered_lines": 0, "num_statements": 11, "percent_covered": 0.0, "percent_covered_display": "0.00", "missing_lines": 11, "excluded_lines": 0}, "missing_lines": [514, 515, 517, 518, 520, 522, 524, 526, 530, 531, 533], "excluded_lines": []}, "AgentLifecycleManager._repair_resource_violations": {"executed_lines": [], "summary": {"covered_lines": 0, "num_statements": 4, "percent_covered": 0.0, "percent_covered_display": "0.00", "missing_lines": 4, "excluded_lines": 0}, "missing_lines": [542, 543, 547, 549], "excluded_lines": []}, "AgentLifecycleManager._repair_physics_violations": {"executed_lines": [], "summary": {"covered_lines": 0, "num_statements": 11, "percent_covered": 0.0, "percent_covered_display": "0.00", "missing_lines": 11, "excluded_lines": 0}, "missing_lines": [558, 559, 561, 562, 564, 565, 571, 572, 573, 574, 578], "excluded_lines": []}, "AgentLifecycleManager._repair_narrative_violations": {"executed_lines": [], "summary": {"covered_lines": 0, "num_statements": 8, "percent_covered": 0.0, "percent_covered_display": "0.00", "missing_lines": 8, "excluded_lines": 0}, "missing_lines": [584, 585, 587, 588, 590, 594, 595, 597], "excluded_lines": []}, "AgentLifecycleManager._repair_social_violations": {"executed_lines": [], "summary": {"covered_lines": 0, "num_statements": 4, "percent_covered": 0.0, "percent_covered_display": "0.00", "missing_lines": 4, "excluded_lines": 0}, "missing_lines": [603, 604, 607, 609], "excluded_lines": []}, "AgentLifecycleManager._group_violations_by_law": {"executed_lines": [], "summary": {"covered_lines": 0, "num_statements": 7, "percent_covered": 0.0, "percent_covered_display": "0.00", "missing_lines": 7, "excluded_lines": 0}, "missing_lines": [615, 616, 617, 618, 619, 620, 621], "excluded_lines": []}, "AgentLifecycleManager._convert_proposed_to_validated": {"executed_lines": [], "summary": {"covered_lines": 0, "num_statements": 3, "percent_covered": 0.0, "percent_covered_display": "0.00", "missing_lines": 3, "excluded_lines": 0}, "missing_lines": [627, 629, 635], "excluded_lines": []}, "AgentLifecycleManager._create_fallback_validated_action": {"executed_lines": [], "summary": {"covered_lines": 0, "num_statements": 1, "percent_covered": 0.0, "percent_covered_display": "0.00", "missing_lines": 1, "excluded_lines": 0}, "missing_lines": [644], "excluded_lines": []}, "AgentLifecycleManager._record_successful_action": {"executed_lines": [], "summary": {"covered_lines": 0, "num_statements": 2, "percent_covered": 0.0, "percent_covered_display": "0.00", "missing_lines": 2, "excluded_lines": 0}, "missing_lines": [657, 666], "excluded_lines": []}, "AgentLifecycleManager._record_failed_action": {"executed_lines": [], "summary": {"covered_lines": 0, "num_statements": 2, "percent_covered": 0.0, "percent_covered_display": "0.00", "missing_lines": 2, "excluded_lines": 0}, "missing_lines": [676, 686], "excluded_lines": []}, "AgentLifecycleManager._record_violations": {"executed_lines": [], "summary": {"covered_lines": 0, "num_statements": 2, "percent_covered": 0.0, "percent_covered_display": "0.00", "missing_lines": 2, "excluded_lines": 0}, "missing_lines": [692, 698], "excluded_lines": []}, "AgentLifecycleManager.get_lifecycle_metrics": {"executed_lines": [707, 708, 709, 710, 712], "summary": {"covered_lines": 5, "num_statements": 8, "percent_covered": 62.5, "percent_covered_display": "62.50", "missing_lines": 3, "excluded_lines": 0}, "missing_lines": [730, 731, 732], "excluded_lines": []}, "AgentLifecycleManager.get_violation_summary": {"executed_lines": [], "summary": {"covered_lines": 0, "num_statements": 14, "percent_covered": 0.0, "percent_covered_display": "0.00", "missing_lines": 14, "excluded_lines": 0}, "missing_lines": [741, 742, 743, 745, 746, 747, 748, 749, 751, 752, 754, 764, 765, 766], "excluded_lines": []}, "": {"executed_lines": [2, 16, 17, 18, 19, 22, 23, 31, 60, 61, 62, 68, 71, 72, 73, 75, 76, 77, 78, 79, 82, 83, 94, 113, 225, 283, 318, 338, 367, 391, 409, 510, 535, 551, 580, 599, 611, 623, 640, 649, 668, 688, 700, 734], "summary": {"covered_lines": 41, "num_statements": 64, "percent_covered": 64.0625, "percent_covered_display": "64.06", "missing_lines": 23, "excluded_lines": 0}, "missing_lines": [32, 34, 36, 37, 38, 39, 41, 42, 43, 44, 45, 47, 48, 49, 50, 52, 53, 54, 55, 56, 63, 64, 65], "excluded_lines": []}}, "classes": {"ActionAdjudicationResult": {"executed_lines": [], "summary": {"covered_lines": 0, "num_statements": 0, "percent_covered": 100.0, "percent_covered_display": "100.00", "missing_lines": 0, "excluded_lines": 0}, "missing_lines": [], "excluded_lines": []}, "AgentLifecycleManager": {"executed_lines": [96, 97, 98, 99, 102, 103, 106, 107, 109, 707, 708, 709, 710, 712], "summary": {"covered_lines": 14, "num_statements": 205, "percent_covered": 6.829268292682927, "percent_covered_display": "6.83", "missing_lines": 191, "excluded_lines": 0}, "missing_lines": [133, 134, 135, 137, 141, 143, 156, 160, 162, 166, 170, 179, 183, 187, 189, 190, 194, 203, 207, 215, 216, 217, 240, 242, 244, 245, 248, 251, 254, 257, 260, 261, 264, 265, 268, 269, 271, 272, 273, 281, 287, 289, 291, 292, 301, 305, 313, 314, 316, 324, 326, 328, 331, 333, 334, 336, 344, 346, 348, 349, 352, 353, 354, 362, 363, 365, 371, 373, 375, 376, 377, 378, 386, 387, 389, 395, 397, 399, 402, 404, 405, 407, 426, 427, 428, 430, 431, 433, 435, 438, 440, 441, 442, 444, 445, 450, 452, 453, 458, 460, 461, 466, 468, 469, 474, 476, 477, 482, 485, 486, 490, 493, 495, 498, 501, 503, 504, 507, 508, 514, 515, 517, 518, 520, 522, 524, 526, 530, 531, 533, 542, 543, 547, 549, 558, 559, 561, 562, 564, 565, 571, 572, 573, 574, 578, 584, 585, 587, 588, 590, 594, 595, 597, 603, 604, 607, 609, 615, 616, 617, 618, 619, 620, 621, 627, 629, 635, 644, 657, 666, 676, 686, 692, 698, 730, 731, 732, 741, 742, 743, 745, 746, 747, 748, 749, 751, 752, 754, 764, 765, 766], "excluded_lines": []}, "": {"executed_lines": [2, 16, 17, 18, 19, 22, 23, 31, 60, 61, 62, 68, 71, 72, 73, 75, 76, 77, 78, 79, 82, 83, 94, 113, 225, 283, 318, 338, 367, 391, 409, 510, 535, 551, 580, 599, 611, 623, 640, 649, 668, 688, 700, 734], "summary": {"covered_lines": 41, "num_statements": 64, "percent_covered": 64.0625, "percent_covered_display": "64.06", "missing_lines": 23, "excluded_lines": 0}, "missing_lines": [32, 34, 36, 37, 38, 39, 41, 42, 43, 44, 45, 47, 48, 49, 50, 52, 53, 54, 55, 56, 63, 64, 65], "excluded_lines": []}}}, "src\\agents\\__init__.py": {"executed_lines": [1, 14, 15, 21, 22, 24], "summary": {"covered_lines": 5, "num_statements": 5, "percent_covered": 100.0, "percent_covered_display": "100.00", "missing_lines": 0, "excluded_lines": 0}, "missing_lines": [], "excluded_lines": [], "functions": {"": {"executed_lines": [1, 14, 15, 21, 22, 24], "summary": {"covered_lines": 5, "num_statements": 5, "percent_covered": 100.0, "percent_covered_display": "100.00", "missing_lines": 0, "excluded_lines": 0}, "missing_lines": [], "excluded_lines": []}}, "classes": {"": {"executed_lines": [1, 14, 15, 21, 22, 24], "summary": {"covered_lines": 5, "num_statements": 5, "percent_covered": 100.0, "percent_covered_display": "100.00", "missing_lines": 0, "excluded_lines": 0}, "missing_lines": [], "excluded_lines": []}}}, "src\\agents\\context_manager.py": {"executed_lines": [2, 12, 13, 14, 15, 17, 20, 23, 24, 34, 44, 82, 124, 149, 174, 188, 202, 239, 261, 284, 306], "summary": {"covered_lines": 19, "num_statements": 134, "percent_covered": 14.17910447761194, "percent_covered_display": "14.18", "missing_lines": 115, "excluded_lines": 0}, "missing_lines": [18, 41, 42, 51, 52, 54, 55, 56, 59, 60, 61, 64, 67, 70, 73, 75, 79, 80, 92, 95, 105, 106, 107, 108, 109, 110, 111, 112, 115, 118, 122, 136, 142, 143, 144, 145, 147, 151, 154, 156, 157, 158, 159, 160, 163, 166, 169, 170, 172, 176, 179, 180, 183, 184, 186, 190, 193, 194, 197, 198, 200, 204, 207, 208, 210, 211, 214, 220, 221, 222, 225, 226, 227, 230, 233, 234, 235, 237, 241, 244, 249, 250, 251, 252, 253, 254, 255, 256, 257, 259, 263, 266, 267, 269, 270, 271, 274, 275, 276, 278, 279, 280, 282, 286, 287, 290, 291, 293, 294, 296, 297, 299, 303, 304, 308], "excluded_lines": [], "functions": {"CharacterContextManager.__init__": {"executed_lines": [], "summary": {"covered_lines": 0, "num_statements": 2, "percent_covered": 0.0, "percent_covered_display": "0.00", "missing_lines": 2, "excluded_lines": 0}, "missing_lines": [41, 42], "excluded_lines": []}, "CharacterContextManager.load_character_context": {"executed_lines": [], "summary": {"covered_lines": 0, "num_statements": 15, "percent_covered": 0.0, "percent_covered_display": "0.00", "missing_lines": 15, "excluded_lines": 0}, "missing_lines": [51, 52, 54, 55, 56, 59, 60, 61, 64, 67, 70, 73, 75, 79, 80], "excluded_lines": []}, "CharacterContextManager._parse_character_sheet_content": {"executed_lines": [], "summary": {"covered_lines": 0, "num_statements": 13, "percent_covered": 0.0, "percent_covered_display": "0.00", "missing_lines": 13, "excluded_lines": 0}, "missing_lines": [92, 95, 105, 106, 107, 108, 109, 110, 111, 112, 115, 118, 122], "excluded_lines": []}, "CharacterContextManager._extract_section": {"executed_lines": [], "summary": {"covered_lines": 0, "num_statements": 6, "percent_covered": 0.0, "percent_covered_display": "0.00", "missing_lines": 6, "excluded_lines": 0}, "missing_lines": [136, 142, 143, 144, 145, 147], "excluded_lines": []}, "CharacterContextManager._parse_identity_section": {"executed_lines": [], "summary": {"covered_lines": 0, "num_statements": 12, "percent_covered": 0.0, "percent_covered_display": "0.00", "missing_lines": 12, "excluded_lines": 0}, "missing_lines": [151, 154, 156, 157, 158, 159, 160, 163, 166, 169, 170, 172], "excluded_lines": []}, "CharacterContextManager._parse_psychological_section": {"executed_lines": [], "summary": {"covered_lines": 0, "num_statements": 6, "percent_covered": 0.0, "percent_covered_display": "0.00", "missing_lines": 6, "excluded_lines": 0}, "missing_lines": [176, 179, 180, 183, 184, 186], "excluded_lines": []}, "CharacterContextManager._parse_behavioral_section": {"executed_lines": [], "summary": {"covered_lines": 0, "num_statements": 6, "percent_covered": 0.0, "percent_covered_display": "0.00", "missing_lines": 6, "excluded_lines": 0}, "missing_lines": [190, 193, 194, 197, 198, 200], "excluded_lines": []}, "CharacterContextManager._extract_bullet_points": {"executed_lines": [], "summary": {"covered_lines": 0, "num_statements": 17, "percent_covered": 0.0, "percent_covered_display": "0.00", "missing_lines": 17, "excluded_lines": 0}, "missing_lines": [204, 207, 208, 210, 211, 214, 220, 221, 222, 225, 226, 227, 230, 233, 234, 235, 237], "excluded_lines": []}, "CharacterContextManager._extract_weighted_items": {"executed_lines": [], "summary": {"covered_lines": 0, "num_statements": 12, "percent_covered": 0.0, "percent_covered_display": "0.00", "missing_lines": 12, "excluded_lines": 0}, "missing_lines": [241, 244, 249, 250, 251, 252, 253, 254, 255, 256, 257, 259], "excluded_lines": []}, "CharacterContextManager._parse_simple_field_format": {"executed_lines": [], "summary": {"covered_lines": 0, "num_statements": 13, "percent_covered": 0.0, "percent_covered_display": "0.00", "missing_lines": 13, "excluded_lines": 0}, "missing_lines": [263, 266, 267, 269, 270, 271, 274, 275, 276, 278, 279, 280, 282], "excluded_lines": []}, "CharacterContextManager._extract_core_identity": {"executed_lines": [], "summary": {"covered_lines": 0, "num_statements": 11, "percent_covered": 0.0, "percent_covered_display": "0.00", "missing_lines": 11, "excluded_lines": 0}, "missing_lines": [286, 287, 290, 291, 293, 294, 296, 297, 299, 303, 304], "excluded_lines": []}, "CharacterContextManager.get_character_summary": {"executed_lines": [], "summary": {"covered_lines": 0, "num_statements": 1, "percent_covered": 0.0, "percent_covered_display": "0.00", "missing_lines": 1, "excluded_lines": 0}, "missing_lines": [308], "excluded_lines": []}, "": {"executed_lines": [2, 12, 13, 14, 15, 17, 20, 23, 24, 34, 44, 82, 124, 149, 174, 188, 202, 239, 261, 284, 306], "summary": {"covered_lines": 19, "num_statements": 20, "percent_covered": 95.0, "percent_covered_display": "95.00", "missing_lines": 1, "excluded_lines": 0}, "missing_lines": [18], "excluded_lines": []}}, "classes": {"CharacterContextManager": {"executed_lines": [], "summary": {"covered_lines": 0, "num_statements": 114, "percent_covered": 0.0, "percent_covered_display": "0.00", "missing_lines": 114, "excluded_lines": 0}, "missing_lines": [41, 42, 51, 52, 54, 55, 56, 59, 60, 61, 64, 67, 70, 73, 75, 79, 80, 92, 95, 105, 106, 107, 108, 109, 110, 111, 112, 115, 118, 122, 136, 142, 143, 144, 145, 147, 151, 154, 156, 157, 158, 159, 160, 163, 166, 169, 170, 172, 176, 179, 180, 183, 184, 186, 190, 193, 194, 197, 198, 200, 204, 207, 208, 210, 211, 214, 220, 221, 222, 225, 226, 227, 230, 233, 234, 235, 237, 241, 244, 249, 250, 251, 252, 253, 254, 255, 256, 257, 259, 263, 266, 267, 269, 270, 271, 274, 275, 276, 278, 279, 280, 282, 286, 287, 290, 291, 293, 294, 296, 297, 299, 303, 304, 308], "excluded_lines": []}, "": {"executed_lines": [2, 12, 13, 14, 15, 17, 20, 23, 24, 34, 44, 82, 124, 149, 174, 188, 202, 239, 261, 284, 306], "summary": {"covered_lines": 19, "num_statements": 20, "percent_covered": 95.0, "percent_covered_display": "95.00", "missing_lines": 1, "excluded_lines": 0}, "missing_lines": [18], "excluded_lines": []}}}, "src\\agents\\decision_engine.py": {"executed_lines": [2, 12, 13, 14, 15, 16, 19, 21, 25, 28, 29, 31, 32, 33, 34, 35, 38, 39, 40, 42, 43, 44, 45, 46, 47, 48, 51, 52, 53, 55, 56, 57, 58, 59, 62, 63, 73, 89, 140, 186, 244, 282, 308, 336, 367, 393, 405, 417, 435, 447, 462, 476, 487, 498, 504, 510, 514, 518, 524, 535], "summary": {"covered_lines": 55, "num_statements": 195, "percent_covered": 28.205128205128204, "percent_covered_display": "28.21", "missing_lines": 140, "excluded_lines": 0}, "missing_lines": [22, 23, 81, 82, 83, 86, 87, 101, 102, 105, 108, 111, 113, 114, 115, 118, 119, 120, 121, 122, 124, 125, 126, 129, 131, 132, 134, 136, 137, 138, 153, 159, 162, 165, 168, 171, 174, 176, 198, 201, 215, 218, 219, 220, 223, 224, 225, 228, 229, 232, 233, 236, 237, 238, 239, 240, 242, 258, 261, 264, 269, 272, 274, 286, 288, 291, 292, 293, 294, 297, 298, 299, 302, 303, 304, 306, 312, 315, 318, 321, 329, 330, 331, 332, 334, 340, 341, 344, 345, 346, 347, 348, 351, 352, 355, 356, 359, 360, 363, 365, 371, 372, 375, 378, 384, 386, 387, 389, 391, 395, 408, 421, 423, 433, 437, 439, 445, 451, 465, 467, 468, 469, 470, 471, 472, 474, 480, 490, 502, 508, 512, 516, 522, 528, 529, 530, 531, 533, 537, 538], "excluded_lines": [], "functions": {"DecisionEngine.__init__": {"executed_lines": [], "summary": {"covered_lines": 0, "num_statements": 5, "percent_covered": 0.0, "percent_covered_display": "0.00", "missing_lines": 5, "excluded_lines": 0}, "missing_lines": [81, 82, 83, 86, 87], "excluded_lines": []}, "DecisionEngine.make_decision": {"executed_lines": [], "summary": {"covered_lines": 0, "num_statements": 23, "percent_covered": 0.0, "percent_covered_display": "0.00", "missing_lines": 23, "excluded_lines": 0}, "missing_lines": [101, 102, 105, 108, 111, 113, 114, 115, 118, 119, 120, 121, 122, 124, 125, 126, 129, 131, 132, 134, 136, 137, 138], "excluded_lines": []}, "DecisionEngine._assess_current_situation": {"executed_lines": [], "summary": {"covered_lines": 0, "num_statements": 8, "percent_covered": 0.0, "percent_covered_display": "0.00", "missing_lines": 8, "excluded_lines": 0}, "missing_lines": [153, 159, 162, 165, 168, 171, 174, 176], "excluded_lines": []}, "DecisionEngine._identify_available_actions": {"executed_lines": [], "summary": {"covered_lines": 0, "num_statements": 19, "percent_covered": 0.0, "percent_covered_display": "0.00", "missing_lines": 19, "excluded_lines": 0}, "missing_lines": [198, 201, 215, 218, 219, 220, 223, 224, 225, 228, 229, 232, 233, 236, 237, 238, 239, 240, 242], "excluded_lines": []}, "DecisionEngine._evaluate_action": {"executed_lines": [], "summary": {"covered_lines": 0, "num_statements": 6, "percent_covered": 0.0, "percent_covered_display": "0.00", "missing_lines": 6, "excluded_lines": 0}, "missing_lines": [258, 261, 264, 269, 272, 274], "excluded_lines": []}, "DecisionEngine._calculate_base_score": {"executed_lines": [], "summary": {"covered_lines": 0, "num_statements": 13, "percent_covered": 0.0, "percent_covered_display": "0.00", "missing_lines": 13, "excluded_lines": 0}, "missing_lines": [286, 288, 291, 292, 293, 294, 297, 298, 299, 302, 303, 304, 306], "excluded_lines": []}, "DecisionEngine._apply_personality_modifiers": {"executed_lines": [], "summary": {"covered_lines": 0, "num_statements": 9, "percent_covered": 0.0, "percent_covered_display": "0.00", "missing_lines": 9, "excluded_lines": 0}, "missing_lines": [312, 315, 318, 321, 329, 330, 331, 332, 334], "excluded_lines": []}, "DecisionEngine._apply_situational_modifiers": {"executed_lines": [], "summary": {"covered_lines": 0, "num_statements": 15, "percent_covered": 0.0, "percent_covered_display": "0.00", "missing_lines": 15, "excluded_lines": 0}, "missing_lines": [340, 341, 344, 345, 346, 347, 348, 351, 352, 355, 356, 359, 360, 363, 365], "excluded_lines": []}, "DecisionEngine._select_best_action": {"executed_lines": [], "summary": {"covered_lines": 0, "num_statements": 9, "percent_covered": 0.0, "percent_covered_display": "0.00", "missing_lines": 9, "excluded_lines": 0}, "missing_lines": [371, 372, 375, 378, 384, 386, 387, 389, 391], "excluded_lines": []}, "DecisionEngine._create_character_action": {"executed_lines": [], "summary": {"covered_lines": 0, "num_statements": 1, "percent_covered": 0.0, "percent_covered_display": "0.00", "missing_lines": 1, "excluded_lines": 0}, "missing_lines": [395], "excluded_lines": []}, "DecisionEngine._get_location_actions": {"executed_lines": [], "summary": {"covered_lines": 0, "num_statements": 1, "percent_covered": 0.0, "percent_covered_display": "0.00", "missing_lines": 1, "excluded_lines": 0}, "missing_lines": [408], "excluded_lines": []}, "DecisionEngine._get_goal_actions": {"executed_lines": [], "summary": {"covered_lines": 0, "num_statements": 3, "percent_covered": 0.0, "percent_covered_display": "0.00", "missing_lines": 3, "excluded_lines": 0}, "missing_lines": [421, 423, 433], "excluded_lines": []}, "DecisionEngine._get_profession_actions": {"executed_lines": [], "summary": {"covered_lines": 0, "num_statements": 3, "percent_covered": 0.0, "percent_covered_display": "0.00", "missing_lines": 3, "excluded_lines": 0}, "missing_lines": [437, 439, 445], "excluded_lines": []}, "DecisionEngine._get_social_actions": {"executed_lines": [], "summary": {"covered_lines": 0, "num_statements": 1, "percent_covered": 0.0, "percent_covered_display": "0.00", "missing_lines": 1, "excluded_lines": 0}, "missing_lines": [451], "excluded_lines": []}, "DecisionEngine._assess_threat_level": {"executed_lines": [], "summary": {"covered_lines": 0, "num_statements": 8, "percent_covered": 0.0, "percent_covered_display": "0.00", "missing_lines": 8, "excluded_lines": 0}, "missing_lines": [465, 467, 468, 469, 470, 471, 472, 474], "excluded_lines": []}, "DecisionEngine._assess_available_resources": {"executed_lines": [], "summary": {"covered_lines": 0, "num_statements": 1, "percent_covered": 0.0, "percent_covered_display": "0.00", "missing_lines": 1, "excluded_lines": 0}, "missing_lines": [480], "excluded_lines": []}, "DecisionEngine._get_current_goals": {"executed_lines": [], "summary": {"covered_lines": 0, "num_statements": 1, "percent_covered": 0.0, "percent_covered_display": "0.00", "missing_lines": 1, "excluded_lines": 0}, "missing_lines": [490], "excluded_lines": []}, "DecisionEngine._assess_social_obligations": {"executed_lines": [], "summary": {"covered_lines": 0, "num_statements": 1, "percent_covered": 0.0, "percent_covered_display": "0.00", "missing_lines": 1, "excluded_lines": 0}, "missing_lines": [502], "excluded_lines": []}, "DecisionEngine._assess_environmental_factors": {"executed_lines": [], "summary": {"covered_lines": 0, "num_statements": 1, "percent_covered": 0.0, "percent_covered_display": "0.00", "missing_lines": 1, "excluded_lines": 0}, "missing_lines": [508], "excluded_lines": []}, "DecisionEngine._assess_mission_status": {"executed_lines": [], "summary": {"covered_lines": 0, "num_statements": 1, "percent_covered": 0.0, "percent_covered_display": "0.00", "missing_lines": 1, "excluded_lines": 0}, "missing_lines": [512], "excluded_lines": []}, "DecisionEngine._get_location_modifiers": {"executed_lines": [], "summary": {"covered_lines": 0, "num_statements": 1, "percent_covered": 0.0, "percent_covered_display": "0.00", "missing_lines": 1, "excluded_lines": 0}, "missing_lines": [516], "excluded_lines": []}, "DecisionEngine._generate_action_reasoning": {"executed_lines": [], "summary": {"covered_lines": 0, "num_statements": 1, "percent_covered": 0.0, "percent_covered_display": "0.00", "missing_lines": 1, "excluded_lines": 0}, "missing_lines": [522], "excluded_lines": []}, "DecisionEngine._determine_action_priority": {"executed_lines": [], "summary": {"covered_lines": 0, "num_statements": 5, "percent_covered": 0.0, "percent_covered_display": "0.00", "missing_lines": 5, "excluded_lines": 0}, "missing_lines": [528, 529, 530, 531, 533], "excluded_lines": []}, "DecisionEngine._update_decision_weights": {"executed_lines": [], "summary": {"covered_lines": 0, "num_statements": 2, "percent_covered": 0.0, "percent_covered_display": "0.00", "missing_lines": 2, "excluded_lines": 0}, "missing_lines": [537, 538], "excluded_lines": []}, "": {"executed_lines": [2, 12, 13, 14, 15, 16, 19, 21, 25, 28, 29, 31, 32, 33, 34, 35, 38, 39, 40, 42, 43, 44, 45, 46, 47, 48, 51, 52, 53, 55, 56, 57, 58, 59, 62, 63, 73, 89, 140, 186, 244, 282, 308, 336, 367, 393, 405, 417, 435, 447, 462, 476, 487, 498, 504, 510, 514, 518, 524, 535], "summary": {"covered_lines": 55, "num_statements": 57, "percent_covered": 96.49122807017544, "percent_covered_display": "96.49", "missing_lines": 2, "excluded_lines": 0}, "missing_lines": [22, 23], "excluded_lines": []}}, "classes": {"ThreatLevel": {"executed_lines": [], "summary": {"covered_lines": 0, "num_statements": 0, "percent_covered": 100.0, "percent_covered_display": "100.00", "missing_lines": 0, "excluded_lines": 0}, "missing_lines": [], "excluded_lines": []}, "SituationAssessment": {"executed_lines": [], "summary": {"covered_lines": 0, "num_statements": 0, "percent_covered": 100.0, "percent_covered_display": "100.00", "missing_lines": 0, "excluded_lines": 0}, "missing_lines": [], "excluded_lines": []}, "ActionEvaluation": {"executed_lines": [], "summary": {"covered_lines": 0, "num_statements": 0, "percent_covered": 100.0, "percent_covered_display": "100.00", "missing_lines": 0, "excluded_lines": 0}, "missing_lines": [], "excluded_lines": []}, "DecisionEngine": {"executed_lines": [], "summary": {"covered_lines": 0, "num_statements": 138, "percent_covered": 0.0, "percent_covered_display": "0.00", "missing_lines": 138, "excluded_lines": 0}, "missing_lines": [81, 82, 83, 86, 87, 101, 102, 105, 108, 111, 113, 114, 115, 118, 119, 120, 121, 122, 124, 125, 126, 129, 131, 132, 134, 136, 137, 138, 153, 159, 162, 165, 168, 171, 174, 176, 198, 201, 215, 218, 219, 220, 223, 224, 225, 228, 229, 232, 233, 236, 237, 238, 239, 240, 242, 258, 261, 264, 269, 272, 274, 286, 288, 291, 292, 293, 294, 297, 298, 299, 302, 303, 304, 306, 312, 315, 318, 321, 329, 330, 331, 332, 334, 340, 341, 344, 345, 346, 347, 348, 351, 352, 355, 356, 359, 360, 363, 365, 371, 372, 375, 378, 384, 386, 387, 389, 391, 395, 408, 421, 423, 433, 437, 439, 445, 451, 465, 467, 468, 469, 470, 471, 472, 474, 480, 490, 502, 508, 512, 516, 522, 528, 529, 530, 531, 533, 537, 538], "excluded_lines": []}, "": {"executed_lines": [2, 12, 13, 14, 15, 16, 19, 21, 25, 28, 29, 31, 32, 33, 34, 35, 38, 39, 40, 42, 43, 44, 45, 46, 47, 48, 51, 52, 53, 55, 56, 57, 58, 59, 62, 63, 73, 89, 140, 186, 244, 282, 308, 336, 367, 393, 405, 417, 435, 447, 462, 476, 487, 498, 504, 510, 514, 518, 524, 535], "summary": {"covered_lines": 55, "num_statements": 57, "percent_covered": 96.49122807017544, "percent_covered_display": "96.49", "missing_lines": 2, "excluded_lines": 0}, "missing_lines": [22, 23], "excluded_lines": []}}}, "src\\agents\\director\\__init__.py": {"executed_lines": [], "summary": {"covered_lines": 0, "num_statements": 1, "percent_covered": 0.0, "percent_covered_display": "0.00", "missing_lines": 1, "excluded_lines": 0}, "missing_lines": [9], "excluded_lines": [], "functions": {"": {"executed_lines": [], "summary": {"covered_lines": 0, "num_statements": 1, "percent_covered": 0.0, "percent_covered_display": "0.00", "missing_lines": 1, "excluded_lines": 0}, "missing_lines": [9], "excluded_lines": []}}, "classes": {"": {"executed_lines": [], "summary": {"covered_lines": 0, "num_statements": 1, "percent_covered": 0.0, "percent_covered_display": "0.00", "missing_lines": 1, "excluded_lines": 0}, "missing_lines": [9], "excluded_lines": []}}}, "src\\agents\\persona\\__init__.py": {"executed_lines": [], "summary": {"covered_lines": 0, "num_statements": 1, "percent_covered": 0.0, "percent_covered_display": "0.00", "missing_lines": 1, "excluded_lines": 0}, "missing_lines": [9], "excluded_lines": [], "functions": {"": {"executed_lines": [], "summary": {"covered_lines": 0, "num_statements": 1, "percent_covered": 0.0, "percent_covered_display": "0.00", "missing_lines": 1, "excluded_lines": 0}, "missing_lines": [9], "excluded_lines": []}}, "classes": {"": {"executed_lines": [], "summary": {"covered_lines": 0, "num_statements": 1, "percent_covered": 0.0, "percent_covered_display": "0.00", "missing_lines": 1, "excluded_lines": 0}, "missing_lines": [9], "excluded_lines": []}}}, "src\\agents\\persona_agent\\core\\__init__.py": {"executed_lines": [1, 8, 9, 11], "summary": {"covered_lines": 3, "num_statements": 3, "percent_covered": 100.0, "percent_covered_display": "100.00", "missing_lines": 0, "excluded_lines": 0}, "missing_lines": [], "excluded_lines": [], "functions": {"": {"executed_lines": [1, 8, 9, 11], "summary": {"covered_lines": 3, "num_statements": 3, "percent_covered": 100.0, "percent_covered_display": "100.00", "missing_lines": 0, "excluded_lines": 0}, "missing_lines": [], "excluded_lines": []}}, "classes": {"": {"executed_lines": [1, 8, 9, 11], "summary": {"covered_lines": 3, "num_statements": 3, "percent_covered": 100.0, "percent_covered_display": "100.00", "missing_lines": 0, "excluded_lines": 0}, "missing_lines": [], "excluded_lines": []}}}, "src\\agents\\persona_agent\\core\\agent_state_manager.py": {"executed_lines": [1, 9, 10, 11, 12, 13, 14, 18, 19, 20, 22, 23, 24, 25, 26, 27, 28, 29, 30, 31, 32, 33, 36, 37, 48, 49, 50, 53, 56, 68, 77, 79, 86, 87, 90, 91, 117, 120, 123, 128, 130, 136, 143, 145, 176, 218, 222, 226, 230, 234, 241, 246, 250, 254, 282, 292, 301, 307, 313, 321, 336, 350, 354, 368, 375, 376, 384, 385, 391, 393, 407], "summary": {"covered_lines": 68, "num_statements": 167, "percent_covered": 40.7185628742515, "percent_covered_display": "40.72", "missing_lines": 99, "excluded_lines": 0}, "missing_lines": [93, 94, 97, 99, 103, 106, 108, 110, 113, 115, 132, 133, 134, 155, 156, 163, 164, 166, 167, 169, 170, 172, 173, 174, 186, 187, 189, 190, 191, 193, 194, 197, 198, 201, 203, 204, 205, 208, 209, 211, 212, 214, 215, 216, 220, 224, 228, 232, 236, 243, 244, 248, 252, 262, 264, 278, 284, 287, 288, 289, 290, 294, 303, 304, 305, 309, 310, 311, 315, 319, 325, 327, 328, 330, 334, 338, 339, 341, 342, 343, 344, 346, 347, 348, 352, 356, 386, 388, 389, 394, 395, 396, 398, 400, 401, 403, 404, 405, 409], "excluded_lines": [], "functions": {"AgentStateManager.__init__": {"executed_lines": [49, 50, 53, 56, 68, 77], "summary": {"covered_lines": 6, "num_statements": 6, "percent_covered": 100.0, "percent_covered_display": "100.00", "missing_lines": 0, "excluded_lines": 0}, "missing_lines": [], "excluded_lines": []}, "AgentStateManager.update_state": {"executed_lines": [86, 87, 90, 91, 117, 120, 123, 128, 130], "summary": {"covered_lines": 9, "num_statements": 22, "percent_covered": 40.90909090909091, "percent_covered_display": "40.91", "missing_lines": 13, "excluded_lines": 0}, "missing_lines": [93, 94, 97, 99, 103, 106, 108, 110, 113, 115, 132, 133, 134], "excluded_lines": []}, "AgentStateManager.get_state": {"executed_lines": [143], "summary": {"covered_lines": 1, "num_statements": 1, "percent_covered": 100.0, "percent_covered_display": "100.00", "missing_lines": 0, "excluded_lines": 0}, "missing_lines": [], "excluded_lines": []}, "AgentStateManager.save_state": {"executed_lines": [], "summary": {"covered_lines": 0, "num_statements": 11, "percent_covered": 0.0, "percent_covered_display": "0.00", "missing_lines": 11, "excluded_lines": 0}, "missing_lines": [155, 156, 163, 164, 166, 167, 169, 170, 172, 173, 174], "excluded_lines": []}, "AgentStateManager.load_state": {"executed_lines": [], "summary": {"covered_lines": 0, "num_statements": 20, "percent_covered": 0.0, "percent_covered_display": "0.00", "missing_lines": 20, "excluded_lines": 0}, "missing_lines": [186, 187, 189, 190, 191, 193, 194, 197, 198, 201, 203, 204, 205, 208, 209, 211, 212, 214, 215, 216], "excluded_lines": []}, "AgentStateManager.get_current_location": {"executed_lines": [], "summary": {"covered_lines": 0, "num_statements": 1, "percent_covered": 0.0, "percent_covered_display": "0.00", "missing_lines": 1, "excluded_lines": 0}, "missing_lines": [220], "excluded_lines": []}, "AgentStateManager.get_current_status": {"executed_lines": [], "summary": {"covered_lines": 0, "num_statements": 1, "percent_covered": 0.0, "percent_covered_display": "0.00", "missing_lines": 1, "excluded_lines": 0}, "missing_lines": [224], "excluded_lines": []}, "AgentStateManager.get_morale_level": {"executed_lines": [], "summary": {"covered_lines": 0, "num_statements": 1, "percent_covered": 0.0, "percent_covered_display": "0.00", "missing_lines": 1, "excluded_lines": 0}, "missing_lines": [228], "excluded_lines": []}, "AgentStateManager.get_health_status": {"executed_lines": [], "summary": {"covered_lines": 0, "num_statements": 1, "percent_covered": 0.0, "percent_covered_display": "0.00", "missing_lines": 1, "excluded_lines": 0}, "missing_lines": [232], "excluded_lines": []}, "AgentStateManager.is_active": {"executed_lines": [], "summary": {"covered_lines": 0, "num_statements": 1, "percent_covered": 0.0, "percent_covered_display": "0.00", "missing_lines": 1, "excluded_lines": 0}, "missing_lines": [236], "excluded_lines": []}, "AgentStateManager.is_incapacitated": {"executed_lines": [], "summary": {"covered_lines": 0, "num_statements": 2, "percent_covered": 0.0, "percent_covered_display": "0.00", "missing_lines": 2, "excluded_lines": 0}, "missing_lines": [243, 244], "excluded_lines": []}, "AgentStateManager.set_location": {"executed_lines": [], "summary": {"covered_lines": 0, "num_statements": 1, "percent_covered": 0.0, "percent_covered_display": "0.00", "missing_lines": 1, "excluded_lines": 0}, "missing_lines": [248], "excluded_lines": []}, "AgentStateManager.set_status": {"executed_lines": [], "summary": {"covered_lines": 0, "num_statements": 1, "percent_covered": 0.0, "percent_covered_display": "0.00", "missing_lines": 1, "excluded_lines": 0}, "missing_lines": [252], "excluded_lines": []}, "AgentStateManager.adjust_morale": {"executed_lines": [], "summary": {"covered_lines": 0, "num_statements": 3, "percent_covered": 0.0, "percent_covered_display": "0.00", "missing_lines": 3, "excluded_lines": 0}, "missing_lines": [262, 264, 278], "excluded_lines": []}, "AgentStateManager.set_health_status": {"executed_lines": [], "summary": {"covered_lines": 0, "num_statements": 5, "percent_covered": 0.0, "percent_covered_display": "0.00", "missing_lines": 5, "excluded_lines": 0}, "missing_lines": [284, 287, 288, 289, 290], "excluded_lines": []}, "AgentStateManager.record_action": {"executed_lines": [], "summary": {"covered_lines": 0, "num_statements": 1, "percent_covered": 0.0, "percent_covered_display": "0.00", "missing_lines": 1, "excluded_lines": 0}, "missing_lines": [294], "excluded_lines": []}, "AgentStateManager.add_goal": {"executed_lines": [], "summary": {"covered_lines": 0, "num_statements": 3, "percent_covered": 0.0, "percent_covered_display": "0.00", "missing_lines": 3, "excluded_lines": 0}, "missing_lines": [303, 304, 305], "excluded_lines": []}, "AgentStateManager.remove_goal": {"executed_lines": [], "summary": {"covered_lines": 0, "num_statements": 3, "percent_covered": 0.0, "percent_covered_display": "0.00", "missing_lines": 3, "excluded_lines": 0}, "missing_lines": [309, 310, 311], "excluded_lines": []}, "AgentStateManager.set_priority": {"executed_lines": [], "summary": {"covered_lines": 0, "num_statements": 2, "percent_covered": 0.0, "percent_covered_display": "0.00", "missing_lines": 2, "excluded_lines": 0}, "missing_lines": [315, 319], "excluded_lines": []}, "AgentStateManager.add_temporary_modifier": {"executed_lines": [], "summary": {"covered_lines": 0, "num_statements": 5, "percent_covered": 0.0, "percent_covered_display": "0.00", "missing_lines": 5, "excluded_lines": 0}, "missing_lines": [325, 327, 328, 330, 334], "excluded_lines": []}, "AgentStateManager.clean_expired_modifiers": {"executed_lines": [], "summary": {"covered_lines": 0, "num_statements": 9, "percent_covered": 0.0, "percent_covered_display": "0.00", "missing_lines": 9, "excluded_lines": 0}, "missing_lines": [338, 339, 341, 342, 343, 344, 346, 347, 348], "excluded_lines": []}, "AgentStateManager.register_state_change_callback": {"executed_lines": [], "summary": {"covered_lines": 0, "num_statements": 1, "percent_covered": 0.0, "percent_covered_display": "0.00", "missing_lines": 1, "excluded_lines": 0}, "missing_lines": [352], "excluded_lines": []}, "AgentStateManager.get_state_summary": {"executed_lines": [], "summary": {"covered_lines": 0, "num_statements": 1, "percent_covered": 0.0, "percent_covered_display": "0.00", "missing_lines": 1, "excluded_lines": 0}, "missing_lines": [356], "excluded_lines": []}, "AgentStateManager._record_state_change": {"executed_lines": [375, 376, 384, 385], "summary": {"covered_lines": 4, "num_statements": 7, "percent_covered": 57.142857142857146, "percent_covered_display": "57.14", "missing_lines": 3, "excluded_lines": 0}, "missing_lines": [386, 388, 389], "excluded_lines": []}, "AgentStateManager._notify_state_change": {"executed_lines": [393], "summary": {"covered_lines": 1, "num_statements": 10, "percent_covered": 10.0, "percent_covered_display": "10.00", "missing_lines": 9, "excluded_lines": 0}, "missing_lines": [394, 395, 396, 398, 400, 401, 403, 404, 405], "excluded_lines": []}, "AgentStateManager.get_state_history": {"executed_lines": [], "summary": {"covered_lines": 0, "num_statements": 1, "percent_covered": 0.0, "percent_covered_display": "0.00", "missing_lines": 1, "excluded_lines": 0}, "missing_lines": [409], "excluded_lines": []}, "": {"executed_lines": [1, 9, 10, 11, 12, 13, 14, 18, 19, 20, 22, 23, 24, 25, 26, 27, 28, 29, 30, 31, 32, 33, 36, 37, 48, 79, 136, 145, 176, 218, 222, 226, 230, 234, 241, 246, 250, 254, 282, 292, 301, 307, 313, 321, 336, 350, 354, 368, 391, 407], "summary": {"covered_lines": 47, "num_statements": 47, "percent_covered": 100.0, "percent_covered_display": "100.00", "missing_lines": 0, "excluded_lines": 0}, "missing_lines": [], "excluded_lines": []}}, "classes": {"AgentState": {"executed_lines": [], "summary": {"covered_lines": 0, "num_statements": 0, "percent_covered": 100.0, "percent_covered_display": "100.00", "missing_lines": 0, "excluded_lines": 0}, "missing_lines": [], "excluded_lines": []}, "AgentStateManager": {"executed_lines": [49, 50, 53, 56, 68, 77, 86, 87, 90, 91, 117, 120, 123, 128, 130, 143, 375, 376, 384, 385, 393], "summary": {"covered_lines": 21, "num_statements": 120, "percent_covered": 17.5, "percent_covered_display": "17.50", "missing_lines": 99, "excluded_lines": 0}, "missing_lines": [93, 94, 97, 99, 103, 106, 108, 110, 113, 115, 132, 133, 134, 155, 156, 163, 164, 166, 167, 169, 170, 172, 173, 174, 186, 187, 189, 190, 191, 193, 194, 197, 198, 201, 203, 204, 205, 208, 209, 211, 212, 214, 215, 216, 220, 224, 228, 232, 236, 243, 244, 248, 252, 262, 264, 278, 284, 287, 288, 289, 290, 294, 303, 304, 305, 309, 310, 311, 315, 319, 325, 327, 328, 330, 334, 338, 339, 341, 342, 343, 344, 346, 347, 348, 352, 356, 386, 388, 389, 394, 395, 396, 398, 400, 401, 403, 404, 405, 409], "excluded_lines": []}, "": {"executed_lines": [1, 9, 10, 11, 12, 13, 14, 18, 19, 20, 22, 23, 24, 25, 26, 27, 28, 29, 30, 31, 32, 33, 36, 37, 48, 79, 136, 145, 176, 218, 222, 226, 230, 234, 241, 246, 250, 254, 282, 292, 301, 307, 313, 321, 336, 350, 354, 368, 391, 407], "summary": {"covered_lines": 47, "num_statements": 47, "percent_covered": 100.0, "percent_covered_display": "100.00", "missing_lines": 0, "excluded_lines": 0}, "missing_lines": [], "excluded_lines": []}}}, "src\\agents\\persona_agent\\core\\character_data_manager.py": {"executed_lines": [1, 9, 10, 11, 12, 13, 15, 19, 20, 30, 31, 32, 33, 35, 100, 164, 197, 201, 207, 211, 217, 221, 225, 251, 307, 316, 325, 351, 377, 390, 394], "summary": {"covered_lines": 29, "num_statements": 187, "percent_covered": 15.508021390374331, "percent_covered_display": "15.51", "missing_lines": 158, "excluded_lines": 0}, "missing_lines": [47, 48, 50, 51, 56, 69, 70, 71, 74, 75, 76, 78, 79, 82, 83, 86, 87, 89, 92, 94, 95, 98, 110, 111, 114, 115, 116, 117, 120, 121, 122, 123, 126, 127, 128, 129, 130, 131, 132, 133, 134, 139, 140, 141, 142, 145, 146, 147, 148, 149, 150, 153, 154, 158, 160, 161, 162, 174, 176, 177, 180, 181, 183, 184, 185, 187, 190, 191, 193, 194, 195, 199, 203, 209, 213, 219, 223, 227, 228, 229, 232, 235, 236, 237, 238, 239, 240, 241, 242, 245, 247, 248, 249, 255, 256, 259, 266, 267, 268, 269, 272, 274, 277, 281, 284, 285, 286, 287, 288, 289, 290, 291, 294, 295, 297, 299, 301, 302, 305, 309, 310, 311, 312, 313, 314, 318, 319, 320, 321, 322, 323, 330, 331, 332, 337, 338, 340, 341, 342, 343, 344, 346, 347, 349, 353, 363, 364, 365, 367, 368, 369, 371, 372, 374, 375, 379, 392, 396], "excluded_lines": [], "functions": {"CharacterDataManager.__init__": {"executed_lines": [31, 32, 33], "summary": {"covered_lines": 3, "num_statements": 3, "percent_covered": 100.0, "percent_covered_display": "100.00", "missing_lines": 0, "excluded_lines": 0}, "missing_lines": [], "excluded_lines": []}, "CharacterDataManager.load_character_data": {"executed_lines": [], "summary": {"covered_lines": 0, "num_statements": 22, "percent_covered": 0.0, "percent_covered_display": "0.00", "missing_lines": 22, "excluded_lines": 0}, "missing_lines": [47, 48, 50, 51, 56, 69, 70, 71, 74, 75, 76, 78, 79, 82, 83, 86, 87, 89, 92, 94, 95, 98], "excluded_lines": []}, "CharacterDataManager.validate_character_data": {"executed_lines": [], "summary": {"covered_lines": 0, "num_statements": 35, "percent_covered": 0.0, "percent_covered_display": "0.00", "missing_lines": 35, "excluded_lines": 0}, "missing_lines": [110, 111, 114, 115, 116, 117, 120, 121, 122, 123, 126, 127, 128, 129, 130, 131, 132, 133, 134, 139, 140, 141, 142, 145, 146, 147, 148, 149, 150, 153, 154, 158, 160, 161, 162], "excluded_lines": []}, "CharacterDataManager.get_character_trait": {"executed_lines": [], "summary": {"covered_lines": 0, "num_statements": 14, "percent_covered": 0.0, "percent_covered_display": "0.00", "missing_lines": 14, "excluded_lines": 0}, "missing_lines": [174, 176, 177, 180, 181, 183, 184, 185, 187, 190, 191, 193, 194, 195], "excluded_lines": []}, "CharacterDataManager.get_character_name": {"executed_lines": [], "summary": {"covered_lines": 0, "num_statements": 1, "percent_covered": 0.0, "percent_covered_display": "0.00", "missing_lines": 1, "excluded_lines": 0}, "missing_lines": [199], "excluded_lines": []}, "CharacterDataManager.get_faction": {"executed_lines": [], "summary": {"covered_lines": 0, "num_statements": 1, "percent_covered": 0.0, "percent_covered_display": "0.00", "missing_lines": 1, "excluded_lines": 0}, "missing_lines": [203], "excluded_lines": []}, "CharacterDataManager.get_personality_traits": {"executed_lines": [], "summary": {"covered_lines": 0, "num_statements": 1, "percent_covered": 0.0, "percent_covered_display": "0.00", "missing_lines": 1, "excluded_lines": 0}, "missing_lines": [209], "excluded_lines": []}, "CharacterDataManager.get_decision_weights": {"executed_lines": [], "summary": {"covered_lines": 0, "num_statements": 1, "percent_covered": 0.0, "percent_covered_display": "0.00", "missing_lines": 1, "excluded_lines": 0}, "missing_lines": [213], "excluded_lines": []}, "CharacterDataManager.get_current_goals": {"executed_lines": [], "summary": {"covered_lines": 0, "num_statements": 1, "percent_covered": 0.0, "percent_covered_display": "0.00", "missing_lines": 1, "excluded_lines": 0}, "missing_lines": [219], "excluded_lines": []}, "CharacterDataManager.get_relationships": {"executed_lines": [], "summary": {"covered_lines": 0, "num_statements": 1, "percent_covered": 0.0, "percent_covered_display": "0.00", "missing_lines": 1, "excluded_lines": 0}, "missing_lines": [223], "excluded_lines": []}, "CharacterDataManager._load_markdown_file": {"executed_lines": [], "summary": {"covered_lines": 0, "num_statements": 16, "percent_covered": 0.0, "percent_covered_display": "0.00", "missing_lines": 16, "excluded_lines": 0}, "missing_lines": [227, 228, 229, 232, 235, 236, 237, 238, 239, 240, 241, 242, 245, 247, 248, 249], "excluded_lines": []}, "CharacterDataManager._parse_markdown_structure": {"executed_lines": [], "summary": {"covered_lines": 0, "num_statements": 26, "percent_covered": 0.0, "percent_covered_display": "0.00", "missing_lines": 26, "excluded_lines": 0}, "missing_lines": [255, 256, 259, 266, 267, 268, 269, 272, 274, 277, 281, 284, 285, 286, 287, 288, 289, 290, 291, 294, 295, 297, 299, 301, 302, 305], "excluded_lines": []}, "CharacterDataManager._load_json_file": {"executed_lines": [], "summary": {"covered_lines": 0, "num_statements": 6, "percent_covered": 0.0, "percent_covered_display": "0.00", "missing_lines": 6, "excluded_lines": 0}, "missing_lines": [309, 310, 311, 312, 313, 314], "excluded_lines": []}, "CharacterDataManager._load_yaml_file": {"executed_lines": [], "summary": {"covered_lines": 0, "num_statements": 6, "percent_covered": 0.0, "percent_covered_display": "0.00", "missing_lines": 6, "excluded_lines": 0}, "missing_lines": [318, 319, 320, 321, 322, 323], "excluded_lines": []}, "CharacterDataManager._merge_character_data": {"executed_lines": [], "summary": {"covered_lines": 0, "num_statements": 2, "percent_covered": 0.0, "percent_covered_display": "0.00", "missing_lines": 2, "excluded_lines": 0}, "missing_lines": [330, 349], "excluded_lines": []}, "CharacterDataManager._merge_character_data.deep_merge": {"executed_lines": [], "summary": {"covered_lines": 0, "num_statements": 11, "percent_covered": 0.0, "percent_covered_display": "0.00", "missing_lines": 11, "excluded_lines": 0}, "missing_lines": [331, 332, 337, 338, 340, 341, 342, 343, 344, 346, 347], "excluded_lines": []}, "CharacterDataManager._cache_traits": {"executed_lines": [], "summary": {"covered_lines": 0, "num_statements": 11, "percent_covered": 0.0, "percent_covered_display": "0.00", "missing_lines": 11, "excluded_lines": 0}, "missing_lines": [353, 363, 364, 365, 367, 368, 369, 371, 372, 374, 375], "excluded_lines": []}, "CharacterDataManager._get_default_decision_weights": {"executed_lines": [], "summary": {"covered_lines": 0, "num_statements": 1, "percent_covered": 0.0, "percent_covered_display": "0.00", "missing_lines": 1, "excluded_lines": 0}, "missing_lines": [379], "excluded_lines": []}, "CharacterDataManager.get_all_data": {"executed_lines": [], "summary": {"covered_lines": 0, "num_statements": 1, "percent_covered": 0.0, "percent_covered_display": "0.00", "missing_lines": 1, "excluded_lines": 0}, "missing_lines": [392], "excluded_lines": []}, "CharacterDataManager.clear_cache": {"executed_lines": [], "summary": {"covered_lines": 0, "num_statements": 1, "percent_covered": 0.0, "percent_covered_display": "0.00", "missing_lines": 1, "excluded_lines": 0}, "missing_lines": [396], "excluded_lines": []}, "": {"executed_lines": [1, 9, 10, 11, 12, 13, 15, 19, 20, 30, 35, 100, 164, 197, 201, 207, 211, 217, 221, 225, 251, 307, 316, 325, 351, 377, 390, 394], "summary": {"covered_lines": 26, "num_statements": 26, "percent_covered": 100.0, "percent_covered_display": "100.00", "missing_lines": 0, "excluded_lines": 0}, "missing_lines": [], "excluded_lines": []}}, "classes": {"CharacterDataManager": {"executed_lines": [31, 32, 33], "summary": {"covered_lines": 3, "num_statements": 161, "percent_covered": 1.8633540372670807, "percent_covered_display": "1.86", "missing_lines": 158, "excluded_lines": 0}, "missing_lines": [47, 48, 50, 51, 56, 69, 70, 71, 74, 75, 76, 78, 79, 82, 83, 86, 87, 89, 92, 94, 95, 98, 110, 111, 114, 115, 116, 117, 120, 121, 122, 123, 126, 127, 128, 129, 130, 131, 132, 133, 134, 139, 140, 141, 142, 145, 146, 147, 148, 149, 150, 153, 154, 158, 160, 161, 162, 174, 176, 177, 180, 181, 183, 184, 185, 187, 190, 191, 193, 194, 195, 199, 203, 209, 213, 219, 223, 227, 228, 229, 232, 235, 236, 237, 238, 239, 240, 241, 242, 245, 247, 248, 249, 255, 256, 259, 266, 267, 268, 269, 272, 274, 277, 281, 284, 285, 286, 287, 288, 289, 290, 291, 294, 295, 297, 299, 301, 302, 305, 309, 310, 311, 312, 313, 314, 318, 319, 320, 321, 322, 323, 330, 331, 332, 337, 338, 340, 341, 342, 343, 344, 346, 347, 349, 353, 363, 364, 365, 367, 368, 369, 371, 372, 374, 375, 379, 392, 396], "excluded_lines": []}, "": {"executed_lines": [1, 9, 10, 11, 12, 13, 15, 19, 20, 30, 35, 100, 164, 197, 201, 207, 211, 217, 221, 225, 251, 307, 316, 325, 351, 377, 390, 394], "summary": {"covered_lines": 26, "num_statements": 26, "percent_covered": 100.0, "percent_covered_display": "100.00", "missing_lines": 0, "excluded_lines": 0}, "missing_lines": [], "excluded_lines": []}}}, "src\\agents\\persona_agent\\decision_engine\\__init__.py": {"executed_lines": [1, 9, 10, 18, 25], "summary": {"covered_lines": 4, "num_statements": 4, "percent_covered": 100.0, "percent_covered_display": "100.00", "missing_lines": 0, "excluded_lines": 0}, "missing_lines": [], "excluded_lines": [], "functions": {"": {"executed_lines": [1, 9, 10, 18, 25], "summary": {"covered_lines": 4, "num_statements": 4, "percent_covered": 100.0, "percent_covered_display": "100.00", "missing_lines": 0, "excluded_lines": 0}, "missing_lines": [], "excluded_lines": []}}, "classes": {"": {"executed_lines": [1, 9, 10, 18, 25], "summary": {"covered_lines": 4, "num_statements": 4, "percent_covered": 100.0, "percent_covered_display": "100.00", "missing_lines": 0, "excluded_lines": 0}, "missing_lines": [], "excluded_lines": []}}}, "src\\agents\\persona_agent\\decision_engine\\decision_processor.py": {"executed_lines": [1, 9, 10, 11, 12, 13, 15, 21, 22, 28, 29, 31, 32, 33, 34, 35, 36, 37, 40, 41, 42, 44, 45, 46, 47, 48, 49, 50, 51, 53, 54, 58, 59, 70, 71, 74, 86, 89, 91, 104, 106, 111, 116, 121, 125, 128, 135, 161, 194, 198, 200, 201, 202, 203, 206, 211, 216, 218, 233, 237, 238, 239, 243, 253, 255, 261, 314, 318, 319, 320, 348, 405, 430, 455, 474, 491, 517, 542, 546, 556, 562, 568, 574, 580, 586, 592, 608, 616, 623, 625, 629, 631, 642, 653, 665, 672, 673, 681, 684, 690], "summary": {"covered_lines": 96, "num_statements": 283, "percent_covered": 33.92226148409894, "percent_covered_display": "33.92", "missing_lines": 187, "excluded_lines": 0}, "missing_lines": [23, 24, 25, 55, 130, 131, 133, 148, 149, 150, 152, 155, 157, 158, 159, 174, 176, 177, 178, 179, 182, 185, 187, 188, 190, 191, 192, 229, 230, 231, 245, 248, 250, 257, 258, 259, 268, 269, 272, 294, 295, 296, 299, 300, 303, 306, 308, 310, 311, 312, 323, 327, 328, 329, 330, 333, 335, 338, 342, 344, 345, 346, 352, 353, 366, 367, 368, 369, 370, 372, 373, 374, 375, 377, 378, 379, 380, 382, 383, 384, 385, 387, 388, 389, 390, 391, 393, 394, 395, 396, 397, 399, 401, 402, 403, 409, 410, 413, 414, 415, 416, 417, 420, 421, 422, 424, 426, 427, 428, 434, 435, 438, 443, 446, 447, 449, 451, 452, 453, 459, 460, 463, 464, 465, 466, 468, 470, 471, 472, 478, 479, 482, 483, 484, 485, 486, 487, 489, 495, 496, 499, 500, 507, 511, 513, 514, 515, 521, 522, 523, 525, 534, 538, 539, 540, 560, 566, 572, 578, 584, 590, 596, 597, 598, 599, 600, 601, 602, 603, 604, 606, 612, 614, 633, 640, 644, 651, 658, 659, 660, 661, 662, 663, 685, 687, 688, 692], "excluded_lines": [], "functions": {"DecisionContext.__post_init__": {"executed_lines": [54], "summary": {"covered_lines": 1, "num_statements": 2, "percent_covered": 50.0, "percent_covered_display": "50.00", "missing_lines": 1, "excluded_lines": 0}, "missing_lines": [55], "excluded_lines": []}, "DecisionProcessor.__init__": {"executed_lines": [71, 74, 86, 89], "summary": {"covered_lines": 4, "num_statements": 4, "percent_covered": 100.0, "percent_covered_display": "100.00", "missing_lines": 0, "excluded_lines": 0}, "missing_lines": [], "excluded_lines": []}, "DecisionProcessor.make_decision": {"executed_lines": [104, 106, 111, 116, 121, 125, 128], "summary": {"covered_lines": 7, "num_statements": 10, "percent_covered": 70.0, "percent_covered_display": "70.00", "missing_lines": 3, "excluded_lines": 0}, "missing_lines": [130, 131, 133], "excluded_lines": []}, "DecisionProcessor.evaluate_threat": {"executed_lines": [], "summary": {"covered_lines": 0, "num_statements": 8, "percent_covered": 0.0, "percent_covered_display": "0.00", "missing_lines": 8, "excluded_lines": 0}, "missing_lines": [148, 149, 150, 152, 155, 157, 158, 159], "excluded_lines": []}, "DecisionProcessor.prioritize_goals": {"executed_lines": [], "summary": {"covered_lines": 0, "num_statements": 12, "percent_covered": 0.0, "percent_covered_display": "0.00", "missing_lines": 12, "excluded_lines": 0}, "missing_lines": [174, 176, 177, 178, 179, 182, 185, 187, 188, 190, 191, 192], "excluded_lines": []}, "DecisionProcessor._build_decision_context": {"executed_lines": [198, 200, 201, 202, 203, 206, 211, 216, 218], "summary": {"covered_lines": 9, "num_statements": 12, "percent_covered": 75.0, "percent_covered_display": "75.00", "missing_lines": 3, "excluded_lines": 0}, "missing_lines": [229, 230, 231], "excluded_lines": []}, "DecisionProcessor._evaluate_all_actions": {"executed_lines": [237, 238, 239, 243, 253, 255], "summary": {"covered_lines": 6, "num_statements": 12, "percent_covered": 50.0, "percent_covered_display": "50.00", "missing_lines": 6, "excluded_lines": 0}, "missing_lines": [245, 248, 250, 257, 258, 259], "excluded_lines": []}, "DecisionProcessor._score_action": {"executed_lines": [], "summary": {"covered_lines": 0, "num_statements": 14, "percent_covered": 0.0, "percent_covered_display": "0.00", "missing_lines": 14, "excluded_lines": 0}, "missing_lines": [268, 269, 272, 294, 295, 296, 299, 300, 303, 306, 308, 310, 311, 312], "excluded_lines": []}, "DecisionProcessor._select_optimal_action": {"executed_lines": [318, 319, 320], "summary": {"covered_lines": 3, "num_statements": 15, "percent_covered": 20.0, "percent_covered_display": "20.00", "missing_lines": 12, "excluded_lines": 0}, "missing_lines": [323, 327, 328, 329, 330, 333, 335, 338, 342, 344, 345, 346], "excluded_lines": []}, "DecisionProcessor._generate_action_details": {"executed_lines": [], "summary": {"covered_lines": 0, "num_statements": 33, "percent_covered": 0.0, "percent_covered_display": "0.00", "missing_lines": 33, "excluded_lines": 0}, "missing_lines": [352, 353, 366, 367, 368, 369, 370, 372, 373, 374, 375, 377, 378, 379, 380, 382, 383, 384, 385, 387, 388, 389, 390, 391, 393, 394, 395, 396, 397, 399, 401, 402, 403], "excluded_lines": []}, "DecisionProcessor._score_self_preservation": {"executed_lines": [], "summary": {"covered_lines": 0, "num_statements": 14, "percent_covered": 0.0, "percent_covered_display": "0.00", "missing_lines": 14, "excluded_lines": 0}, "missing_lines": [409, 410, 413, 414, 415, 416, 417, 420, 421, 422, 424, 426, 427, 428], "excluded_lines": []}, "DecisionProcessor._score_faction_loyalty": {"executed_lines": [], "summary": {"covered_lines": 0, "num_statements": 10, "percent_covered": 0.0, "percent_covered_display": "0.00", "missing_lines": 10, "excluded_lines": 0}, "missing_lines": [434, 435, 438, 443, 446, 447, 449, 451, 452, 453], "excluded_lines": []}, "DecisionProcessor._score_mission_success": {"executed_lines": [], "summary": {"covered_lines": 0, "num_statements": 10, "percent_covered": 0.0, "percent_covered_display": "0.00", "missing_lines": 10, "excluded_lines": 0}, "missing_lines": [459, 460, 463, 464, 465, 466, 468, 470, 471, 472], "excluded_lines": []}, "DecisionProcessor._action_supports_goal": {"executed_lines": [], "summary": {"covered_lines": 0, "num_statements": 9, "percent_covered": 0.0, "percent_covered_display": "0.00", "missing_lines": 9, "excluded_lines": 0}, "missing_lines": [478, 479, 482, 483, 484, 485, 486, 487, 489], "excluded_lines": []}, "DecisionProcessor._enhance_action_details": {"executed_lines": [], "summary": {"covered_lines": 0, "num_statements": 9, "percent_covered": 0.0, "percent_covered_display": "0.00", "missing_lines": 9, "excluded_lines": 0}, "missing_lines": [495, 496, 499, 500, 507, 511, 513, 514, 515], "excluded_lines": []}, "DecisionProcessor._generate_action_reasoning": {"executed_lines": [], "summary": {"covered_lines": 0, "num_statements": 8, "percent_covered": 0.0, "percent_covered_display": "0.00", "missing_lines": 8, "excluded_lines": 0}, "missing_lines": [521, 522, 523, 525, 534, 538, 539, 540], "excluded_lines": []}, "DecisionProcessor._get_fallback_action": {"executed_lines": [546], "summary": {"covered_lines": 1, "num_statements": 1, "percent_covered": 100.0, "percent_covered_display": "100.00", "missing_lines": 0, "excluded_lines": 0}, "missing_lines": [], "excluded_lines": []}, "DecisionProcessor._score_personal_relationships": {"executed_lines": [], "summary": {"covered_lines": 0, "num_statements": 1, "percent_covered": 0.0, "percent_covered_display": "0.00", "missing_lines": 1, "excluded_lines": 0}, "missing_lines": [560], "excluded_lines": []}, "DecisionProcessor._score_moral_principles": {"executed_lines": [], "summary": {"covered_lines": 0, "num_statements": 1, "percent_covered": 0.0, "percent_covered_display": "0.00", "missing_lines": 1, "excluded_lines": 0}, "missing_lines": [566], "excluded_lines": []}, "DecisionProcessor._score_resource_acquisition": {"executed_lines": [], "summary": {"covered_lines": 0, "num_statements": 1, "percent_covered": 0.0, "percent_covered_display": "0.00", "missing_lines": 1, "excluded_lines": 0}, "missing_lines": [572], "excluded_lines": []}, "DecisionProcessor._score_knowledge_seeking": {"executed_lines": [], "summary": {"covered_lines": 0, "num_statements": 1, "percent_covered": 0.0, "percent_covered_display": "0.00", "missing_lines": 1, "excluded_lines": 0}, "missing_lines": [578], "excluded_lines": []}, "DecisionProcessor._score_status_advancement": {"executed_lines": [], "summary": {"covered_lines": 0, "num_statements": 1, "percent_covered": 0.0, "percent_covered_display": "0.00", "missing_lines": 1, "excluded_lines": 0}, "missing_lines": [584], "excluded_lines": []}, "DecisionProcessor._analyze_threat_factors": {"executed_lines": [], "summary": {"covered_lines": 0, "num_statements": 1, "percent_covered": 0.0, "percent_covered_display": "0.00", "missing_lines": 1, "excluded_lines": 0}, "missing_lines": [590], "excluded_lines": []}, "DecisionProcessor._calculate_threat_level": {"executed_lines": [], "summary": {"covered_lines": 0, "num_statements": 10, "percent_covered": 0.0, "percent_covered_display": "0.00", "missing_lines": 10, "excluded_lines": 0}, "missing_lines": [596, 597, 598, 599, 600, 601, 602, 603, 604, 606], "excluded_lines": []}, "DecisionProcessor._score_goal_priority": {"executed_lines": [], "summary": {"covered_lines": 0, "num_statements": 2, "percent_covered": 0.0, "percent_covered_display": "0.00", "missing_lines": 2, "excluded_lines": 0}, "missing_lines": [612, 614], "excluded_lines": []}, "DecisionProcessor._assess_overall_threat": {"executed_lines": [623], "summary": {"covered_lines": 1, "num_statements": 1, "percent_covered": 100.0, "percent_covered_display": "100.00", "missing_lines": 0, "excluded_lines": 0}, "missing_lines": [], "excluded_lines": []}, "DecisionProcessor._calculate_time_pressure": {"executed_lines": [629], "summary": {"covered_lines": 1, "num_statements": 1, "percent_covered": 100.0, "percent_covered_display": "100.00", "missing_lines": 0, "excluded_lines": 0}, "missing_lines": [], "excluded_lines": []}, "DecisionProcessor._determine_action_category": {"executed_lines": [], "summary": {"covered_lines": 0, "num_statements": 2, "percent_covered": 0.0, "percent_covered_display": "0.00", "missing_lines": 2, "excluded_lines": 0}, "missing_lines": [633, 640], "excluded_lines": []}, "DecisionProcessor._get_threat_modifier": {"executed_lines": [], "summary": {"covered_lines": 0, "num_statements": 2, "percent_covered": 0.0, "percent_covered_display": "0.00", "missing_lines": 2, "excluded_lines": 0}, "missing_lines": [644, 651], "excluded_lines": []}, "DecisionProcessor._get_time_pressure_modifier": {"executed_lines": [], "summary": {"covered_lines": 0, "num_statements": 6, "percent_covered": 0.0, "percent_covered_display": "0.00", "missing_lines": 6, "excluded_lines": 0}, "missing_lines": [658, 659, 660, 661, 662, 663], "excluded_lines": []}, "DecisionProcessor._record_decision": {"executed_lines": [672, 673, 681, 684], "summary": {"covered_lines": 4, "num_statements": 7, "percent_covered": 57.142857142857146, "percent_covered_display": "57.14", "missing_lines": 3, "excluded_lines": 0}, "missing_lines": [685, 687, 688], "excluded_lines": []}, "DecisionProcessor.get_decision_history": {"executed_lines": [], "summary": {"covered_lines": 0, "num_statements": 1, "percent_covered": 0.0, "percent_covered_display": "0.00", "missing_lines": 1, "excluded_lines": 0}, "missing_lines": [692], "excluded_lines": []}, "": {"executed_lines": [1, 9, 10, 11, 12, 13, 15, 21, 22, 28, 29, 31, 32, 33, 34, 35, 36, 37, 40, 41, 42, 44, 45, 46, 47, 48, 49, 50, 51, 53, 58, 59, 70, 91, 135, 161, 194, 233, 261, 314, 348, 405, 430, 455, 474, 491, 517, 542, 556, 562, 568, 574, 580, 586, 592, 608, 616, 625, 631, 642, 653, 665, 690], "summary": {"covered_lines": 59, "num_statements": 62, "percent_covered": 95.16129032258064, "percent_covered_display": "95.16", "missing_lines": 3, "excluded_lines": 0}, "missing_lines": [23, 24, 25], "excluded_lines": []}}, "classes": {"ActionCategory": {"executed_lines": [], "summary": {"covered_lines": 0, "num_statements": 0, "percent_covered": 100.0, "percent_covered_display": "100.00", "missing_lines": 0, "excluded_lines": 0}, "missing_lines": [], "excluded_lines": []}, "DecisionContext": {"executed_lines": [54], "summary": {"covered_lines": 1, "num_statements": 2, "percent_covered": 50.0, "percent_covered_display": "50.00", "missing_lines": 1, "excluded_lines": 0}, "missing_lines": [55], "excluded_lines": []}, "DecisionProcessor": {"executed_lines": [71, 74, 86, 89, 104, 106, 111, 116, 121, 125, 128, 198, 200, 201, 202, 203, 206, 211, 216, 218, 237, 238, 239, 243, 253, 255, 318, 319, 320, 546, 623, 629, 672, 673, 681, 684], "summary": {"covered_lines": 36, "num_statements": 219, "percent_covered": 16.438356164383563, "percent_covered_display": "16.44", "missing_lines": 183, "excluded_lines": 0}, "missing_lines": [130, 131, 133, 148, 149, 150, 152, 155, 157, 158, 159, 174, 176, 177, 178, 179, 182, 185, 187, 188, 190, 191, 192, 229, 230, 231, 245, 248, 250, 257, 258, 259, 268, 269, 272, 294, 295, 296, 299, 300, 303, 306, 308, 310, 311, 312, 323, 327, 328, 329, 330, 333, 335, 338, 342, 344, 345, 346, 352, 353, 366, 367, 368, 369, 370, 372, 373, 374, 375, 377, 378, 379, 380, 382, 383, 384, 385, 387, 388, 389, 390, 391, 393, 394, 395, 396, 397, 399, 401, 402, 403, 409, 410, 413, 414, 415, 416, 417, 420, 421, 422, 424, 426, 427, 428, 434, 435, 438, 443, 446, 447, 449, 451, 452, 453, 459, 460, 463, 464, 465, 466, 468, 470, 471, 472, 478, 479, 482, 483, 484, 485, 486, 487, 489, 495, 496, 499, 500, 507, 511, 513, 514, 515, 521, 522, 523, 525, 534, 538, 539, 540, 560, 566, 572, 578, 584, 590, 596, 597, 598, 599, 600, 601, 602, 603, 604, 606, 612, 614, 633, 640, 644, 651, 658, 659, 660, 661, 662, 663, 685, 687, 688, 692], "excluded_lines": []}, "": {"executed_lines": [1, 9, 10, 11, 12, 13, 15, 21, 22, 28, 29, 31, 32, 33, 34, 35, 36, 37, 40, 41, 42, 44, 45, 46, 47, 48, 49, 50, 51, 53, 58, 59, 70, 91, 135, 161, 194, 233, 261, 314, 348, 405, 430, 455, 474, 491, 517, 542, 556, 562, 568, 574, 580, 586, 592, 608, 616, 625, 631, 642, 653, 665, 690], "summary": {"covered_lines": 59, "num_statements": 62, "percent_covered": 95.16129032258064, "percent_covered_display": "95.16", "missing_lines": 3, "excluded_lines": 0}, "missing_lines": [23, 24, 25], "excluded_lines": []}}}, "src\\agents\\persona_agent\\decision_engine\\goal_manager.py": {"executed_lines": [1, 9, 10, 11, 12, 13, 14, 16, 19, 20, 22, 23, 24, 25, 26, 27, 28, 29, 30, 31, 34, 35, 37, 38, 39, 40, 41, 44, 45, 47, 48, 49, 50, 51, 54, 55, 56, 58, 59, 60, 61, 62, 63, 66, 67, 68, 71, 72, 73, 76, 77, 78, 83, 84, 87, 88, 90, 96, 100, 107, 108, 109, 111, 112, 113, 114, 115, 116, 117, 120, 121, 133, 134, 135, 138, 139, 140, 143, 144, 147, 156, 161, 168, 215, 250, 311, 353, 359, 361, 365, 369, 408, 461, 490, 529, 562, 586, 607, 632, 648, 680, 688, 703, 727, 751, 753, 797, 801, 805, 811, 825, 837], "summary": {"covered_lines": 105, "num_statements": 336, "percent_covered": 31.25, "percent_covered_display": "31.25", "missing_lines": 231, "excluded_lines": 0}, "missing_lines": [92, 93, 94, 98, 102, 103, 104, 178, 180, 183, 199, 202, 203, 206, 208, 209, 211, 212, 213, 225, 226, 227, 230, 231, 232, 233, 236, 239, 241, 243, 244, 246, 247, 248, 263, 264, 265, 266, 268, 271, 272, 275, 276, 277, 281, 284, 285, 288, 289, 294, 297, 300, 302, 305, 307, 308, 309, 324, 325, 327, 329, 333, 335, 338, 339, 342, 344, 347, 349, 350, 351, 355, 367, 380, 381, 382, 384, 385, 386, 389, 394, 397, 398, 399, 401, 402, 404, 405, 406, 410, 411, 418, 423, 424, 428, 431, 432, 433, 434, 437, 438, 439, 440, 444, 457, 458, 459, 463, 464, 480, 481, 483, 484, 486, 487, 488, 492, 493, 494, 497, 498, 499, 502, 503, 504, 505, 508, 512, 518, 520, 521, 523, 524, 525, 531, 532, 535, 536, 539, 540, 543, 544, 547, 548, 551, 552, 554, 556, 557, 560, 564, 566, 567, 568, 569, 570, 571, 572, 573, 575, 578, 582, 584, 590, 596, 597, 598, 599, 600, 602, 603, 605, 614, 617, 621, 624, 628, 630, 639, 642, 644, 646, 650, 652, 653, 654, 657, 658, 659, 660, 662, 665, 666, 667, 670, 671, 672, 673, 675, 677, 678, 684, 685, 686, 691, 694, 695, 698, 699, 701, 705, 729, 799, 803, 809, 815, 817, 821, 823, 829, 830, 832, 833, 835, 842, 843, 845, 846, 847, 848, 850], "excluded_lines": [], "functions": {"Goal.is_overdue": {"executed_lines": [], "summary": {"covered_lines": 0, "num_statements": 3, "percent_covered": 0.0, "percent_covered_display": "0.00", "missing_lines": 3, "excluded_lines": 0}, "missing_lines": [92, 93, 94], "excluded_lines": []}, "Goal.get_age_hours": {"executed_lines": [], "summary": {"covered_lines": 0, "num_statements": 1, "percent_covered": 0.0, "percent_covered_display": "0.00", "missing_lines": 1, "excluded_lines": 0}, "missing_lines": [98], "excluded_lines": []}, "Goal.get_completion_ratio": {"executed_lines": [], "summary": {"covered_lines": 0, "num_statements": 3, "percent_covered": 0.0, "percent_covered_display": "0.00", "missing_lines": 3, "excluded_lines": 0}, "missing_lines": [102, 103, 104], "excluded_lines": []}, "GoalManager.__init__": {"executed_lines": [134, 135, 138, 139, 140, 143, 144, 147, 156, 161], "summary": {"covered_lines": 10, "num_statements": 10, "percent_covered": 100.0, "percent_covered_display": "100.00", "missing_lines": 0, "excluded_lines": 0}, "missing_lines": [], "excluded_lines": []}, "GoalManager.add_goal": {"executed_lines": [], "summary": {"covered_lines": 0, "num_statements": 12, "percent_covered": 0.0, "percent_covered_display": "0.00", "missing_lines": 12, "excluded_lines": 0}, "missing_lines": [178, 180, 183, 199, 202, 203, 206, 208, 209, 211, 212, 213], "excluded_lines": []}, "GoalManager.prioritize_goals": {"executed_lines": [], "summary": {"covered_lines": 0, "num_statements": 15, "percent_covered": 0.0, "percent_covered_display": "0.00", "missing_lines": 15, "excluded_lines": 0}, "missing_lines": [225, 226, 227, 230, 231, 232, 233, 236, 239, 241, 243, 244, 246, 247, 248], "excluded_lines": []}, "GoalManager.update_goal_progress": {"executed_lines": [], "summary": {"covered_lines": 0, "num_statements": 23, "percent_covered": 0.0, "percent_covered_display": "0.00", "missing_lines": 23, "excluded_lines": 0}, "missing_lines": [263, 264, 265, 266, 268, 271, 272, 275, 276, 277, 281, 284, 285, 288, 289, 294, 297, 300, 302, 305, 307, 308, 309], "excluded_lines": []}, "GoalManager.generate_goals_from_events": {"executed_lines": [], "summary": {"covered_lines": 0, "num_statements": 14, "percent_covered": 0.0, "percent_covered_display": "0.00", "missing_lines": 14, "excluded_lines": 0}, "missing_lines": [324, 325, 327, 329, 333, 335, 338, 339, 342, 344, 347, 349, 350, 351], "excluded_lines": []}, "GoalManager.get_goals_by_type": {"executed_lines": [], "summary": {"covered_lines": 0, "num_statements": 1, "percent_covered": 0.0, "percent_covered_display": "0.00", "missing_lines": 1, "excluded_lines": 0}, "missing_lines": [355], "excluded_lines": []}, "GoalManager.get_goals_by_priority": {"executed_lines": [361], "summary": {"covered_lines": 1, "num_statements": 1, "percent_covered": 100.0, "percent_covered_display": "100.00", "missing_lines": 0, "excluded_lines": 0}, "missing_lines": [], "excluded_lines": []}, "GoalManager.get_overdue_goals": {"executed_lines": [], "summary": {"covered_lines": 0, "num_statements": 1, "percent_covered": 0.0, "percent_covered_display": "0.00", "missing_lines": 1, "excluded_lines": 0}, "missing_lines": [367], "excluded_lines": []}, "GoalManager.abandon_goal": {"executed_lines": [], "summary": {"covered_lines": 0, "num_statements": 16, "percent_covered": 0.0, "percent_covered_display": "0.00", "missing_lines": 16, "excluded_lines": 0}, "missing_lines": [380, 381, 382, 384, 385, 386, 389, 394, 397, 398, 399, 401, 402, 404, 405, 406], "excluded_lines": []}, "GoalManager.get_goal_statistics": {"executed_lines": [], "summary": {"covered_lines": 0, "num_statements": 18, "percent_covered": 0.0, "percent_covered_display": "0.00", "missing_lines": 18, "excluded_lines": 0}, "missing_lines": [410, 411, 418, 423, 424, 428, 431, 432, 433, 434, 437, 438, 439, 440, 444, 457, 458, 459], "excluded_lines": []}, "GoalManager.save_goals_state": {"executed_lines": [], "summary": {"covered_lines": 0, "num_statements": 9, "percent_covered": 0.0, "percent_covered_display": "0.00", "missing_lines": 9, "excluded_lines": 0}, "missing_lines": [463, 464, 480, 481, 483, 484, 486, 487, 488], "excluded_lines": []}, "GoalManager.load_goals_state": {"executed_lines": [], "summary": {"covered_lines": 0, "num_statements": 18, "percent_covered": 0.0, "percent_covered_display": "0.00", "missing_lines": 18, "excluded_lines": 0}, "missing_lines": [492, 493, 494, 497, 498, 499, 502, 503, 504, 505, 508, 512, 518, 520, 521, 523, 524, 525], "excluded_lines": []}, "GoalManager._calculate_goal_priority": {"executed_lines": [], "summary": {"covered_lines": 0, "num_statements": 16, "percent_covered": 0.0, "percent_covered_display": "0.00", "missing_lines": 16, "excluded_lines": 0}, "missing_lines": [531, 532, 535, 536, 539, 540, 543, 544, 547, 548, 551, 552, 554, 556, 557, 560], "excluded_lines": []}, "GoalManager._calculate_urgency_score": {"executed_lines": [], "summary": {"covered_lines": 0, "num_statements": 13, "percent_covered": 0.0, "percent_covered_display": "0.00", "missing_lines": 13, "excluded_lines": 0}, "missing_lines": [564, 566, 567, 568, 569, 570, 571, 572, 573, 575, 578, 582, 584], "excluded_lines": []}, "GoalManager._calculate_feasibility_score": {"executed_lines": [], "summary": {"covered_lines": 0, "num_statements": 9, "percent_covered": 0.0, "percent_covered_display": "0.00", "missing_lines": 9, "excluded_lines": 0}, "missing_lines": [590, 596, 597, 598, 599, 600, 602, 603, 605], "excluded_lines": []}, "GoalManager._calculate_alignment_score": {"executed_lines": [], "summary": {"covered_lines": 0, "num_statements": 6, "percent_covered": 0.0, "percent_covered_display": "0.00", "missing_lines": 6, "excluded_lines": 0}, "missing_lines": [614, 617, 621, 624, 628, 630], "excluded_lines": []}, "GoalManager._calculate_opportunity_score": {"executed_lines": [], "summary": {"covered_lines": 0, "num_statements": 4, "percent_covered": 0.0, "percent_covered_display": "0.00", "missing_lines": 4, "excluded_lines": 0}, "missing_lines": [639, 642, 644, 646], "excluded_lines": []}, "GoalManager._check_goal_completion": {"executed_lines": [], "summary": {"covered_lines": 0, "num_statements": 19, "percent_covered": 0.0, "percent_covered_display": "0.00", "missing_lines": 19, "excluded_lines": 0}, "missing_lines": [650, 652, 653, 654, 657, 658, 659, 660, 662, 665, 666, 667, 670, 671, 672, 673, 675, 677, 678], "excluded_lines": []}, "GoalManager._check_success_conditions": {"executed_lines": [], "summary": {"covered_lines": 0, "num_statements": 3, "percent_covered": 0.0, "percent_covered_display": "0.00", "missing_lines": 3, "excluded_lines": 0}, "missing_lines": [684, 685, 686], "excluded_lines": []}, "GoalManager._check_failure_conditions": {"executed_lines": [], "summary": {"covered_lines": 0, "num_statements": 6, "percent_covered": 0.0, "percent_covered_display": "0.00", "missing_lines": 6, "excluded_lines": 0}, "missing_lines": [691, 694, 695, 698, 699, 701], "excluded_lines": []}, "GoalManager._serialize_goal": {"executed_lines": [], "summary": {"covered_lines": 0, "num_statements": 1, "percent_covered": 0.0, "percent_covered_display": "0.00", "missing_lines": 1, "excluded_lines": 0}, "missing_lines": [705], "excluded_lines": []}, "GoalManager._deserialize_goal": {"executed_lines": [], "summary": {"covered_lines": 0, "num_statements": 1, "percent_covered": 0.0, "percent_covered_display": "0.00", "missing_lines": 1, "excluded_lines": 0}, "missing_lines": [729], "excluded_lines": []}, "GoalManager._initialize_goal_templates": {"executed_lines": [753], "summary": {"covered_lines": 1, "num_statements": 1, "percent_covered": 100.0, "percent_covered_display": "100.00", "missing_lines": 0, "excluded_lines": 0}, "missing_lines": [], "excluded_lines": []}, "GoalManager._validate_goal_dependencies": {"executed_lines": [], "summary": {"covered_lines": 0, "num_statements": 1, "percent_covered": 0.0, "percent_covered_display": "0.00", "missing_lines": 1, "excluded_lines": 0}, "missing_lines": [799], "excluded_lines": []}, "GoalManager._update_goal_relationships": {"executed_lines": [], "summary": {"covered_lines": 0, "num_statements": 1, "percent_covered": 0.0, "percent_covered_display": "0.00", "missing_lines": 1, "excluded_lines": 0}, "missing_lines": [803], "excluded_lines": []}, "GoalManager._update_goal_priorities": {"executed_lines": [], "summary": {"covered_lines": 0, "num_statements": 1, "percent_covered": 0.0, "percent_covered_display": "0.00", "missing_lines": 1, "excluded_lines": 0}, "missing_lines": [809], "excluded_lines": []}, "GoalManager._analyze_event_for_goals": {"executed_lines": [], "summary": {"covered_lines": 0, "num_statements": 4, "percent_covered": 0.0, "percent_covered_display": "0.00", "missing_lines": 4, "excluded_lines": 0}, "missing_lines": [815, 817, 821, 823], "excluded_lines": []}, "GoalManager._generate_goal_from_template": {"executed_lines": [], "summary": {"covered_lines": 0, "num_statements": 5, "percent_covered": 0.0, "percent_covered_display": "0.00", "missing_lines": 5, "excluded_lines": 0}, "missing_lines": [829, 830, 832, 833, 835], "excluded_lines": []}, "GoalManager._filter_conflicting_goals": {"executed_lines": [], "summary": {"covered_lines": 0, "num_statements": 7, "percent_covered": 0.0, "percent_covered_display": "0.00", "missing_lines": 7, "excluded_lines": 0}, "missing_lines": [842, 843, 845, 846, 847, 848, 850], "excluded_lines": []}, "": {"executed_lines": [1, 9, 10, 11, 12, 13, 14, 16, 19, 20, 22, 23, 24, 25, 26, 27, 28, 29, 30, 31, 34, 35, 37, 38, 39, 40, 41, 44, 45, 47, 48, 49, 50, 51, 54, 55, 56, 58, 59, 60, 61, 62, 63, 66, 67, 68, 71, 72, 73, 76, 77, 78, 83, 84, 87, 88, 90, 96, 100, 107, 108, 109, 111, 112, 113, 114, 115, 116, 117, 120, 121, 133, 168, 215, 250, 311, 353, 359, 365, 369, 408, 461, 490, 529, 562, 586, 607, 632, 648, 680, 688, 703, 727, 751, 797, 801, 805, 811, 825, 837], "summary": {"covered_lines": 93, "num_statements": 93, "percent_covered": 100.0, "percent_covered_display": "100.00", "missing_lines": 0, "excluded_lines": 0}, "missing_lines": [], "excluded_lines": []}}, "classes": {"GoalType": {"executed_lines": [], "summary": {"covered_lines": 0, "num_statements": 0, "percent_covered": 100.0, "percent_covered_display": "100.00", "missing_lines": 0, "excluded_lines": 0}, "missing_lines": [], "excluded_lines": []}, "GoalStatus": {"executed_lines": [], "summary": {"covered_lines": 0, "num_statements": 0, "percent_covered": 100.0, "percent_covered_display": "100.00", "missing_lines": 0, "excluded_lines": 0}, "missing_lines": [], "excluded_lines": []}, "GoalPriority": {"executed_lines": [], "summary": {"covered_lines": 0, "num_statements": 0, "percent_covered": 100.0, "percent_covered_display": "100.00", "missing_lines": 0, "excluded_lines": 0}, "missing_lines": [], "excluded_lines": []}, "Goal": {"executed_lines": [], "summary": {"covered_lines": 0, "num_statements": 7, "percent_covered": 0.0, "percent_covered_display": "0.00", "missing_lines": 7, "excluded_lines": 0}, "missing_lines": [92, 93, 94, 98, 102, 103, 104], "excluded_lines": []
[...]
": [], "excluded_lines": [168, 169]}, "MemoryManagerProtocol.consolidate_memories": {"executed_lines": [], "summary": {"covered_lines": 0, "num_statements": 0, "percent_covered": 100.0, "percent_covered_display": "100.00", "missing_lines": 0, "excluded_lines": 2}, "missing_lines": [], "excluded_lines": [173, 174]}, "LLMIntegrationProtocol.generate_character_response": {"executed_lines": [], "summary": {"covered_lines": 0, "num_statements": 0, "percent_covered": 100.0, "percent_covered_display": "100.00", "missing_lines": 0, "excluded_lines": 2}, "missing_lines": [], "excluded_lines": [184, 185]}, "LLMIntegrationProtocol.validate_api_connection": {"executed_lines": [], "summary": {"covered_lines": 0, "num_statements": 0, "percent_covered": 100.0, "percent_covered_display": "100.00", "missing_lines": 0, "excluded_lines": 2}, "missing_lines": [], "excluded_lines": [189, 190]}, "LLMIntegrationProtocol.format_prompt": {"executed_lines": [], "summary": {"covered_lines": 0, "num_statements": 0, "percent_covered": 100.0, "percent_covered_display": "100.00", "missing_lines": 0, "excluded_lines": 2}, "missing_lines": [], "excluded_lines": [196, 197]}, "AgentStateManagerProtocol.update_state": {"executed_lines": [], "summary": {"covered_lines": 0, "num_statements": 0, "percent_covered": 100.0, "percent_covered_display": "100.00", "missing_lines": 0, "excluded_lines": 2}, "missing_lines": [], "excluded_lines": [205, 206]}, "AgentStateManagerProtocol.get_state": {"executed_lines": [], "summary": {"covered_lines": 0, "num_statements": 0, "percent_covered": 100.0, "percent_covered_display": "100.00", "missing_lines": 0, "excluded_lines": 2}, "missing_lines": [], "excluded_lines": [210, 211]}, "AgentStateManagerProtocol.save_state": {"executed_lines": [], "summary": {"covered_lines": 0, "num_statements": 0, "percent_covered": 100.0, "percent_covered_display": "100.00", "missing_lines": 0, "excluded_lines": 2}, "missing_lines": [], "excluded_lines": [215, 216]}, "AgentStateManagerProtocol.load_state": {"executed_lines": [], "summary": {"covered_lines": 0, "num_statements": 0, "percent_covered": 100.0, "percent_covered_display": "100.00", "missing_lines": 0, "excluded_lines": 2}, "missing_lines": [], "excluded_lines": [220, 221]}, "": {"executed_lines": [1, 9, 10, 11, 12, 15, 16, 22, 23, 25, 26, 27, 28, 29, 32, 33, 34, 41, 42, 43, 44, 45, 46, 47, 48, 50, 61, 62, 63, 70, 71, 72, 73, 74, 75, 76, 78, 85, 86, 88, 89, 95, 96, 100, 101, 106, 107, 109, 110, 116, 117, 123, 124, 131, 132, 134, 135, 141, 142, 146, 147, 154, 155, 157, 158, 164, 165, 171, 172, 177, 178, 180, 181, 187, 188, 192, 193, 200, 201, 203, 204, 208, 209, 213, 214, 218, 219], "summary": {"covered_lines": 33, "num_statements": 36, "percent_covered": 91.66666666666667, "percent_covered_display": "91.67", "missing_lines": 3, "excluded_lines": 89}, "missing_lines": [17, 18, 19], "excluded_lines": [85, 86, 87, 88, 89, 90, 91, 94, 95, 96, 99, 100, 101, 106, 107, 108, 109, 110, 111, 112, 115, 116, 117, 118, 119, 122, 123, 124, 125, 126, 131, 132, 133, 134, 135, 136, 137, 140, 141, 142, 145, 146, 147, 148, 149, 154, 155, 156, 157, 158, 159, 160, 163, 164, 165, 166, 167, 170, 171, 172, 177, 178, 179, 180, 181, 182, 183, 186, 187, 188, 191, 192, 193, 194, 195, 200, 201, 202, 203, 204, 207, 208, 209, 212, 213, 214, 217, 218, 219]}}, "classes": {"ThreatLevel": {"executed_lines": [], "summary": {"covered_lines": 0, "num_statements": 0, "percent_covered": 100.0, "percent_covered_display": "100.00", "missing_lines": 0, "excluded_lines": 0}, "missing_lines": [], "excluded_lines": []}, "WorldEvent": {"executed_lines": [51, 53, 55], "summary": {"covered_lines": 3, "num_statements": 7, "percent_covered": 42.857142857142854, "percent_covered_display": "42.86", "missing_lines": 4, "excluded_lines": 0}, "missing_lines": [52, 54, 56, 58], "excluded_lines": []}, "SubjectiveInterpretation": {"executed_lines": [79, 81], "summary": {"covered_lines": 2, "num_statements": 4, "percent_covered": 50.0, "percent_covered_display": "50.00", "missing_lines": 2, "excluded_lines": 0}, "missing_lines": [80, 82], "excluded_lines": []}, "CharacterDataManagerProtocol": {"executed_lines": [], "summary": {"covered_lines": 0, "num_statements": 0, "percent_covered": 100.0, "percent_covered_display": "100.00", "missing_lines": 0, "excluded_lines": 6}, "missing_lines": [], "excluded_lines": [92, 93, 97, 98, 102, 103]}, "DecisionEngineProtocol": {"executed_lines": [], "summary": {"covered_lines": 0, "num_statements": 0, "percent_covered": 100.0, "percent_covered_display": "100.00", "missing_lines": 0, "excluded_lines": 6}, "missing_lines": [], "excluded_lines": [113, 114, 120, 121, 127, 128]}, "WorldInterpretationProtocol": {"executed_lines": [], "summary": {"covered_lines": 0, "num_statements": 0, "percent_covered": 100.0, "percent_covered_display": "100.00", "missing_lines": 0, "excluded_lines": 6}, "missing_lines": [], "excluded_lines": [138, 139, 143, 144, 150, 151]}, "MemoryManagerProtocol": {"executed_lines": [], "summary": {"covered_lines": 0, "num_statements": 0, "percent_covered": 100.0, "percent_covered_display": "100.00", "missing_lines": 0, "excluded_lines": 6}, "missing_lines": [], "excluded_lines": [161, 162, 168, 169, 173, 174]}, "LLMIntegrationProtocol": {"executed_lines": [], "summary": {"covered_lines": 0, "num_statements": 0, "percent_covered": 100.0, "percent_covered_display": "100.00", "missing_lines": 0, "excluded_lines": 6}, "missing_lines": [], "excluded_lines": [184, 185, 189, 190, 196, 197]}, "AgentStateManagerProtocol": {"executed_lines": [], "summary": {"covered_lines": 0, "num_statements": 0, "percent_covered": 100.0, "percent_covered_display": "100.00", "missing_lines": 0, "excluded_lines": 8}, "missing_lines": [], "excluded_lines": [205, 206, 210, 211, 215, 216, 220, 221]}, "": {"executed_lines": [1, 9, 10, 11, 12, 15, 16, 22, 23, 25, 26, 27, 28, 29, 32, 33, 34, 41, 42, 43, 44, 45, 46, 47, 48, 50, 61, 62, 63, 70, 71, 72, 73, 74, 75, 76, 78, 85, 86, 88, 89, 95, 96, 100, 101, 106, 107, 109, 110, 116, 117, 123, 124, 131, 132, 134, 135, 141, 142, 146, 147, 154, 155, 157, 158, 164, 165, 171, 172, 177, 178, 180, 181, 187, 188, 192, 193, 200, 201, 203, 204, 208, 209, 213, 214, 218, 219], "summary": {"covered_lines": 33, "num_statements": 36, "percent_covered": 91.66666666666667, "percent_covered_display": "91.67", "missing_lines": 3, "excluded_lines": 89}, "missing_lines": [17, 18, 19], "excluded_lines": [85, 86, 87, 88, 89, 90, 91, 94, 95, 96, 99, 100, 101, 106, 107, 108, 109, 110, 111, 112, 115, 116, 117, 118, 119, 122, 123, 124, 125, 126, 131, 132, 133, 134, 135, 136, 137, 140, 141, 142, 145, 146, 147, 148, 149, 154, 155, 156, 157, 158, 159, 160, 163, 164, 165, 166, 167, 170, 171, 172, 177, 178, 179, 180, 181, 182, 183, 186, 187, 188, 191, 192, 193, 194, 195, 200, 201, 202, 203, 204, 207, 208, 209, 212, 213, 214, 217, 218, 219]}}}, "src\\agents\\persona_agent\\utilities\\__init__.py": {"executed_lines": [1, 8, 9, 11], "summary": {"covered_lines": 3, "num_statements": 3, "percent_covered": 100.0, "percent_covered_display": "100.00", "missing_lines": 0, "excluded_lines": 0}, "missing_lines": [], "excluded_lines": [], "functions": {"": {"executed_lines": [1, 8, 9, 11], "summary": {"covered_lines": 3, "num_statements": 3, "percent_covered": 100.0, "percent_covered_display": "100.00", "missing_lines": 0, "excluded_lines": 0}, "missing_lines": [], "excluded_lines": []}}, "classes": {"": {"executed_lines": [1, 8, 9, 11], "summary": {"covered_lines": 3, "num_statements": 3, "percent_covered": 100.0, "percent_covered_display": "100.00", "missing_lines": 0, "excluded_lines": 0}, "missing_lines": [], "excluded_lines": []}}}, "src\\agents\\persona_agent\\utilities\\response_generator.py": {"executed_lines": [1, 9, 10, 11, 12, 13, 15, 18, 19, 25, 26, 28, 29, 30, 31, 32, 33, 34, 35, 38, 39, 41, 42, 43, 44, 45, 46, 47, 48, 51, 52, 53, 55, 56, 57, 58, 59, 60, 62, 97, 98, 110, 111, 112, 115, 116, 119, 120, 121, 124, 133, 143, 144, 146, 163, 164, 169, 172, 173, 176, 177, 180, 185, 191, 194, 197, 202, 207, 210, 211, 212, 214, 215, 221, 266, 354, 440, 464, 466, 467, 468, 469, 476, 480, 482, 483, 487, 488, 505, 509, 515, 519, 521, 522, 523, 526, 530, 531, 560, 564, 565, 567, 569, 570, 579, 586, 592, 609, 613, 615, 643, 652, 655, 658, 661, 667, 671, 672, 675, 676, 678, 684, 685, 688, 689, 695, 696, 700, 705, 711, 715, 716, 717, 759, 761, 763, 766, 770, 774, 776, 783, 789, 814, 818, 821, 849, 879, 881, 917, 919], "summary": {"covered_lines": 145, "num_statements": 319, "percent_covered": 45.45454545454545, "percent_covered_display": "45.45", "missing_lines": 174, "excluded_lines": 0}, "missing_lines": [20, 21, 22, 69, 72, 73, 74, 75, 76, 77, 78, 81, 82, 83, 84, 85, 86, 87, 90, 91, 92, 94, 186, 189, 217, 218, 219, 234, 236, 239, 247, 250, 252, 257, 258, 260, 262, 263, 264, 279, 280, 283, 317, 320, 321, 324, 327, 331, 336, 337, 338, 343, 346, 348, 350, 351, 352, 368, 370, 399, 400, 401, 402, 404, 407, 412, 415, 416, 419, 421, 422, 423, 425, 432, 434, 436, 437, 438, 442, 443, 445, 458, 459, 460, 473, 474, 484, 489, 490, 491, 497, 498, 499, 500, 501, 502, 506, 511, 512, 513, 527, 534, 535, 538, 539, 540, 541, 542, 543, 546, 554, 556, 557, 558, 571, 575, 576, 588, 589, 590, 596, 598, 601, 603, 605, 606, 607, 656, 657, 659, 663, 664, 665, 691, 692, 698, 699, 702, 703, 707, 708, 709, 720, 742, 743, 745, 746, 747, 750, 751, 753, 755, 756, 757, 767, 771, 775, 778, 779, 780, 781, 785, 786, 787, 793, 795, 804, 805, 806, 808, 810, 811, 812, 816], "excluded_lines": [], "functions": {"ResponseTemplate.matches_context": {"executed_lines": [], "summary": {"covered_lines": 0, "num_statements": 19, "percent_covered": 0.0, "percent_covered_display": "0.00", "missing_lines": 19, "excluded_lines": 0}, "missing_lines": [69, 72, 73, 74, 75, 76, 77, 78, 81, 82, 83, 84, 85, 86, 87, 90, 91, 92, 94], "excluded_lines": []}, "ResponseGenerator.__init__": {"executed_lines": [111, 112, 115, 116, 119, 120, 121, 124, 133, 143, 144], "summary": {"covered_lines": 11, "num_statements": 11, "percent_covered": 100.0, "percent_covered_display": "100.00", "missing_lines": 0, "excluded_lines": 0}, "missing_lines": [], "excluded_lines": []}, "ResponseGenerator.generate_response": {"executed_lines": [163, 164, 169, 172, 173, 176, 177, 180, 185, 191, 194, 197, 202, 207, 210, 211, 212, 214, 215], "summary": {"covered_lines": 19, "num_statements": 24, "percent_covered": 79.16666666666667, "percent_covered_display": "79.17", "missing_lines": 5, "excluded_lines": 0}, "missing_lines": [186, 189, 217, 218, 219], "excluded_lines": []}, "ResponseGenerator.generate_dialogue": {"executed_lines": [], "summary": {"covered_lines": 0, "num_statements": 12, "percent_covered": 0.0, "percent_covered_display": "0.00", "missing_lines": 12, "excluded_lines": 0}, "missing_lines": [234, 236, 239, 247, 250, 252, 257, 258, 260, 262, 263, 264], "excluded_lines": []}, "ResponseGenerator.generate_action_narration": {"executed_lines": [], "summary": {"covered_lines": 0, "num_statements": 18, "percent_covered": 0.0, "percent_covered_display": "0.00", "missing_lines": 18, "excluded_lines": 0}, "missing_lines": [279, 280, 283, 317, 320, 321, 324, 327, 331, 336, 337, 338, 343, 346, 348, 350, 351, 352], "excluded_lines": []}, "ResponseGenerator.generate_emotional_response": {"executed_lines": [], "summary": {"covered_lines": 0, "num_statements": 21, "percent_covered": 0.0, "percent_covered_display": "0.00", "missing_lines": 21, "excluded_lines": 0}, "missing_lines": [368, 370, 399, 400, 401, 402, 404, 407, 412, 415, 416, 419, 421, 422, 423, 425, 432, 434, 436, 437, 438], "excluded_lines": []}, "ResponseGenerator.get_generation_statistics": {"executed_lines": [], "summary": {"covered_lines": 0, "num_statements": 6, "percent_covered": 0.0, "percent_covered_display": "0.00", "missing_lines": 6, "excluded_lines": 0}, "missing_lines": [442, 443, 445, 458, 459, 460], "excluded_lines": []}, "ResponseGenerator._update_character_data": {"executed_lines": [466, 467, 468, 469], "summary": {"covered_lines": 4, "num_statements": 6, "percent_covered": 66.66666666666667, "percent_covered_display": "66.67", "missing_lines": 2, "excluded_lines": 0}, "missing_lines": [473, 474], "excluded_lines": []}, "ResponseGenerator._determine_response_category": {"executed_lines": [480, 482, 483, 487, 488, 505, 509], "summary": {"covered_lines": 7, "num_statements": 21, "percent_covered": 33.333333333333336, "percent_covered_display": "33.33", "missing_lines": 14, "excluded_lines": 0}, "missing_lines": [484, 489, 490, 491, 497, 498, 499, 500, 501, 502, 506, 511, 512, 513], "excluded_lines": []}, "ResponseGenerator._determine_response_tone": {"executed_lines": [519, 521, 522, 523, 526, 530, 531], "summary": {"covered_lines": 7, "num_statements": 21, "percent_covered": 33.333333333333336, "percent_covered_display": "33.33", "missing_lines": 14, "excluded_lines": 0}, "missing_lines": [527, 534, 535, 538, 539, 540, 541, 542, 543, 546, 554, 556, 557, 558], "excluded_lines": []}, "ResponseGenerator._find_matching_templates": {"executed_lines": [564, 565, 567, 569, 570, 579, 586], "summary": {"covered_lines": 7, "num_statements": 13, "percent_covered": 53.84615384615385, "percent_covered_display": "53.85", "missing_lines": 6, "excluded_lines": 0}, "missing_lines": [571, 575, 576, 588, 589, 590], "excluded_lines": []}, "ResponseGenerator._generate_from_template": {"executed_lines": [], "summary": {"covered_lines": 0, "num_statements": 7, "percent_covered": 0.0, "percent_covered_display": "0.00", "missing_lines": 7, "excluded_lines": 0}, "missing_lines": [596, 598, 601, 603, 605, 606, 607], "excluded_lines": []}, "ResponseGenerator._generate_fallback_response": {"executed_lines": [613, 615, 643, 652, 655, 658, 661], "summary": {"covered_lines": 7, "num_statements": 13, "percent_covered": 53.84615384615385, "percent_covered_display": "53.85", "missing_lines": 6, "excluded_lines": 0}, "missing_lines": [656, 657, 659, 663, 664, 665], "excluded_lines": []}, "ResponseGenerator._enhance_with_personality": {"executed_lines": [671, 672, 675, 676, 678, 684, 685, 688, 689, 695, 696, 700, 705], "summary": {"covered_lines": 13, "num_statements": 22, "percent_covered": 59.09090909090909, "percent_covered_display": "59.09", "missing_lines": 9, "excluded_lines": 0}, "missing_lines": [691, 692, 698, 699, 702, 703, 707, 708, 709], "excluded_lines": []}, "ResponseGenerator._apply_emotional_modifiers": {"executed_lines": [715, 716, 717], "summary": {"covered_lines": 3, "num_statements": 15, "percent_covered": 20.0, "percent_covered_display": "20.00", "missing_lines": 12, "excluded_lines": 0}, "missing_lines": [720, 742, 743, 745, 746, 747, 750, 751, 753, 755, 756, 757], "excluded_lines": []}, "ResponseGenerator._format_and_validate": {"executed_lines": [761, 763, 766, 770, 774, 776, 783], "summary": {"covered_lines": 7, "num_statements": 17, "percent_covered": 41.1764705882353, "percent_covered_display": "41.18", "missing_lines": 10, "excluded_lines": 0}, "missing_lines": [767, 771, 775, 778, 779, 780, 781, 785, 786, 787], "excluded_lines": []}, "ResponseGenerator._replace_placeholders": {"executed_lines": [], "summary": {"covered_lines": 0, "num_statements": 9, "percent_covered": 0.0, "percent_covered_display": "0.00", "missing_lines": 9, "excluded_lines": 0}, "missing_lines": [793, 795, 804, 805, 806, 808, 810, 811, 812], "excluded_lines": []}, "ResponseGenerator._get_emergency_response": {"executed_lines": [], "summary": {"covered_lines": 0, "num_statements": 1, "percent_covered": 0.0, "percent_covered_display": "0.00", "missing_lines": 1, "excluded_lines": 0}, "missing_lines": [816], "excluded_lines": []}, "ResponseGenerator._initialize_response_templates": {"executed_lines": [821, 849], "summary": {"covered_lines": 2, "num_statements": 2, "percent_covered": 100.0, "percent_covered_display": "100.00", "missing_lines": 0, "excluded_lines": 0}, "missing_lines": [], "excluded_lines": []}, "ResponseGenerator._initialize_vocabulary": {"executed_lines": [881], "summary": {"covered_lines": 1, "num_statements": 1, "percent_covered": 100.0, "percent_covered_display": "100.00", "missing_lines": 0, "excluded_lines": 0}, "missing_lines": [], "excluded_lines": []}, "ResponseGenerator._initialize_phrase_libraries": {"executed_lines": [919], "summary": {"covered_lines": 1, "num_statements": 1, "percent_covered": 100.0, "percent_covered_display": "100.00", "missing_lines": 0, "excluded_lines": 0}, "missing_lines": [], "excluded_lines": []}, "": {"executed_lines": [1, 9, 10, 11, 12, 13, 15, 18, 19, 25, 26, 28, 29, 30, 31, 32, 33, 34, 35, 38, 39, 41, 42, 43, 44, 45, 46, 47, 48, 51, 52, 53, 55, 56, 57, 58, 59, 60, 62, 97, 98, 110, 146, 221, 266, 354, 440, 464, 476, 515, 560, 592, 609, 667, 711, 759, 789, 814, 818, 879, 917], "summary": {"covered_lines": 56, "num_statements": 59, "percent_covered": 94.91525423728814, "percent_covered_display": "94.92", "missing_lines": 3, "excluded_lines": 0}, "missing_lines": [20, 21, 22], "excluded_lines": []}}, "classes": {"ResponseCategory": {"executed_lines": [], "summary": {"covered_lines": 0, "num_statements": 0, "percent_covered": 100.0, "percent_covered_display": "100.00", "missing_lines": 0, "excluded_lines": 0}, "missing_lines": [], "excluded_lines": []}, "ResponseTone": {"executed_lines": [], "summary": {"covered_lines": 0, "num_statements": 0, "percent_covered": 100.0, "percent_covered_display": "100.00", "missing_lines": 0, "excluded_lines": 0}, "missing_lines": [], "excluded_lines": []}, "ResponseTemplate": {"executed_lines": [], "summary": {"covered_lines": 0, "num_statements": 19, "percent_covered": 0.0, "percent_covered_display": "0.00", "missing_lines": 19, "excluded_lines": 0}, "missing_lines": [69, 72, 73, 74, 75, 76, 77, 78, 81, 82, 83, 84, 85, 86, 87, 90, 91, 92, 94], "excluded_lines": []}, "ResponseGenerator": {"executed_lines": [111, 112, 115, 116, 119, 120, 121, 124, 133, 143, 144, 163, 164, 169, 172, 173, 176, 177, 180, 185, 191, 194, 197, 202, 207, 210, 211, 212, 214, 215, 466, 467, 468, 469, 480, 482, 483, 487, 488, 505, 509, 519, 521, 522, 523, 526, 530, 531, 564, 565, 567, 569, 570, 579, 586, 613, 615, 643, 652, 655, 658, 661, 671, 672, 675, 676, 678, 684, 685, 688, 689, 695, 696, 700, 705, 715, 716, 717, 761, 763, 766, 770, 774, 776, 783, 821, 849, 881, 919], "summary": {"covered_lines": 89, "num_statements": 241, "percent_covered": 36.92946058091286, "percent_covered_display": "36.93", "missing_lines": 152, "excluded_lines": 0}, "missing_lines": [186, 189, 217, 218, 219, 234, 236, 239, 247, 250, 252, 257, 258, 260, 262, 263, 264, 279, 280, 283, 317, 320, 321, 324, 327, 331, 336, 337, 338, 343, 346, 348, 350, 351, 352, 368, 370, 399, 400, 401, 402, 404, 407, 412, 415, 416, 419, 421, 422, 423, 425, 432, 434, 436, 437, 438, 442, 443, 445, 458, 459, 460, 473, 474, 484, 489, 490, 491, 497, 498, 499, 500, 501, 502, 506, 511, 512, 513, 527, 534, 535, 538, 539, 540, 541, 542, 543, 546, 554, 556, 557, 558, 571, 575, 576, 588, 589, 590, 596, 598, 601, 603, 605, 606, 607, 656, 657, 659, 663, 664, 665, 691, 692, 698, 699, 702, 703, 707, 708, 709, 720, 742, 743, 745, 746, 747, 750, 751, 753, 755, 756, 757, 767, 771, 775, 778, 779, 780, 781, 785, 786, 787, 793, 795, 804, 805, 806, 808, 810, 811, 812, 816], "excluded_lines": []}, "": {"executed_lines": [1, 9, 10, 11, 12, 13, 15, 18, 19, 25, 26, 28, 29, 30, 31, 32, 33, 34, 35, 38, 39, 41, 42, 43, 44, 45, 46, 47, 48, 51, 52, 53, 55, 56, 57, 58, 59, 60, 62, 97, 98, 110, 146, 221, 266, 354, 440, 464, 476, 515, 560, 592, 609, 667, 711, 759, 789, 814, 818, 879, 917], "summary": {"covered_lines": 56, "num_statements": 59, "percent_covered": 94.91525423728814, "percent_covered_display": "94.92", "missing_lines": 3, "excluded_lines": 0}, "missing_lines": [20, 21, 22], "excluded_lines": []}}}}, "totals": {"covered_lines": 1105, "num_statements": 3006, "percent_covered": 36.75981370592149, "percent_covered_display": "36.76", "missing_lines": 1901, "excluded_lines": 127}}