============================= test session starts =============================
collecting ... collected 2271 items

tests/integration/api/test_fixed_api.py::test_minimal_api PASSED         [  0%]
tests/integration/api/test_functionality.py::test_gemini_api_direct PASSED [  0%]
tests/integration/api/test_functionality.py::test_api_endpoints PASSED   [  0%]
tests/integration/api/test_simple.py::test_gemini_direct PASSED          [  0%]
tests/integration/api/test_simple.py::test_api_server PASSED             [  0%]
tests/integration/bridges/test_components.py::test_bridge_infrastructure PASSED [  0%]
tests/integration/bridges/test_components.py::test_system_integration PASSED [  0%]
tests/integration/bridges/test_multi_agent.py::test_bridge_initialization PASSED [  0%]
tests/integration/bridges/test_multi_agent.py::test_ai_systems_initialization PASSED [  0%]
tests/integration/bridges/test_multi_agent.py::test_agent_registration PASSED [  0%]
tests/integration/bridges/test_multi_agent.py::test_dialogue_management PASSED [  0%]
tests/integration/bridges/test_multi_agent.py::test_enhanced_turn_execution PASSED [  0%]
tests/integration/bridges/test_multi_agent.py::test_performance_tracking PASSED [  0%]
tests/integration/bridges/test_multi_agent.py::test_cost_and_budget_management PASSED [  0%]
tests/integration/bridges/test_multi_agent.py::test_component_integration PASSED [  0%]
tests/integration/bridges/test_multi_agent.py::test_backward_compatibility PASSED [  0%]
tests/integration/core/test_modular_components.py::TestPersonaAgentModularComponents::test_persona_agent_initialization SKIPPED [  0%]
tests/integration/core/test_modular_components.py::TestPersonaAgentModularComponents::test_decision_engine_component SKIPPED [  0%]
tests/integration/core/test_modular_components.py::TestPersonaAgentModularComponents::test_character_data_manager_component SKIPPED [  0%]
tests/integration/core/test_modular_components.py::TestPersonaAgentModularComponents::test_persona_memory_manager_component SKIPPED [  0%]
tests/integration/core/test_modular_components.py::TestPersonaAgentModularComponents::test_llm_client_component SKIPPED [  0%]
tests/integration/core/test_modular_components.py::TestInteractionEngineModularComponents::test_interaction_engine_initialization SKIPPED [  0%]
tests/integration/core/test_modular_components.py::TestInteractionEngineModularComponents::test_interaction_validator_component SKIPPED [  1%]
tests/integration/core/test_modular_components.py::TestInteractionEngineModularComponents::test_queue_manager_component SKIPPED [  1%]
tests/integration/core/test_modular_components.py::TestInteractionEngineModularComponents::test_interaction_processing_pipeline SKIPPED [  1%]
tests/integration/core/test_modular_components.py::TestMultiAgentBridgeModularComponents::test_enhanced_bridge_initialization PASSED [  1%]
tests/integration/core/test_modular_components.py::TestMultiAgentBridgeModularComponents::test_dialogue_manager_component SKIPPED [  1%]
tests/integration/core/test_modular_components.py::TestMultiAgentBridgeModularComponents::test_llm_batch_processor_component SKIPPED [  1%]
tests/integration/core/test_modular_components.py::TestMultiAgentBridgeModularComponents::test_cost_tracker_component SKIPPED [  1%]
tests/integration/core/test_modular_components.py::TestMultiAgentBridgeModularComponents::test_bridge_agent_coordination PASSED [  1%]
tests/integration/core/test_modular_components.py::TestModularComponentIntegration::test_persona_agent_with_interaction_engine SKIPPED [  1%]
tests/integration/core/test_modular_components.py::TestModularComponentIntegration::test_full_modular_system_coordination PASSED [  1%]
tests/integration/core/test_modular_components.py::TestModularComponentPerformance::test_persona_agent_decision_performance SKIPPED [  1%]
tests/integration/core/test_modular_components.py::TestModularComponentPerformance::test_interaction_engine_throughput SKIPPED [  1%]
tests/integration/core/test_systems.py::test_logging_system PASSED       [  1%]
tests/integration/core/test_systems.py::test_error_handling_system PASSED [  1%]
tests/integration/core/test_systems.py::test_integration PASSED          [  1%]
tests/integration/core/test_wave2_components.py::test_component_initialization PASSED [  1%]
tests/integration/core/test_wave2_components.py::test_modular_director_agent PASSED [  1%]
tests/integration/core/test_wave2_components.py::test_component_protocols PASSED [  1%]
tests/integration/core/test_wave2_components.py::test_component_architecture PASSED [  1%]
tests/integration/frontend/test_simple.py::test_frontend_basic PASSED    [  1%]
tests/integration/interactions/test_simple.py::test_engine_initialization PASSED [  1%]
tests/integration/interactions/test_simple.py::test_dialogue_interaction PASSED [  1%]
tests/integration/interactions/test_simple.py::test_cooperation_interaction PASSED [  1%]
tests/integration/interactions/test_simple.py::test_engine_statistics PASSED [  2%]
tests/integration/test_character_context_integration.py::TestCharacterContextIntegration::test_character_domain_model_creation PASSED [  2%]
tests/integration/test_character_context_integration.py::TestCharacterContextIntegration::test_character_value_objects_validation PASSED [  2%]
tests/integration/test_character_context_integration.py::TestCharacterContextIntegration::test_core_abilities_calculations FAILED [  2%]
tests/integration/test_character_context_integration.py::TestCharacterContextIntegration::test_character_application_service_create_character FAILED [  2%]
tests/integration/test_character_context_integration.py::TestCharacterContextIntegration::test_character_application_service_duplicate_name_validation PASSED [  2%]
tests/integration/test_character_context_integration.py::TestCharacterContextIntegration::test_create_character_command_validation PASSED [  2%]
tests/integration/test_character_context_integration.py::TestCharacterContextIntegration::test_character_stats_updates FAILED [  2%]
tests/integration/test_character_context_integration.py::TestCharacterContextIntegration::test_character_level_up FAILED [  2%]
tests/integration/test_character_context_integration.py::TestCharacterContextIntegration::test_character_healing_and_damage FAILED [  2%]
tests/integration/test_character_context_integration.py::TestCharacterContextIntegration::test_character_query_operations FAILED [  2%]
tests/integration/test_character_context_integration.py::TestCharacterContextIntegration::test_character_skills_system FAILED [  2%]
tests/integration/test_character_context_integration.py::TestCharacterContextIntegration::test_character_domain_events FAILED [  2%]
tests/integration/test_character_context_integration.py::TestCharacterContextIntegration::test_character_business_rules FAILED [  2%]
tests/integration/test_character_context_integration.py::TestCharacterContextIntegration::test_character_export_import_data FAILED [  2%]
tests/integration/test_character_context_integration.py::TestCharacterRepositoryIntegration::test_character_orm_models_import PASSED [  2%]
tests/integration/test_character_context_integration.py::TestCharacterRepositoryIntegration::test_sqlalchemy_character_repository_import PASSED [  2%]
tests/integration/test_e2e_turn_orchestration.py::TestTurnOrchestrationE2E::test_complete_turn_orchestration_e2e FAILED [  2%]
tests/integration/test_e2e_turn_orchestration.py::TestTurnOrchestrationE2E::test_turn_orchestration_with_validation_errors FAILED [  2%]
tests/integration/test_e2e_turn_orchestration.py::TestTurnOrchestrationE2E::test_turn_orchestration_async_execution FAILED [  2%]
tests/integration/test_e2e_turn_orchestration.py::TestTurnOrchestrationErrorHandling::test_database_connection_failure PASSED [  2%]
tests/integration/test_e2e_turn_orchestration.py::TestTurnOrchestrationErrorHandling::test_invalid_character_references PASSED [  2%]
tests/integration/test_e2e_turn_orchestration.py::TestTurnOrchestrationErrorHandling::test_concurrent_turn_execution PASSED [  2%]
tests/integration/test_world_api_integration.py::TestWorldAPIIntegration::test_world_router_import FAILED [  3%]
tests/integration/test_world_api_integration.py::TestWorldAPIIntegration::test_world_delta_endpoint_structure FAILED [  3%]
tests/integration/test_world_api_integration.py::TestWorldAPIIntegration::test_world_slice_endpoint_structure FAILED [  3%]
tests/integration/test_world_api_integration.py::TestWorldAPIIntegration::test_world_summary_endpoint_structure FAILED [  3%]
tests/integration/test_world_api_integration.py::TestWorldAPIIntegration::test_world_history_endpoint_structure FAILED [  3%]
tests/integration/test_world_api_integration.py::TestWorldAPIIntegration::test_world_validate_endpoint_structure FAILED [  3%]
tests/integration/test_world_api_integration.py::TestWorldAPIIntegration::test_world_id_parameter_validation PASSED [  3%]
tests/integration/test_world_api_integration.py::TestWorldAPIIntegration::test_world_endpoints_http_methods FAILED [  3%]
tests/integration/test_world_api_integration.py::TestAPIServerIntegration::test_api_server_world_router_integration PASSED [  3%]
tests/performance/test_llm_performance.py::test_async_llm_client_performance PASSED [  3%]
tests/performance/test_llm_performance.py::test_persona_agent_patch PASSED [  3%]
tests/performance/test_llm_performance.py::test_concurrent_agent_performance PASSED [  3%]
tests/security/test_comprehensive_security.py::TestAuthentication::test_jwt_token_validation FAILED [  3%]
tests/security/test_comprehensive_security.py::TestAuthentication::test_password_security_requirements FAILED [  3%]
tests/security/test_comprehensive_security.py::TestAuthentication::test_brute_force_protection FAILED [  3%]
tests/security/test_comprehensive_security.py::TestAuthentication::test_token_expiration FAILED [  3%]
tests/security/test_comprehensive_security.py::TestAuthorization::test_role_based_access_control FAILED [  3%]
tests/security/test_comprehensive_security.py::TestAuthorization::test_permission_escalation_prevention FAILED [  3%]
tests/security/test_comprehensive_security.py::TestInputValidation::test_sql_injection_detection PASSED [  3%]
tests/security/test_comprehensive_security.py::TestInputValidation::test_xss_detection PASSED [  3%]
tests/security/test_comprehensive_security.py::TestInputValidation::test_command_injection_detection PASSED [  3%]
tests/security/test_comprehensive_security.py::TestInputValidation::test_input_sanitization PASSED [  3%]
tests/security/test_comprehensive_security.py::TestRateLimiting::test_rate_limit_enforcement FAILED [  4%]
tests/security/test_comprehensive_security.py::TestRateLimiting::test_ddos_detection FAILED [  4%]
tests/security/test_comprehensive_security.py::TestRateLimiting::test_ip_whitelist FAILED [  4%]
tests/security/test_comprehensive_security.py::TestSecurityHeaders::test_security_headers_configuration FAILED [  4%]
tests/security/test_comprehensive_security.py::TestVulnerabilityAssessment::test_owasp_top_10_protection FAILED [  4%]
tests/security/test_comprehensive_security.py::TestVulnerabilityAssessment::test_information_disclosure_prevention FAILED [  4%]
tests/security/test_comprehensive_security.py::TestVulnerabilityAssessment::test_session_security FAILED [  4%]
tests/security/test_comprehensive_security.py::TestSecurityMonitoring::test_security_event_logging PASSED [  4%]
tests/security/test_comprehensive_security.py::TestSecurityMonitoring::test_audit_trail PASSED [  4%]
tests/security/test_comprehensive_security.py::TestSecurityPerformance::test_rate_limiting_performance FAILED [  4%]
tests/security/test_comprehensive_security.py::TestSecurityPerformance::test_input_validation_performance FAILED [  4%]
tests/security/test_comprehensive_security.py::TestSecurityIntegration::test_end_to_end_security_flow FAILED [  4%]
tests/test_ai_intelligence_integration.py::TestAIIntelligenceIntegration::test_integration_startup_success PASSED [  4%]
tests/test_ai_intelligence_integration.py::TestAIIntelligenceIntegration::test_integration_startup_traditional_only PASSED [  4%]
tests/test_ai_intelligence_integration.py::TestAIIntelligenceIntegration::test_integration_shutdown PASSED [  4%]
tests/test_ai_intelligence_integration.py::TestAIIntelligenceIntegration::test_character_action_processing_traditional FAILED [  4%]
tests/test_ai_intelligence_integration.py::TestAIIntelligenceIntegration::test_character_action_processing_ai_enhanced FAILED [  4%]
tests/test_ai_intelligence_integration.py::TestAIIntelligenceIntegration::test_character_action_fallback_mechanism FAILED [  4%]
tests/test_ai_intelligence_integration.py::TestAIIntelligenceIntegration::test_story_generation_traditional FAILED [  4%]
tests/test_ai_intelligence_integration.py::TestAIIntelligenceIntegration::test_story_generation_ai_enhanced FAILED [  4%]
tests/test_ai_intelligence_integration.py::TestAIIntelligenceIntegration::test_system_status_retrieval PASSED [  4%]
tests/test_ai_intelligence_integration.py::TestAIIntelligenceIntegration::test_performance_tracking PASSED [  4%]
tests/test_ai_intelligence_integration.py::TestAIIntelligenceIntegration::test_error_handling_and_recovery PASSED [  4%]
tests/test_ai_intelligence_integration.py::TestAIIntelligenceIntegration::test_feature_gate_functionality PASSED [  5%]
tests/test_ai_intelligence_integration.py::TestAIIntelligenceIntegration::test_cross_system_event_coordination PASSED [  5%]
tests/test_ai_intelligence_integration.py::TestAIIntelligenceIntegration::test_integration_mode_switching PASSED [  5%]
tests/test_ai_intelligence_integration.py::TestAIIntelligenceIntegration::test_timeout_handling FAILED [  5%]
tests/test_ai_intelligence_integration.py::TestAIIntelligenceIntegration::test_analytics_integration FAILED [  5%]
tests/test_ai_intelligence_integration.py::TestAIIntelligenceIntegration::test_concurrent_operations FAILED [  5%]
tests/test_ai_intelligence_integration.py::TestAIIntelligenceIntegration::test_memory_and_cleanup FAILED [  5%]
tests/test_ai_intelligence_integration.py::TestPerformanceValidation::test_response_time_requirements ERROR [  5%]
tests/test_ai_intelligence_integration.py::TestPerformanceValidation::test_throughput_capacity ERROR [  5%]
tests/test_ai_intelligence_integration.py::TestPerformanceValidation::test_resource_utilization ERROR [  5%]
tests/test_api_endpoints_comprehensive.py::TestHealthEndpoints::test_root_endpoint_returns_storyforge_branding PASSED [  5%]
tests/test_api_endpoints_comprehensive.py::TestHealthEndpoints::test_health_endpoint_basic_functionality PASSED [  5%]
tests/test_api_endpoints_comprehensive.py::TestHealthEndpoints::test_system_status_endpoint PASSED [  5%]
tests/test_api_endpoints_comprehensive.py::TestHealthEndpoints::test_policy_endpoint PASSED [  5%]
tests/test_api_endpoints_comprehensive.py::TestCharacterEndpoints::test_characters_list_returns_generic_characters PASSED [  5%]
tests/test_api_endpoints_comprehensive.py::TestCharacterEndpoints::test_character_detail_pilot PASSED [  5%]
tests/test_api_endpoints_comprehensive.py::TestCharacterEndpoints::test_character_detail_scientist FAILED [  5%]
tests/test_api_endpoints_comprehensive.py::TestCharacterEndpoints::test_character_detail_engineer PASSED [  5%]
tests/test_api_endpoints_comprehensive.py::TestCharacterEndpoints::test_character_detail_nonexistent PASSED [  5%]
tests/test_api_endpoints_comprehensive.py::TestCharacterEndpoints::test_character_detail_legacy_branded_characters PASSED [  5%]
tests/test_api_endpoints_comprehensive.py::TestCharacterEndpoints::test_enhanced_character_endpoint FAILED [  5%]
tests/test_api_endpoints_comprehensive.py::TestSimulationEndpoints::test_simulation_with_generic_characters PASSED [  5%]
tests/test_api_endpoints_comprehensive.py::TestSimulationEndpoints::test_simulation_minimum_characters_validation PASSED [  5%]
tests/test_api_endpoints_comprehensive.py::TestSimulationEndpoints::test_simulation_maximum_characters_validation PASSED [  6%]
tests/test_api_endpoints_comprehensive.py::TestSimulationEndpoints::test_simulation_with_all_generic_characters PASSED [  6%]
tests/test_api_endpoints_comprehensive.py::TestSimulationEndpoints::test_simulation_story_quality FAILED [  6%]
tests/test_api_endpoints_comprehensive.py::TestSimulationEndpoints::test_simulation_with_custom_setting_scenario PASSED [  6%]
tests/test_api_endpoints_comprehensive.py::TestCampaignEndpoints::test_campaigns_list_endpoint PASSED [  6%]
tests/test_api_endpoints_comprehensive.py::TestCampaignEndpoints::test_campaign_creation_with_generic_theme PASSED [  6%]
tests/test_api_endpoints_comprehensive.py::TestErrorHandlingAndEdgeCases::test_invalid_json_request PASSED [  6%]
tests/test_api_endpoints_comprehensive.py::TestErrorHandlingAndEdgeCases::test_missing_required_fields PASSED [  6%]
tests/test_api_endpoints_comprehensive.py::TestErrorHandlingAndEdgeCases::test_empty_character_list PASSED [  6%]
tests/test_api_endpoints_comprehensive.py::TestErrorHandlingAndEdgeCases::test_nonexistent_character_in_simulation PASSED [  6%]
tests/test_api_endpoints_comprehensive.py::TestErrorHandlingAndEdgeCases::test_rate_limiting_compliance PASSED [  6%]
tests/test_api_endpoints_comprehensive.py::TestErrorHandlingAndEdgeCases::test_cors_headers_present PASSED [  6%]
tests/test_api_endpoints_comprehensive.py::TestSecurityAndValidation::test_input_sanitization PASSED [  6%]
tests/test_api_endpoints_comprehensive.py::TestSecurityAndValidation::test_sql_injection_prevention PASSED [  6%]
tests/test_api_endpoints_comprehensive.py::TestSecurityAndValidation::test_excessive_input_length_handling PASSED [  6%]
tests/test_api_endpoints_comprehensive.py::TestPerformanceAndLoad::test_response_time_health_check PASSED [  6%]
tests/test_api_endpoints_comprehensive.py::TestPerformanceAndLoad::test_response_time_character_list PASSED [  6%]
tests/test_api_endpoints_comprehensive.py::TestPerformanceAndLoad::test_simulation_execution_time PASSED [  6%]
tests/test_api_endpoints_comprehensive.py::TestPerformanceAndLoad::test_concurrent_requests_handling PASSED [  6%]
tests/test_api_endpoints_comprehensive.py::TestAPIDocumentation::test_openapi_schema_accessibility PASSED [  6%]
tests/test_api_endpoints_comprehensive.py::TestAPIDocumentation::test_redoc_documentation_accessibility PASSED [  6%]
tests/test_character_system_comprehensive.py::TestCharacterLoading::test_all_generic_characters_loadable PASSED [  6%]
tests/test_character_system_comprehensive.py::TestCharacterLoading::test_character_directory_structure FAILED [  7%]
tests/test_character_system_comprehensive.py::TestCharacterLoading::test_character_metadata_validation FAILED [  7%]
tests/test_character_system_comprehensive.py::TestCharacterLoading::test_no_branded_content_in_characters PASSED [  7%]
tests/test_character_system_comprehensive.py::TestCharacterLoading::test_character_load_error_handling PASSED [  7%]
tests/test_character_system_comprehensive.py::TestCharacterLoading::test_character_context_loading PASSED [  7%]
tests/test_character_system_comprehensive.py::TestGenericCharacterProfiles::test_pilot_character_profile FAILED [  7%]
tests/test_character_system_comprehensive.py::TestGenericCharacterProfiles::test_scientist_character_profile FAILED [  7%]
tests/test_character_system_comprehensive.py::TestGenericCharacterProfiles::test_engineer_character_profile FAILED [  7%]
tests/test_character_system_comprehensive.py::TestGenericCharacterProfiles::test_test_character_profile FAILED [  7%]
tests/test_character_system_comprehensive.py::TestCharacterStatistics::test_combat_stats_validity FAILED [  7%]
tests/test_character_system_comprehensive.py::TestCharacterStatistics::test_psychological_profile_validity FAILED [  7%]
tests/test_character_system_comprehensive.py::TestCharacterStatistics::test_equipment_completeness FAILED [  7%]
tests/test_character_system_comprehensive.py::TestCharacterStatistics::test_character_relationships FAILED [  7%]
tests/test_character_system_comprehensive.py::TestCharacterFactory::test_character_factory_initialization PASSED [  7%]
tests/test_character_system_comprehensive.py::TestCharacterFactory::test_character_creation_validation PASSED [  7%]
tests/test_character_system_comprehensive.py::TestCharacterFactory::test_character_template_validation FAILED [  7%]
tests/test_character_system_comprehensive.py::TestCharacterMemorySystem::test_character_memory_initialization FAILED [  7%]
tests/test_character_system_comprehensive.py::TestCharacterMemorySystem::test_memory_persistence_across_sessions FAILED [  7%]
tests/test_character_system_comprehensive.py::TestCharacterMemorySystem::test_memory_log_format FAILED [  7%]
tests/test_character_system_comprehensive.py::TestCharacterInteractions::test_character_decision_making FAILED [  7%]
tests/test_character_system_comprehensive.py::TestCharacterInteractions::test_character_context_awareness PASSED [  7%]
tests/test_character_system_comprehensive.py::TestCharacterInteractions::test_character_personality_consistency FAILED [  7%]
tests/test_character_system_comprehensive.py::TestCharacterInteractions::test_multi_character_simulation FAILED [  7%]
tests/test_character_system_comprehensive.py::TestPerformanceAndScalability::test_character_loading_performance PASSED [  8%]
tests/test_character_system_comprehensive.py::TestPerformanceAndScalability::test_multiple_character_memory_usage PASSED [  8%]
tests/test_character_system_comprehensive.py::TestPerformanceAndScalability::test_concurrent_character_operations FAILED [  8%]
tests/test_character_system_comprehensive.py::TestCharacterValidation::test_character_data_consistency FAILED [  8%]
tests/test_character_system_comprehensive.py::TestCharacterValidation::test_character_balance_validation FAILED [  8%]
tests/test_character_system_comprehensive.py::TestCharacterValidation::test_sci_fi_theme_consistency FAILED [  8%]
tests/test_data_models.py::TestSacredMemoryItem::test_memory_item_creation_blessed_by_omnissiah PASSED [  8%]
tests/test_data_models.py::TestSacredMemoryItem::test_memory_item_validation_blessed_by_purity PASSED [  8%]
tests/test_data_models.py::TestSacredMemoryItem::test_memory_item_bounds_sanctified_by_constraints PASSED [  8%]
tests/test_data_models.py::TestSacredCharacterIdentity::test_character_identity_creation_blessed_by_essence PASSED [  8%]
tests/test_data_models.py::TestSacredCharacterIdentity::test_character_identity_validation_blessed_by_requirements PASSED [  8%]
tests/test_data_models.py::TestSacredPhysicalCondition::test_physical_condition_creation_blessed_by_health PASSED [  8%]
tests/test_data_models.py::TestSacredPhysicalCondition::test_physical_condition_health_assessment_blessed_by_logic PASSED [  8%]
tests/test_data_models.py::TestSacredEquipmentItem::test_equipment_item_creation_blessed_by_gear PASSED [  8%]
tests/test_data_models.py::TestSacredEquipmentItem::test_equipment_item_validation_blessed_by_naming PASSED [  8%]
tests/test_data_models.py::TestSacredEquipmentItem::test_equipment_item_bounds_sanctified_by_limits PASSED [  8%]
tests/test_data_models.py::TestSacredEquipmentItem::test_equipment_functionality_blessed_by_condition PASSED [  8%]
tests/test_data_models.py::TestSacredEquipmentState::test_equipment_state_creation_blessed_by_inventory PASSED [  8%]
tests/test_data_models.py::TestSacredEquipmentState::test_equipment_combat_effectiveness_blessed_by_calculation PASSED [  8%]
tests/test_data_models.py::TestSacredEquipmentState::test_equipment_empty_combat_blessed_by_fallback PASSED [  8%]
tests/test_data_models.py::TestSacredRelationshipState::test_relationship_creation_blessed_by_bonds PASSED [  8%]
tests/test_data_models.py::TestSacredRelationshipState::test_relationship_validation_blessed_by_requirements PASSED [  8%]
tests/test_data_models.py::TestSacredRelationshipState::test_relationship_bounds_sanctified_by_limits PASSED [  8%]
tests/test_data_models.py::TestSacredRelationshipState::test_relationship_interaction_update_blessed_by_evolution PASSED [  9%]
tests/test_data_models.py::TestSacredCharacterState::test_character_state_creation_blessed_by_completeness PASSED [  9%]
tests/test_data_models.py::TestSacredCharacterState::test_character_combat_readiness_blessed_by_calculation PASSED [  9%]
tests/test_data_models.py::TestSacredDynamicContext::test_dynamic_context_creation_blessed_by_completeness PASSED [  9%]
tests/test_data_models.py::TestSacredDynamicContext::test_dynamic_context_validation_blessed_by_requirements PASSED [  9%]
tests/test_data_models.py::TestSacredDynamicContext::test_dynamic_context_memory_retrieval_blessed_by_filtering PASSED [  9%]
tests/test_data_models.py::TestSacredDynamicContext::test_dynamic_context_json_serialization_blessed_by_persistence PASSED [  9%]
tests/test_data_models.py::TestSacredInteractionStructures::test_character_interaction_creation_blessed_by_events PASSED [  9%]
tests/test_data_models.py::TestSacredInteractionStructures::test_character_interaction_validation_blessed_by_participants PASSED [  9%]
tests/test_data_models.py::TestSacredValidationFunctions::test_validate_blessed_data_model_success PASSED [  9%]
tests/test_data_models.py::TestSacredValidationFunctions::test_validate_blessed_data_model_failure PASSED [  9%]
tests/test_data_models.py::TestSacredPerformance::test_memory_item_creation_performance_blessed_by_speed PASSED [  9%]
tests/test_director_agent.py::TestDirectorAgent::test_handle_agent_action FAILED [  9%]
tests/test_director_agent.py::TestDirectorAgent::test_handle_agent_action_with_no_action FAILED [  9%]
tests/test_director_agent.py::TestDirectorAgent::test_initialization PASSED [  9%]
tests/test_director_agent.py::TestDirectorAgent::test_run_turn_emits_event FAILED [  9%]
tests/test_enhanced_bridge.py::TestBridgeConfiguration::test_default_configuration PASSED [  9%]
tests/test_enhanced_bridge.py::TestBridgeConfiguration::test_custom_configuration FAILED [  9%]
tests/test_enhanced_bridge.py::TestEnhancedMultiAgentBridge::test_bridge_initialization ERROR [  9%]
tests/test_enhanced_bridge.py::TestEnhancedMultiAgentBridge::test_bridge_component_initialization ERROR [  9%]
tests/test_enhanced_bridge.py::TestEnhancedMultiAgentBridge::test_enhanced_turn_execution_no_agents ERROR [  9%]
tests/test_enhanced_bridge.py::TestEnhancedMultiAgentBridge::test_enhanced_turn_execution_with_agents ERROR [  9%]
tests/test_enhanced_bridge.py::TestEnhancedMultiAgentBridge::test_request_priority_determination ERROR [  9%]
tests/test_enhanced_bridge.py::TestEnhancedMultiAgentBridge::test_bridge_status ERROR [ 10%]
tests/test_enhanced_bridge.py::TestEnhancedMultiAgentBridge::test_execution_time_calculation ERROR [ 10%]
tests/test_enhanced_bridge.py::TestEnhancedMultiAgentBridge::test_bridge_shutdown ERROR [ 10%]
tests/test_enhanced_bridge.py::TestEnhancedMultiAgentBridge::test_context_building ERROR [ 10%]
tests/test_enhanced_bridge.py::TestBridgeFactory::test_create_enhanced_bridge_success FAILED [ 10%]
tests/test_enhanced_bridge.py::TestBridgeFactory::test_create_enhanced_bridge_failure FAILED [ 10%]
tests/test_enhanced_bridge.py::TestBridgeIntegration::test_dialogue_manager_integration FAILED [ 10%]
tests/test_enhanced_bridge.py::TestBridgeIntegration::test_performance_monitoring FAILED [ 10%]
tests/test_error_handler.py::TestErrorContext::test_error_context_creation PASSED [ 10%]
tests/test_error_handler.py::TestCentralizedErrorHandler::test_error_handler_initialization PASSED [ 10%]
tests/test_error_handler.py::TestCentralizedErrorHandler::test_error_handling_basic PASSED [ 10%]
tests/test_error_handler.py::TestCentralizedErrorHandler::test_error_severity_detection PASSED [ 10%]
tests/test_error_handler.py::TestCentralizedErrorHandler::test_error_category_detection PASSED [ 10%]
tests/test_error_handler.py::TestCentralizedErrorHandler::test_recovery_strategy_selection PASSED [ 10%]
tests/test_error_handler.py::TestCentralizedErrorHandler::test_error_recovery_retry PASSED [ 10%]
tests/test_error_handler.py::TestCentralizedErrorHandler::test_error_deduplication PASSED [ 10%]
tests/test_error_handler.py::TestCentralizedErrorHandler::test_error_statistics PASSED [ 10%]
tests/test_error_handler.py::TestCentralizedErrorHandler::test_circuit_breaker PASSED [ 10%]
tests/test_error_handler.py::TestGlobalErrorHandler::test_global_error_handler PASSED [ 10%]
tests/test_event_bus.py::TestEventBus::test_callback_exception_handling PASSED [ 10%]
tests/test_event_bus.py::TestEventBus::test_emit_to_unsubscribed_event PASSED [ 10%]
tests/test_event_bus.py::TestEventBus::test_multiple_subscribers PASSED  [ 10%]
tests/test_event_bus.py::TestEventBus::test_subscribe_and_emit PASSED    [ 11%]
tests/test_event_integration.py::TestEventIntegration::test_full_turn_event_flow FAILED [ 11%]
tests/test_foundation.py::TestLegalFoundation::test_legal_file_exists PASSED [ 11%]
tests/test_foundation.py::TestLegalFoundation::test_legal_file_content PASSED [ 11%]
tests/test_foundation.py::TestLegalFoundation::test_legal_fan_mode_compliance PASSED [ 11%]
tests/test_foundation.py::TestLegalFoundation::test_notice_file_exists PASSED [ 11%]
tests/test_foundation.py::TestLegalFoundation::test_notice_file_content PASSED [ 11%]
tests/test_foundation.py::TestConfigurationFoundation::test_settings_yaml_exists PASSED [ 11%]
tests/test_foundation.py::TestConfigurationFoundation::test_settings_yaml_valid_syntax PASSED [ 11%]
tests/test_foundation.py::TestConfigurationFoundation::test_settings_yaml_required_sections PASSED [ 11%]
tests/test_foundation.py::TestConfigurationFoundation::test_legal_settings_configuration PASSED [ 11%]
tests/test_foundation.py::TestConfigurationFoundation::test_simulation_engine_settings PASSED [ 11%]
tests/test_foundation.py::TestDocumentationFoundation::test_adrs_directory_exists PASSED [ 11%]
tests/test_foundation.py::TestDocumentationFoundation::test_adrs_readme_exists PASSED [ 11%]
tests/test_foundation.py::TestDocumentationFoundation::test_core_adrs_exist PASSED [ 11%]
tests/test_foundation.py::TestDocumentationFoundation::test_developer_documentation_exists PASSED [ 11%]
tests/test_foundation.py::TestProjectStructure::test_directory_structure PASSED [ 11%]
tests/test_foundation.py::TestProjectStructure::test_private_directory_structure PASSED [ 11%]
tests/test_foundation.py::TestProjectStructure::test_file_permissions_security PASSED [ 11%]
tests/test_foundation.py::TestProjectStructure::test_readme_legal_disclaimer PASSED [ 11%]
tests/test_foundation.py::TestComplianceValidation::test_fan_mode_registry_structure PASSED [ 11%]
tests/test_foundation.py::TestComplianceValidation::test_ip_protection_mechanisms PASSED [ 11%]
tests/test_foundation.py::TestComplianceValidation::test_dmca_compliance_documentation PASSED [ 11%]
tests/test_integration_complete.py::TestCompleteSystemIntegration::test_iron_laws_integration ERROR [ 12%]
tests/test_integration_complete.py::TestCompleteSystemIntegration::test_state_hashing_integration SKIPPED [ 12%]
tests/test_integration_complete.py::TestCompleteSystemIntegration::test_semantic_caching_integration SKIPPED [ 12%]
tests/test_integration_complete.py::TestCompleteSystemIntegration::test_token_budget_integration SKIPPED [ 12%]
tests/test_integration_complete.py::TestCompleteSystemIntegration::test_evaluation_system_integration PASSED [ 12%]
tests/test_integration_complete.py::TestCompleteSystemIntegration::test_end_to_end_integration SKIPPED [ 12%]
tests/test_integration_complete.py::TestCompleteSystemIntegration::test_performance_integration SKIPPED [ 12%]
tests/test_integration_comprehensive.py::TestFullSystemIntegration::test_end_to_end_simulation_workflow FAILED [ 12%]
tests/test_integration_comprehensive.py::TestFullSystemIntegration::test_character_detail_to_simulation_integration PASSED [ 12%]
tests/test_integration_comprehensive.py::TestFullSystemIntegration::test_system_health_to_functionality_integration PASSED [ 12%]
tests/test_integration_comprehensive.py::TestFullSystemIntegration::test_multi_user_concurrent_simulation FAILED [ 12%]
tests/test_integration_comprehensive.py::TestAPIBackendIntegration::test_api_character_loading_backend_integration FAILED [ 12%]
tests/test_integration_comprehensive.py::TestAPIBackendIntegration::test_api_error_handling_backend_integration PASSED [ 12%]
tests/test_integration_comprehensive.py::TestAPIBackendIntegration::test_api_validation_backend_consistency PASSED [ 12%]
tests/test_integration_comprehensive.py::TestCharacterSimulationIntegration::test_character_loading_simulation_execution FAILED [ 12%]
tests/test_integration_comprehensive.py::TestCharacterSimulationIntegration::test_character_attributes_simulation_behavior FAILED [ 12%]
tests/test_integration_comprehensive.py::TestCharacterSimulationIntegration::test_multi_character_interaction_simulation FAILED [ 12%]
tests/test_integration_comprehensive.py::TestStoryGenerationPipeline::test_simulation_to_story_pipeline FAILED [ 12%]
tests/test_integration_comprehensive.py::TestStoryGenerationPipeline::test_character_context_story_integration FAILED [ 12%]
tests/test_integration_comprehensive.py::TestStoryGenerationPipeline::test_narrative_style_story_consistency FAILED [ 12%]
tests/test_integration_comprehensive.py::TestMultiComponentWorkflows::test_character_creation_to_simulation_workflow FAILED [ 12%]
tests/test_integration_comprehensive.py::TestMultiComponentWorkflows::test_error_recovery_multi_component_workflow FAILED [ 12%]
tests/test_integration_comprehensive.py::TestMultiComponentWorkflows::test_performance_multi_component_integration FAILED [ 12%]
tests/test_integration_comprehensive.py::TestPerformanceIntegration::test_concurrent_api_backend_performance PASSED [ 13%]
tests/test_integration_comprehensive.py::TestPerformanceIntegration::test_memory_usage_integration FAILED [ 13%]
tests/test_integration_comprehensive.py::TestErrorPropagationAndRecovery::test_character_loading_error_propagation PASSED [ 13%]
tests/test_integration_comprehensive.py::TestErrorPropagationAndRecovery::test_simulation_error_recovery_integration PASSED [ 13%]
tests/test_integration_comprehensive.py::TestErrorPropagationAndRecovery::test_story_generation_error_handling_integration FAILED [ 13%]
tests/test_integration_comprehensive.py::TestSecurityValidationIntegration::test_input_validation_api_to_backend PASSED [ 13%]
tests/test_integration_comprehensive.py::TestSecurityValidationIntegration::test_brand_content_validation_integration FAILED [ 13%]
tests/test_integration_comprehensive.py::TestSecurityValidationIntegration::test_data_integrity_across_components PASSED [ 13%]
tests/test_iron_laws.py::TestIronLawsValidation::test_iron_laws_validation_core ERROR [ 13%]
tests/test_iron_laws.py::TestIronLawsValidation::test_causality_law_validation ERROR [ 13%]
tests/test_iron_laws.py::TestIronLawsValidation::test_resource_law_validation ERROR [ 13%]
tests/test_iron_laws.py::TestIronLawsValidation::test_physics_law_validation ERROR [ 13%]
tests/test_iron_laws.py::TestIronLawsValidation::test_narrative_law_validation ERROR [ 13%]
tests/test_iron_laws.py::TestIronLawsValidation::test_social_law_validation ERROR [ 13%]
tests/test_iron_laws.py::TestIronLawsRepairSystem::test_causality_repair ERROR [ 13%]
tests/test_iron_laws.py::TestIronLawsRepairSystem::test_resource_repair ERROR [ 13%]
tests/test_iron_laws.py::TestIronLawsRepairSystem::test_physics_repair ERROR [ 13%]
tests/test_iron_laws.py::TestIronLawsRepairSystem::test_narrative_repair ERROR [ 13%]
tests/test_iron_laws.py::TestIronLawsRepairSystem::test_social_repair ERROR [ 13%]
tests/test_iron_laws.py::TestIronLawsRepairSystem::test_comprehensive_repair_attempt ERROR [ 13%]
tests/test_iron_laws.py::TestIronLawsHelperMethods::test_group_violations_by_law ERROR [ 13%]
tests/test_iron_laws.py::TestIronLawsHelperMethods::test_get_current_world_context ERROR [ 13%]
tests/test_iron_laws.py::TestIronLawsHelperMethods::test_determine_overall_validation_result ERROR [ 14%]
tests/test_iron_laws.py::TestIronLawsHelperMethods::test_calculate_action_stamina_cost ERROR [ 14%]
tests/test_iron_laws.py::TestIronLawsIntegration::test_iron_laws_during_turn_processing ERROR [ 14%]
tests/test_iron_laws.py::TestIronLawsIntegration::test_iron_laws_error_handling ERROR [ 14%]
tests/test_iron_laws.py::TestIronLawsIntegration::test_iron_laws_performance_tracking ERROR [ 14%]
tests/test_iron_laws.py::TestIronLawsEdgeCases::test_invalid_action_handling ERROR [ 14%]
tests/test_iron_laws.py::TestIronLawsEdgeCases::test_malformed_character_data_handling ERROR [ 14%]
tests/test_iron_laws.py::TestIronLawsEdgeCases::test_resource_calculation_edge_cases ERROR [ 14%]
tests/test_iron_laws.py::TestIronLawsEdgeCases::test_repair_system_edge_cases ERROR [ 14%]
tests/test_llm_integration.py::TestLLMIntegration::test_llm_decision_making_handles_api_failure_and_uses_fallback FAILED [ 14%]
tests/test_llm_integration.py::TestLLMIntegration::test_llm_decision_making_handles_invalid_response FAILED [ 14%]
tests/test_llm_integration.py::TestLLMIntegration::test_llm_decision_making_handles_observe_action FAILED [ 14%]
tests/test_llm_integration.py::TestLLMIntegration::test_llm_decision_making_returns_action FAILED [ 14%]
tests/test_llm_integration.py::TestLLMIntegration::test_llm_uses_fallback_when_no_api_key FAILED [ 14%]
tests/test_logging_system.py::TestLogContext::test_log_context_creation PASSED [ 14%]
tests/test_logging_system.py::TestLogContext::test_log_context_with_values PASSED [ 14%]
tests/test_logging_system.py::TestStructuredLogger::test_structured_logger_initialization PASSED [ 14%]
tests/test_logging_system.py::TestStructuredLogger::test_context_management PASSED [ 14%]
tests/test_logging_system.py::TestStructuredLogger::test_basic_logging PASSED [ 14%]
tests/test_logging_system.py::TestStructuredLogger::test_logging_with_context PASSED [ 14%]
tests/test_logging_system.py::TestStructuredLogger::test_error_logging PASSED [ 14%]
tests/test_logging_system.py::TestStructuredLogger::test_performance_tracking PASSED [ 14%]
tests/test_logging_system.py::TestStructuredLogger::test_performance_context_manager PASSED [ 14%]
tests/test_logging_system.py::TestStructuredLogger::test_audit_logging PASSED [ 15%]
tests/test_logging_system.py::TestStructuredLogger::test_security_logging PASSED [ 15%]
tests/test_logging_system.py::TestStructuredLogger::test_logger_statistics PASSED [ 15%]
tests/test_logging_system.py::TestPerformanceTracker::test_performance_tracker_creation PASSED [ 15%]
tests/test_logging_system.py::TestPerformanceTracker::test_performance_tracker_metrics PASSED [ 15%]
tests/test_logging_system.py::TestStructuredFormatter::test_json_formatter PASSED [ 15%]
tests/test_logging_system.py::TestStructuredFormatter::test_readable_formatter PASSED [ 15%]
tests/test_logging_system.py::TestStructuredFormatter::test_formatter_with_none_component PASSED [ 15%]
tests/test_logging_system.py::TestLoggerFactory::test_get_logger PASSED  [ 15%]
tests/test_logging_system.py::TestLoggerFactory::test_configure_defaults PASSED [ 15%]
tests/test_performance_optimizations.py::TestWebSocketOptimizations::test_connection_pool_creation PASSED [ 15%]
tests/test_performance_optimizations.py::TestWebSocketOptimizations::test_connection_pool_add_remove PASSED [ 15%]
tests/test_performance_optimizations.py::TestWebSocketOptimizations::test_connection_pool_cleanup PASSED [ 15%]
tests/test_performance_optimizations.py::TestWebSocketOptimizations::test_story_generation_api_semaphore FAILED [ 15%]
tests/test_performance_optimizations.py::TestWebSocketOptimizations::test_optimized_progress_broadcast PASSED [ 15%]
tests/test_performance_optimizations.py::TestPerformanceCache::test_memory_cache_basic_operations PASSED [ 15%]
tests/test_performance_optimizations.py::TestPerformanceCache::test_cache_ttl_expiration PASSED [ 15%]
tests/test_performance_optimizations.py::TestPerformanceCache::test_cache_levels_and_eviction PASSED [ 15%]
tests/test_performance_optimizations.py::TestPerformanceCache::test_cache_statistics PASSED [ 15%]
tests/test_performance_optimizations.py::TestPerformanceCache::test_cache_invalidation_patterns PASSED [ 15%]
tests/test_performance_optimizations.py::TestIntegratedPerformance::test_concurrent_story_generations PASSED [ 15%]
tests/test_performance_optimizations.py::TestIntegratedPerformance::test_memory_usage_efficiency PASSED [ 15%]
tests/test_performance_optimizations.py::TestIntegratedPerformance::test_websocket_connection_resilience PASSED [ 15%]
tests/test_performance_optimizations.py::TestFrontendOptimizations::test_api_cache_deduplication PASSED [ 16%]
tests/test_performance_optimizations.py::TestFrontendOptimizations::test_mobile_responsive_behavior PASSED [ 16%]
tests/test_persona_agent.py::TestPersonaAgent::test_handle_turn_start_emits_action FAILED [ 16%]
tests/test_persona_agent.py::TestPersonaAgent::test_handle_turn_start_with_no_action FAILED [ 16%]
tests/test_persona_agent.py::TestPersonaAgent::test_initialization_subscribes_to_turn_start FAILED [ 16%]
tests/test_persona_agent.py::TestPersonaAgentCharacterLoading::test_character_properties FAILED [ 16%]
tests/test_persona_agent.py::TestPersonaAgentCharacterLoading::test_derive_agent_id_from_path FAILED [ 16%]
tests/test_persona_agent.py::TestPersonaAgentCharacterLoading::test_estimate_trait_strength FAILED [ 16%]
tests/test_persona_agent.py::TestPersonaAgentCharacterLoading::test_load_character_context_missing_directory FAILED [ 16%]
tests/test_persona_agent.py::TestPersonaAgentCharacterLoading::test_load_character_context_success FAILED [ 16%]
tests/test_persona_agent.py::TestPersonaAgentCharacterLoading::test_parse_character_sheet_content FAILED [ 16%]
tests/test_persona_agent.py::TestPersonaAgentCharacterLoading::test_read_cached_file FAILED [ 16%]
tests/test_persona_agent.py::TestPersonaAgentDecisionMaking::test_assess_current_situation FAILED [ 16%]
tests/test_persona_agent.py::TestPersonaAgentDecisionMaking::test_assess_threat_levels FAILED [ 16%]
tests/test_persona_agent.py::TestPersonaAgentDecisionMaking::test_decision_weight_application FAILED [ 16%]
tests/test_persona_agent.py::TestPersonaAgentDecisionMaking::test_evaluate_action_option FAILED [ 16%]
tests/test_persona_agent.py::TestPersonaAgentDecisionMaking::test_identify_available_actions FAILED [ 16%]
tests/test_persona_agent.py::TestPersonaAgentDecisionMaking::test_make_decision_ai_fallback FAILED [ 16%]
tests/test_persona_agent.py::TestPersonaAgentDecisionMaking::test_make_decision_with_world_state FAILED [ 16%]
tests/test_persona_agent.py::TestPersonaAgentDecisionMaking::test_parse_llm_response FAILED [ 16%]
tests/test_persona_agent.py::TestPersonaAgentWorldInterpretation::test_memory_integration FAILED [ 16%]
tests/test_persona_agent.py::TestPersonaAgentWorldInterpretation::test_subjective_worldview_initialization FAILED [ 16%]
tests/test_persona_agent.py::TestPersonaAgentWorldInterpretation::test_world_event_processing FAILED [ 16%]
tests/test_persona_agent.py::TestPersonaAgentAIIntegration::test_ai_query_with_valid_api_key FAILED [ 17%]
tests/test_persona_agent.py::TestPersonaAgentAIIntegration::test_ai_query_without_api_key FAILED [ 17%]
tests/test_persona_agent.py::TestPersonaAgentAIIntegration::test_api_error_handling FAILED [ 17%]
tests/test_persona_agent.py::TestPersonaAgentMemoryAndEvolution::test_long_term_memory_consolidation FAILED [ 17%]
tests/test_persona_agent.py::TestPersonaAgentMemoryAndEvolution::test_morale_and_status_tracking FAILED [ 17%]
tests/test_persona_agent.py::TestPersonaAgentMemoryAndEvolution::test_relationship_evolution FAILED [ 17%]
tests/test_persona_agent.py::TestPersonaAgentMemoryAndEvolution::test_short_term_memory_management FAILED [ 17%]
tests/test_persona_core.py::TestAgentIdentity::test_agent_identity_creation PASSED [ 17%]
tests/test_persona_core.py::TestAgentIdentity::test_agent_identity_defaults FAILED [ 17%]
tests/test_persona_core.py::TestPersonaCore::test_persona_core_initialization FAILED [ 17%]
tests/test_persona_core.py::TestPersonaCore::test_persona_core_activation FAILED [ 17%]
tests/test_persona_core.py::TestPersonaCore::test_persona_core_file_operations FAILED [ 17%]
tests/test_persona_core.py::TestPersonaCore::test_persona_core_status FAILED [ 17%]
tests/test_persona_core.py::TestPersonaCore::test_persona_core_error_handling FAILED [ 17%]
tests/test_persona_core.py::TestPersonaCore::test_persona_core_component_integration FAILED [ 17%]
tests/test_persona_core.py::TestPersonaCoreIntegration::test_event_bus_integration FAILED [ 17%]
tests/test_quality_framework.py::TestDataModels::test_character_creation PASSED [ 17%]
tests/test_quality_framework.py::TestDataModels::test_character_validation PASSED [ 17%]
tests/test_quality_framework.py::TestDataModels::test_world_state_creation FAILED [ 17%]
tests/test_quality_framework.py::TestDataModels::test_action_result_creation PASSED [ 17%]
tests/test_quality_framework.py::TestDataModels::test_campaign_state_creation PASSED [ 17%]
tests/test_quality_framework.py::TestSystemOrchestrator::test_orchestrator_initialization PASSED [ 17%]
tests/test_quality_framework.py::TestSystemOrchestrator::test_orchestrator_startup PASSED [ 18%]
tests/test_quality_framework.py::TestSystemOrchestrator::test_orchestrator_shutdown PASSED [ 18%]
tests/test_quality_framework.py::TestEventBus::test_event_bus_initialization PASSED [ 18%]
tests/test_quality_framework.py::TestEventBus::test_event_subscription_and_publishing PASSED [ 18%]
tests/test_quality_framework.py::TestEventBus::test_event_unsubscription PASSED [ 18%]
tests/test_quality_framework.py::TestContextDatabase::test_database_initialization PASSED [ 18%]
tests/test_quality_framework.py::TestContextDatabase::test_database_schema_creation PASSED [ 18%]
tests/test_quality_framework.py::TestContextDatabase::test_context_storage_and_retrieval PASSED [ 18%]
tests/test_quality_framework.py::TestPersonaAgent::test_persona_agent_initialization PASSED [ 18%]
tests/test_quality_framework.py::TestPersonaAgent::test_persona_agent_decision_making PASSED [ 18%]
tests/test_quality_framework.py::TestPersonaAgent::test_persona_agent_skill_check PASSED [ 18%]
tests/test_quality_framework.py::TestDirectorAgent::test_director_agent_initialization PASSED [ 18%]
tests/test_quality_framework.py::TestDirectorAgent::test_director_agent_turn_processing PASSED [ 18%]
tests/test_quality_framework.py::TestDirectorAgent::test_director_agent_narrative_generation PASSED [ 18%]
tests/test_quality_framework.py::TestSharedTypes::test_shared_types_availability PASSED [ 18%]
tests/test_quality_framework.py::TestSharedTypes::test_action_type_enumeration PASSED [ 18%]
tests/test_quality_framework.py::TestSharedTypes::test_decision_type_enumeration PASSED [ 18%]
tests/test_quality_framework.py::TestIntegrationScenarios::test_full_system_startup_and_shutdown PASSED [ 18%]
tests/test_quality_framework.py::TestIntegrationScenarios::test_character_interaction_workflow FAILED [ 18%]
tests/test_quality_framework.py::TestIntegrationScenarios::test_narrative_generation_pipeline PASSED [ 18%]
tests/test_quality_framework.py::TestErrorHandling::test_invalid_character_data_handling PASSED [ 18%]
tests/test_quality_framework.py::TestErrorHandling::test_malformed_world_state_handling FAILED [ 18%]
tests/test_quality_framework.py::TestErrorHandling::test_database_connection_failure_handling PASSED [ 18%]
tests/test_quality_framework.py::TestErrorHandling::test_event_bus_error_propagation PASSED [ 19%]
tests/test_quality_framework.py::TestPerformanceRequirements::test_character_creation_performance PASSED [ 19%]
tests/test_quality_framework.py::TestPerformanceRequirements::test_event_processing_performance PASSED [ 19%]
tests/test_quality_framework.py::TestSecurityRequirements::test_input_sanitization PASSED [ 19%]
tests/test_quality_framework.py::TestSecurityRequirements::test_data_validation_boundaries PASSED [ 19%]
tests/test_quality_framework.py::TestSecurityRequirements::test_configuration_security PASSED [ 19%]
tests/test_schemas.py::TestEnumTypes::test_action_type_values PASSED     [ 19%]
tests/test_schemas.py::TestEnumTypes::test_entity_type_values PASSED     [ 19%]
tests/test_schemas.py::TestEnumTypes::test_validation_result_values PASSED [ 19%]
tests/test_schemas.py::TestEnumTypes::test_fog_of_war_channel_values PASSED [ 19%]
tests/test_schemas.py::TestEnumTypes::test_simulation_phase_values PASSED [ 19%]
tests/test_schemas.py::TestSpatialTypes::test_position_creation_valid PASSED [ 19%]
tests/test_schemas.py::TestSpatialTypes::test_position_defaults PASSED   [ 19%]
tests/test_schemas.py::TestSpatialTypes::test_position_facing_validation PASSED [ 19%]
tests/test_schemas.py::TestSpatialTypes::test_position_accuracy_validation PASSED [ 19%]
tests/test_schemas.py::TestSpatialTypes::test_bounding_box_valid PASSED  [ 19%]
tests/test_schemas.py::TestSpatialTypes::test_bounding_box_validation_errors PASSED [ 19%]
tests/test_schemas.py::TestSpatialTypes::test_area_creation PASSED       [ 19%]
tests/test_schemas.py::TestResourceTypes::test_resource_value_valid PASSED [ 19%]
tests/test_schemas.py::TestResourceTypes::test_resource_value_validation PASSED [ 19%]
tests/test_schemas.py::TestResourceTypes::test_resource_value_percentage_calculation PASSED [ 19%]
tests/test_schemas.py::TestResourceTypes::test_equipment_creation PASSED [ 19%]
tests/test_schemas.py::TestResourceTypes::test_equipment_defaults PASSED [ 19%]
tests/test_schemas.py::TestResourceTypes::test_equipment_validation PASSED [ 20%]
tests/test_schemas.py::TestCharacterTypes::test_character_stats_valid PASSED [ 20%]
tests/test_schemas.py::TestCharacterTypes::test_character_stats_validation PASSED [ 20%]
tests/test_schemas.py::TestCharacterTypes::test_character_resources_creation PASSED [ 20%]
tests/test_schemas.py::TestCharacterTypes::test_character_state_defaults PASSED [ 20%]
tests/test_schemas.py::TestCharacterTypes::test_character_state_validation PASSED [ 20%]
tests/test_schemas.py::TestCharacterTypes::test_character_data_full_creation PASSED [ 20%]
tests/test_schemas.py::TestActionTypes::test_action_target_creation PASSED [ 20%]
tests/test_schemas.py::TestActionTypes::test_action_parameters_defaults PASSED [ 20%]
tests/test_schemas.py::TestActionTypes::test_action_parameters_validation PASSED [ 20%]
tests/test_schemas.py::TestActionTypes::test_proposed_action_creation PASSED [ 20%]
tests/test_schemas.py::TestActionTypes::test_proposed_action_confidence_validation PASSED [ 20%]
tests/test_schemas.py::TestActionTypes::test_validated_action_creation PASSED [ 20%]
tests/test_schemas.py::TestIronLawsTypes::test_iron_laws_violation_creation PASSED [ 20%]
tests/test_schemas.py::TestIronLawsTypes::test_iron_laws_report_creation PASSED [ 20%]
tests/test_schemas.py::TestIronLawsTypes::test_iron_laws_report_properties PASSED [ 20%]
tests/test_schemas.py::TestWorldStateTypes::test_world_entity_creation PASSED [ 20%]
tests/test_schemas.py::TestWorldStateTypes::test_environmental_condition_creation PASSED [ 20%]
tests/test_schemas.py::TestWorldStateTypes::test_world_state_creation PASSED [ 20%]
tests/test_schemas.py::TestWorldStateTypes::test_world_state_utility_methods PASSED [ 20%]
tests/test_schemas.py::TestFogOfWarTypes::test_information_source_creation PASSED [ 20%]
tests/test_schemas.py::TestFogOfWarTypes::test_information_fragment_creation PASSED [ 20%]
tests/test_schemas.py::TestFogOfWarTypes::test_fog_of_war_filter_creation PASSED [ 21%]
tests/test_schemas.py::TestFogOfWarTypes::test_filtered_world_view_creation PASSED [ 21%]
tests/test_schemas.py::TestTurnBriefTypes::test_knowledge_fragment_creation PASSED [ 21%]
tests/test_schemas.py::TestTurnBriefTypes::test_contextual_prompt_creation PASSED [ 21%]
tests/test_schemas.py::TestTurnBriefTypes::test_contextual_prompt_compilation PASSED [ 21%]
tests/test_schemas.py::TestTurnBriefTypes::test_turn_brief_creation PASSED [ 21%]
tests/test_schemas.py::TestSimulationTypes::test_simulation_config_defaults PASSED [ 21%]
tests/test_schemas.py::TestSimulationTypes::test_simulation_config_validation PASSED [ 21%]
tests/test_schemas.py::TestSimulationTypes::test_simulation_state_creation PASSED [ 21%]
tests/test_schemas.py::TestSimulationTypes::test_turn_result_creation PASSED [ 21%]
tests/test_schemas.py::TestAPITypes::test_api_response_success PASSED    [ 21%]
tests/test_schemas.py::TestAPITypes::test_api_response_error PASSED      [ 21%]
tests/test_schemas.py::TestAPITypes::test_system_status_creation PASSED  [ 21%]
tests/test_schemas.py::TestAPITypes::test_system_status_validation PASSED [ 21%]
tests/test_schemas.py::TestPerformanceTypes::test_cache_entry_creation PASSED [ 21%]
tests/test_schemas.py::TestPerformanceTypes::test_cache_entry_expiration PASSED [ 21%]
tests/test_schemas.py::TestPerformanceTypes::test_performance_metrics_creation PASSED [ 21%]
tests/test_schemas.py::TestPerformanceTypes::test_performance_metrics_validation PASSED [ 21%]
tests/test_schemas.py::TestConsistencyTypes::test_state_hash_creation PASSED [ 21%]
tests/test_schemas.py::TestConsistencyTypes::test_state_hash_validation PASSED [ 21%]
tests/test_schemas.py::TestConsistencyTypes::test_consistency_check_creation PASSED [ 21%]
tests/test_schemas.py::TestModelRegistry::test_model_registry_contains_expected_models PASSED [ 21%]
tests/test_schemas.py::TestModelRegistry::test_model_registry_types_are_pydantic_models PASSED [ 21%]
tests/test_schemas.py::TestModelRegistry::test_model_creation_from_registry PASSED [ 22%]
tests/test_schemas.py::TestJSONSerialization::test_character_data_json_roundtrip PASSED [ 22%]
tests/test_schemas.py::TestJSONSerialization::test_world_state_json_serialization PASSED [ 22%]
tests/test_schemas.py::TestJSONSerialization::test_iron_laws_report_json_serialization PASSED [ 22%]
tests/test_security_framework.py::TestSecurityService::test_user_registration FAILED [ 22%]
tests/test_security_framework.py::TestSecurityService::test_duplicate_user_registration FAILED [ 22%]
tests/test_security_framework.py::TestSecurityService::test_user_authentication FAILED [ 22%]
tests/test_security_framework.py::TestSecurityService::test_account_lockout FAILED [ 22%]
tests/test_security_framework.py::TestSecurityService::test_token_creation_and_refresh FAILED [ 22%]
tests/test_security_framework.py::TestSecurityService::test_role_permissions PASSED [ 22%]
tests/test_security_framework.py::TestSecurityService::test_api_key_generation FAILED [ 22%]
tests/test_security_framework.py::TestInputValidator::test_sql_injection_detection PASSED [ 22%]
tests/test_security_framework.py::TestInputValidator::test_xss_detection PASSED [ 22%]
tests/test_security_framework.py::TestInputValidator::test_command_injection_detection PASSED [ 22%]
tests/test_security_framework.py::TestInputValidator::test_path_traversal_detection PASSED [ 22%]
tests/test_security_framework.py::TestInputValidator::test_valid_input_passes FAILED [ 22%]
tests/test_security_framework.py::TestInputValidator::test_json_validation PASSED [ 22%]
tests/test_security_framework.py::TestRateLimiter::test_rate_limiting_allows_normal_requests FAILED [ 22%]
tests/test_security_framework.py::TestRateLimiter::test_rate_limiting_blocks_excessive_requests PASSED [ 22%]
tests/test_security_framework.py::TestRateLimiter::test_threat_detection FAILED [ 22%]
tests/test_security_framework.py::TestRateLimiter::test_ip_blacklist PASSED [ 22%]
tests/test_security_framework.py::TestRateLimiter::test_ip_whitelist PASSED [ 22%]
tests/test_security_framework.py::TestSecurityHeaders::test_csp_header_construction PASSED [ 22%]
tests/test_security_framework.py::TestSecurityHeaders::test_security_headers_application PASSED [ 23%]
tests/test_security_framework.py::TestSecurityHeaders::test_hsts_header_construction PASSED [ 23%]
tests/test_security_framework.py::TestSecurityHeaders::test_permissions_policy_construction PASSED [ 23%]
tests/test_security_framework.py::TestDataProtection::test_encryption_service PASSED [ 23%]
tests/test_security_framework.py::TestDataProtection::test_dictionary_encryption PASSED [ 23%]
tests/test_security_framework.py::TestDataProtection::test_consent_management FAILED [ 23%]
tests/test_security_framework.py::TestDataProtection::test_data_encryption_by_type FAILED [ 23%]
tests/test_security_framework.py::TestDataProtection::test_data_retention_scheduling FAILED [ 23%]
tests/test_security_framework.py::TestSecurityLogging::test_security_event_logging FAILED [ 23%]
tests/test_security_framework.py::TestSecurityLogging::test_security_statistics FAILED [ 23%]
tests/test_security_framework.py::TestSecurityLogging::test_threat_detection_logging FAILED [ 23%]
tests/test_security_framework.py::TestIntegratedSecurity::test_end_to_end_security_flow PASSED [ 23%]
tests/test_security_framework.py::TestIntegratedSecurity::test_security_middleware_integration PASSED [ 23%]
tests/test_security_framework.py::test_performance_under_load FAILED     [ 23%]
tests/test_startup_guards.py::TestStartupGuard::test_startup_guard_initialization PASSED [ 23%]
tests/test_startup_guards.py::TestStartupGuard::test_validate_configuration_success PASSED [ 23%]
tests/test_startup_guards.py::TestStartupGuard::test_validate_configuration_missing_file PASSED [ 23%]
tests/test_startup_guards.py::TestStartupGuard::test_validate_configuration_invalid_yaml PASSED [ 23%]
tests/test_startup_guards.py::TestStartupGuard::test_validate_configuration_missing_sections PASSED [ 23%]
tests/test_startup_guards.py::TestStartupGuard::test_validate_configuration_iron_laws_disabled PASSED [ 23%]
tests/test_startup_guards.py::TestStartupGuard::test_validate_legal_compliance_success PASSED [ 23%]
tests/test_startup_guards.py::TestStartupGuard::test_validate_legal_compliance_missing_legal_file PASSED [ 23%]
tests/test_startup_guards.py::TestStartupGuard::test_validate_legal_compliance_missing_notice_file PASSED [ 23%]
tests/test_startup_guards.py::TestStartupGuard::test_validate_legal_compliance_fan_mode_registry_creation PASSED [ 24%]
tests/test_startup_guards.py::TestStartupGuard::test_validate_file_structure_creates_directories FAILED [ 24%]
tests/test_startup_guards.py::TestStartupGuard::test_validate_file_structure_missing_required_files PASSED [ 24%]
tests/test_startup_guards.py::TestStartupGuard::test_validate_file_structure_creates_private_gitignore PASSED [ 24%]
tests/test_startup_guards.py::TestStartupGuard::test_validate_external_dependencies_missing_packages FAILED [ 24%]
tests/test_startup_guards.py::TestStartupGuard::test_validate_external_dependencies_with_api_keys FAILED [ 24%]
tests/test_startup_guards.py::TestStartupGuard::test_validate_knowledge_base_creates_structure PASSED [ 24%]
tests/test_startup_guards.py::TestStartupGuard::test_validate_api_readiness_success PASSED [ 24%]
tests/test_startup_guards.py::TestStartupGuard::test_validate_api_readiness_cors_warning PASSED [ 24%]
tests/test_startup_guards.py::TestStartupGuard::test_validate_all_success FAILED [ 24%]
tests/test_startup_guards.py::TestStartupGuard::test_validate_all_failure PASSED [ 24%]
tests/test_startup_guards.py::TestStartupGuard::test_get_system_status PASSED [ 24%]
tests/test_startup_guards.py::TestKnowledgeBaseBuilder::test_knowledge_base_builder_initialization PASSED [ 24%]
tests/test_startup_guards.py::TestKnowledgeBaseBuilder::test_build_kb_success FAILED [ 24%]
tests/test_startup_guards.py::TestKnowledgeBaseBuilder::test_create_iron_laws_template PASSED [ 24%]
tests/test_startup_guards.py::TestKnowledgeBaseBuilder::test_create_fog_of_war_template PASSED [ 24%]
tests/test_startup_guards.py::TestKnowledgeBaseBuilder::test_create_narrative_templates PASSED [ 24%]
tests/test_startup_guards.py::TestStartupGuardIntegration::test_complete_system_validation FAILED [ 24%]
tests/test_startup_guards.py::TestStartupGuardIntegration::test_system_validation_with_warnings FAILED [ 24%]
tests/test_startup_guards.py::TestStartupGuardIntegration::test_startup_guard_error_recovery PASSED [ 24%]
tests/test_story_generation_comprehensive.py::TestChroniclerAgentCore::test_chronicler_initialization FAILED [ 24%]
tests/test_story_generation_comprehensive.py::TestChroniclerAgentCore::test_narrative_templates_debranded FAILED [ 24%]
tests/test_story_generation_comprehensive.py::TestChroniclerAgentCore::test_faction_descriptions_generic FAILED [ 25%]
tests/test_story_generation_comprehensive.py::TestChroniclerAgentCore::test_narrative_style_management FAILED [ 25%]
tests/test_story_generation_comprehensive.py::TestChroniclerAgentCore::test_campaign_log_parsing FAILED [ 25%]
tests/test_story_generation_comprehensive.py::TestChroniclerAgentCore::test_narrative_segment_generation FAILED [ 25%]
tests/test_story_generation_comprehensive.py::TestStoryContentQuality::test_story_length_adequacy FAILED [ 25%]
tests/test_story_generation_comprehensive.py::TestStoryContentQuality::test_story_structure_coherence FAILED [ 25%]
tests/test_story_generation_comprehensive.py::TestStoryContentQuality::test_character_integration_in_stories FAILED [ 25%]
tests/test_story_generation_comprehensive.py::TestStoryContentQuality::test_story_atmosphere_consistency FAILED [ 25%]
tests/test_story_generation_comprehensive.py::TestStoryContentQuality::test_story_readability FAILED [ 25%]
tests/test_story_generation_comprehensive.py::TestDebrandingValidation::test_no_branded_content_in_generated_stories FAILED [ 25%]
tests/test_story_generation_comprehensive.py::TestDebrandingValidation::test_generic_faction_usage_in_stories FAILED [ 25%]
tests/test_story_generation_comprehensive.py::TestDebrandingValidation::test_sci_fi_theme_replacement FAILED [ 25%]
tests/test_story_generation_comprehensive.py::TestNarrativeStyleAndTone::test_sci_fi_dramatic_style FAILED [ 25%]
tests/test_story_generation_comprehensive.py::TestNarrativeStyleAndTone::test_tactical_style FAILED [ 25%]
tests/test_story_generation_comprehensive.py::TestNarrativeStyleAndTone::test_philosophical_style FAILED [ 25%]
tests/test_story_generation_comprehensive.py::TestCharacterIntegration::test_multiple_character_story_generation FAILED [ 25%]
tests/test_story_generation_comprehensive.py::TestCharacterIntegration::test_character_faction_integration FAILED [ 25%]
tests/test_story_generation_comprehensive.py::TestTemplateAndPatternSystems::test_response_template_variety FAILED [ 25%]
tests/test_story_generation_comprehensive.py::TestTemplateAndPatternSystems::test_narrative_opening_templates FAILED [ 25%]
tests/test_story_generation_comprehensive.py::TestPerformanceAndScalability::test_story_generation_performance FAILED [ 25%]
tests/test_story_generation_comprehensive.py::TestPerformanceAndScalability::test_large_log_handling FAILED [ 25%]
tests/test_story_generation_comprehensive.py::TestErrorHandlingAndEdgeCases::test_empty_log_handling FAILED [ 25%]
tests/test_story_generation_comprehensive.py::TestErrorHandlingAndEdgeCases::test_malformed_log_handling FAILED [ 25%]
tests/test_story_generation_comprehensive.py::TestErrorHandlingAndEdgeCases::test_nonexistent_log_handling FAILED [ 26%]
tests/test_story_generation_comprehensive.py::TestErrorHandlingAndEdgeCases::test_corrupted_log_recovery FAILED [ 26%]
tests/test_term_guard.py::TestFilterRule::test_filter_rule_creation PASSED [ 26%]
tests/test_term_guard.py::TestFilterRule::test_filter_rule_defaults PASSED [ 26%]
tests/test_term_guard.py::TestIPViolation::test_ip_violation_creation PASSED [ 26%]
tests/test_term_guard.py::TestTermGuard::test_term_guard_initialization PASSED [ 26%]
tests/test_term_guard.py::TestTermGuard::test_term_guard_default_initialization PASSED [ 26%]
tests/test_term_guard.py::TestTermGuard::test_analyze_content_basic PASSED [ 26%]
tests/test_term_guard.py::TestTermGuard::test_analyze_content_whitelist PASSED [ 26%]
tests/test_term_guard.py::TestTermGuard::test_clean_content_replace PASSED [ 26%]
tests/test_term_guard.py::TestTermGuard::test_clean_content_block PASSED [ 26%]
tests/test_term_guard.py::TestTermGuard::test_clean_content_analyze_only PASSED [ 26%]
tests/test_term_guard.py::TestTermGuard::test_generic_replacement_generation PASSED [ 26%]
tests/test_term_guard.py::TestTermGuard::test_compliance_report_generation PASSED [ 26%]
tests/test_term_guard.py::TestTermGuard::test_compliance_report_empty PASSED [ 26%]
tests/test_term_guard.py::TestTermGuardIntegration::test_complex_content_cleaning PASSED [ 26%]
tests/test_term_guard.py::TestTermGuardIntegration::test_configuration_error_handling PASSED [ 26%]
tests/test_term_guard.py::TestTermGuardIntegration::test_regex_error_handling PASSED [ 26%]
tests/test_term_guard.py::TestTermGuardCLI::test_cli_analyze_only PASSED [ 26%]
tests/test_term_guard.py::TestTermGuardCLI::test_cli_clean_with_output PASSED [ 26%]
tests/test_term_guard.py::TestTermGuardCLI::test_cli_compliance_report PASSED [ 26%]
tests/test_term_guard.py::TestTermGuardCLI::test_cli_file_not_found PASSED [ 26%]
tests/test_user_stories.py::TestUserStories::test_story_1_character_creation_basic ERROR [ 26%]
tests/test_user_stories.py::TestUserStories::test_story_1_character_customization ERROR [ 27%]
tests/test_user_stories.py::TestUserStories::test_story_1_validation_requirements ERROR [ 27%]
tests/test_user_stories.py::TestUserStories::test_story_2_interaction_initiation ERROR [ 27%]
tests/test_user_stories.py::TestUserStories::test_story_2_real_time_monitoring ERROR [ 27%]
tests/test_user_stories.py::TestUserStories::test_story_3_memory_formation FAILED [ 27%]
tests/test_user_stories.py::TestUserStories::test_story_3_relationship_evolution FAILED [ 27%]
tests/test_user_stories.py::TestUserStories::test_system_health_and_metrics ERROR [ 27%]
tests/unit/agents/test_director_refactored.py::TestDirectorAgentComponents::test_agent_lifecycle_manager_agent_registration PASSED [ 27%]
tests/unit/agents/test_director_refactored.py::TestDirectorAgentComponents::test_agent_lifecycle_manager_initialization PASSED [ 27%]
tests/unit/agents/test_director_refactored.py::TestDirectorAgentComponents::test_campaign_logging_service PASSED [ 27%]
tests/unit/agents/test_director_refactored.py::TestDirectorAgentComponents::test_configuration_service PASSED [ 27%]
tests/unit/agents/test_director_refactored.py::TestDirectorAgentComponents::test_error_handler PASSED [ 27%]
tests/unit/agents/test_director_refactored.py::TestDirectorAgentComponents::test_world_state_manager_initialization PASSED [ 27%]
tests/unit/agents/test_director_refactored.py::TestDirectorAgentComponents::test_world_state_manager_save_load PASSED [ 27%]
tests/unit/agents/test_director_refactored.py::TestDirectorAgentIntegration::test_async_director_creation PASSED [ 27%]
tests/unit/agents/test_director_refactored.py::TestDirectorAgentIntegration::test_backward_compatibility_interface PASSED [ 27%]
tests/unit/agents/test_director_refactored.py::TestDirectorAgentIntegration::test_component_access_properties PASSED [ 27%]
tests/unit/agents/test_director_refactored.py::TestDirectorAgentIntegration::test_director_agent_creation PASSED [ 27%]
tests/unit/agents/test_director_refactored.py::TestDirectorAgentIntegration::test_director_agent_factory_functions PASSED [ 27%]
tests/unit/agents/test_director_refactored.py::TestDirectorAgentIntegration::test_enhanced_interface_methods PASSED [ 27%]
tests/unit/agents/test_director_refactored.py::TestSystemResilience::test_component_failure_isolation PASSED [ 27%]
tests/unit/agents/test_director_refactored.py::TestSystemResilience::test_error_recovery PASSED [ 27%]
tests/unit/agents/test_director_refactored.py::TestSystemResilience::test_initialization_resilience PASSED [ 28%]
tests/unit/agents/test_persona_modular.py::test_persona_agent_initialization PASSED [ 28%]
tests/unit/agents/test_persona_modular.py::test_decision_making PASSED   [ 28%]
tests/unit/agents/test_persona_modular.py::test_response_generation PASSED [ 28%]
tests/unit/agents/test_persona_modular.py::test_world_event_processing PASSED [ 28%]
tests/unit/agents/test_persona_modular.py::test_data_access_methods PASSED [ 28%]
tests/unit/agents/test_persona_modular.py::test_integration_statistics PASSED [ 28%]
tests/unit/agents/test_persona_modular.py::test_factory_function PASSED  [ 28%]
tests/unit/agents/test_persona_modular.py::test_backward_compatibility PASSED [ 28%]
tests/unit/agents/test_persona_modular.py::test_error_handling PASSED    [ 28%]
tests/unit/agents/test_persona_refactored.py::test_persona_core PASSED   [ 28%]
tests/unit/agents/test_persona_refactored.py::test_character_context_manager PASSED [ 28%]
tests/unit/agents/test_persona_refactored.py::test_decision_engine PASSED [ 28%]
tests/unit/agents/test_persona_refactored.py::test_refactored_persona_agent PASSED [ 28%]
tests/unit/agents/test_persona_refactored.py::test_performance_improvements PASSED [ 28%]
tests/unit/contexts/ai/application/test_execute_llm_service.py::TestLLMExecutionConfig::test_default_config_creation PASSED [ 28%]
tests/unit/contexts/ai/application/test_execute_llm_service.py::TestLLMExecutionConfig::test_custom_config_creation PASSED [ 28%]
tests/unit/contexts/ai/application/test_execute_llm_service.py::TestLLMExecutionResult::test_basic_result_creation PASSED [ 28%]
tests/unit/contexts/ai/application/test_execute_llm_service.py::TestLLMExecutionResult::test_result_with_all_parameters PASSED [ 28%]
tests/unit/contexts/ai/application/test_execute_llm_service.py::TestLLMExecutionResult::test_total_tokens_property PASSED [ 28%]
tests/unit/contexts/ai/application/test_execute_llm_service.py::TestLLMExecutionResult::test_total_tokens_property_empty PASSED [ 28%]
tests/unit/contexts/ai/application/test_execute_llm_service.py::TestLLMExecutionResult::test_total_cost_property PASSED [ 28%]
tests/unit/contexts/ai/application/test_execute_llm_service.py::TestLLMExecutionResult::test_total_cost_property_no_cost_entry PASSED [ 28%]
tests/unit/contexts/ai/application/test_execute_llm_service.py::TestProviderRouter::test_router_initialization PASSED [ 29%]
tests/unit/contexts/ai/application/test_execute_llm_service.py::TestProviderRouter::test_register_provider PASSED [ 29%]
tests/unit/contexts/ai/application/test_execute_llm_service.py::TestProviderRouter::test_register_multiple_providers PASSED [ 29%]
tests/unit/contexts/ai/application/test_execute_llm_service.py::TestProviderRouter::test_get_provider_existing PASSED [ 29%]
tests/unit/contexts/ai/application/test_execute_llm_service.py::TestProviderRouter::test_get_provider_non_existing PASSED [ 29%]
tests/unit/contexts/ai/application/test_execute_llm_service.py::TestProviderRouter::test_select_provider_for_model_preferred PASSED [ 29%]
tests/unit/contexts/ai/application/test_execute_llm_service.py::TestProviderRouter::test_select_provider_for_model_fallback_to_any PASSED [ 29%]
tests/unit/contexts/ai/application/test_execute_llm_service.py::TestProviderRouter::test_select_provider_for_model_with_fallback PASSED [ 29%]
tests/unit/contexts/ai/application/test_execute_llm_service.py::TestProviderRouter::test_select_provider_for_model_no_match PASSED [ 29%]
tests/unit/contexts/ai/application/test_execute_llm_service.py::TestProviderRouter::test_can_handle_model_true PASSED [ 29%]
tests/unit/contexts/ai/application/test_execute_llm_service.py::TestProviderRouter::test_can_handle_model_false PASSED [ 29%]
tests/unit/contexts/ai/application/test_execute_llm_service.py::TestProviderRouter::test_is_provider_healthy_true PASSED [ 29%]
tests/unit/contexts/ai/application/test_execute_llm_service.py::TestProviderRouter::test_is_provider_healthy_false_not_available PASSED [ 29%]
tests/unit/contexts/ai/application/test_execute_llm_service.py::TestProviderRouter::test_is_provider_healthy_false_too_many_failures PASSED [ 29%]
tests/unit/contexts/ai/application/test_execute_llm_service.py::TestProviderRouter::test_is_provider_healthy_unknown_provider PASSED [ 29%]
tests/unit/contexts/ai/application/test_execute_llm_service.py::TestExecuteLLMServiceInitialization::test_initialization_minimal PASSED [ 29%]
tests/unit/contexts/ai/application/test_execute_llm_service.py::TestExecuteLLMServiceInitialization::test_initialization_with_all_dependencies PASSED [ 29%]
tests/unit/contexts/ai/application/test_execute_llm_service.py::TestExecuteLLMServiceInitialization::test_register_provider PASSED [ 29%]
tests/unit/contexts/ai/application/test_execute_llm_service.py::TestExecuteLLMServiceExecution::test_execute_async_successful_flow PASSED [ 29%]
tests/unit/contexts/ai/application/test_execute_llm_service.py::TestExecuteLLMServiceExecution::test_execute_async_cache_hit PASSED [ 29%]
tests/unit/contexts/ai/application/test_execute_llm_service.py::TestExecuteLLMServiceExecution::test_execute_async_rate_limited PASSED [ 29%]
tests/unit/contexts/ai/application/test_execute_llm_service.py::TestExecuteLLMServiceExecution::test_execute_async_budget_exceeded PASSED [ 29%]
tests/unit/contexts/ai/application/test_execute_llm_service.py::TestExecuteLLMServiceExecution::test_execute_async_no_provider_available PASSED [ 29%]
tests/unit/contexts/ai/application/test_execute_llm_service.py::TestExecuteLLMServiceExecution::test_execute_async_without_retry_policy PASSED [ 30%]
tests/unit/contexts/ai/application/test_execute_llm_service.py::TestExecuteLLMServiceExecution::test_execute_async_with_exception PASSED [ 30%]
tests/unit/contexts/ai/application/test_execute_llm_service.py::TestExecuteLLMServiceExecution::test_execute_async_caching_disabled PASSED [ 30%]
tests/unit/contexts/ai/application/test_execute_llm_service.py::TestExecuteLLMServiceExecution::test_execute_async_rate_limiting_disabled PASSED [ 30%]
tests/unit/contexts/ai/application/test_execute_llm_service.py::TestExecuteLLMServiceExecution::test_execute_async_budget_enforcement_disabled PASSED [ 30%]
tests/unit/contexts/ai/application/test_execute_llm_service.py::TestExecuteLLMServiceExecution::test_execute_async_post_execution_processing PASSED [ 30%]
tests/unit/contexts/ai/application/test_execute_llm_service.py::TestExecuteLLMServiceStreamingExecution::test_execute_stream_async_successful PASSED [ 30%]
tests/unit/contexts/ai/application/test_execute_llm_service.py::TestExecuteLLMServiceStreamingExecution::test_execute_stream_async_rate_limited PASSED [ 30%]
tests/unit/contexts/ai/application/test_execute_llm_service.py::TestExecuteLLMServiceStreamingExecution::test_execute_stream_async_no_provider PASSED [ 30%]
tests/unit/contexts/ai/application/test_execute_llm_service.py::TestExecuteLLMServiceStreamingExecution::test_execute_stream_async_provider_exception PASSED [ 30%]
tests/unit/contexts/ai/application/test_execute_llm_service.py::TestExecuteLLMServiceStreamingExecution::test_execute_stream_async_rate_limiting_disabled PASSED [ 30%]
tests/unit/contexts/ai/application/test_execute_llm_service.py::TestExecuteLLMServiceStatisticsAndMetrics::test_get_execution_stats_async_with_requests PASSED [ 30%]
tests/unit/contexts/ai/application/test_execute_llm_service.py::TestExecuteLLMServiceStatisticsAndMetrics::test_get_execution_stats_async_no_requests PASSED [ 30%]
tests/unit/contexts/ai/application/test_execute_llm_service.py::TestExecuteLLMServiceStatisticsAndMetrics::test_estimate_request_cost_with_model_pricing PASSED [ 30%]
tests/unit/contexts/ai/application/test_execute_llm_service.py::TestExecuteLLMServiceStatisticsAndMetrics::test_estimate_request_cost_no_pricing PASSED [ 30%]
tests/unit/contexts/ai/application/test_execute_llm_service.py::TestExecuteLLMServiceStatisticsAndMetrics::test_estimate_request_cost_no_max_tokens PASSED [ 30%]
tests/unit/contexts/ai/application/test_execute_llm_service.py::TestExecuteLLMServiceStatisticsAndMetrics::test_record_cached_usage PASSED [ 30%]
tests/unit/contexts/ai/application/test_execute_llm_service.py::TestExecuteLLMServiceIntegration::test_minimal_execution_flow PASSED [ 30%]
tests/unit/contexts/ai/application/test_execute_llm_service.py::TestExecuteLLMServiceIntegration::test_provider_selection_with_preferences PASSED [ 30%]
tests/unit/contexts/ai/application/test_execute_llm_service.py::TestExecuteLLMServiceIntegration::test_error_handling_and_statistics PASSED [ 30%]
tests/unit/contexts/ai/domain/test_common_value_objects.py::TestProviderTypeEnum::test_all_provider_types_exist PASSED [ 30%]
tests/unit/contexts/ai/domain/test_common_value_objects.py::TestProviderTypeEnum::test_provider_type_string_values PASSED [ 30%]
tests/unit/contexts/ai/domain/test_common_value_objects.py::TestProviderTypeEnum::test_provider_type_str_method PASSED [ 30%]
tests/unit/contexts/ai/domain/test_common_value_objects.py::TestProviderTypeEnum::test_provider_type_uniqueness PASSED [ 31%]
tests/unit/contexts/ai/domain/test_common_value_objects.py::TestProviderTypeEnum::test_provider_type_membership PASSED [ 31%]
tests/unit/contexts/ai/domain/test_common_value_objects.py::TestModelCapabilityEnum::test_all_model_capabilities_exist PASSED [ 31%]
tests/unit/contexts/ai/domain/test_common_value_objects.py::TestModelCapabilityEnum::test_model_capability_string_values PASSED [ 31%]
tests/unit/contexts/ai/domain/test_common_value_objects.py::TestModelCapabilityEnum::test_model_capability_str_method PASSED [ 31%]
tests/unit/contexts/ai/domain/test_common_value_objects.py::TestModelCapabilityEnum::test_model_capability_uniqueness PASSED [ 31%]
tests/unit/contexts/ai/domain/test_common_value_objects.py::TestModelCapabilityEnum::test_model_capability_membership PASSED [ 31%]
tests/unit/contexts/ai/domain/test_common_value_objects.py::TestProviderIdCreation::test_create_minimal_provider_id PASSED [ 31%]
tests/unit/contexts/ai/domain/test_common_value_objects.py::TestProviderIdCreation::test_create_full_provider_id PASSED [ 31%]
tests/unit/contexts/ai/domain/test_common_value_objects.py::TestProviderIdCreation::test_create_provider_id_with_string_key PASSED [ 31%]
tests/unit/contexts/ai/domain/test_common_value_objects.py::TestProviderIdCreation::test_frozen_dataclass_immutability PASSED [ 31%]
tests/unit/contexts/ai/domain/test_common_value_objects.py::TestProviderIdValidation::test_empty_provider_name_raises_error PASSED [ 31%]
tests/unit/contexts/ai/domain/test_common_value_objects.py::TestProviderIdValidation::test_invalid_provider_name_length_raises_errors PASSED [ 31%]
tests/unit/contexts/ai/domain/test_common_value_objects.py::TestProviderIdValidation::test_invalid_provider_name_characters_raise_errors PASSED [ 31%]
tests/unit/contexts/ai/domain/test_common_value_objects.py::TestProviderIdValidation::test_valid_provider_name_characters PASSED [ 31%]
tests/unit/contexts/ai/domain/test_common_value_objects.py::TestProviderIdValidation::test_invalid_provider_type_raises_error PASSED [ 31%]
tests/unit/contexts/ai/domain/test_common_value_objects.py::TestProviderIdValidation::test_invalid_api_version_format_raises_error PASSED [ 31%]
tests/unit/contexts/ai/domain/test_common_value_objects.py::TestProviderIdValidation::test_valid_api_version_formats PASSED [ 31%]
tests/unit/contexts/ai/domain/test_common_value_objects.py::TestProviderIdValidation::test_invalid_region_code_raises_errors PASSED [ 31%]
tests/unit/contexts/ai/domain/test_common_value_objects.py::TestProviderIdValidation::test_valid_region_codes PASSED [ 31%]
tests/unit/contexts/ai/domain/test_common_value_objects.py::TestProviderIdFactoryMethods::test_create_openai_default PASSED [ 31%]
tests/unit/contexts/ai/domain/test_common_value_objects.py::TestProviderIdFactoryMethods::test_create_openai_custom_params PASSED [ 31%]
tests/unit/contexts/ai/domain/test_common_value_objects.py::TestProviderIdFactoryMethods::test_create_anthropic_default PASSED [ 32%]
tests/unit/contexts/ai/domain/test_common_value_objects.py::TestProviderIdFactoryMethods::test_create_anthropic_custom_params PASSED [ 32%]
tests/unit/contexts/ai/domain/test_common_value_objects.py::TestProviderIdFactoryMethods::test_create_custom_provider PASSED [ 32%]
[...]
FAILED tests/test_persona_agent.py::TestPersonaAgentAIIntegration::test_ai_query_with_valid_api_key
FAILED tests/test_persona_agent.py::TestPersonaAgentAIIntegration::test_ai_query_without_api_key
FAILED tests/test_persona_agent.py::TestPersonaAgentAIIntegration::test_api_error_handling
FAILED tests/test_persona_agent.py::TestPersonaAgentMemoryAndEvolution::test_long_term_memory_consolidation
FAILED tests/test_persona_agent.py::TestPersonaAgentMemoryAndEvolution::test_morale_and_status_tracking
FAILED tests/test_persona_agent.py::TestPersonaAgentMemoryAndEvolution::test_relationship_evolution
FAILED tests/test_persona_agent.py::TestPersonaAgentMemoryAndEvolution::test_short_term_memory_management
FAILED tests/test_persona_core.py::TestAgentIdentity::test_agent_identity_defaults
FAILED tests/test_persona_core.py::TestPersonaCore::test_persona_core_initialization
FAILED tests/test_persona_core.py::TestPersonaCore::test_persona_core_activation
FAILED tests/test_persona_core.py::TestPersonaCore::test_persona_core_file_operations
FAILED tests/test_persona_core.py::TestPersonaCore::test_persona_core_status
FAILED tests/test_persona_core.py::TestPersonaCore::test_persona_core_error_handling
FAILED tests/test_persona_core.py::TestPersonaCore::test_persona_core_component_integration
FAILED tests/test_persona_core.py::TestPersonaCoreIntegration::test_event_bus_integration
FAILED tests/test_quality_framework.py::TestDataModels::test_world_state_creation
FAILED tests/test_quality_framework.py::TestIntegrationScenarios::test_character_interaction_workflow
FAILED tests/test_quality_framework.py::TestErrorHandling::test_malformed_world_state_handling
FAILED tests/test_security_framework.py::TestSecurityService::test_user_registration
FAILED tests/test_security_framework.py::TestSecurityService::test_duplicate_user_registration
FAILED tests/test_security_framework.py::TestSecurityService::test_user_authentication
FAILED tests/test_security_framework.py::TestSecurityService::test_account_lockout
FAILED tests/test_security_framework.py::TestSecurityService::test_token_creation_and_refresh
FAILED tests/test_security_framework.py::TestSecurityService::test_api_key_generation
FAILED tests/test_security_framework.py::TestInputValidator::test_valid_input_passes
FAILED tests/test_security_framework.py::TestRateLimiter::test_rate_limiting_allows_normal_requests
FAILED tests/test_security_framework.py::TestRateLimiter::test_threat_detection
FAILED tests/test_security_framework.py::TestDataProtection::test_consent_management
FAILED tests/test_security_framework.py::TestDataProtection::test_data_encryption_by_type
FAILED tests/test_security_framework.py::TestDataProtection::test_data_retention_scheduling
FAILED tests/test_security_framework.py::TestSecurityLogging::test_security_event_logging
FAILED tests/test_security_framework.py::TestSecurityLogging::test_security_statistics
FAILED tests/test_security_framework.py::TestSecurityLogging::test_threat_detection_logging
FAILED tests/test_security_framework.py::test_performance_under_load - src.se...
FAILED tests/test_startup_guards.py::TestStartupGuard::test_validate_file_structure_creates_directories
FAILED tests/test_startup_guards.py::TestStartupGuard::test_validate_external_dependencies_missing_packages
FAILED tests/test_startup_guards.py::TestStartupGuard::test_validate_external_dependencies_with_api_keys
FAILED tests/test_startup_guards.py::TestStartupGuard::test_validate_all_success
FAILED tests/test_startup_guards.py::TestKnowledgeBaseBuilder::test_build_kb_success
FAILED tests/test_startup_guards.py::TestStartupGuardIntegration::test_complete_system_validation
FAILED tests/test_startup_guards.py::TestStartupGuardIntegration::test_system_validation_with_warnings
FAILED tests/test_story_generation_comprehensive.py::TestChroniclerAgentCore::test_chronicler_initialization
FAILED tests/test_story_generation_comprehensive.py::TestChroniclerAgentCore::test_narrative_templates_debranded
FAILED tests/test_story_generation_comprehensive.py::TestChroniclerAgentCore::test_faction_descriptions_generic
FAILED tests/test_story_generation_comprehensive.py::TestChroniclerAgentCore::test_narrative_style_management
FAILED tests/test_story_generation_comprehensive.py::TestChroniclerAgentCore::test_campaign_log_parsing
FAILED tests/test_story_generation_comprehensive.py::TestChroniclerAgentCore::test_narrative_segment_generation
FAILED tests/test_story_generation_comprehensive.py::TestStoryContentQuality::test_story_length_adequacy
FAILED tests/test_story_generation_comprehensive.py::TestStoryContentQuality::test_story_structure_coherence
FAILED tests/test_story_generation_comprehensive.py::TestStoryContentQuality::test_character_integration_in_stories
FAILED tests/test_story_generation_comprehensive.py::TestStoryContentQuality::test_story_atmosphere_consistency
FAILED tests/test_story_generation_comprehensive.py::TestStoryContentQuality::test_story_readability
FAILED tests/test_story_generation_comprehensive.py::TestDebrandingValidation::test_no_branded_content_in_generated_stories
FAILED tests/test_story_generation_comprehensive.py::TestDebrandingValidation::test_generic_faction_usage_in_stories
FAILED tests/test_story_generation_comprehensive.py::TestDebrandingValidation::test_sci_fi_theme_replacement
FAILED tests/test_story_generation_comprehensive.py::TestNarrativeStyleAndTone::test_sci_fi_dramatic_style
FAILED tests/test_story_generation_comprehensive.py::TestNarrativeStyleAndTone::test_tactical_style
FAILED tests/test_story_generation_comprehensive.py::TestNarrativeStyleAndTone::test_philosophical_style
FAILED tests/test_story_generation_comprehensive.py::TestCharacterIntegration::test_multiple_character_story_generation
FAILED tests/test_story_generation_comprehensive.py::TestCharacterIntegration::test_character_faction_integration
FAILED tests/test_story_generation_comprehensive.py::TestTemplateAndPatternSystems::test_response_template_variety
FAILED tests/test_story_generation_comprehensive.py::TestTemplateAndPatternSystems::test_narrative_opening_templates
FAILED tests/test_story_generation_comprehensive.py::TestPerformanceAndScalability::test_story_generation_performance
FAILED tests/test_story_generation_comprehensive.py::TestPerformanceAndScalability::test_large_log_handling
FAILED tests/test_story_generation_comprehensive.py::TestErrorHandlingAndEdgeCases::test_empty_log_handling
FAILED tests/test_story_generation_comprehensive.py::TestErrorHandlingAndEdgeCases::test_malformed_log_handling
FAILED tests/test_story_generation_comprehensive.py::TestErrorHandlingAndEdgeCases::test_nonexistent_log_handling
FAILED tests/test_story_generation_comprehensive.py::TestErrorHandlingAndEdgeCases::test_corrupted_log_recovery
FAILED tests/test_user_stories.py::TestUserStories::test_story_3_memory_formation
FAILED tests/test_user_stories.py::TestUserStories::test_story_3_relationship_evolution
FAILED tests/unit/contexts/interactions/application/test_interaction_application_service.py::TestProposalOptimization::test_optimize_active_proposals_success
FAILED tests/unit/contexts/interactions/domain/test_interaction_id_value_object.py::TestInteractionIdFactoryMethods::test_from_string_invalid_format
FAILED tests/unit/contexts/interactions/domain/test_interaction_id_value_object.py::TestInteractionIdFactoryMethods::test_from_string_non_string_type
FAILED tests/unit/contexts/narratives/domain/test_causal_node_value_object.py::TestCausalNodeValidation::test_whitespace_only_title_and_description_validation
FAILED tests/unit/contexts/narratives/domain/test_causal_node_value_object.py::TestCausalNodeCollectionsAndComparison::test_node_hashing_consistency
FAILED tests/unit/contexts/narratives/domain/test_causal_node_value_object.py::TestCausalNodeCollectionsAndComparison::test_nodes_in_set
FAILED tests/unit/contexts/narratives/domain/test_causal_node_value_object.py::TestCausalNodeCollectionsAndComparison::test_nodes_as_dict_keys
FAILED tests/unit/contexts/narratives/domain/test_narrative_context_value_object.py::TestNarrativeContextCollectionsAndComparison::test_context_hashing_consistency
FAILED tests/unit/contexts/narratives/domain/test_narrative_context_value_object.py::TestNarrativeContextCollectionsAndComparison::test_contexts_in_set
FAILED tests/unit/contexts/narratives/domain/test_narrative_context_value_object.py::TestNarrativeContextCollectionsAndComparison::test_contexts_as_dict_keys
FAILED tests/unit/contexts/narratives/domain/test_narrative_id_value_object.py::TestNarrativeIdFactoryMethods::test_from_string_invalid_format
FAILED tests/unit/contexts/narratives/domain/test_narrative_id_value_object.py::TestNarrativeIdFactoryMethods::test_from_string_none
FAILED tests/unit/contexts/narratives/domain/test_narrative_id_value_object.py::TestNarrativeIdFactoryMethods::test_from_string_non_string_type
FAILED tests/unit/contexts/narratives/domain/test_narrative_theme_value_object.py::TestNarrativeImpactScore::test_impact_score_subtle_intensity
FAILED tests/unit/contexts/narratives/domain/test_narrative_theme_value_object.py::TestNarrativeImpactScore::test_impact_score_central_intensity
FAILED tests/unit/contexts/narratives/domain/test_narrative_theme_value_object.py::TestNarrativeThemeInstanceMethods::test_get_thematic_context
FAILED tests/unit/contexts/narratives/domain/test_narrative_theme_value_object.py::TestNarrativeThemeCollectionsAndComparison::test_theme_hashing_consistency
FAILED tests/unit/contexts/narratives/domain/test_narrative_theme_value_object.py::TestNarrativeThemeCollectionsAndComparison::test_themes_in_set
FAILED tests/unit/contexts/narratives/domain/test_narrative_theme_value_object.py::TestNarrativeThemeCollectionsAndComparison::test_themes_as_dict_keys
FAILED tests/unit/contexts/narratives/domain/test_plot_point_value_object.py::TestPlotPointOverallImpactScore::test_supplemental_importance_impact_score
FAILED tests/unit/contexts/narratives/domain/test_plot_point_value_object.py::TestPlotPointCollectionsAndComparison::test_plot_point_hashing_consistency
FAILED tests/unit/contexts/narratives/domain/test_plot_point_value_object.py::TestPlotPointCollectionsAndComparison::test_plot_points_in_set
FAILED tests/unit/contexts/narratives/domain/test_plot_point_value_object.py::TestPlotPointCollectionsAndComparison::test_plot_points_as_dict_keys
FAILED tests/unit/contexts/narratives/domain/test_story_pacing_value_object.py::TestStoryPacingValidation::test_invalid_ratios_raise_errors
FAILED tests/unit/contexts/narratives/domain/test_story_pacing_value_object.py::TestStoryPacingMethods::test_get_tension_at_sequence_interpolation
FAILED tests/unit/contexts/narratives/domain/test_story_pacing_value_object.py::TestStoryPacingEquality::test_equality_same_values
FAILED tests/unit/contexts/narratives/domain/test_story_pacing_value_object.py::TestStoryPacingEquality::test_inequality_different_values
FAILED tests/unit/contexts/narratives/domain/test_story_pacing_value_object.py::TestStoryPacingEquality::test_equality_in_collections
FAILED tests/unit/contexts/world/domain/test_world_state_aggregate.py::TestWorldStateAggregate::test_domain_events_generation
FAILED tests/unit/test_character_factory.py::TestCharacterFactory::test_factory_initialization_no_event_bus
FAILED tests/unit/test_character_factory.py::TestCharacterFactory::test_create_character_success
FAILED tests/unit/test_character_factory.py::TestCharacterFactory::test_create_character_not_found
FAILED tests/unit/test_character_factory.py::TestCharacterFactory::test_create_character_invalid_name
FAILED tests/unit/test_character_factory.py::TestCharacterFactory::test_load_character_data_success
FAILED tests/unit/test_character_factory.py::TestCharacterFactory::test_validate_character_directory_success
FAILED tests/unit/test_character_factory.py::TestCharacterFactory::test_validate_character_directory_invalid
FAILED tests/unit/test_character_factory.py::TestCharacterFactory::test_character_factory_error_handling
FAILED tests/unit/test_character_factory.py::TestCharacterFactory::test_multiple_character_creation
FAILED tests/unit/test_character_factory.py::TestCharacterFactoryConfiguration::test_factory_character_path_resolution
FAILED tests/unit/test_character_factory.py::TestCharacterFactoryPerformance::test_character_creation_performance
FAILED tests/unit/test_director_agent_advanced.py::TestDirectorAgentNarrativeEngine::test_story_state_tracking
FAILED tests/unit/test_director_agent_advanced.py::TestDirectorAgentNarrativeEngine::test_world_state_tracker_initialization
FAILED tests/unit/test_director_agent_advanced.py::TestDirectorAgentAgentOrchestration::test_error_tracking_system
FAILED tests/unit/test_director_agent_advanced.py::TestDirectorAgentAgentOrchestration::test_configuration_driven_parameters
FAILED tests/unit/test_director_agent_comprehensive.py::TestDirectorAgentInitialization::test_initialization_with_valid_config
FAILED tests/unit/test_director_agent_comprehensive.py::TestDirectorAgentInitialization::test_initialization_without_config
FAILED tests/unit/test_director_agent_comprehensive.py::TestDirectorAgentRegistration::test_register_agent_success
FAILED tests/unit/test_director_agent_comprehensive.py::TestDirectorAgentRegistration::test_register_multiple_agents
FAILED tests/unit/test_director_agent_comprehensive.py::TestDirectorAgentRegistration::test_register_agent_character_data_validation
FAILED tests/unit/test_unit_api_server.py::TestAPIServerEndpoints::test_health_endpoint_success
FAILED tests/unit/test_unit_api_server.py::TestAPIServerEndpoints::test_character_detail_endpoint_success
FAILED tests/unit/test_unit_api_server.py::TestAPIServerEndpoints::test_simulations_endpoint_character_not_found
FAILED tests/unit/test_unit_api_server.py::TestAPIServerEndpoints::test_simulations_endpoint_story_generation_failure
FAILED tests/unit/test_unit_api_server.py::TestAPIServerEndpoints::test_character_detail_endpoint_unexpected_error
FAILED tests/unit/test_unit_api_server.py::TestAPIServerErrorHandling::test_404_endpoint_not_found
FAILED tests/unit/test_unit_api_server.py::TestAPIServerSecurity::test_input_validation_xss_attempt
FAILED tests/unit/test_unit_api_server.py::TestAPIServerSecurity::test_path_traversal_protection
FAILED tests/unit/test_unit_chronicler_agent.py::TestChroniclerAgent::test_chronicler_initialization_no_characters
FAILED tests/unit/test_unit_chronicler_agent.py::TestChroniclerAgent::test_transcribe_log_success
FAILED tests/unit/test_unit_chronicler_agent.py::TestChroniclerAgent::test_transcribe_log_file_not_found
FAILED tests/unit/test_unit_chronicler_agent.py::TestChroniclerAgent::test_transcribe_log_empty_file
FAILED tests/unit/test_unit_chronicler_agent.py::TestChroniclerAgent::test_transcribe_log_api_failure
FAILED tests/unit/test_unit_chronicler_agent.py::TestChroniclerAgent::test_transcribe_log_invalid_response
FAILED tests/unit/test_unit_chronicler_agent.py::TestChroniclerAgent::test_character_name_integration
FAILED tests/unit/test_unit_chronicler_agent.py::TestChroniclerAgentAdvanced::test_story_quality_validation
FAILED tests/unit/test_unit_chronicler_agent.py::TestChroniclerAgentAdvanced::test_large_log_file_handling
FAILED tests/unit/test_unit_chronicler_agent.py::TestChroniclerAgentPerformance::test_transcription_performance
FAILED tests/unit/test_unit_chronicler_agent.py::TestChroniclerAgentPerformance::test_multiple_transcriptions_performance
FAILED tests/unit/test_unit_director_agent.py::TestDirectorAgent::test_director_initialization_no_event_bus
FAILED tests/unit/test_unit_director_agent.py::TestDirectorAgent::test_register_agent_success
FAILED tests/unit/test_unit_director_agent.py::TestDirectorAgent::test_register_multiple_agents
FAILED tests/unit/test_unit_director_agent.py::TestDirectorAgent::test_register_agent_invalid_agent
FAILED tests/unit/test_unit_director_agent.py::TestDirectorAgent::test_run_turn_success
FAILED tests/unit/test_unit_director_agent.py::TestDirectorAgentAdvanced::test_director_state_management
ERROR tests/test_ai_intelligence_integration.py::TestPerformanceValidation::test_response_time_requirements
ERROR tests/test_ai_intelligence_integration.py::TestPerformanceValidation::test_throughput_capacity
ERROR tests/test_ai_intelligence_integration.py::TestPerformanceValidation::test_resource_utilization
ERROR tests/test_enhanced_bridge.py::TestEnhancedMultiAgentBridge::test_bridge_initialization
ERROR tests/test_enhanced_bridge.py::TestEnhancedMultiAgentBridge::test_bridge_component_initialization
ERROR tests/test_enhanced_bridge.py::TestEnhancedMultiAgentBridge::test_enhanced_turn_execution_no_agents
ERROR tests/test_enhanced_bridge.py::TestEnhancedMultiAgentBridge::test_enhanced_turn_execution_with_agents
ERROR tests/test_enhanced_bridge.py::TestEnhancedMultiAgentBridge::test_request_priority_determination
ERROR tests/test_enhanced_bridge.py::TestEnhancedMultiAgentBridge::test_bridge_status
ERROR tests/test_enhanced_bridge.py::TestEnhancedMultiAgentBridge::test_execution_time_calculation
ERROR tests/test_enhanced_bridge.py::TestEnhancedMultiAgentBridge::test_bridge_shutdown
ERROR tests/test_enhanced_bridge.py::TestEnhancedMultiAgentBridge::test_context_building
ERROR tests/test_integration_complete.py::TestCompleteSystemIntegration::test_iron_laws_integration
ERROR tests/test_iron_laws.py::TestIronLawsValidation::test_iron_laws_validation_core
ERROR tests/test_iron_laws.py::TestIronLawsValidation::test_causality_law_validation
ERROR tests/test_iron_laws.py::TestIronLawsValidation::test_resource_law_validation
ERROR tests/test_iron_laws.py::TestIronLawsValidation::test_physics_law_validation
ERROR tests/test_iron_laws.py::TestIronLawsValidation::test_narrative_law_validation
ERROR tests/test_iron_laws.py::TestIronLawsValidation::test_social_law_validation
ERROR tests/test_iron_laws.py::TestIronLawsRepairSystem::test_causality_repair
ERROR tests/test_iron_laws.py::TestIronLawsRepairSystem::test_resource_repair
ERROR tests/test_iron_laws.py::TestIronLawsRepairSystem::test_physics_repair
ERROR tests/test_iron_laws.py::TestIronLawsRepairSystem::test_narrative_repair
ERROR tests/test_iron_laws.py::TestIronLawsRepairSystem::test_social_repair
ERROR tests/test_iron_laws.py::TestIronLawsRepairSystem::test_comprehensive_repair_attempt
ERROR tests/test_iron_laws.py::TestIronLawsHelperMethods::test_group_violations_by_law
ERROR tests/test_iron_laws.py::TestIronLawsHelperMethods::test_get_current_world_context
ERROR tests/test_iron_laws.py::TestIronLawsHelperMethods::test_determine_overall_validation_result
ERROR tests/test_iron_laws.py::TestIronLawsHelperMethods::test_calculate_action_stamina_cost
ERROR tests/test_iron_laws.py::TestIronLawsIntegration::test_iron_laws_during_turn_processing
ERROR tests/test_iron_laws.py::TestIronLawsIntegration::test_iron_laws_error_handling
ERROR tests/test_iron_laws.py::TestIronLawsIntegration::test_iron_laws_performance_tracking
ERROR tests/test_iron_laws.py::TestIronLawsEdgeCases::test_invalid_action_handling
ERROR tests/test_iron_laws.py::TestIronLawsEdgeCases::test_malformed_character_data_handling
ERROR tests/test_iron_laws.py::TestIronLawsEdgeCases::test_resource_calculation_edge_cases
ERROR tests/test_iron_laws.py::TestIronLawsEdgeCases::test_repair_system_edge_cases
ERROR tests/test_user_stories.py::TestUserStories::test_story_1_character_creation_basic
ERROR tests/test_user_stories.py::TestUserStories::test_story_1_character_customization
ERROR tests/test_user_stories.py::TestUserStories::test_story_1_validation_requirements
ERROR tests/test_user_stories.py::TestUserStories::test_story_2_interaction_initiation
ERROR tests/test_user_stories.py::TestUserStories::test_story_2_real_time_monitoring
ERROR tests/test_user_stories.py::TestUserStories::test_system_health_and_metrics
= 264 failed, 1923 passed, 42 skipped, 1257 warnings, 42 errors in 283.69s (0:04:43) =
