<?xml version="1.0" encoding="utf-8"?><testsuites name="pytest tests"><testsuite name="pytest" errors="0" failures="0" skipped="0" tests="45" time="14.376" timestamp="2025-11-13T15:19:39.340574+11:00" hostname="Jackela"><testcase classname="tests.test_enhanced_bridge.TestBridgeConfiguration" name="test_default_configuration" time="0.030" /><testcase classname="tests.test_enhanced_bridge.TestBridgeConfiguration" name="test_custom_configuration" time="0.001" /><testcase classname="tests.test_enhanced_bridge.TestEnhancedMultiAgentBridge" name="test_bridge_initialization" time="0.002" /><testcase classname="tests.test_enhanced_bridge.TestEnhancedMultiAgentBridge" name="test_bridge_component_initialization" time="0.003" /><testcase classname="tests.test_enhanced_bridge.TestEnhancedMultiAgentBridge" name="test_enhanced_turn_execution_no_agents" time="0.002" /><testcase classname="tests.test_enhanced_bridge.TestEnhancedMultiAgentBridge" name="test_enhanced_turn_execution_with_agents" time="0.002" /><testcase classname="tests.test_enhanced_bridge.TestEnhancedMultiAgentBridge" name="test_request_priority_determination" time="0.002" /><testcase classname="tests.test_enhanced_bridge.TestEnhancedMultiAgentBridge" name="test_bridge_status" time="0.002" /><testcase classname="tests.test_enhanced_bridge.TestEnhancedMultiAgentBridge" name="test_execution_time_calculation" time="0.001" /><testcase classname="tests.test_enhanced_bridge.TestEnhancedMultiAgentBridge" name="test_bridge_shutdown" time="0.005" /><testcase classname="tests.test_enhanced_bridge.TestEnhancedMultiAgentBridge" name="test_context_building" time="0.003" /><testcase classname="tests.test_enhanced_bridge.TestBridgeFactory" name="test_create_enhanced_bridge_success" time="0.002" /><testcase classname="tests.test_enhanced_bridge.TestBridgeFactory" name="test_create_enhanced_bridge_failure" time="0.002" /><testcase classname="tests.test_enhanced_bridge.TestBridgeIntegration" name="test_dialogue_manager_integration" time="0.002" /><testcase classname="tests.test_enhanced_bridge.TestBridgeIntegration" name="test_performance_monitoring" time="0.002" /><testcase classname="tests.test_character_system_comprehensive.TestCharacterLoading" name="test_all_generic_characters_loadable" time="0.156" /><testcase classname="tests.test_character_system_comprehensive.TestCharacterLoading" name="test_character_directory_structure" time="0.040" /><testcase classname="tests.test_character_system_comprehensive.TestCharacterLoading" name="test_character_metadata_validation" time="0.039" /><testcase classname="tests.test_character_system_comprehensive.TestCharacterLoading" name="test_no_branded_content_in_characters" time="0.119" /><testcase classname="tests.test_character_system_comprehensive.TestCharacterLoading" name="test_character_load_error_handling" time="0.003" /><testcase classname="tests.test_character_system_comprehensive.TestCharacterLoading" name="test_character_context_loading" time="0.034" /><testcase classname="tests.test_character_system_comprehensive.TestGenericCharacterProfiles" name="test_pilot_character_profile" time="0.064" /><testcase classname="tests.test_character_system_comprehensive.TestGenericCharacterProfiles" name="test_scientist_character_profile" time="0.034" /><testcase classname="tests.test_character_system_comprehensive.TestGenericCharacterProfiles" name="test_engineer_character_profile" time="0.034" /><testcase classname="tests.test_character_system_comprehensive.TestGenericCharacterProfiles" name="test_test_character_profile" time="0.047" /><testcase classname="tests.test_character_system_comprehensive.TestCharacterStatistics" name="test_combat_stats_validity" time="0.035" /><testcase classname="tests.test_character_system_comprehensive.TestCharacterStatistics" name="test_psychological_profile_validity" time="0.025" /><testcase classname="tests.test_character_system_comprehensive.TestCharacterStatistics" name="test_equipment_completeness" time="0.024" /><testcase classname="tests.test_character_system_comprehensive.TestCharacterStatistics" name="test_character_relationships" time="0.023" /><testcase classname="tests.test_character_system_comprehensive.TestCharacterFactory" name="test_character_factory_initialization" time="0.002" /><testcase classname="tests.test_character_system_comprehensive.TestCharacterFactory" name="test_character_creation_validation" time="0.002" /><testcase classname="tests.test_character_system_comprehensive.TestCharacterFactory" name="test_character_template_validation" time="0.028" /><testcase classname="tests.test_character_system_comprehensive.TestCharacterMemorySystem" name="test_character_memory_initialization" time="0.028" /><testcase classname="tests.test_character_system_comprehensive.TestCharacterMemorySystem" name="test_memory_persistence_across_sessions" time="0.045" /><testcase classname="tests.test_character_system_comprehensive.TestCharacterMemorySystem" name="test_memory_log_format" time="0.024" /><testcase classname="tests.test_character_system_comprehensive.TestCharacterInteractions" name="test_character_decision_making" time="0.023" /><testcase classname="tests.test_character_system_comprehensive.TestCharacterInteractions" name="test_character_context_awareness" time="0.061" /><testcase classname="tests.test_character_system_comprehensive.TestCharacterInteractions" name="test_character_personality_consistency" time="0.024" /><testcase classname="tests.test_character_system_comprehensive.TestCharacterInteractions" name="test_multi_character_simulation" time="0.061" /><testcase classname="tests.test_character_system_comprehensive.TestPerformanceAndScalability" name="test_character_loading_performance" time="0.022" /><testcase classname="tests.test_character_system_comprehensive.TestPerformanceAndScalability" name="test_multiple_character_memory_usage" time="0.091" /><testcase classname="tests.test_character_system_comprehensive.TestPerformanceAndScalability" name="test_concurrent_character_operations" time="0.032" /><testcase classname="tests.test_character_system_comprehensive.TestCharacterValidation" name="test_character_data_consistency" time="0.040" /><testcase classname="tests.test_character_system_comprehensive.TestCharacterValidation" name="test_character_balance_validation" time="0.020" /><testcase classname="tests.test_character_system_comprehensive.TestCharacterValidation" name="test_sci_fi_theme_consistency" time="0.015" /></testsuite></testsuites>