FAILED tests/test_persona_agent.py::TestPersonaAgentCharacterLoading::test_parse_character_sheet_content
FAILED tests/test_persona_agent.py::TestPersonaAgentCharacterLoading::test_read_cached_file
FAILED tests/test_persona_agent.py::TestPersonaAgentDecisionMaking::test_assess_current_situation
FAILED tests/test_persona_agent.py::TestPersonaAgentDecisionMaking::test_assess_threat_levels
FAILED tests/test_persona_agent.py::TestPersonaAgentDecisionMaking::test_decision_weight_application
FAILED tests/test_persona_agent.py::TestPersonaAgentDecisionMaking::test_evaluate_action_option
FAILED tests/test_persona_agent.py::TestPersonaAgentDecisionMaking::test_identify_available_actions
FAILED tests/test_persona_agent.py::TestPersonaAgentDecisionMaking::test_make_decision_ai_fallback
FAILED tests/test_persona_agent.py::TestPersonaAgentDecisionMaking::test_make_decision_with_world_state
FAILED tests/test_persona_agent.py::TestPersonaAgentDecisionMaking::test_parse_llm_response
FAILED tests/test_persona_agent.py::TestPersonaAgentWorldInterpretation::test_memory_integration
FAILED tests/test_persona_agent.py::TestPersonaAgentWorldInterpretation::test_subjective_worldview_initialization
FAILED tests/test_persona_agent.py::TestPersonaAgentWorldInterpretation::test_world_event_processing
FAILED tests/test_persona_agent.py::TestPersonaAgentAIIntegration::test_ai_query_with_valid_api_key
FAILED tests/test_persona_agent.py::TestPersonaAgentAIIntegration::test_ai_query_without_api_key
FAILED tests/test_persona_agent.py::TestPersonaAgentAIIntegration::test_api_error_handling
FAILED tests/test_persona_agent.py::TestPersonaAgentMemoryAndEvolution::test_long_term_memory_consolidation
FAILED tests/test_persona_agent.py::TestPersonaAgentMemoryAndEvolution::test_morale_and_status_tracking
FAILED tests/test_persona_agent.py::TestPersonaAgentMemoryAndEvolution::test_relationship_evolution
FAILED tests/test_persona_agent.py::TestPersonaAgentMemoryAndEvolution::test_short_term_memory_management
FAILED tests/test_persona_core.py::TestAgentIdentity::test_agent_identity_defaults
FAILED tests/test_persona_core.py::TestPersonaCore::test_persona_core_initialization
FAILED tests/test_persona_core.py::TestPersonaCore::test_persona_core_activation
FAILED tests/test_persona_core.py::TestPersonaCore::test_persona_core_file_operations
FAILED tests/test_persona_core.py::TestPersonaCore::test_persona_core_status
FAILED tests/test_persona_core.py::TestPersonaCore::test_persona_core_error_handling
FAILED tests/test_persona_core.py::TestPersonaCore::test_persona_core_component_integration
FAILED tests/test_persona_core.py::TestPersonaCoreIntegration::test_event_bus_integration
FAILED tests/test_quality_framework.py::TestDataModels::test_world_state_creation
FAILED tests/test_quality_framework.py::TestIntegrationScenarios::test_character_interaction_workflow
FAILED tests/test_quality_framework.py::TestErrorHandling::test_malformed_world_state_handling
FAILED tests/test_security_framework.py::TestSecurityService::test_user_registration
FAILED tests/test_security_framework.py::TestSecurityService::test_duplicate_user_registration
FAILED tests/test_security_framework.py::TestSecurityService::test_user_authentication
FAILED tests/test_security_framework.py::TestSecurityService::test_account_lockout
FAILED tests/test_security_framework.py::TestSecurityService::test_token_creation_and_refresh
FAILED tests/test_security_framework.py::TestSecurityService::test_api_key_generation
FAILED tests/test_security_framework.py::TestInputValidator::test_valid_input_passes
FAILED tests/test_security_framework.py::TestRateLimiter::test_rate_limiting_allows_normal_requests
FAILED tests/test_security_framework.py::TestRateLimiter::test_threat_detection
FAILED tests/test_security_framework.py::TestDataProtection::test_consent_management
FAILED tests/test_security_framework.py::TestDataProtection::test_data_encryption_by_type
FAILED tests/test_security_framework.py::TestDataProtection::test_data_retention_scheduling
FAILED tests/test_security_framework.py::TestSecurityLogging::test_security_event_logging
FAILED tests/test_security_framework.py::TestSecurityLogging::test_security_statistics
FAILED tests/test_security_framework.py::TestSecurityLogging::test_threat_detection_logging
FAILED tests/test_security_framework.py::test_performance_under_load - src.se...
FAILED tests/test_startup_guards.py::TestStartupGuard::test_validate_file_structure_creates_directories
FAILED tests/test_startup_guards.py::TestStartupGuard::test_validate_external_dependencies_missing_packages
FAILED tests/test_startup_guards.py::TestStartupGuard::test_validate_external_dependencies_with_api_keys
FAILED tests/test_startup_guards.py::TestStartupGuard::test_validate_all_success
FAILED tests/test_startup_guards.py::TestKnowledgeBaseBuilder::test_build_kb_success
FAILED tests/test_startup_guards.py::TestStartupGuardIntegration::test_complete_system_validation
FAILED tests/test_startup_guards.py::TestStartupGuardIntegration::test_system_validation_with_warnings
FAILED tests/test_story_generation_comprehensive.py::TestChroniclerAgentCore::test_chronicler_initialization
FAILED tests/test_story_generation_comprehensive.py::TestChroniclerAgentCore::test_narrative_templates_debranded
FAILED tests/test_story_generation_comprehensive.py::TestChroniclerAgentCore::test_faction_descriptions_generic
FAILED tests/test_story_generation_comprehensive.py::TestChroniclerAgentCore::test_narrative_style_management
FAILED tests/test_story_generation_comprehensive.py::TestChroniclerAgentCore::test_campaign_log_parsing
FAILED tests/test_story_generation_comprehensive.py::TestChroniclerAgentCore::test_narrative_segment_generation
FAILED tests/test_story_generation_comprehensive.py::TestStoryContentQuality::test_story_length_adequacy
FAILED tests/test_story_generation_comprehensive.py::TestStoryContentQuality::test_story_structure_coherence
FAILED tests/test_story_generation_comprehensive.py::TestStoryContentQuality::test_character_integration_in_stories
FAILED tests/test_story_generation_comprehensive.py::TestStoryContentQuality::test_story_atmosphere_consistency
FAILED tests/test_story_generation_comprehensive.py::TestStoryContentQuality::test_story_readability
FAILED tests/test_story_generation_comprehensive.py::TestDebrandingValidation::test_no_branded_content_in_generated_stories
FAILED tests/test_story_generation_comprehensive.py::TestDebrandingValidation::test_generic_faction_usage_in_stories
FAILED tests/test_story_generation_comprehensive.py::TestDebrandingValidation::test_sci_fi_theme_replacement
FAILED tests/test_story_generation_comprehensive.py::TestNarrativeStyleAndTone::test_sci_fi_dramatic_style
FAILED tests/test_story_generation_comprehensive.py::TestNarrativeStyleAndTone::test_tactical_style
FAILED tests/test_story_generation_comprehensive.py::TestNarrativeStyleAndTone::test_philosophical_style
FAILED tests/test_story_generation_comprehensive.py::TestCharacterIntegration::test_multiple_character_story_generation
FAILED tests/test_story_generation_comprehensive.py::TestCharacterIntegration::test_character_faction_integration
FAILED tests/test_story_generation_comprehensive.py::TestTemplateAndPatternSystems::test_response_template_variety
FAILED tests/test_story_generation_comprehensive.py::TestTemplateAndPatternSystems::test_narrative_opening_templates
FAILED tests/test_story_generation_comprehensive.py::TestPerformanceAndScalability::test_story_generation_performance
FAILED tests/test_story_generation_comprehensive.py::TestPerformanceAndScalability::test_large_log_handling
FAILED tests/test_story_generation_comprehensive.py::TestErrorHandlingAndEdgeCases::test_empty_log_handling
FAILED tests/test_story_generation_comprehensive.py::TestErrorHandlingAndEdgeCases::test_malformed_log_handling
FAILED tests/test_story_generation_comprehensive.py::TestErrorHandlingAndEdgeCases::test_nonexistent_log_handling
FAILED tests/test_story_generation_comprehensive.py::TestErrorHandlingAndEdgeCases::test_corrupted_log_recovery
FAILED tests/test_user_stories.py::TestUserStories::test_story_3_memory_formation
FAILED tests/test_user_stories.py::TestUserStories::test_story_3_relationship_evolution
FAILED tests/unit/contexts/interactions/application/test_interaction_application_service.py::TestProposalOptimization::test_optimize_active_proposals_success
FAILED tests/unit/contexts/interactions/domain/test_interaction_id_value_object.py::TestInteractionIdFactoryMethods::test_from_string_invalid_format
FAILED tests/unit/contexts/interactions/domain/test_interaction_id_value_object.py::TestInteractionIdFactoryMethods::test_from_string_non_string_type
FAILED tests/unit/contexts/narratives/domain/test_causal_node_value_object.py::TestCausalNodeValidation::test_whitespace_only_title_and_description_validation
FAILED tests/unit/contexts/narratives/domain/test_causal_node_value_object.py::TestCausalNodeCollectionsAndComparison::test_node_hashing_consistency
FAILED tests/unit/contexts/narratives/domain/test_causal_node_value_object.py::TestCausalNodeCollectionsAndComparison::test_nodes_in_set
FAILED tests/unit/contexts/narratives/domain/test_causal_node_value_object.py::TestCausalNodeCollectionsAndComparison::test_nodes_as_dict_keys
FAILED tests/unit/contexts/narratives/domain/test_narrative_context_value_object.py::TestNarrativeContextCollectionsAndComparison::test_context_hashing_consistency
FAILED tests/unit/contexts/narratives/domain/test_narrative_context_value_object.py::TestNarrativeContextCollectionsAndComparison::test_contexts_in_set
FAILED tests/unit/contexts/narratives/domain/test_narrative_context_value_object.py::TestNarrativeContextCollectionsAndComparison::test_contexts_as_dict_keys
FAILED tests/unit/contexts/narratives/domain/test_narrative_id_value_object.py::TestNarrativeIdFactoryMethods::test_from_string_invalid_format
FAILED tests/unit/contexts/narratives/domain/test_narrative_id_value_object.py::TestNarrativeIdFactoryMethods::test_from_string_none
FAILED tests/unit/contexts/narratives/domain/test_narrative_id_value_object.py::TestNarrativeIdFactoryMethods::test_from_string_non_string_type
FAILED tests/unit/contexts/narratives/domain/test_narrative_theme_value_object.py::TestNarrativeImpactScore::test_impact_score_subtle_intensity
FAILED tests/unit/contexts/narratives/domain/test_narrative_theme_value_object.py::TestNarrativeImpactScore::test_impact_score_central_intensity
FAILED tests/unit/contexts/narratives/domain/test_narrative_theme_value_object.py::TestNarrativeThemeInstanceMethods::test_get_thematic_context
FAILED tests/unit/contexts/narratives/domain/test_narrative_theme_value_object.py::TestNarrativeThemeCollectionsAndComparison::test_theme_hashing_consistency
FAILED tests/unit/contexts/narratives/domain/test_narrative_theme_value_object.py::TestNarrativeThemeCollectionsAndComparison::test_themes_in_set
FAILED tests/unit/contexts/narratives/domain/test_narrative_theme_value_object.py::TestNarrativeThemeCollectionsAndComparison::test_themes_as_dict_keys
FAILED tests/unit/contexts/narratives/domain/test_plot_point_value_object.py::TestPlotPointOverallImpactScore::test_supplemental_importance_impact_score
FAILED tests/unit/contexts/narratives/domain/test_plot_point_value_object.py::TestPlotPointCollectionsAndComparison::test_plot_point_hashing_consistency
FAILED tests/unit/contexts/narratives/domain/test_plot_point_value_object.py::TestPlotPointCollectionsAndComparison::test_plot_points_in_set
FAILED tests/unit/contexts/narratives/domain/test_plot_point_value_object.py::TestPlotPointCollectionsAndComparison::test_plot_points_as_dict_keys
FAILED tests/unit/contexts/narratives/domain/test_story_pacing_value_object.py::TestStoryPacingValidation::test_invalid_ratios_raise_errors
FAILED tests/unit/contexts/narratives/domain/test_story_pacing_value_object.py::TestStoryPacingMethods::test_get_tension_at_sequence_interpolation
FAILED tests/unit/contexts/narratives/domain/test_story_pacing_value_object.py::TestStoryPacingEquality::test_equality_same_values
FAILED tests/unit/contexts/narratives/domain/test_story_pacing_value_object.py::TestStoryPacingEquality::test_inequality_different_values
FAILED tests/unit/contexts/narratives/domain/test_story_pacing_value_object.py::TestStoryPacingEquality::test_equality_in_collections
FAILED tests/unit/contexts/world/domain/test_world_state_aggregate.py::TestWorldStateAggregate::test_domain_events_generation
FAILED tests/unit/test_character_factory.py::TestCharacterFactory::test_factory_initialization_no_event_bus
FAILED tests/unit/test_character_factory.py::TestCharacterFactory::test_create_character_success
FAILED tests/unit/test_character_factory.py::TestCharacterFactory::test_create_character_not_found
FAILED tests/unit/test_character_factory.py::TestCharacterFactory::test_create_character_invalid_name
FAILED tests/unit/test_character_factory.py::TestCharacterFactory::test_load_character_data_success
FAILED tests/unit/test_character_factory.py::TestCharacterFactory::test_validate_character_directory_success
FAILED tests/unit/test_character_factory.py::TestCharacterFactory::test_validate_character_directory_invalid
FAILED tests/unit/test_character_factory.py::TestCharacterFactory::test_character_factory_error_handling
FAILED tests/unit/test_character_factory.py::TestCharacterFactory::test_multiple_character_creation
FAILED tests/unit/test_character_factory.py::TestCharacterFactoryConfiguration::test_factory_character_path_resolution
FAILED tests/unit/test_character_factory.py::TestCharacterFactoryPerformance::test_character_creation_performance
FAILED tests/unit/test_director_agent_advanced.py::TestDirectorAgentNarrativeEngine::test_story_state_tracking
FAILED tests/unit/test_director_agent_advanced.py::TestDirectorAgentNarrativeEngine::test_world_state_tracker_initialization
FAILED tests/unit/test_director_agent_advanced.py::TestDirectorAgentAgentOrchestration::test_error_tracking_system
FAILED tests/unit/test_director_agent_advanced.py::TestDirectorAgentAgentOrchestration::test_configuration_driven_parameters
FAILED tests/unit/test_director_agent_comprehensive.py::TestDirectorAgentInitialization::test_initialization_with_valid_config
FAILED tests/unit/test_director_agent_comprehensive.py::TestDirectorAgentInitialization::test_initialization_without_config
FAILED tests/unit/test_director_agent_comprehensive.py::TestDirectorAgentRegistration::test_register_agent_success
FAILED tests/unit/test_director_agent_comprehensive.py::TestDirectorAgentRegistration::test_register_multiple_agents
FAILED tests/unit/test_director_agent_comprehensive.py::TestDirectorAgentRegistration::test_register_agent_character_data_validation
FAILED tests/unit/test_unit_api_server.py::TestAPIServerEndpoints::test_health_endpoint_success
FAILED tests/unit/test_unit_api_server.py::TestAPIServerEndpoints::test_character_detail_endpoint_success
FAILED tests/unit/test_unit_api_server.py::TestAPIServerEndpoints::test_simulations_endpoint_character_not_found
FAILED tests/unit/test_unit_api_server.py::TestAPIServerEndpoints::test_simulations_endpoint_story_generation_failure
FAILED tests/unit/test_unit_api_server.py::TestAPIServerEndpoints::test_character_detail_endpoint_unexpected_error
FAILED tests/unit/test_unit_api_server.py::TestAPIServerErrorHandling::test_404_endpoint_not_found
FAILED tests/unit/test_unit_api_server.py::TestAPIServerSecurity::test_input_validation_xss_attempt
FAILED tests/unit/test_unit_api_server.py::TestAPIServerSecurity::test_path_traversal_protection
FAILED tests/unit/test_unit_chronicler_agent.py::TestChroniclerAgent::test_chronicler_initialization_no_characters
FAILED tests/unit/test_unit_chronicler_agent.py::TestChroniclerAgent::test_transcribe_log_success
FAILED tests/unit/test_unit_chronicler_agent.py::TestChroniclerAgent::test_transcribe_log_file_not_found
FAILED tests/unit/test_unit_chronicler_agent.py::TestChroniclerAgent::test_transcribe_log_empty_file
FAILED tests/unit/test_unit_chronicler_agent.py::TestChroniclerAgent::test_transcribe_log_api_failure
FAILED tests/unit/test_unit_chronicler_agent.py::TestChroniclerAgent::test_transcribe_log_invalid_response
FAILED tests/unit/test_unit_chronicler_agent.py::TestChroniclerAgent::test_character_name_integration
FAILED tests/unit/test_unit_chronicler_agent.py::TestChroniclerAgentAdvanced::test_story_quality_validation
FAILED tests/unit/test_unit_chronicler_agent.py::TestChroniclerAgentAdvanced::test_large_log_file_handling
FAILED tests/unit/test_unit_chronicler_agent.py::TestChroniclerAgentPerformance::test_transcription_performance
FAILED tests/unit/test_unit_chronicler_agent.py::TestChroniclerAgentPerformance::test_multiple_transcriptions_performance
FAILED tests/unit/test_unit_director_agent.py::TestDirectorAgent::test_director_initialization_no_event_bus
FAILED tests/unit/test_unit_director_agent.py::TestDirectorAgent::test_register_agent_success
FAILED tests/unit/test_unit_director_agent.py::TestDirectorAgent::test_register_multiple_agents
FAILED tests/unit/test_unit_director_agent.py::TestDirectorAgent::test_register_agent_invalid_agent
FAILED tests/unit/test_unit_director_agent.py::TestDirectorAgent::test_run_turn_success
FAILED tests/unit/test_unit_director_agent.py::TestDirectorAgentAdvanced::test_director_state_management
ERROR tests/test_ai_intelligence_integration.py::TestPerformanceValidation::test_response_time_requirements
ERROR tests/test_ai_intelligence_integration.py::TestPerformanceValidation::test_throughput_capacity
ERROR tests/test_ai_intelligence_integration.py::TestPerformanceValidation::test_resource_utilization
ERROR tests/test_enhanced_bridge.py::TestEnhancedMultiAgentBridge::test_bridge_initialization
ERROR tests/test_enhanced_bridge.py::TestEnhancedMultiAgentBridge::test_bridge_component_initialization
ERROR tests/test_enhanced_bridge.py::TestEnhancedMultiAgentBridge::test_enhanced_turn_execution_no_agents
ERROR tests/test_enhanced_bridge.py::TestEnhancedMultiAgentBridge::test_enhanced_turn_execution_with_agents
ERROR tests/test_enhanced_bridge.py::TestEnhancedMultiAgentBridge::test_request_priority_determination
ERROR tests/test_enhanced_bridge.py::TestEnhancedMultiAgentBridge::test_bridge_status
ERROR tests/test_enhanced_bridge.py::TestEnhancedMultiAgentBridge::test_execution_time_calculation
ERROR tests/test_enhanced_bridge.py::TestEnhancedMultiAgentBridge::test_bridge_shutdown
ERROR tests/test_enhanced_bridge.py::TestEnhancedMultiAgentBridge::test_context_building
ERROR tests/test_integration_complete.py::TestCompleteSystemIntegration::test_iron_laws_integration
ERROR tests/test_iron_laws.py::TestIronLawsValidation::test_iron_laws_validation_core
ERROR tests/test_iron_laws.py::TestIronLawsValidation::test_causality_law_validation
ERROR tests/test_iron_laws.py::TestIronLawsValidation::test_resource_law_validation
ERROR tests/test_iron_laws.py::TestIronLawsValidation::test_physics_law_validation
ERROR tests/test_iron_laws.py::TestIronLawsValidation::test_narrative_law_validation
ERROR tests/test_iron_laws.py::TestIronLawsValidation::test_social_law_validation
ERROR tests/test_iron_laws.py::TestIronLawsRepairSystem::test_causality_repair
ERROR tests/test_iron_laws.py::TestIronLawsRepairSystem::test_resource_repair
ERROR tests/test_iron_laws.py::TestIronLawsRepairSystem::test_physics_repair
ERROR tests/test_iron_laws.py::TestIronLawsRepairSystem::test_narrative_repair
ERROR tests/test_iron_laws.py::TestIronLawsRepairSystem::test_social_repair
ERROR tests/test_iron_laws.py::TestIronLawsRepairSystem::test_comprehensive_repair_attempt
ERROR tests/test_iron_laws.py::TestIronLawsHelperMethods::test_group_violations_by_law
ERROR tests/test_iron_laws.py::TestIronLawsHelperMethods::test_get_current_world_context
ERROR tests/test_iron_laws.py::TestIronLawsHelperMethods::test_determine_overall_validation_result
ERROR tests/test_iron_laws.py::TestIronLawsHelperMethods::test_calculate_action_stamina_cost
ERROR tests/test_iron_laws.py::TestIronLawsIntegration::test_iron_laws_during_turn_processing
ERROR tests/test_iron_laws.py::TestIronLawsIntegration::test_iron_laws_error_handling
ERROR tests/test_iron_laws.py::TestIronLawsIntegration::test_iron_laws_performance_tracking
ERROR tests/test_iron_laws.py::TestIronLawsEdgeCases::test_invalid_action_handling
ERROR tests/test_iron_laws.py::TestIronLawsEdgeCases::test_malformed_character_data_handling
ERROR tests/test_iron_laws.py::TestIronLawsEdgeCases::test_resource_calculation_edge_cases
ERROR tests/test_iron_laws.py::TestIronLawsEdgeCases::test_repair_system_edge_cases
ERROR tests/test_user_stories.py::TestUserStories::test_story_1_character_creation_basic
ERROR tests/test_user_stories.py::TestUserStories::test_story_1_character_customization
ERROR tests/test_user_stories.py::TestUserStories::test_story_1_validation_requirements
ERROR tests/test_user_stories.py::TestUserStories::test_story_2_interaction_initiation
ERROR tests/test_user_stories.py::TestUserStories::test_story_2_real_time_monitoring
ERROR tests/test_user_stories.py::TestUserStories::test_system_health_and_metrics
= 262 failed, 1925 passed, 42 skipped, 1256 warnings, 42 errors in 133.42s (0:02:13) =
