<?xml version="1.0" encoding="utf-8"?><testsuites name="pytest tests"><testsuite name="pytest" errors="0" failures="10" skipped="89" tests="439" time="85.318" timestamp="2025-11-13T14:07:32.585164+11:00" hostname="Jackela"><testcase classname="tests.contract.knowledge.test_admin_api_contract.TestPostKnowledgeEntriesEndpoint" name="test_create_entry_success_returns_201" time="0.018"><skipped type="pytest.skip" message="FastAPI app not yet implemented (TDD - expected to fail)">/mnt/d/Code/Novel-Engine/tests/contract/knowledge/test_admin_api_contract.py:52: FastAPI app not yet implemented (TDD - expected to fail)</skipped></testcase><testcase classname="tests.contract.knowledge.test_admin_api_contract.TestPostKnowledgeEntriesEndpoint" name="test_create_entry_with_empty_content_returns_400" time="0.003"><skipped type="pytest.skip" message="FastAPI app not yet implemented (TDD - expected to fail)">/mnt/d/Code/Novel-Engine/tests/contract/knowledge/test_admin_api_contract.py:78: FastAPI app not yet implemented (TDD - expected to fail)</skipped></testcase><testcase classname="tests.contract.knowledge.test_admin_api_contract.TestPostKnowledgeEntriesEndpoint" name="test_create_entry_with_invalid_knowledge_type_returns_400" time="0.003"><skipped type="pytest.skip" message="FastAPI app not yet implemented (TDD - expected to fail)">/mnt/d/Code/Novel-Engine/tests/contract/knowledge/test_admin_api_contract.py:103: FastAPI app not yet implemented (TDD - expected to fail)</skipped></testcase><testcase classname="tests.contract.knowledge.test_admin_api_contract.TestPostKnowledgeEntriesEndpoint" name="test_create_entry_with_character_specific_access" time="0.003"><skipped type="pytest.skip" message="FastAPI app not yet implemented (TDD - expected to fail)">/mnt/d/Code/Novel-Engine/tests/contract/knowledge/test_admin_api_contract.py:126: FastAPI app not yet implemented (TDD - expected to fail)</skipped></testcase><testcase classname="tests.contract.knowledge.test_admin_api_contract.TestPostKnowledgeEntriesEndpoint" name="test_create_entry_with_role_based_access" time="0.003"><skipped type="pytest.skip" message="FastAPI app not yet implemented (TDD - expected to fail)">/mnt/d/Code/Novel-Engine/tests/contract/knowledge/test_admin_api_contract.py:153: FastAPI app not yet implemented (TDD - expected to fail)</skipped></testcase><testcase classname="tests.contract.knowledge.test_admin_api_contract.TestPostKnowledgeEntriesEndpoint" name="test_create_entry_without_auth_returns_401" time="0.002"><skipped type="pytest.skip" message="FastAPI app not yet implemented (TDD - expected to fail)">/mnt/d/Code/Novel-Engine/tests/contract/knowledge/test_admin_api_contract.py:178: FastAPI app not yet implemented (TDD - expected to fail)</skipped></testcase><testcase classname="tests.contract.knowledge.test_admin_api_contract.TestPostKnowledgeEntriesEndpoint" name="test_create_entry_without_admin_role_returns_403" time="0.002"><skipped type="pytest.skip" message="FastAPI app not yet implemented (TDD - expected to fail)">/mnt/d/Code/Novel-Engine/tests/contract/knowledge/test_admin_api_contract.py:198: FastAPI app not yet implemented (TDD - expected to fail)</skipped></testcase><testcase classname="tests.contract.knowledge.test_admin_api_contract.TestPutKnowledgeEntriesEndpoint" name="test_update_entry_success_returns_200" time="0.002"><skipped type="pytest.skip" message="FastAPI app not yet implemented (TDD - expected to fail)">/mnt/d/Code/Novel-Engine/tests/contract/knowledge/test_admin_api_contract.py:245: FastAPI app not yet implemented (TDD - expected to fail)</skipped></testcase><testcase classname="tests.contract.knowledge.test_admin_api_contract.TestPutKnowledgeEntriesEndpoint" name="test_update_entry_with_empty_content_returns_400" time="0.002"><skipped type="pytest.skip" message="FastAPI app not yet implemented (TDD - expected to fail)">/mnt/d/Code/Novel-Engine/tests/contract/knowledge/test_admin_api_contract.py:269: FastAPI app not yet implemented (TDD - expected to fail)</skipped></testcase><testcase classname="tests.contract.knowledge.test_admin_api_contract.TestPutKnowledgeEntriesEndpoint" name="test_update_non_existent_entry_returns_404" time="0.002"><skipped type="pytest.skip" message="FastAPI app not yet implemented (TDD - expected to fail)">/mnt/d/Code/Novel-Engine/tests/contract/knowledge/test_admin_api_contract.py:289: FastAPI app not yet implemented (TDD - expected to fail)</skipped></testcase><testcase classname="tests.contract.knowledge.test_admin_api_contract.TestPutKnowledgeEntriesEndpoint" name="test_update_entry_without_auth_returns_401" time="0.002"><skipped type="pytest.skip" message="FastAPI app not yet implemented (TDD - expected to fail)">/mnt/d/Code/Novel-Engine/tests/contract/knowledge/test_admin_api_contract.py:308: FastAPI app not yet implemented (TDD - expected to fail)</skipped></testcase><testcase classname="tests.contract.knowledge.test_admin_api_contract.TestDeleteKnowledgeEntriesEndpoint" name="test_delete_entry_success_returns_204" time="0.002"><skipped type="pytest.skip" message="FastAPI app not yet implemented (TDD - expected to fail)">/mnt/d/Code/Novel-Engine/tests/contract/knowledge/test_admin_api_contract.py:347: FastAPI app not yet implemented (TDD - expected to fail)</skipped></testcase><testcase classname="tests.contract.knowledge.test_admin_api_contract.TestDeleteKnowledgeEntriesEndpoint" name="test_delete_entry_removes_from_database" time="0.002"><skipped type="pytest.skip" message="FastAPI app not yet implemented (TDD - expected to fail)">/mnt/d/Code/Novel-Engine/tests/contract/knowledge/test_admin_api_contract.py:361: FastAPI app not yet implemented (TDD - expected to fail)</skipped></testcase><testcase classname="tests.contract.knowledge.test_admin_api_contract.TestDeleteKnowledgeEntriesEndpoint" name="test_delete_non_existent_entry_returns_404" time="0.002"><skipped type="pytest.skip" message="FastAPI app not yet implemented (TDD - expected to fail)">/mnt/d/Code/Novel-Engine/tests/contract/knowledge/test_admin_api_contract.py:379: FastAPI app not yet implemented (TDD - expected to fail)</skipped></testcase><testcase classname="tests.contract.knowledge.test_admin_api_contract.TestDeleteKnowledgeEntriesEndpoint" name="test_delete_entry_without_auth_returns_401" time="0.002"><skipped type="pytest.skip" message="FastAPI app not yet implemented (TDD - expected to fail)">/mnt/d/Code/Novel-Engine/tests/contract/knowledge/test_admin_api_contract.py:394: FastAPI app not yet implemented (TDD - expected to fail)</skipped></testcase><testcase classname="tests.contract.knowledge.test_admin_api_contract.TestDeleteKnowledgeEntriesEndpoint" name="test_delete_entry_is_idempotent" time="0.002"><skipped type="pytest.skip" message="FastAPI app not yet implemented (TDD - expected to fail)">/mnt/d/Code/Novel-Engine/tests/contract/knowledge/test_admin_api_contract.py:407: FastAPI app not yet implemented (TDD - expected to fail)</skipped></testcase><testcase classname="tests.contract.test_cache_api_contract" name="test_metrics_contract_shape" time="0.125" /><testcase classname="tests.contract.test_cache_api_contract" name="test_invalidate_contract_shape" time="0.011" /><testcase classname="tests.integration.api.test_fixed_api" name="test_minimal_api" time="6.030" /><testcase classname="tests.integration.api.test_functionality" name="test_gemini_api_direct" time="0.001"><skipped type="pytest.skip" message="Integration script - use main() instead">/mnt/d/Code/Novel-Engine/tests/integration/api/test_functionality.py:69: Integration script - use main() instead</skipped></testcase><testcase classname="tests.integration.api.test_functionality" name="test_api_endpoints" time="0.001"><skipped type="pytest.skip" message="Integration script - use main() instead">/mnt/d/Code/Novel-Engine/tests/integration/api/test_functionality.py:127: Integration script - use main() instead</skipped></testcase><testcase classname="tests.integration.api.test_simple" name="test_gemini_direct" time="0.003"><skipped type="pytest.skip" message="Integration script - use main() instead">/mnt/d/Code/Novel-Engine/tests/integration/api/test_simple.py:32: Integration script - use main() instead</skipped></testcase><testcase classname="tests.integration.api.test_simple" name="test_api_server" time="0.001"><skipped type="pytest.skip" message="Integration script - use main() instead">/mnt/d/Code/Novel-Engine/tests/integration/api/test_simple.py:59: Integration script - use main() instead</skipped></testcase><testcase classname="tests.integration.bridges.test_components" name="test_bridge_infrastructure" time="0.014" /><testcase classname="tests.integration.bridges.test_components" name="test_system_integration" time="0.002" /><testcase classname="tests.integration.bridges.test_multi_agent" name="test_bridge_initialization" time="0.002" /><testcase classname="tests.integration.bridges.test_multi_agent" name="test_ai_systems_initialization" time="0.003" /><testcase classname="tests.integration.bridges.test_multi_agent" name="test_agent_registration" time="0.003" /><testcase classname="tests.integration.bridges.test_multi_agent" name="test_dialogue_management" time="0.013" /><testcase classname="tests.integration.bridges.test_multi_agent" name="test_enhanced_turn_execution" time="0.003" /><testcase classname="tests.integration.bridges.test_multi_agent" name="test_performance_tracking" time="0.003" /><testcase classname="tests.integration.bridges.test_multi_agent" name="test_cost_and_budget_management" time="0.002" /><testcase classname="tests.integration.bridges.test_multi_agent" name="test_component_integration" time="0.002" /><testcase classname="tests.integration.bridges.test_multi_agent" name="test_backward_compatibility" time="0.002" /><testcase classname="tests.integration.core.test_modular_components.TestPersonaAgentModularComponents" name="test_persona_agent_initialization" time="0.014"><skipped type="pytest.skip" message="Real components not available">/mnt/d/Code/Novel-Engine/tests/integration/core/test_modular_components.py:131: Real components not available</skipped></testcase><testcase classname="tests.integration.core.test_modular_components.TestPersonaAgentModularComponents" name="test_decision_engine_component" time="0.002"><skipped type="pytest.skip" message="Real components not available">/mnt/d/Code/Novel-Engine/tests/integration/core/test_modular_components.py:154: Real components not available</skipped></testcase><testcase classname="tests.integration.core.test_modular_components.TestPersonaAgentModularComponents" name="test_character_data_manager_component" time="0.002"><skipped type="pytest.skip" message="Real components not available">/mnt/d/Code/Novel-Engine/tests/integration/core/test_modular_components.py:177: Real components not available</skipped></testcase><testcase classname="tests.integration.core.test_modular_components.TestPersonaAgentModularComponents" name="test_persona_memory_manager_component" time="0.001"><skipped type="pytest.skip" message="Real components not available">/mnt/d/Code/Novel-Engine/tests/integration/core/test_modular_components.py:193: Real components not available</skipped></testcase><testcase classname="tests.integration.core.test_modular_components.TestPersonaAgentModularComponents" name="test_llm_client_component" time="0.002"><skipped type="pytest.skip" message="Real components not available">/mnt/d/Code/Novel-Engine/tests/integration/core/test_modular_components.py:211: Real components not available</skipped></testcase><testcase classname="tests.integration.core.test_modular_components.TestInteractionEngineModularComponents" name="test_interaction_engine_initialization" time="0.001"><skipped type="pytest.skip" message="Real components not available">/mnt/d/Code/Novel-Engine/tests/integration/core/test_modular_components.py:235: Real components not available</skipped></testcase><testcase classname="tests.integration.core.test_modular_components.TestInteractionEngineModularComponents" name="test_interaction_validator_component" time="0.002"><skipped type="pytest.skip" message="Real components not available">/mnt/d/Code/Novel-Engine/tests/integration/core/test_modular_components.py:253: Real components not available</skipped></testcase><testcase classname="tests.integration.core.test_modular_components.TestInteractionEngineModularComponents" name="test_queue_manager_component" time="0.002"><skipped type="pytest.skip" message="Real components not available">/mnt/d/Code/Novel-Engine/tests/integration/core/test_modular_components.py:275: Real components not available</skipped></testcase><testcase classname="tests.integration.core.test_modular_components.TestInteractionEngineModularComponents" name="test_interaction_processing_pipeline" time="0.002"><skipped type="pytest.skip" message="Real components not available">/mnt/d/Code/Novel-Engine/tests/integration/core/test_modular_components.py:300: Real components not available</skipped></testcase><testcase classname="tests.integration.core.test_modular_components.TestMultiAgentBridgeModularComponents" name="test_enhanced_bridge_initialization" time="0.001" /><testcase classname="tests.integration.core.test_modular_components.TestMultiAgentBridgeModularComponents" name="test_dialogue_manager_component" time="0.002"><skipped type="pytest.skip" message="Real components not available">/mnt/d/Code/Novel-Engine/tests/integration/core/test_modular_components.py:340: Real components not available</skipped></testcase><testcase classname="tests.integration.core.test_modular_components.TestMultiAgentBridgeModularComponents" name="test_llm_batch_processor_component" time="0.002"><skipped type="pytest.skip" message="Real components not available">/mnt/d/Code/Novel-Engine/tests/integration/core/test_modular_components.py:363: Real components not available</skipped></testcase><testcase classname="tests.integration.core.test_modular_components.TestMultiAgentBridgeModularComponents" name="test_cost_tracker_component" time="0.001"><skipped type="pytest.skip" message="Real components not available">/mnt/d/Code/Novel-Engine/tests/integration/core/test_modular_components.py:383: Real components not available</skipped></testcase><testcase classname="tests.integration.core.test_modular_components.TestMultiAgentBridgeModularComponents" name="test_bridge_agent_coordination" time="0.002" /><testcase classname="tests.integration.core.test_modular_components.TestModularComponentIntegration" name="test_persona_agent_with_interaction_engine" time="0.002"><skipped type="pytest.skip" message="Real components not available">/mnt/d/Code/Novel-Engine/tests/integration/core/test_modular_components.py:421: Real components not available</skipped></testcase><testcase classname="tests.integration.core.test_modular_components.TestModularComponentIntegration" name="test_full_modular_system_coordination" time="0.002" /><testcase classname="tests.integration.core.test_modular_components.TestModularComponentPerformance" name="test_persona_agent_decision_performance" time="0.002"><skipped type="pytest.skip" message="Real components not available">/mnt/d/Code/Novel-Engine/tests/integration/core/test_modular_components.py:477: Real components not available</skipped></testcase><testcase classname="tests.integration.core.test_modular_components.TestModularComponentPerformance" name="test_interaction_engine_throughput" time="0.002"><skipped type="pytest.skip" message="Real components not available">/mnt/d/Code/Novel-Engine/tests/integration/core/test_modular_components.py:509: Real components not available</skipped></testcase><testcase classname="tests.integration.core.test_systems" name="test_logging_system" time="0.024" /><testcase classname="tests.integration.core.test_systems" name="test_error_handling_system" time="3.007" /><testcase classname="tests.integration.core.test_systems" name="test_integration" time="0.005" /><testcase classname="tests.integration.core.test_wave2_components" name="test_component_initialization" time="0.206" /><testcase classname="tests.integration.core.test_wave2_components" name="test_modular_director_agent" time="0.110" /><testcase classname="tests.integration.core.test_wave2_components" name="test_component_protocols" time="0.003" /><testcase classname="tests.integration.core.test_wave2_components" name="test_component_architecture" time="0.005" /><testcase classname="tests.integration.frontend.test_simple" name="test_frontend_basic" time="0.017"><skipped type="pytest.skip" message="Integration script - use main() instead">/mnt/d/Code/Novel-Engine/tests/integration/frontend/test_simple.py:61: Integration script - use main() instead</skipped></testcase><testcase classname="tests.integration.interactions.test_simple" name="test_engine_initialization" time="0.122" /><testcase classname="tests.integration.interactions.test_simple" name="test_dialogue_interaction" time="0.104" /><testcase classname="tests.integration.interactions.test_simple" name="test_cooperation_interaction" time="0.104" /><testcase classname="tests.integration.interactions.test_simple" name="test_engine_statistics" time="0.104" /><testcase classname="tests.integration.knowledge.test_markdown_migration.TestMarkdownMigration" name="test_migrate_all_agents_converts_markdown_files_to_knowledge_entries" time="0.008" /><testcase classname="tests.integration.knowledge.test_markdown_migration.TestMarkdownMigration" name="test_migrate_all_agents_handles_empty_directory" time="0.003" /><testcase classname="tests.integration.knowledge.test_markdown_migration.TestMarkdownMigration" name="test_migrate_all_agents_skips_non_markdown_files" time="0.007" /><testcase classname="tests.integration.knowledge.test_markdown_migration.TestMarkdownMigration" name="test_migrate_all_agents_preserves_character_ownership" time="0.006" /><testcase classname="tests.integration.knowledge.test_markdown_migration.TestMarkdownMigrationBackup" name="test_migration_creates_timestamped_backup_directory" time="0.005" /><testcase classname="tests.integration.knowledge.test_markdown_migration.TestMarkdownMigrationBackup" name="test_backup_preserves_directory_structure" time="0.007" /><testcase classname="tests.integration.knowledge.test_markdown_migration.TestMarkdownMigrationBackup" name="test_migration_without_backup_flag_skips_backup" time="0.004" /><testcase classname="tests.integration.knowledge.test_markdown_migration.TestMarkdownMigrationRollback" name="test_rollback_deletes_migrated_knowledge_entries" time="0.007" /><testcase classname="tests.integration.knowledge.test_markdown_migration.TestMarkdownMigrationRollback" name="test_rollback_restores_original_markdown_files" time="0.008" /><testcase classname="tests.integration.knowledge.test_markdown_migration.TestMarkdownMigrationRollback" name="test_rollback_without_backup_path_raises_error" time="0.006" /><testcase classname="tests.integration.knowledge.test_markdown_migration.TestMarkdownMigrationVerification" name="test_verify_migration_compares_markdown_vs_knowledge_base" time="0.005" /><testcase classname="tests.integration.knowledge.test_markdown_migration.TestMarkdownMigrationVerification" name="test_verify_migration_detects_content_mismatch" time="0.004" /><testcase classname="tests.integration.knowledge.test_markdown_migration.TestMarkdownMigrationVerification" name="test_verify_migration_detects_missing_entries" time="0.004" /><testcase classname="tests.integration.knowledge.test_postgresql_repository.TestPostgreSQLKnowledgeRepositorySave" name="test_save_new_entry_persists_to_database" time="0.036"><skipped type="pytest.skip" message="PostgreSQL not available: No module named 'psycopg2'">/mnt/d/Code/Novel-Engine/tests/integration/knowledge/test_postgresql_repository.py:127: PostgreSQL not available: No module named 'psycopg2'</skipped></testcase><testcase classname="tests.integration.knowledge.test_postgresql_repository.TestPostgreSQLKnowledgeRepositorySave" name="test_save_entry_with_character_specific_access" time="0.028"><skipped type="pytest.skip" message="PostgreSQL not available: No module named 'psycopg2'">/mnt/d/Code/Novel-Engine/tests/integration/knowledge/test_postgresql_repository.py:141: PostgreSQL not available: No module named 'psycopg2'</skipped></testcase><testcase classname="tests.integration.knowledge.test_postgresql_repository.TestPostgreSQLKnowledgeRepositorySave" name="test_save_entry_with_role_based_access" time="0.031"><skipped type="pytest.skip" message="PostgreSQL not available: No module named 'psycopg2'">/mnt/d/Code/Novel-Engine/tests/integration/knowledge/test_postgresql_repository.py:171: PostgreSQL not available: No module named 'psycopg2'</skipped></testcase><testcase classname="tests.integration.knowledge.test_postgresql_repository.TestPostgreSQLKnowledgeRepositorySave" name="test_save_updates_existing_entry" time="0.029"><skipped type="pytest.skip" message="PostgreSQL not available: No module named 'psycopg2'">/mnt/d/Code/Novel-Engine/tests/integration/knowledge/test_postgresql_repository.py:201: PostgreSQL not available: No module named 'psycopg2'</skipped></testcase><testcase classname="tests.integration.knowledge.test_postgresql_repository.TestPostgreSQLKnowledgeRepositorySave" name="test_save_with_empty_content_raises_database_constraint_error" time="0.023"><skipped type="pytest.skip" message="PostgreSQL not available: No module named 'psycopg2'">/mnt/d/Code/Novel-Engine/tests/integration/knowledge/test_postgresql_repository.py:219: PostgreSQL not available: No module named 'psycopg2'</skipped></testcase><testcase classname="tests.integration.knowledge.test_postgresql_repository.TestPostgreSQLKnowledgeRepositoryGetById" name="test_get_by_id_returns_entry_when_exists" time="0.028"><skipped type="pytest.skip" message="PostgreSQL not available: No module named 'psycopg2'">/mnt/d/Code/Novel-Engine/tests/integration/knowledge/test_postgresql_repository.py:248: PostgreSQL not available: No module named 'psycopg2'</skipped></testcase><testcase classname="tests.integration.knowledge.test_postgresql_repository.TestPostgreSQLKnowledgeRepositoryGetById" name="test_get_by_id_returns_none_when_not_exists" time="0.030"><skipped type="pytest.skip" message="PostgreSQL not available: No module named 'psycopg2'">/mnt/d/Code/Novel-Engine/tests/integration/knowledge/test_postgresql_repository.py:263: PostgreSQL not available: No module named 'psycopg2'</skipped></testcase><testcase classname="tests.integration.knowledge.test_postgresql_repository.TestPostgreSQLKnowledgeRepositoryGetById" name="test_get_by_id_reconstructs_access_control_correctly" time="0.029"><skipped type="pytest.skip" message="PostgreSQL not available: No module named 'psycopg2'">/mnt/d/Code/Novel-Engine/tests/integration/knowledge/test_postgresql_repository.py:275: PostgreSQL not available: No module named 'psycopg2'</skipped></testcase><testcase classname="tests.integration.knowledge.test_postgresql_repository.TestPostgreSQLKnowledgeRepositoryDelete" name="test_delete_removes_entry_from_database" time="0.028"><skipped type="pytest.skip" message="PostgreSQL not available: No module named 'psycopg2'">/mnt/d/Code/Novel-Engine/tests/integration/knowledge/test_postgresql_repository.py:309: PostgreSQL not available: No module named 'psycopg2'</skipped></testcase><testcase classname="tests.integration.knowledge.test_postgresql_repository.TestPostgreSQLKnowledgeRepositoryDelete" name="test_delete_non_existent_entry_succeeds" time="0.028"><skipped type="pytest.skip" message="PostgreSQL not available: No module named 'psycopg2'">/mnt/d/Code/Novel-Engine/tests/integration/knowledge/test_postgresql_repository.py:322: PostgreSQL not available: No module named 'psycopg2'</skipped></testcase><testcase classname="tests.integration.knowledge.test_postgresql_repository.TestPostgreSQLKnowledgeRepositoryDelete" name="test_delete_cascades_to_audit_log" time="0.030"><skipped type="pytest.skip" message="PostgreSQL not available: No module named 'psycopg2'">/mnt/d/Code/Novel-Engine/tests/integration/knowledge/test_postgresql_repository.py:331: PostgreSQL not available: No module named 'psycopg2'</skipped></testcase><testcase classname="tests.integration.knowledge.test_postgresql_repository.TestPostgreSQLKnowledgeRepositoryRetrieveForAgent" name="test_retrieve_for_agent_returns_only_accessible_entries" time="0.028"><skipped type="pytest.skip" message="PostgreSQL not available: No module named 'psycopg2'">/mnt/d/Code/Novel-Engine/tests/integration/knowledge/test_postgresql_repository.py:366: PostgreSQL not available: No module named 'psycopg2'</skipped></testcase><testcase classname="tests.integration.knowledge.test_postgresql_repository.TestPostgreSQLKnowledgeRepositoryRetrieveForAgent" name="test_retrieve_for_agent_public_access_returns_all_public_entries" time="0.030"><skipped type="pytest.skip" message="PostgreSQL not available: No module named 'psycopg2'">/mnt/d/Code/Novel-Engine/tests/integration/knowledge/test_postgresql_repository.py:443: PostgreSQL not available: No module named 'psycopg2'</skipped></testcase><testcase classname="tests.integration.knowledge.test_postgresql_repository.TestPostgreSQLKnowledgeRepositoryRetrieveForAgent" name="test_retrieve_for_agent_role_based_access_with_multiple_roles" time="0.029"><skipped type="pytest.skip" message="PostgreSQL not available: No module named 'psycopg2'">/mnt/d/Code/Novel-Engine/tests/integration/knowledge/test_postgresql_repository.py:486: PostgreSQL not available: No module named 'psycopg2'</skipped></testcase><testcase classname="tests.integration.knowledge.test_postgresql_repository.TestPostgreSQLKnowledgeRepositoryRetrieveForAgent" name="test_retrieve_for_agent_character_specific_access_filters_correctly" time="0.029"><skipped type="pytest.skip" message="PostgreSQL not available: No module named 'psycopg2'">/mnt/d/Code/Novel-Engine/tests/integration/knowledge/test_postgresql_repository.py:551: PostgreSQL not available: No module named 'psycopg2'</skipped></testcase><testcase classname="tests.integration.knowledge.test_postgresql_repository.TestPostgreSQLKnowledgeRepositoryRetrieveForAgent" name="test_retrieve_for_agent_returns_empty_list_when_no_access" time="0.027"><skipped type="pytest.skip" message="PostgreSQL not available: No module named 'psycopg2'">/mnt/d/Code/Novel-Engine/tests/integration/knowledge/test_postgresql_repository.py:600: PostgreSQL not available: No module named 'psycopg2'</skipped></testcase><testcase classname="tests.integration.knowledge.test_postgresql_repository.TestPostgreSQLKnowledgeRepositoryRetrieveForAgent" name="test_retrieve_for_agent_performance_with_100_entries" time="0.028"><skipped type="pytest.skip" message="PostgreSQL not available: No module named 'psycopg2'">/mnt/d/Code/Novel-Engine/tests/integration/knowledge/test_postgresql_repository.py:632: PostgreSQL not available: No module named 'psycopg2'</skipped></testcase><testcase classname="tests.integration.knowledge.test_postgresql_repository.TestPostgreSQLKnowledgeRepositoryPerformance" name="test_save_performance_within_target" time="0.029"><skipped type="pytest.skip" message="PostgreSQL not available: No module named 'psycopg2'">/mnt/d/Code/Novel-Engine/tests/integration/knowledge/test_postgresql_repository.py:691: PostgreSQL not available: No module named 'psycopg2'</skipped></testcase><testcase classname="tests.integration.knowledge.test_postgresql_repository.TestPostgreSQLKnowledgeRepositoryPerformance" name="test_get_by_id_performance_within_target" time="0.028"><skipped type="pytest.skip" message="PostgreSQL not available: No module named 'psycopg2'">/mnt/d/Code/Novel-Engine/tests/integration/knowledge/test_postgresql_repository.py:704: PostgreSQL not available: No module named 'psycopg2'</skipped></testcase><testcase classname="tests.integration.knowledge.test_semantic_retrieval.TestSemanticKnowledgeRetrieval" name="test_semantic_search_retrieves_similar_entries_without_exact_match" time="0.003" /><testcase classname="tests.integration.knowledge.test_semantic_retrieval.TestSemanticKnowledgeRetrieval" name="test_semantic_search_ranks_by_relevance" time="0.003" /><testcase classname="tests.integration.knowledge.test_semantic_retrieval.TestSemanticKnowledgeRetrieval" name="test_semantic_search_respects_access_control" time="0.003" /><testcase classname="tests.integration.knowledge.test_semantic_retrieval.TestSemanticKnowledgeRetrieval" name="test_semantic_search_handles_empty_results" time="0.002" /><testcase classname="tests.integration.knowledge.test_semantic_retrieval.TestSemanticKnowledgeRetrieval" name="test_semantic_search_top_k_limit" time="0.003" /><testcase classname="tests.integration.knowledge.test_subjective_brief_integration.TestSubjectiveBriefPhaseAdapter" name="test_assemble_agent_context_retrieves_from_postgresql" time="0.004" /><testcase classname="tests.integration.knowledge.test_subjective_brief_integration.TestSubjectiveBriefPhaseAdapter" name="test_assemble_agent_context_applies_access_control" time="0.003" /><testcase classname="tests.integration.knowledge.test_subjective_brief_integration.TestSubjectiveBriefPhaseAdapter" name="test_assemble_agent_context_returns_formatted_prompt" time="0.004" /><testcase classname="tests.integration.knowledge.test_subjective_brief_integration.TestSubjectiveBriefPhaseAdapter" name="test_assemble_agent_context_performance_within_500ms" time="0.004" /><testcase classname="tests.integration.knowledge.test_subjective_brief_integration.TestSubjectiveBriefPhaseMarkdownReplacement" name="test_subjective_brief_phase_does_not_read_markdown_files" time="0.006" /><testcase classname="tests.integration.test_character_context_integration.TestCharacterContextIntegration" name="test_character_domain_model_creation" time="0.002" /><testcase classname="tests.integration.test_character_context_integration.TestCharacterContextIntegration" name="test_character_value_objects_validation" time="0.001" /><testcase classname="tests.integration.test_character_context_integration.TestCharacterContextIntegration" name="test_core_abilities_calculations" time="0.001" /><testcase classname="tests.integration.test_character_context_integration.TestCharacterContextIntegration" name="test_character_application_service_create_character" time="0.004" /><testcase classname="tests.integration.test_character_context_integration.TestCharacterContextIntegration" name="test_character_application_service_duplicate_name_validation" time="0.006" /><testcase classname="tests.integration.test_character_context_integration.TestCharacterContextIntegration" name="test_create_character_command_validation" time="0.005" /><testcase classname="tests.integration.test_character_context_integration.TestCharacterContextIntegration" name="test_character_stats_updates" time="0.004" /><testcase classname="tests.integration.test_character_context_integration.TestCharacterContextIntegration" name="test_character_level_up" time="0.003" /><testcase classname="tests.integration.test_character_context_integration.TestCharacterContextIntegration" name="test_character_healing_and_damage" time="0.003" /><testcase classname="tests.integration.test_character_context_integration.TestCharacterContextIntegration" name="test_character_query_operations" time="0.004" /><testcase classname="tests.integration.test_character_context_integration.TestCharacterContextIntegration" name="test_character_skills_system" time="0.001" /><testcase classname="tests.integration.test_character_context_integration.TestCharacterContextIntegration" name="test_character_domain_events" time="0.002" /><testcase classname="tests.integration.test_character_context_integration.TestCharacterContextIntegration" name="test_character_business_rules" time="0.002" /><testcase classname="tests.integration.test_character_context_integration.TestCharacterContextIntegration" name="test_character_export_import_data" time="0.002" /><testcase classname="tests.integration.test_character_context_integration.TestCharacterRepositoryIntegration" name="test_character_orm_models_import" time="0.001" /><testcase classname="tests.integration.test_character_context_integration.TestCharacterRepositoryIntegration" name="test_sqlalchemy_character_repository_import" time="0.001" /><testcase classname="tests.integration.test_e2e_turn_orchestration.TestTurnOrchestrationE2E" name="test_complete_turn_orchestration_e2e" time="2.844" /><testcase classname="tests.integration.test_e2e_turn_orchestration.TestTurnOrchestrationE2E" name="test_turn_orchestration_with_validation_errors" time="0.049" /><testcase classname="tests.integration.test_e2e_turn_orchestration.TestTurnOrchestrationE2E" name="test_turn_orchestration_async_execution" time="0.236" /><testcase classname="tests.integration.test_e2e_turn_orchestration.TestTurnOrchestrationErrorHandling" name="test_database_connection_failure" time="0.002" /><testcase classname="tests.integration.test_e2e_turn_orchestration.TestTurnOrchestrationErrorHandling" name="test_invalid_character_references" time="0.002" /><testcase classname="tests.integration.test_e2e_turn_orchestration.TestTurnOrchestrationErrorHandling" name="test_concurrent_turn_execution" time="0.002" /><testcase classname="tests.integration.test_world_api_integration.TestWorldAPIIntegration" name="test_world_router_import" time="0.001" /><testcase classname="tests.integration.test_world_api_integration.TestWorldAPIIntegration" name="test_world_delta_endpoint_structure" time="0.031" /><testcase classname="tests.integration.test_world_api_integration.TestWorldAPIIntegration" name="test_world_slice_endpoint_structure" time="0.030" /><testcase classname="tests.integration.test_world_api_integration.TestWorldAPIIntegration" name="test_world_summary_endpoint_structure" time="0.040" /><testcase classname="tests.integration.test_world_api_integration.TestWorldAPIIntegration" name="test_world_history_endpoint_structure" time="0.027" /><testcase classname="tests.integration.test_world_api_integration.TestWorldAPIIntegration" name="test_world_validate_endpoint_structure" time="0.025" /><testcase classname="tests.integration.test_world_api_integration.TestWorldAPIIntegration" name="test_world_id_parameter_validation" time="0.026" /><testcase classname="tests.integration.test_world_api_integration.TestWorldAPIIntegration" name="test_world_endpoints_http_methods" time="0.047" /><testcase classname="tests.integration.test_world_api_integration.TestAPIServerIntegration" name="test_api_server_world_router_integration" time="0.001" /><testcase classname="tests.performance.test_llm_performance" name="test_async_llm_client_performance" time="0.029" /><testcase classname="tests.performance.test_llm_performance" name="test_persona_agent_patch" time="0.001"><skipped type="pytest.skip" message="Integration script - use main() instead">/mnt/d/Code/Novel-Engine/tests/performance/test_llm_performance.py:115: Integration script - use main() instead</skipped></testcase><testcase classname="tests.performance.test_llm_performance" name="test_concurrent_agent_performance" time="0.219" /><testcase classname="tests.security.test_comprehensive_security.TestAuthentication" name="test_jwt_token_validation" time="1.620" /><testcase classname="tests.security.test_comprehensive_security.TestAuthentication" name="test_password_security_requirements" time="1.276" /><testcase classname="tests.security.test_comprehensive_security.TestAuthentication" name="test_brute_force_protection" time="2.522" /><testcase classname="tests.security.test_comprehensive_security.TestAuthentication" name="test_token_expiration" time="1.310" /><testcase classname="tests.security.test_comprehensive_security.TestAuthorization" name="test_role_based_access_control" time="1.313" /><testcase classname="tests.security.test_comprehensive_security.TestAuthorization" name="test_permission_escalation_prevention" time="1.304" /><testcase classname="tests.security.test_comprehensive_security.TestInputValidation" name="test_sql_injection_detection" time="0.002" /><testcase classname="tests.security.test_comprehensive_security.TestInputValidation" name="test_xss_detection" time="0.003" /><testcase classname="tests.security.test_comprehensive_security.TestInputValidation" name="test_command_injection_detection" time="0.002" /><testcase classname="tests.security.test_comprehensive_security.TestInputValidation" name="test_input_sanitization" time="0.002" /><testcase classname="tests.security.test_comprehensive_security.TestRateLimiting" name="test_rate_limit_enforcement" time="0.003" /><testcase classname="tests.security.test_comprehensive_security.TestRateLimiting" name="test_ddos_detection" time="0.003" /><testcase classname="tests.security.test_comprehensive_security.TestRateLimiting" name="test_ip_whitelist" time="0.002" /><testcase classname="tests.security.test_comprehensive_security.TestSecurityHeaders" name="test_security_headers_configuration" time="0.002" /><testcase classname="tests.security.test_comprehensive_security.TestVulnerabilityAssessment" name="test_owasp_top_10_protection" time="1.294" /><testcase classname="tests.security.test_comprehensive_security.TestVulnerabilityAssessment" name="test_information_disclosure_prevention" time="1.274" /><testcase classname="tests.security.test_comprehensive_security.TestVulnerabilityAssessment" name="test_session_security" time="1.538" /><testcase classname="tests.security.test_comprehensive_security.TestSecurityMonitoring" name="test_security_event_logging" time="0.002" /><testcase classname="tests.security.test_comprehensive_security.TestSecurityMonitoring" name="test_audit_trail" time="0.002" /><testcase classname="tests.security.test_comprehensive_security.TestSecurityPerformance" name="test_rate_limiting_performance" time="0.179" /><testcase classname="tests.security.test_comprehensive_security.TestSecurityPerformance" name="test_input_validation_performance" time="0.111" /><testcase classname="tests.security.test_comprehensive_security.TestSecurityIntegration" name="test_end_to_end_security_flow" time="1.548" /><testcase classname="tests.smoke.test_api_health" name="test_health_endpoint_reports_healthy" time="0.008" /><testcase classname="tests.smoke.test_api_health" name="test_cache_metrics_endpoint_available" time="0.005" /><testcase classname="tests.smoke.test_api_health" name="test_cache_invalidate_noops_without_tags" time="0.006" /><testcase classname="tests.test_ai_intelligence_integration.TestAIIntelligenceIntegration" name="test_integration_startup_success" time="0.000"><skipped type="pytest.skip" message="Full AI integration suite requires NOVEL_ENGINE_FULL_INTEGRATION=1">/mnt/d/Code/Novel-Engine/tests/test_ai_intelligence_integration.py:120: Full AI integration suite requires NOVEL_ENGINE_FULL_INTEGRATION=1</skipped></testcase><testcase classname="tests.test_ai_intelligence_integration.TestAIIntelligenceIntegration" name="test_integration_startup_traditional_only" time="0.000"><skipped type="pytest.skip" message="Full AI integration suite requires NOVEL_ENGINE_FULL_INTEGRATION=1">/mnt/d/Code/Novel-Engine/tests/test_ai_intelligence_integration.py:132: Full AI integration suite requires NOVEL_ENGINE_FULL_INTEGRATION=1</skipped></testcase><testcase classname="tests.test_ai_intelligence_integration.TestAIIntelligenceIntegration" name="test_integration_shutdown" time="0.000"><skipped type="pytest.skip" message="Full AI integration suite requires NOVEL_ENGINE_FULL_INTEGRATION=1">/mnt/d/Code/Novel-Engine/tests/test_ai_intelligence_integration.py:151: Full AI integration suite requires NOVEL_ENGINE_FULL_INTEGRATION=1</skipped></testcase><testcase classname="tests.test_ai_intelligence_integration.TestAIIntelligenceIntegration" name="test_character_action_processing_traditional" time="0.000"><skipped type="pytest.skip" message="Full AI integration suite requires NOVEL_ENGINE_FULL_INTEGRATION=1">/mnt/d/Code/Novel-Engine/tests/test_ai_intelligence_integration.py:166: Full AI integration suite requires NOVEL_ENGINE_FULL_INTEGRATION=1</skipped></testcase><testcase classname="tests.test_ai_intelligence_integration.TestAIIntelligenceIntegration" name="test_character_action_processing_ai_enhanced" time="0.000"><skipped type="pytest.skip" message="Full AI integration suite requires NOVEL_ENGINE_FULL_INTEGRATION=1">/mnt/d/Code/Novel-Engine/tests/test_ai_intelligence_integration.py:183: Full AI integration suite requires NOVEL_ENGINE_FULL_INTEGRATION=1</skipped></testcase><testcase classname="tests.test_ai_intelligence_integration.TestAIIntelligenceIntegration" name="test_character_action_fallback_mechanism" time="0.000"><skipped type="pytest.skip" message="Full AI integration suite requires NOVEL_ENGINE_FULL_INTEGRATION=1">/mnt/d/Code/Novel-Engine/tests/test_ai_intelligence_integration.py:209: Full AI integration suite requires NOVEL_ENGINE_FULL_INTEGRATION=1</skipped></testcase><testcase classname="tests.test_ai_intelligence_integration.TestAIIntelligenceIntegration" name="test_story_generation_traditional" time="0.000"><skipped type="pytest.skip" message="Full AI integration suite requires NOVEL_ENGINE_FULL_INTEGRATION=1">/mnt/d/Code/Novel-Engine/tests/test_ai_intelligence_integration.py:235: Full AI integration suite requires NOVEL_ENGINE_FULL_INTEGRATION=1</skipped></testcase><testcase classname="tests.test_ai_intelligence_integration.TestAIIntelligenceIntegration" name="test_story_generation_ai_enhanced" time="0.000"><skipped type="pytest.skip" message="Full AI integration suite requires NOVEL_ENGINE_FULL_INTEGRATION=1">/mnt/d/Code/Novel-Engine/tests/test_ai_intelligence_integration.py:251: Full AI integration suite requires NOVEL_ENGINE_FULL_INTEGRATION=1</skipped></testcase><testcase classname="tests.test_ai_intelligence_integration.TestAIIntelligenceIntegration" name="test_system_status_retrieval" time="0.000"><skipped type="pytest.skip" message="Full AI integration suite requires NOVEL_ENGINE_FULL_INTEGRATION=1">/mnt/d/Code/Novel-Engine/tests/test_ai_intelligence_integration.py:283: Full AI integration suite requires NOVEL_ENGINE_FULL_INTEGRATION=1</skipped></testcase><testcase classname="tests.test_ai_intelligence_integration.TestAIIntelligenceIntegration" name="test_performance_tracking" time="0.000"><skipped type="pytest.skip" message="Full AI integration suite requires NOVEL_ENGINE_FULL_INTEGRATION=1">/mnt/d/Code/Novel-Engine/tests/test_ai_intelligence_integration.py:299: Full AI integration suite requires NOVEL_ENGINE_FULL_INTEGRATION=1</skipped></testcase><testcase classname="tests.test_ai_intelligence_integration.TestAIIntelligenceIntegration" name="test_error_handling_and_recovery" time="0.000"><skipped type="pytest.skip" message="Full AI integration suite requires NOVEL_ENGINE_FULL_INTEGRATION=1">/mnt/d/Code/Novel-Engine/tests/test_ai_intelligence_integration.py:319: Full AI integration suite requires NOVEL_ENGINE_FULL_INTEGRATION=1</skipped></testcase><testcase classname="tests.test_ai_intelligence_integration.TestAIIntelligenceIntegration" name="test_feature_gate_functionality" time="0.000"><skipped type="pytest.skip" message="Full AI integration suite requires NOVEL_ENGINE_FULL_INTEGRATION=1">/mnt/d/Code/Novel-Engine/tests/test_ai_intelligence_integration.py:338: Full AI integration suite requires NOVEL_ENGINE_FULL_INTEGRATION=1</skipped></testcase><testcase classname="tests.test_ai_intelligence_integration.TestAIIntelligenceIntegration" name="test_cross_system_event_coordination" time="0.000"><skipped type="pytest.skip" message="Full AI integration suite requires NOVEL_ENGINE_FULL_INTEGRATION=1">/mnt/d/Code/Novel-Engine/tests/test_ai_intelligence_integration.py:368: Full AI integration suite requires NOVEL_ENGINE_FULL_INTEGRATION=1</skipped></testcase><testcase classname="tests.test_ai_intelligence_integration.TestAIIntelligenceIntegration" name="test_integration_mode_switching" time="0.000"><skipped type="pytest.skip" message="Full AI integration suite requires NOVEL_ENGINE_FULL_INTEGRATION=1">/mnt/d/Code/Novel-Engine/tests/test_ai_intelligence_integration.py:388: Full AI integration suite requires NOVEL_ENGINE_FULL_INTEGRATION=1</skipped></testcase><testcase classname="tests.test_ai_intelligence_integration.TestAIIntelligenceIntegration" name="test_timeout_handling" time="0.000"><skipped type="pytest.skip" message="Full AI integration suite requires NOVEL_ENGINE_FULL_INTEGRATION=1">/mnt/d/Code/Novel-Engine/tests/test_ai_intelligence_integration.py:411: Full AI integration suite requires NOVEL_ENGINE_FULL_INTEGRATION=1</skipped></testcase><testcase classname="tests.test_ai_intelligence_integration.TestAIIntelligenceIntegration" name="test_analytics_integration" time="0.000"><skipped type="pytest.skip" message="Full AI integration suite requires NOVEL_ENGINE_FULL_INTEGRATION=1">/mnt/d/Code/Novel-Engine/tests/test_ai_intelligence_integration.py:439: Full AI integration suite requires NOVEL_ENGINE_FULL_INTEGRATION=1</skipped></testcase><testcase classname="tests.test_ai_intelligence_integration.TestAIIntelligenceIntegration" name="test_concurrent_operations" time="0.000"><skipped type="pytest.skip" message="Full AI integration suite requires NOVEL_ENGINE_FULL_INTEGRATION=1">/mnt/d/Code/Novel-Engine/tests/test_ai_intelligence_integration.py:462: Full AI integration suite requires NOVEL_ENGINE_FULL_INTEGRATION=1</skipped></testcase><testcase classname="tests.test_ai_intelligence_integration.TestAIIntelligenceIntegration" name="test_memory_and_cleanup" time="0.000"><skipped type="pytest.skip" message="Full AI integration suite requires NOVEL_ENGINE_FULL_INTEGRATION=1">/mnt/d/Code/Novel-Engine/tests/test_ai_intelligence_integration.py:483: Full AI integration suite requires NOVEL_ENGINE_FULL_INTEGRATION=1</skipped></testcase><testcase classname="tests.test_ai_intelligence_integration.TestNarrativeEngineV2Integration" name="test_narrative_engine_initialization" time="0.000"><skipped type="pytest.skip" message="Full AI integration suite requires NOVEL_ENGINE_FULL_INTEGRATION=1">/mnt/d/Code/Novel-Engine/tests/test_ai_intelligence_integration.py:527: Full AI integration suite requires NOVEL_ENGINE_FULL_INTEGRATION=1</skipped></testcase><testcase classname="tests.test_ai_intelligence_integration.TestNarrativeEngineV2Integration" name="test_get_narrative_guidance" time="0.000"><skipped type="pytest.skip" message="Full AI integration suite requires NOVEL_ENGINE_FULL_INTEGRATION=1">/mnt/d/Code/Novel-Engine/tests/test_ai_intelligence_integration.py:537: Full AI integration suite requires NOVEL_ENGINE_FULL_INTEGRATION=1</skipped></testcase><testcase classname="tests.test_ai_intelligence_integration.TestNarrativeEngineV2Integration" name="test_narrative_guidance_integration_in_story_generation" time="0.000"><skipped type="pytest.skip" message="Full AI integration suite requires NOVEL_ENGINE_FULL_INTEGRATION=1">/mnt/d/Code/Novel-Engine/tests/test_ai_intelligence_integration.py:557: Full AI integration suite requires NOVEL_ENGINE_FULL_INTEGRATION=1</skipped></testcase><testcase classname="tests.test_ai_intelligence_integration.TestNarrativeEngineV2Integration" name="test_turn_completion_updates_arc_state" time="0.000"><skipped type="pytest.skip" message="Full AI integration suite requires NOVEL_ENGINE_FULL_INTEGRATION=1">/mnt/d/Code/Novel-Engine/tests/test_ai_intelligence_integration.py:579: Full AI integration suite requires NOVEL_ENGINE_FULL_INTEGRATION=1</skipped></testcase><testcase classname="tests.test_ai_intelligence_integration.TestNarrativeEngineV2Integration" name="test_narrative_progression_through_multiple_turns" time="0.000"><skipped type="pytest.skip" message="Full AI integration suite requires NOVEL_ENGINE_FULL_INTEGRATION=1">/mnt/d/Code/Novel-Engine/tests/test_ai_intelligence_integration.py:603: Full AI integration suite requires NOVEL_ENGINE_FULL_INTEGRATION=1</skipped></testcase><testcase classname="tests.test_ai_intelligence_integration.TestPerformanceValidation" name="test_response_time_requirements" time="0.000"><skipped type="pytest.skip" message="Full AI integration suite requires NOVEL_ENGINE_FULL_INTEGRATION=1">/mnt/d/Code/Novel-Engine/tests/test_ai_intelligence_integration.py:635: Full AI integration suite requires NOVEL_ENGINE_FULL_INTEGRATION=1</skipped></testcase><testcase classname="tests.test_ai_intelligence_integration.TestPerformanceValidation" name="test_throughput_capacity" time="0.000"><skipped type="pytest.skip" message="Full AI integration suite requires NOVEL_ENGINE_FULL_INTEGRATION=1">/mnt/d/Code/Novel-Engine/tests/test_ai_intelligence_integration.py:662: Full AI integration suite requires NOVEL_ENGINE_FULL_INTEGRATION=1</skipped></testcase><testcase classname="tests.test_ai_intelligence_integration.TestPerformanceValidation" name="test_resource_utilization" time="0.000"><skipped type="pytest.skip" message="Full AI integration suite requires NOVEL_ENGINE_FULL_INTEGRATION=1">/mnt/d/Code/Novel-Engine/tests/test_ai_intelligence_integration.py:688: Full AI integration suite requires NOVEL_ENGINE_FULL_INTEGRATION=1</skipped></testcase><testcase classname="tests.test_api_endpoints_comprehensive.TestHealthEndpoints" name="test_root_endpoint_returns_storyforge_branding" time="0.005" /><testcase classname="tests.test_api_endpoints_comprehensive.TestHealthEndpoints" name="test_health_endpoint_basic_functionality" time="0.005" /><testcase classname="tests.test_api_endpoints_comprehensive.TestHealthEndpoints" name="test_system_status_endpoint" time="0.005" /><testcase classname="tests.test_api_endpoints_comprehensive.TestHealthEndpoints" name="test_policy_endpoint" time="0.006" /><testcase classname="tests.test_api_endpoints_comprehensive.TestCharacterEndpoints" name="test_characters_list_returns_generic_characters" time="0.015" /><testcase classname="tests.test_api_endpoints_comprehensive.TestCharacterEndpoints" name="test_character_detail_pilot" time="0.065" /><testcase classname="tests.test_api_endpoints_comprehensive.TestCharacterEndpoints" name="test_character_detail_scientist" time="0.041" /><testcase classname="tests.test_api_endpoints_comprehensive.TestCharacterEndpoints" name="test_character_detail_engineer" time="0.040" /><testcase classname="tests.test_api_endpoints_comprehensive.TestCharacterEndpoints" name="test_character_detail_nonexistent" time="0.007" /><testcase classname="tests.test_api_endpoints_comprehensive.TestCharacterEndpoints" name="test_character_detail_legacy_branded_characters" time="0.016" /><testcase classname="tests.test_api_endpoints_comprehensive.TestCharacterEndpoints" name="test_enhanced_character_endpoint" time="0.006" /><testcase classname="tests.test_api_endpoints_comprehensive.TestSimulationEndpoints" name="test_simulation_with_generic_characters" time="0.006" /><testcase classname="tests.test_api_endpoints_comprehensive.TestSimulationEndpoints" name="test_simulation_minimum_characters_validation" time="0.006" /><testcase classname="tests.test_api_endpoints_comprehensive.TestSimulationEndpoints" name="test_simulation_maximum_characters_validation" time="0.006" /><testcase classname="tests.test_api_endpoints_comprehensive.TestSimulationEndpoints" name="test_simulation_with_all_generic_characters" time="0.007" /><testcase classname="tests.test_api_endpoints_comprehensive.TestSimulationEndpoints" name="test_simulation_story_quality" time="0.006" /><testcase classname="tests.test_api_endpoints_comprehensive.TestSimulationEndpoints" name="test_simulation_with_custom_setting_scenario" time="0.013" /><testcase classname="tests.test_api_endpoints_comprehensive.TestCampaignEndpoints" name="test_campaigns_list_endpoint" time="0.016" /><testcase classname="tests.test_api_endpoints_comprehensive.TestCampaignEndpoints" name="test_campaign_creation_with_generic_theme" time="0.023" /><testcase classname="tests.test_api_endpoints_comprehensive.TestErrorHandlingAndEdgeCases" name="test_invalid_json_request" time="0.007" /><testcase classname="tests.test_api_endpoints_comprehensive.TestErrorHandlingAndEdgeCases" name="test_missing_required_fields" time="0.007" /><testcase classname="tests.test_api_endpoints_comprehensive.TestErrorHandlingAndEdgeCases" name="test_empty_character_list" time="0.007" /><testcase classname="tests.test_api_endpoints_comprehensive.TestErrorHandlingAndEdgeCases" name="test_nonexistent_character_in_simulation" time="0.008" /><testcase classname="tests.test_api_endpoints_comprehensive.TestErrorHandlingAndEdgeCases" name="test_rate_limiting_compliance" time="0.019" /><testcase classname="tests.test_api_endpoints_comprehensive.TestErrorHandlingAndEdgeCases" name="test_cors_headers_present" time="0.004" /><testcase classname="tests.test_api_endpoints_comprehensive.TestSecurityAndValidation" name="test_input_sanitization" time="0.006" /><testcase classname="tests.test_api_endpoints_comprehensive.TestSecurityAndValidation" name="test_sql_injection_prevention" time="0.006" /><testcase classname="tests.test_api_endpoints_comprehensive.TestSecurityAndValidation" name="test_excessive_input_length_handling" time="0.007" /><testcase classname="tests.test_api_endpoints_comprehensive.TestPerformanceAndLoad" name="test_response_time_health_check" time="0.006" /><testcase classname="tests.test_api_endpoints_comprehensive.TestPerformanceAndLoad" name="test_response_time_character_list" time="0.014" /><testcase classname="tests.test_api_endpoints_comprehensive.TestPerformanceAndLoad" name="test_simulation_execution_time" time="0.006" /><testcase classname="tests.test_api_endpoints_comprehensive.TestPerformanceAndLoad" name="test_concurrent_requests_handling" time="0.051" /><testcase classname="tests.test_api_endpoints_comprehensive.TestAPIDocumentation" name="test_openapi_schema_accessibility" time="0.005" /><testcase classname="tests.test_api_endpoints_comprehensive.TestAPIDocumentation" name="test_redoc_documentation_accessibility" time="0.005" /><testcase classname="tests.test_character_system_comprehensive.TestCharacterLoading" name="test_all_generic_characters_loadable" time="0.077" /><testcase classname="tests.test_character_system_comprehensive.TestCharacterLoading" name="test_character_directory_structure" time="0.018" /><testcase classname="tests.test_character_system_comprehensive.TestCharacterLoading" name="test_character_metadata_validation" time="0.032" /><testcase classname="tests.test_character_system_comprehensive.TestCharacterLoading" name="test_no_branded_content_in_characters" time="0.049" /><testcase classname="tests.test_character_system_comprehensive.TestCharacterLoading" name="test_character_load_error_handling" time="0.003" /><testcase classname="tests.test_character_system_comprehensive.TestCharacterLoading" name="test_character_context_loading" time="0.021" /><testcase classname="tests.test_character_system_comprehensive.TestGenericCharacterProfiles" name="test_pilot_character_profile" time="0.029" /><testcase classname="tests.test_character_system_comprehensive.TestGenericCharacterProfiles" name="test_scientist_character_profile" time="0.029" /><testcase classname="tests.test_character_system_comprehensive.TestGenericCharacterProfiles" name="test_engineer_character_profile" time="0.029" /><testcase classname="tests.test_character_system_comprehensive.TestGenericCharacterProfiles" name="test_test_character_profile" time="0.029" /><testcase classname="tests.test_character_system_comprehensive.TestCharacterStatistics" name="test_combat_stats_validity" time="0.032" /><testcase classname="tests.test_character_system_comprehensive.TestCharacterStatistics" name="test_psychological_profile_validity" time="0.032" /><testcase classname="tests.test_character_system_comprehensive.TestCharacterStatistics" name="test_equipment_completeness" time="0.032" /><testcase classname="tests.test_character_system_comprehensive.TestCharacterStatistics" name="test_character_relationships" time="0.033" /><testcase classname="tests.test_character_system_comprehensive.TestCharacterFactory" name="test_character_factory_initialization" time="0.002" /><testcase classname="tests.test_character_system_comprehensive.TestCharacterFactory" name="test_character_creation_validation" time="0.002" /><testcase classname="tests.test_character_system_comprehensive.TestCharacterFactory" name="test_character_template_validation" time="0.032" /><testcase classname="tests.test_character_system_comprehensive.TestCharacterMemorySystem" name="test_character_memory_initialization" time="0.024" /><testcase classname="tests.test_character_system_comprehensive.TestCharacterMemorySystem" name="test_memory_persistence_across_sessions" time="0.043" /><testcase classname="tests.test_character_system_comprehensive.TestCharacterMemorySystem" name="test_memory_log_format" time="0.023" /><testcase classname="tests.test_character_system_comprehensive.TestCharacterInteractions" name="test_character_decision_making" time="0.022" /><testcase classname="tests.test_character_system_comprehensive.TestCharacterInteractions" name="test_character_context_awareness" time="0.063" /><testcase classname="tests.test_character_system_comprehensive.TestCharacterInteractions" name="test_character_personality_consistency" time="0.034" /><testcase classname="tests.test_character_system_comprehensive.TestCharacterInteractions" name="test_multi_character_simulation" time="0.047" /><testcase classname="tests.test_character_system_comprehensive.TestPerformanceAndScalability" name="test_character_loading_performance" time="0.023" /><testcase classname="tests.test_character_system_comprehensive.TestPerformanceAndScalability" name="test_multiple_character_memory_usage" time="0.083" /><testcase classname="tests.test_character_system_comprehensive.TestPerformanceAndScalability" name="test_concurrent_character_operations" time="0.042" /><testcase classname="tests.test_character_system_comprehensive.TestCharacterValidation" name="test_character_data_consistency" time="0.046" /><testcase classname="tests.test_character_system_comprehensive.TestCharacterValidation" name="test_character_balance_validation" time="0.025" /><testcase classname="tests.test_character_system_comprehensive.TestCharacterValidation" name="test_sci_fi_theme_consistency" time="0.012" /><testcase classname="tests.test_config_manager.TestConfigFormat" name="test_config_format_values" time="0.001" /><testcase classname="tests.test_config_manager.TestConfigurationPaths" name="test_configuration_paths_defaults" time="0.001" /><testcase classname="tests.test_config_manager.TestConfigurationPaths" name="test_get_all_paths" time="0.002" /><testcase classname="tests.test_config_manager.TestConfigDefaults" name="test_config_defaults_initialization" time="0.001" /><testcase classname="tests.test_config_manager.TestConfigDefaults" name="test_config_defaults_to_dict" time="0.001" /><testcase classname="tests.test_config_manager.TestConfigDefaults" name="test_config_defaults_custom_values" time="0.001" /><testcase classname="tests.test_config_manager.TestConfigurationManager" name="test_initialization" time="0.003" /><testcase classname="tests.test_config_manager.TestConfigurationManager" name="test_default_configuration_loaded" time="0.002" /><testcase classname="tests.test_config_manager.TestConfigurationManager" name="test_load_yaml_config_file" time="0.005" /><testcase classname="tests.test_config_manager.TestConfigurationManager" name="test_load_json_config_file" time="0.004" /><testcase classname="tests.test_config_manager.TestConfigurationManager" name="test_merge_configurations" time="0.002" /><testcase classname="tests.test_config_manager.TestConfigurationManager" name="test_environment_variable_override" time="0.003" /><testcase classname="tests.test_config_manager.TestConfigurationManager" name="test_convert_env_value_boolean" time="0.002" /><testcase classname="tests.test_config_manager.TestConfigurationManager" name="test_convert_env_value_integer" time="0.003" /><testcase classname="tests.test_config_manager.TestConfigurationManager" name="test_convert_env_value_list" time="0.004" /><testcase classname="tests.test_config_manager.TestConfigurationManager" name="test_get_configuration_value" time="0.003" /><testcase classname="tests.test_config_manager.TestConfigurationManager" name="test_set_configuration_value" time="0.003" /><testcase classname="tests.test_config_manager.TestConfigurationManager" name="test_get_section" time="0.003" /><testcase classname="tests.test_config_manager.TestConfigurationManager" name="test_to_dict" time="0.002" /><testcase classname="tests.test_config_manager.TestConfigurationManager" name="test_save_to_file_yaml" time="0.009" /><testcase classname="tests.test_config_manager.TestConfigurationManager" name="test_save_to_file_json" time="0.003" /><testcase classname="tests.test_config_manager.TestConfigurationManager" name="test_reload_configuration" time="0.002" /><testcase classname="tests.test_config_manager.TestConfigurationManager" name="test_validation_missing_section" time="0.004" /><testcase classname="tests.test_config_manager.TestConfigurationManager" name="test_validation_invalid_port" time="0.003" /><testcase classname="tests.test_config_manager.TestGlobalConfigurationFunctions" name="test_get_config_manager_singleton" time="0.086" /><testcase classname="tests.test_config_manager.TestGlobalConfigurationFunctions" name="test_get_config_with_key_path" time="0.001" /><testcase classname="tests.test_config_manager.TestGlobalConfigurationFunctions" name="test_get_config_with_default" time="0.001" /><testcase classname="tests.test_config_manager.TestGlobalConfigurationFunctions" name="test_get_config_full_dict" time="0.001" /><testcase classname="tests.test_config_manager.TestGlobalConfigurationFunctions" name="test_reload_config_function" time="0.167" /><testcase classname="tests.test_config_manager.TestGlobalConfigurationFunctions" name="test_get_campaign_log_filename" time="0.001" /><testcase classname="tests.test_data_models.TestSacredMemoryItem" name="test_memory_item_creation_blessed_by_PRIME_ARCHITECT" time="0.001" /><testcase classname="tests.test_data_models.TestSacredMemoryItem" name="test_memory_item_validation_blessed_by_purity" time="0.004" /><testcase classname="tests.test_data_models.TestSacredMemoryItem" name="test_memory_item_bounds_sanctified_by_constraints" time="0.001" /><testcase classname="tests.test_data_models.TestSacredCharacterIdentity" name="test_character_identity_creation_blessed_by_essence" time="0.001" /><testcase classname="tests.test_data_models.TestSacredCharacterIdentity" name="test_character_identity_validation_blessed_by_requirements" time="0.003" /><testcase classname="tests.test_data_models.TestSacredPhysicalCondition" name="test_physical_condition_creation_blessed_by_health" time="0.001" /><testcase classname="tests.test_data_models.TestSacredPhysicalCondition" name="test_physical_condition_health_assessment_blessed_by_logic" time="0.001" /><testcase classname="tests.test_data_models.TestSacredEquipmentItem" name="test_equipment_item_creation_blessed_by_gear" time="0.001" /><testcase classname="tests.test_data_models.TestSacredEquipmentItem" name="test_equipment_item_validation_blessed_by_naming" time="0.003" /><testcase classname="tests.test_data_models.TestSacredEquipmentItem" name="test_equipment_item_bounds_sanctified_by_limits" time="0.001" /><testcase classname="tests.test_data_models.TestSacredEquipmentItem" name="test_equipment_functionality_blessed_by_condition" time="0.001" /><testcase classname="tests.test_data_models.TestSacredEquipmentState" name="test_equipment_state_creation_blessed_by_inventory" time="0.001" /><testcase classname="tests.test_data_models.TestSacredEquipmentState" name="test_equipment_combat_effectiveness_blessed_by_calculation" time="0.001" /><testcase classname="tests.test_data_models.TestSacredEquipmentState" name="test_equipment_empty_combat_blessed_by_fallback" time="0.001" /><testcase classname="tests.test_data_models.TestSacredRelationshipState" name="test_relationship_creation_blessed_by_bonds" time="0.001" /><testcase classname="tests.test_data_models.TestSacredRelationshipState" name="test_relationship_validation_blessed_by_requirements" time="0.003" /><testcase classname="tests.test_data_models.TestSacredRelationshipState" name="test_relationship_bounds_sanctified_by_limits" time="0.001" /><testcase classname="tests.test_data_models.TestSacredRelationshipState" name="test_relationship_interaction_update_blessed_by_evolution" time="0.001" /><testcase classname="tests.test_data_models.TestSacredCharacterState" name="test_character_state_creation_blessed_by_completeness" time="0.001" /><testcase classname="tests.test_data_models.TestSacredCharacterState" name="test_character_combat_readiness_blessed_by_calculation" time="0.001" /><testcase classname="tests.test_data_models.TestSacredDynamicContext" name="test_dynamic_context_creation_blessed_by_completeness" time="0.001" /><testcase classname="tests.test_data_models.TestSacredDynamicContext" name="test_dynamic_context_validation_blessed_by_requirements" time="0.003" /><testcase classname="tests.test_data_models.TestSacredDynamicContext" name="test_dynamic_context_memory_retrieval_blessed_by_filtering" time="0.001" /><testcase classname="tests.test_data_models.TestSacredDynamicContext" name="test_dynamic_context_json_serialization_blessed_by_persistence" time="0.002" /><testcase classname="tests.test_data_models.TestSacredInteractionStructures" name="test_character_interaction_creation_blessed_by_events" time="0.001" /><testcase classname="tests.test_data_models.TestSacredInteractionStructures" name="test_character_interaction_validation_blessed_by_participants" time="0.003" /><testcase classname="tests.test_data_models.TestSacredValidationFunctions" name="test_validate_blessed_data_model_success" time="0.001" /><testcase classname="tests.test_data_models.TestSacredValidationFunctions" name="test_validate_blessed_data_model_failure" time="0.001" /><testcase classname="tests.test_data_models.TestSacredPerformance" name="test_memory_item_creation_performance_blessed_by_speed" time="0.011" /><testcase classname="tests.test_director_agent.TestDirectorAgent" name="test_handle_agent_action" time="0.006" /><testcase classname="tests.test_director_agent.TestDirectorAgent" name="test_handle_agent_action_with_no_action" time="0.007" /><testcase classname="tests.test_director_agent.TestDirectorAgent" name="test_initialization" time="0.004" /><testcase classname="tests.test_director_agent.TestDirectorAgent" name="test_run_turn_emits_event" time="0.009" /><testcase classname="tests.test_enhanced_bridge.TestBridgeConfiguration" name="test_default_configuration" time="0.001" /><testcase classname="tests.test_enhanced_bridge.TestBridgeConfiguration" name="test_custom_configuration" time="0.001" /><testcase classname="tests.test_enhanced_bridge.TestEnhancedMultiAgentBridge" name="test_bridge_initialization" time="0.002" /><testcase classname="tests.test_enhanced_bridge.TestEnhancedMultiAgentBridge" name="test_bridge_component_initialization" time="0.003" /><testcase classname="tests.test_enhanced_bridge.TestEnhancedMultiAgentBridge" name="test_enhanced_turn_execution_no_agents" time="0.003" /><testcase classname="tests.test_enhanced_bridge.TestEnhancedMultiAgentBridge" name="test_enhanced_turn_execution_with_agents" time="0.002" /><testcase classname="tests.test_enhanced_bridge.TestEnhancedMultiAgentBridge" name="test_request_priority_determination" time="0.002" /><testcase classname="tests.test_enhanced_bridge.TestEnhancedMultiAgentBridge" name="test_bridge_status" time="0.002" /><testcase classname="tests.test_enhanced_bridge.TestEnhancedMultiAgentBridge" name="test_execution_time_calculation" time="0.002" /><testcase classname="tests.test_enhanced_bridge.TestEnhancedMultiAgentBridge" name="test_bridge_shutdown" time="0.004" /><testcase classname="tests.test_enhanced_bridge.TestEnhancedMultiAgentBridge" name="test_context_building" time="0.003" /><testcase classname="tests.test_enhanced_bridge.TestBridgeFactory" name="test_create_enhanced_bridge_success" time="0.002" /><testcase classname="tests.test_enhanced_bridge.TestBridgeFactory" name="test_create_enhanced_bridge_failure" time="0.003" /><testcase classname="tests.test_enhanced_bridge.TestBridgeIntegration" name="test_dialogue_manager_integration" time="0.002" /><testcase classname="tests.test_enhanced_bridge.TestBridgeIntegration" name="test_performance_monitoring" time="0.002" /><testcase classname="tests.test_episodic_memory.TestEpisodicEvent" name="test_episodic_event_initialization" time="0.001" /><testcase classname="tests.test_episodic_memory.TestEpisodicEvent" name="test_episodic_event_significance_calculation" time="0.001" /><testcase classname="tests.test_episodic_memory.TestEpisodicEvent" name="test_add_causal_link" time="0.001" /><testcase classname="tests.test_episodic_memory.TestEpisodicEvent" name="test_add_duplicate_causal_link" time="0.001" /><testcase classname="tests.test_episodic_memory.TestEpisodicMemory" name="test_initialization" time="0.049" /><testcase classname="tests.test_episodic_memory.TestEpisodicMemory" name="test_store_episode_success" time="0.047" /><testcase classname="tests.test_episodic_memory.TestEpisodicMemory" name="test_store_episode_with_temporal_context" time="0.048" /><testcase classname="tests.test_episodic_memory.TestEpisodicMemory" name="test_store_episode_with_spatial_context" time="0.044" /><testcase classname="tests.test_episodic_memory.TestEpisodicMemory" name="test_store_episode_with_significance_boost" time="0.046" /><testcase classname="tests.test_episodic_memory.TestEpisodicMemory" name="test_retrieve_episodes_by_timeframe" time="0.049" /><testcase classname="tests.test_episodic_memory.TestEpisodicMemory" name="test_retrieve_episodes_by_timeframe_limited" time="0.051" /><testcase classname="tests.test_episodic_memory.TestEpisodicMemory" name="test_retrieve_episodes_by_timeframe_empty" time="0.047" /><testcase classname="tests.test_episodic_memory.TestEpisodicMemory" name="test_retrieve_episodes_by_participants" time="0.048" /><testcase classname="tests.test_episodic_memory.TestEpisodicMemory" name="test_retrieve_episodes_by_multiple_participants" time="0.045" /><testcase classname="tests.test_episodic_memory.TestEpisodicMemory" name="test_retrieve_episodes_by_theme" time="0.047" /><testcase classname="tests.test_episodic_memory.TestEpisodicMemory" name="test_retrieve_episodes_by_theme_multiple_themes" time="0.047" /><testcase classname="tests.test_episodic_memory.TestEpisodicMemory" name="test_link_episodes_causally" time="0.046" /><testcase classname="tests.test_episodic_memory.TestEpisodicMemory" name="test_link_episodes_different_link_types" time="0.047" /><testcase classname="tests.test_episodic_memory.TestEpisodicMemory" name="test_link_episodes_not_found" time="0.044" /><testcase classname="tests.test_episodic_memory.TestEpisodicMemory" name="test_extract_themes" time="0.045" /><testcase classname="tests.test_episodic_memory.TestEpisodicMemory" name="test_update_indices" time="0.046" /><testcase classname="tests.test_episodic_memory.TestEpisodicMemory" name="test_get_memory_statistics_empty" time="0.046" /><testcase classname="tests.test_episodic_memory.TestEpisodicMemory" name="test_get_memory_statistics" time="0.048" /><testcase classname="tests.test_episodic_memory.TestEpisodicMemory" name="test_consolidation_trigger" time="0.083" /><testcase classname="tests.test_episodic_memory.TestEpisodicMemory" name="test_perform_consolidation" time="0.055" /><testcase classname="tests.test_episodic_memory.TestEpisodicMemory" name="test_multiple_episode_storage" time="0.050" /><testcase classname="tests.test_episodic_memory.TestEpisodicMemory" name="test_episode_sorting_by_significance" time="0.045" /><testcase classname="tests.test_episodic_memory.TestEpisodicMemory" name="test_concurrent_episode_storage" time="0.048" /><testcase classname="tests.test_error_handler.TestErrorContext" name="test_error_context_creation" time="0.001" /><testcase classname="tests.test_error_handler.TestCentralizedErrorHandler" name="test_error_handler_initialization" time="0.001" /><testcase classname="tests.test_error_handler.TestCentralizedErrorHandler" name="test_error_handling_basic" time="0.003" /><testcase classname="tests.test_error_handler.TestCentralizedErrorHandler" name="test_error_severity_detection" time="0.002" /><testcase classname="tests.test_error_handler.TestCentralizedErrorHandler" name="test_error_category_detection" time="0.001" /><testcase classname="tests.test_error_handler.TestCentralizedErrorHandler" name="test_recovery_strategy_selection" time="0.001" /><testcase classname="tests.test_error_handler.TestCentralizedErrorHandler" name="test_error_recovery_retry" time="3.007" /><testcase classname="tests.test_error_handler.TestCentralizedErrorHandler" name="test_error_deduplication" time="0.003" /><testcase classname="tests.test_error_handler.TestCentralizedErrorHandler" name="test_error_statistics" time="0.002" /><testcase classname="tests.test_error_handler.TestCentralizedErrorHandler" name="test_circuit_breaker" time="0.004" /><testcase classname="tests.test_error_handler.TestGlobalErrorHandler" name="test_global_error_handler" time="0.002" /><testcase classname="tests.test_event_bus.TestEventBus" name="test_callback_exception_handling" time="0.007" /><testcase classname="tests.test_event_bus.TestEventBus" name="test_emit_to_unsubscribed_event" time="0.001" /><testcase classname="tests.test_event_bus.TestEventBus" name="test_multiple_subscribers" time="0.001" /><testcase classname="tests.test_event_bus.TestEventBus" name="test_subscribe_and_emit" time="0.001" /><testcase classname="tests.test_event_integration.TestEventIntegration" name="test_full_turn_event_flow" time="0.041"><failure message="AssertionError: Expected 'mock' to have been called once. Called 2 times.&#10;Calls: [call(agent=&lt;src.persona_agent_core.PersonaAgentCore object at 0x7ac92dd0e8a0&gt;, action={'action_id': 'test_agent_action_140844', 'action_type': 'observe', 'agent_id': 'test_agent', 'reasoning': 'Character Character Sheet: Test Agent is observing the situation and assessing options.', 'timestamp': '2025-11-13T14:08:44.558812'}),&#10; call(agent=&lt;src.persona_agent.PersonaAgent object at 0x7ac92dd0ce00&gt;, action=CharacterAction(action_type='unknown', target='none', priority=&lt;ActionPriority.NORMAL: 'normal'&gt;, reasoning='[LLM-Guided] Threat level low requires decisive action without LLM context.', parameters={}))].&#10;&#10;pytest introspection follows:&#10;&#10;Kwargs:&#10;assert {'agent': &lt;src.persona_agent.PersonaAgent object at 0x7ac92dd0ce00&gt;, 'action': CharacterAction(action_type='unknown', target='none', priority=&lt;ActionPriority.NORMAL: 'normal'&gt;, reasoning='[LLM-Guided] Threat level low requires decisive action without LLM context.', parameters={})} == {}&#10;  &#10;  Left contains 2 more items:&#10;  {'action': CharacterAction(action_type='unknown',&#10;                             target='none',&#10;                             priority=&lt;ActionPriority.NORMAL: 'normal'&gt;,&#10;                             reasoning='[LLM-Guided] Threat level low requires '&#10;                                       'decisive action without LLM context.',&#10;                             parameters={}),&#10;   'agent': &lt;src.persona_agent.PersonaAgent object at 0x7ac92dd0ce00&gt;}&#10;  &#10;  Full diff:&#10;  - {}&#10;  + {&#10;  +     'action': CharacterAction(&#10;  +         action_type='unknown',&#10;  +         target='none',&#10;  +         priority=&lt;ActionPriority.NORMAL: 'normal'&gt;,&#10;  +         reasoning='[LLM-Guided] Threat level low requires decisive action '&#10;  +                   'without LLM context.',&#10;  +         parameters={},&#10;  +     ),&#10;  +     'agent': &lt;src.persona_agent.PersonaAgent object at 0x7ac92dd0ce00&gt;,&#10;  + }">/usr/lib/python3.12/unittest/mock.py:923: in assert_called_once
    raise AssertionError(msg)
E   AssertionError: Expected 'mock' to have been called once. Called 2 times.
E   Calls: [call(agent=&lt;src.persona_agent_core.PersonaAgentCore object at 0x7ac92dd0e8a0&gt;, action={'action_id': 'test_agent_action_140844', 'action_type': 'observe', 'agent_id': 'test_agent', 'reasoning': 'Character Character Sheet: Test Agent is observing the situation and assessing options.', 'timestamp': '2025-11-13T14:08:44.558812'}),
E    call(agent=&lt;src.persona_agent.PersonaAgent object at 0x7ac92dd0ce00&gt;, action=CharacterAction(action_type='unknown', target='none', priority=&lt;ActionPriority.NORMAL: 'normal'&gt;, reasoning='[LLM-Guided] Threat level low requires decisive action without LLM context.', parameters={}))].

During handling of the above exception, another exception occurred:
tests/test_event_integration.py:59: in test_full_turn_event_flow
    director._handle_agent_action.assert_called_once()
E   AssertionError: Expected 'mock' to have been called once. Called 2 times.
E   Calls: [call(agent=&lt;src.persona_agent_core.PersonaAgentCore object at 0x7ac92dd0e8a0&gt;, action={'action_id': 'test_agent_action_140844', 'action_type': 'observe', 'agent_id': 'test_agent', 'reasoning': 'Character Character Sheet: Test Agent is observing the situation and assessing options.', 'timestamp': '2025-11-13T14:08:44.558812'}),
E    call(agent=&lt;src.persona_agent.PersonaAgent object at 0x7ac92dd0ce00&gt;, action=CharacterAction(action_type='unknown', target='none', priority=&lt;ActionPriority.NORMAL: 'normal'&gt;, reasoning='[LLM-Guided] Threat level low requires decisive action without LLM context.', parameters={}))].
E   
E   pytest introspection follows:
E   
E   Kwargs:
E   assert {'agent': &lt;src.persona_agent.PersonaAgent object at 0x7ac92dd0ce00&gt;, 'action': CharacterAction(action_type='unknown', target='none', priority=&lt;ActionPriority.NORMAL: 'normal'&gt;, reasoning='[LLM-Guided] Threat level low requires decisive action without LLM context.', parameters={})} == {}
E     
E     Left contains 2 more items:
E     {'action': CharacterAction(action_type='unknown',
E                                target='none',
E                                priority=&lt;ActionPriority.NORMAL: 'normal'&gt;,
E                                reasoning='[LLM-Guided] Threat level low requires '
E                                          'decisive action without LLM context.',
E                                parameters={}),
E      'agent': &lt;src.persona_agent.PersonaAgent object at 0x7ac92dd0ce00&gt;}
E     
E     Full diff:
E     - {}
E     + {
E     +     'action': CharacterAction(
E     +         action_type='unknown',
E     +         target='none',
E     +         priority=&lt;ActionPriority.NORMAL: 'normal'&gt;,
E     +         reasoning='[LLM-Guided] Threat level low requires decisive action '
E     +                   'without LLM context.',
E     +         parameters={},
E     +     ),
E     +     'agent': &lt;src.persona_agent.PersonaAgent object at 0x7ac92dd0ce00&gt;,
E     + }</failure></testcase><testcase classname="tests.test_foundation.TestLegalFoundation" name="test_legal_file_exists" time="0.003" /><testcase classname="tests.test_foundation.TestLegalFoundation" name="test_legal_file_content" time="0.004" /><testcase classname="tests.test_foundation.TestLegalFoundation" name="test_legal_fan_mode_compliance" time="0.004" /><testcase classname="tests.test_foundation.TestLegalFoundation" name="test_notice_file_exists" time="0.003" /><testcase classname="tests.test_foundation.TestLegalFoundation" name="test_notice_file_content" time="0.004" /><testcase classname="tests.test_foundation.TestConfigurationFoundation" name="test_settings_yaml_exists" time="0.003" /><testcase classname="tests.test_foundation.TestConfigurationFoundation" name="test_settings_yaml_valid_syntax" time="0.025" /><testcase classname="tests.test_foundation.TestConfigurationFoundation" name="test_settings_yaml_required_sections" time="0.024" /><testcase classname="tests.test_foundation.TestConfigurationFoundation" name="test_legal_settings_configuration" time="0.023" /><testcase classname="tests.test_foundation.TestConfigurationFoundation" name="test_simulation_engine_settings" time="0.023" /><testcase classname="tests.test_foundation.TestDocumentationFoundation" name="test_adrs_directory_exists" time="0.004" /><testcase classname="tests.test_foundation.TestDocumentationFoundation" name="test_adrs_readme_exists" time="0.006" /><testcase classname="tests.test_foundation.TestDocumentationFoundation" name="test_core_adrs_exist" time="0.014" /><testcase classname="tests.test_foundation.TestDocumentationFoundation" name="test_developer_documentation_exists" time="0.004"><failure message="AssertionError: Developer documentation docs/IMPLEMENTATION_PATTERNS.md must exist&#10;assert False&#10; +  where False = exists()&#10; +    where exists = PosixPath('docs/IMPLEMENTATION_PATTERNS.md').exists">tests/test_foundation.py:239: in test_developer_documentation_exists
    assert path.exists(), f"Developer documentation {doc_path} must exist"
E   AssertionError: Developer documentation docs/IMPLEMENTATION_PATTERNS.md must exist
E   assert False
E    +  where False = exists()
E    +    where exists = PosixPath('docs/IMPLEMENTATION_PATTERNS.md').exists</failure></testcase><testcase classname="tests.test_foundation.TestProjectStructure" name="test_directory_structure" time="0.009" /><testcase classname="tests.test_foundation.TestProjectStructure" name="test_private_directory_structure" time="0.005" /><testcase classname="tests.test_foundation.TestProjectStructure" name="test_file_permissions_security" time="0.005" /><testcase classname="tests.test_foundation.TestProjectStructure" name="test_readme_legal_disclaimer" time="0.004" /><testcase classname="tests.test_foundation.TestComplianceValidation" name="test_fan_mode_registry_structure" time="0.003" /><testcase classname="tests.test_foundation.TestComplianceValidation" name="test_ip_protection_mechanisms" time="0.025" /><testcase classname="tests.test_foundation.TestComplianceValidation" name="test_dmca_compliance_documentation" time="0.003" /><testcase classname="tests.test_integration_complete.TestCompleteSystemIntegration" name="test_iron_laws_integration" time="0.000"><skipped type="pytest.skip" message="Complete integration tests require NOVEL_ENGINE_FULL_INTEGRATION=1">/mnt/d/Code/Novel-Engine/tests/test_integration_complete.py:151: Complete integration tests require NOVEL_ENGINE_FULL_INTEGRATION=1</skipped></testcase><testcase classname="tests.test_integration_complete.TestCompleteSystemIntegration" name="test_state_hashing_integration" time="0.000"><skipped type="pytest.skip" message="Complete integration tests require NOVEL_ENGINE_FULL_INTEGRATION=1">/mnt/d/Code/Novel-Engine/tests/test_integration_complete.py:185: Complete integration tests require NOVEL_ENGINE_FULL_INTEGRATION=1</skipped></testcase><testcase classname="tests.test_integration_complete.TestCompleteSystemIntegration" name="test_semantic_caching_integration" time="0.000"><skipped type="pytest.skip" message="Complete integration tests require NOVEL_ENGINE_FULL_INTEGRATION=1">/mnt/d/Code/Novel-Engine/tests/test_integration_complete.py:236: Complete integration tests require NOVEL_ENGINE_FULL_INTEGRATION=1</skipped></testcase><testcase classname="tests.test_integration_complete.TestCompleteSystemIntegration" name="test_token_budget_integration" time="0.000"><skipped type="pytest.skip" message="Complete integration tests require NOVEL_ENGINE_FULL_INTEGRATION=1">/mnt/d/Code/Novel-Engine/tests/test_integration_complete.py:298: Complete integration tests require NOVEL_ENGINE_FULL_INTEGRATION=1</skipped></testcase><testcase classname="tests.test_integration_complete.TestCompleteSystemIntegration" name="test_evaluation_system_integration" time="0.000"><skipped type="pytest.skip" message="Evaluation system not available">/mnt/d/Code/Novel-Engine/tests/test_integration_complete.py:386: Evaluation system not available</skipped></testcase><testcase classname="tests.test_integration_complete.TestCompleteSystemIntegration" name="test_end_to_end_integration" time="0.000"><skipped type="pytest.skip" message="Full system components not available">/mnt/d/Code/Novel-Engine/tests/test_integration_complete.py:472: Full system components not available</skipped></testcase><testcase classname="tests.test_integration_complete.TestCompleteSystemIntegration" name="test_performance_integration" time="0.000"><skipped type="pytest.skip" message="Complete integration tests require NOVEL_ENGINE_FULL_INTEGRATION=1">/mnt/d/Code/Novel-Engine/tests/test_integration_complete.py:704: Complete integration tests require NOVEL_ENGINE_FULL_INTEGRATION=1</skipped></testcase><testcase classname="tests.test_integration_comprehensive.TestFullSystemIntegration" name="test_end_to_end_simulation_workflow" time="0.021" /><testcase classname="tests.test_integration_comprehensive.TestFullSystemIntegration" name="test_character_detail_to_simulation_integration" time="0.086" /><testcase classname="tests.test_integration_comprehensive.TestFullSystemIntegration" name="test_system_health_to_functionality_integration" time="0.024" /><testcase classname="tests.test_integration_comprehensive.TestFullSystemIntegration" name="test_multi_user_concurrent_simulation" time="0.020" /><testcase classname="tests.test_integration_comprehensive.TestAPIBackendIntegration" name="test_api_character_loading_backend_integration" time="0.161" /><testcase classname="tests.test_integration_comprehensive.TestAPIBackendIntegration" name="test_api_error_handling_backend_integration" time="0.017" /><testcase classname="tests.test_integration_comprehensive.TestAPIBackendIntegration" name="test_api_validation_backend_consistency" time="0.012" /><testcase classname="tests.test_integration_comprehensive.TestCharacterSimulationIntegration" name="test_character_loading_simulation_execution" time="0.074" /><testcase classname="tests.test_integration_comprehensive.TestCharacterSimulationIntegration" name="test_character_attributes_simulation_behavior" time="0.050" /><testcase classname="tests.test_integration_comprehensive.TestCharacterSimulationIntegration" name="test_multi_character_interaction_simulation" time="0.232" /><testcase classname="tests.test_integration_comprehensive.TestStoryGenerationPipeline" name="test_simulation_to_story_pipeline" time="0.101" /><testcase classname="tests.test_integration_comprehensive.TestStoryGenerationPipeline" name="test_character_context_story_integration" time="0.044" /><testcase classname="tests.test_integration_comprehensive.TestStoryGenerationPipeline" name="test_narrative_style_story_consistency" time="0.010" /><testcase classname="tests.test_integration_comprehensive.TestMultiComponentWorkflows" name="test_character_creation_to_simulation_workflow" time="0.206" /><testcase classname="tests.test_integration_comprehensive.TestMultiComponentWorkflows" name="test_error_recovery_multi_component_workflow" time="0.075" /><testcase classname="tests.test_integration_comprehensive.TestMultiComponentWorkflows" name="test_performance_multi_component_integration" time="0.102" /><testcase classname="tests.test_integration_comprehensive.TestPerformanceIntegration" name="test_concurrent_api_backend_performance" time="0.093" /><testcase classname="tests.test_integration_comprehensive.TestPerformanceIntegration" name="test_memory_usage_integration" time="0.182" /><testcase classname="tests.test_integration_comprehensive.TestErrorPropagationAndRecovery" name="test_character_loading_error_propagation" time="0.055" /><testcase classname="tests.test_integration_comprehensive.TestErrorPropagationAndRecovery" name="test_simulation_error_recovery_integration" time="0.011" /><testcase classname="tests.test_integration_comprehensive.TestErrorPropagationAndRecovery" name="test_story_generation_error_handling_integration" time="0.010" /><testcase classname="tests.test_integration_comprehensive.TestSecurityValidationIntegration" name="test_input_validation_api_to_backend" time="0.011" /><testcase classname="tests.test_integration_comprehensive.TestSecurityValidationIntegration" name="test_brand_content_validation_integration" time="0.006" /><testcase classname="tests.test_integration_comprehensive.TestSecurityValidationIntegration" name="test_data_integrity_across_components" time="0.067" /><testcase classname="tests.test_iron_laws.TestIronLawsValidation" name="test_iron_laws_validation_core" time="0.005"><failure message="UnboundLocalError: cannot access local variable 'IronLawsReport' where it is not associated with a value">src/core/iron_laws_processor.py:126: in adjudicate_action
    validation_result = self._determine_overall_validation_result(
src/core/iron_laws_processor.py:604: in _determine_overall_validation_result
    return ValidationResult.REJECTED
           ^^^^^^^^^^^^^^^^^^^^^^^^^
E   AttributeError: type object 'ValidationResult' has no attribute 'REJECTED'

During handling of the above exception, another exception occurred:
tests/test_iron_laws.py:118: in test_iron_laws_validation_core
    result = director_agent._adjudicate_action(sample_action, mock_agent)
             ^^^^^^^^^^^^^^^^^^^^^^^^^^^^^^^^^^^^^^^^^^^^^^^^^^^^^^^^^^^^
src/agents/director_agent_integrated.py:810: in _adjudicate_action
    return self.iron_laws_processor.adjudicate_action(
src/core/iron_laws_processor.py:153: in adjudicate_action
    return IronLawsReport(
           ^^^^^^^^^^^^^^
E   UnboundLocalError: cannot access local variable 'IronLawsReport' where it is not associated with a value</failure></testcase><testcase classname="tests.test_iron_laws.TestIronLawsValidation" name="test_causality_law_validation" time="0.004" /><testcase classname="tests.test_iron_laws.TestIronLawsValidation" name="test_resource_law_validation" time="0.003"><failure message="assert 0 &gt; 0&#10; +  where 0 = len([])">tests/test_iron_laws.py:222: in test_resource_law_validation
    assert len(violations) &gt; 0
E   assert 0 &gt; 0
E    +  where 0 = len([])</failure></testcase><testcase classname="tests.test_iron_laws.TestIronLawsValidation" name="test_physics_law_validation" time="0.004"><failure message="assert 0 &gt; 0&#10; +  where 0 = len([])">tests/test_iron_laws.py:276: in test_physics_law_validation
    assert len(violations) &gt; 0
E   assert 0 &gt; 0
E    +  where 0 = len([])</failure></testcase><testcase classname="tests.test_iron_laws.TestIronLawsValidation" name="test_narrative_law_validation" time="0.003" /><testcase classname="tests.test_iron_laws.TestIronLawsValidation" name="test_social_law_validation" time="0.004"><failure message="assert 0 &gt; 0&#10; +  where 0 = len([])">tests/test_iron_laws.py:366: in test_social_law_validation
    assert len(violations) &gt; 0
E   assert 0 &gt; 0
E    +  where 0 = len([])</failure></testcase><testcase classname="tests.test_iron_laws.TestIronLawsRepairSystem" name="test_causality_repair" time="0.003"><failure message="AttributeError: 'DirectorAgent' object has no attribute '_repair_causality_violations'">tests/test_iron_laws.py:443: in test_causality_repair
    repaired_action, repairs_made = director_agent._repair_causality_violations(
                                    ^^^^^^^^^^^^^^^^^^^^^^^^^^^^^^^^^^^^^^^^^^^
E   AttributeError: 'DirectorAgent' object has no attribute '_repair_causality_violations'</failure></testcase><testcase classname="tests.test_iron_laws.TestIronLawsRepairSystem" name="test_resource_repair" time="0.003"><failure message="AttributeError: 'DirectorAgent' object has no attribute '_repair_resource_violations'">tests/test_iron_laws.py:483: in test_resource_repair
    repaired_action, repairs_made = director_agent._repair_resource_violations(
                                    ^^^^^^^^^^^^^^^^^^^^^^^^^^^^^^^^^^^^^^^^^^
E   AttributeError: 'DirectorAgent' object has no attribute '_repair_resource_violations'</failure></testcase><testcase classname="tests.test_iron_laws.TestIronLawsRepairSystem" name="test_physics_repair" time="0.003"><failure message="AttributeError: 'DirectorAgent' object has no attribute '_repair_physics_violations'">tests/test_iron_laws.py:524: in test_physics_repair
    repaired_action, repairs_made = director_agent._repair_physics_violations(
                                    ^^^^^^^^^^^^^^^^^^^^^^^^^^^^^^^^^^^^^^^^^
E   AttributeError: 'DirectorAgent' object has no attribute '_repair_physics_violations'</failure></testcase><testcase classname="tests.test_iron_laws.TestIronLawsRepairSystem" name="test_narrative_repair" time="0.005"><failure message="AttributeError: 'DirectorAgent' object has no attribute '_repair_narrative_violations'">tests/test_iron_laws.py:560: in test_narrative_repair
    repaired_action, repairs_made = director_agent._repair_narrative_violations(
                                    ^^^^^^^^^^^^^^^^^^^^^^^^^^^^^^^^^^^^^^^^^^^
E   AttributeError: 'DirectorAgent' object has no attribute '_repair_narrative_violations'</failure></testcase></testsuite></testsuites>