<?xml version="1.0" encoding="utf-8"?><testsuites name="pytest tests"><testsuite name="pytest" errors="3" failures="7" skipped="21" tests="120" time="128.155" timestamp="2025-10-29T21:55:54.947806+11:00" hostname="Jackela"><testcase classname="ai_testing.test_real_ai_generation" name="test_real_ai_generation" time="0.003" /><testcase classname="ai_testing.test_scenarios.simple_validation_test" name="test_framework_effectiveness" time="0.169" /><testcase classname="ai_testing.test_wave_mode_improvements" name="test_improvements" time="0.215" /><testcase classname="contexts.world.application.validation_test" name="test_imports" time="0.025" /><testcase classname="contexts.world.application.validation_test" name="test_command_creation" time="0.014" /><testcase classname="contexts.world.application.validation_test" name="test_use_case_structure" time="0.001" /><testcase classname="contexts.world.application.validation_test" name="test_clean_architecture_compliance" time="0.006" /><testcase classname="integration_validation_test" name="test_director_agent_lifecycle" time="0.042" /><testcase classname="integration_validation_test" name="test_event_bus_coordination" time="0.001" /><testcase classname="integration_validation_test" name="test_memory_integration" time="0.009" /><testcase classname="integration_validation_test" name="test_configuration_integration" time="0.005" /><testcase classname="phase1_validation_test" name="test_director_agent_import_and_instantiation" time="0.008" /><testcase classname="phase1_validation_test" name="test_persona_agent_import_and_instantiation" time="0.007" /><testcase classname="phase1_validation_test" name="test_event_bus_integration" time="0.001" /><testcase classname="phase1_validation_test" name="test_config_loading" time="0.001" /><testcase classname="phase1_validation_test" name="test_chronicler_agent_compatibility" time="0.001" /><testcase classname="phase1_validation_test" name="test_modular_components_availability" time="0.014" /><testcase classname="tests.integration.api.test_fixed_api" name="test_minimal_api" time="6.043" /><testcase classname="tests.integration.api.test_functionality" name="test_gemini_api_direct" time="0.004"><skipped type="pytest.skip" message="Integration script - use main() instead">/mnt/d/Code/Novel-Engine/tests/integration/api/test_functionality.py:68: Integration script - use main() instead</skipped></testcase><testcase classname="tests.integration.api.test_functionality" name="test_api_endpoints" time="0.002"><skipped type="pytest.skip" message="Integration script - use main() instead">/mnt/d/Code/Novel-Engine/tests/integration/api/test_functionality.py:125: Integration script - use main() instead</skipped></testcase><testcase classname="tests.integration.api.test_simple" name="test_gemini_direct" time="0.001"><skipped type="pytest.skip" message="Integration script - use main() instead">/mnt/d/Code/Novel-Engine/tests/integration/api/test_simple.py:31: Integration script - use main() instead</skipped></testcase><testcase classname="tests.integration.api.test_simple" name="test_api_server" time="0.001"><skipped type="pytest.skip" message="Integration script - use main() instead">/mnt/d/Code/Novel-Engine/tests/integration/api/test_simple.py:57: Integration script - use main() instead</skipped></testcase><testcase classname="tests.integration.bridges.test_components" name="test_bridge_infrastructure" time="0.016" /><testcase classname="tests.integration.bridges.test_components" name="test_system_integration" time="0.002" /><testcase classname="tests.integration.bridges.test_multi_agent" name="test_bridge_initialization" time="0.002" /><testcase classname="tests.integration.bridges.test_multi_agent" name="test_ai_systems_initialization" time="0.002" /><testcase classname="tests.integration.bridges.test_multi_agent" name="test_agent_registration" time="0.003" /><testcase classname="tests.integration.bridges.test_multi_agent" name="test_dialogue_management" time="0.013" /><testcase classname="tests.integration.bridges.test_multi_agent" name="test_enhanced_turn_execution" time="0.003" /><testcase classname="tests.integration.bridges.test_multi_agent" name="test_performance_tracking" time="0.003" /><testcase classname="tests.integration.bridges.test_multi_agent" name="test_cost_and_budget_management" time="0.003" /><testcase classname="tests.integration.bridges.test_multi_agent" name="test_component_integration" time="0.002" /><testcase classname="tests.integration.bridges.test_multi_agent" name="test_backward_compatibility" time="0.003" /><testcase classname="tests.integration.core.test_modular_components.TestPersonaAgentModularComponents" name="test_persona_agent_initialization" time="0.016"><skipped type="pytest.skip" message="Real components not available">/mnt/d/Code/Novel-Engine/tests/integration/core/test_modular_components.py:129: Real components not available</skipped></testcase><testcase classname="tests.integration.core.test_modular_components.TestPersonaAgentModularComponents" name="test_decision_engine_component" time="0.002"><skipped type="pytest.skip" message="Real components not available">/mnt/d/Code/Novel-Engine/tests/integration/core/test_modular_components.py:152: Real components not available</skipped></testcase><testcase classname="tests.integration.core.test_modular_components.TestPersonaAgentModularComponents" name="test_character_data_manager_component" time="0.002"><skipped type="pytest.skip" message="Real components not available">/mnt/d/Code/Novel-Engine/tests/integration/core/test_modular_components.py:175: Real components not available</skipped></testcase><testcase classname="tests.integration.core.test_modular_components.TestPersonaAgentModularComponents" name="test_persona_memory_manager_component" time="0.001"><skipped type="pytest.skip" message="Real components not available">/mnt/d/Code/Novel-Engine/tests/integration/core/test_modular_components.py:191: Real components not available</skipped></testcase><testcase classname="tests.integration.core.test_modular_components.TestPersonaAgentModularComponents" name="test_llm_client_component" time="0.002"><skipped type="pytest.skip" message="Real components not available">/mnt/d/Code/Novel-Engine/tests/integration/core/test_modular_components.py:209: Real components not available</skipped></testcase><testcase classname="tests.integration.core.test_modular_components.TestInteractionEngineModularComponents" name="test_interaction_engine_initialization" time="0.001"><skipped type="pytest.skip" message="Real components not available">/mnt/d/Code/Novel-Engine/tests/integration/core/test_modular_components.py:233: Real components not available</skipped></testcase><testcase classname="tests.integration.core.test_modular_components.TestInteractionEngineModularComponents" name="test_interaction_validator_component" time="0.002"><skipped type="pytest.skip" message="Real components not available">/mnt/d/Code/Novel-Engine/tests/integration/core/test_modular_components.py:251: Real components not available</skipped></testcase><testcase classname="tests.integration.core.test_modular_components.TestInteractionEngineModularComponents" name="test_queue_manager_component" time="0.002"><skipped type="pytest.skip" message="Real components not available">/mnt/d/Code/Novel-Engine/tests/integration/core/test_modular_components.py:273: Real components not available</skipped></testcase><testcase classname="tests.integration.core.test_modular_components.TestInteractionEngineModularComponents" name="test_interaction_processing_pipeline" time="0.002"><skipped type="pytest.skip" message="Real components not available">/mnt/d/Code/Novel-Engine/tests/integration/core/test_modular_components.py:298: Real components not available</skipped></testcase><testcase classname="tests.integration.core.test_modular_components.TestMultiAgentBridgeModularComponents" name="test_enhanced_bridge_initialization" time="0.001" /><testcase classname="tests.integration.core.test_modular_components.TestMultiAgentBridgeModularComponents" name="test_dialogue_manager_component" time="0.002"><skipped type="pytest.skip" message="Real components not available">/mnt/d/Code/Novel-Engine/tests/integration/core/test_modular_components.py:338: Real components not available</skipped></testcase><testcase classname="tests.integration.core.test_modular_components.TestMultiAgentBridgeModularComponents" name="test_llm_batch_processor_component" time="0.002"><skipped type="pytest.skip" message="Real components not available">/mnt/d/Code/Novel-Engine/tests/integration/core/test_modular_components.py:361: Real components not available</skipped></testcase><testcase classname="tests.integration.core.test_modular_components.TestMultiAgentBridgeModularComponents" name="test_cost_tracker_component" time="0.001"><skipped type="pytest.skip" message="Real components not available">/mnt/d/Code/Novel-Engine/tests/integration/core/test_modular_components.py:381: Real components not available</skipped></testcase><testcase classname="tests.integration.core.test_modular_components.TestMultiAgentBridgeModularComponents" name="test_bridge_agent_coordination" time="0.002" /><testcase classname="tests.integration.core.test_modular_components.TestModularComponentIntegration" name="test_persona_agent_with_interaction_engine" time="0.002"><skipped type="pytest.skip" message="Real components not available">/mnt/d/Code/Novel-Engine/tests/integration/core/test_modular_components.py:419: Real components not available</skipped></testcase><testcase classname="tests.integration.core.test_modular_components.TestModularComponentIntegration" name="test_full_modular_system_coordination" time="0.002" /><testcase classname="tests.integration.core.test_modular_components.TestModularComponentPerformance" name="test_persona_agent_decision_performance" time="0.002"><skipped type="pytest.skip" message="Real components not available">/mnt/d/Code/Novel-Engine/tests/integration/core/test_modular_components.py:475: Real components not available</skipped></testcase><testcase classname="tests.integration.core.test_modular_components.TestModularComponentPerformance" name="test_interaction_engine_throughput" time="0.002"><skipped type="pytest.skip" message="Real components not available">/mnt/d/Code/Novel-Engine/tests/integration/core/test_modular_components.py:507: Real components not available</skipped></testcase><testcase classname="tests.integration.core.test_systems" name="test_logging_system" time="0.045" /><testcase classname="tests.integration.core.test_systems" name="test_error_handling_system" time="0.002" /><testcase classname="tests.integration.core.test_systems" name="test_integration" time="0.004" /><testcase classname="tests.integration.core.test_wave2_components" name="test_component_initialization" time="0.262" /><testcase classname="tests.integration.core.test_wave2_components" name="test_modular_director_agent" time="0.078" /><testcase classname="tests.integration.core.test_wave2_components" name="test_component_protocols" time="0.003" /><testcase classname="tests.integration.core.test_wave2_components" name="test_component_architecture" time="0.005" /><testcase classname="tests.integration.frontend.test_simple" name="test_frontend_basic" time="0.015"><skipped type="pytest.skip" message="Integration script - use main() instead">/mnt/d/Code/Novel-Engine/tests/integration/frontend/test_simple.py:60: Integration script - use main() instead</skipped></testcase><testcase classname="tests.integration.interactions.test_simple" name="test_engine_initialization" time="0.118" /><testcase classname="tests.integration.interactions.test_simple" name="test_dialogue_interaction" time="0.104" /><testcase classname="tests.integration.interactions.test_simple" name="test_cooperation_interaction" time="0.104" /><testcase classname="tests.integration.interactions.test_simple" name="test_engine_statistics" time="0.104" /><testcase classname="tests.integration.test_character_context_integration.TestCharacterContextIntegration" name="test_character_domain_model_creation" time="0.002" /><testcase classname="tests.integration.test_character_context_integration.TestCharacterContextIntegration" name="test_character_value_objects_validation" time="0.004" /><testcase classname="tests.integration.test_character_context_integration.TestCharacterContextIntegration" name="test_core_abilities_calculations" time="0.001" /><testcase classname="tests.integration.test_character_context_integration.TestCharacterContextIntegration" name="test_character_application_service_create_character" time="0.004" /><testcase classname="tests.integration.test_character_context_integration.TestCharacterContextIntegration" name="test_character_application_service_duplicate_name_validation" time="0.004" /><testcase classname="tests.integration.test_character_context_integration.TestCharacterContextIntegration" name="test_create_character_command_validation" time="0.004" /><testcase classname="tests.integration.test_character_context_integration.TestCharacterContextIntegration" name="test_character_stats_updates" time="0.003" /><testcase classname="tests.integration.test_character_context_integration.TestCharacterContextIntegration" name="test_character_level_up" time="0.003" /><testcase classname="tests.integration.test_character_context_integration.TestCharacterContextIntegration" name="test_character_healing_and_damage" time="0.003" /><testcase classname="tests.integration.test_character_context_integration.TestCharacterContextIntegration" name="test_character_query_operations" time="0.004" /><testcase classname="tests.integration.test_character_context_integration.TestCharacterContextIntegration" name="test_character_skills_system" time="0.001" /><testcase classname="tests.integration.test_character_context_integration.TestCharacterContextIntegration" name="test_character_domain_events" time="0.001" /><testcase classname="tests.integration.test_character_context_integration.TestCharacterContextIntegration" name="test_character_business_rules" time="0.001" /><testcase classname="tests.integration.test_character_context_integration.TestCharacterContextIntegration" name="test_character_export_import_data" time="0.002" /><testcase classname="tests.integration.test_character_context_integration.TestCharacterRepositoryIntegration" name="test_character_orm_models_import" time="0.001" /><testcase classname="tests.integration.test_character_context_integration.TestCharacterRepositoryIntegration" name="test_sqlalchemy_character_repository_import" time="0.001" /><testcase classname="tests.integration.test_e2e_turn_orchestration.TestTurnOrchestrationE2E" name="test_complete_turn_orchestration_e2e" time="2.157" /><testcase classname="tests.integration.test_e2e_turn_orchestration.TestTurnOrchestrationE2E" name="test_turn_orchestration_with_validation_errors" time="0.050" /><testcase classname="tests.integration.test_e2e_turn_orchestration.TestTurnOrchestrationE2E" name="test_turn_orchestration_async_execution" time="0.264" /><testcase classname="tests.integration.test_e2e_turn_orchestration.TestTurnOrchestrationErrorHandling" name="test_database_connection_failure" time="0.002" /><testcase classname="tests.integration.test_e2e_turn_orchestration.TestTurnOrchestrationErrorHandling" name="test_invalid_character_references" time="0.002" /><testcase classname="tests.integration.test_e2e_turn_orchestration.TestTurnOrchestrationErrorHandling" name="test_concurrent_turn_execution" time="0.002" /><testcase classname="tests.integration.test_world_api_integration.TestWorldAPIIntegration" name="test_world_router_import" time="0.002" /><testcase classname="tests.integration.test_world_api_integration.TestWorldAPIIntegration" name="test_world_delta_endpoint_structure" time="0.042" /><testcase classname="tests.integration.test_world_api_integration.TestWorldAPIIntegration" name="test_world_slice_endpoint_structure" time="0.033" /><testcase classname="tests.integration.test_world_api_integration.TestWorldAPIIntegration" name="test_world_summary_endpoint_structure" time="0.046" /><testcase classname="tests.integration.test_world_api_integration.TestWorldAPIIntegration" name="test_world_history_endpoint_structure" time="0.029" /><testcase classname="tests.integration.test_world_api_integration.TestWorldAPIIntegration" name="test_world_validate_endpoint_structure" time="0.028" /><testcase classname="tests.integration.test_world_api_integration.TestWorldAPIIntegration" name="test_world_id_parameter_validation" time="0.025" /><testcase classname="tests.integration.test_world_api_integration.TestWorldAPIIntegration" name="test_world_endpoints_http_methods" time="0.051" /><testcase classname="tests.integration.test_world_api_integration.TestAPIServerIntegration" name="test_api_server_world_router_integration" time="0.001" /><testcase classname="tests.performance.test_llm_performance" name="test_async_llm_client_performance" time="0.033" /><testcase classname="tests.performance.test_llm_performance" name="test_persona_agent_patch" time="0.001"><skipped type="pytest.skip" message="Integration script - use main() instead">/mnt/d/Code/Novel-Engine/tests/performance/test_llm_performance.py:113: Integration script - use main() instead</skipped></testcase><testcase classname="tests.performance.test_llm_performance" name="test_concurrent_agent_performance" time="0.220" /><testcase classname="tests.security.test_comprehensive_security.TestAuthentication" name="test_jwt_token_validation" time="1.722" /><testcase classname="tests.security.test_comprehensive_security.TestAuthentication" name="test_password_security_requirements" time="1.333"><failure message="Failed: DID NOT RAISE &lt;class 'Exception'&gt;">tests/security/test_comprehensive_security.py:160: in test_password_security_requirements
    with pytest.raises(Exception):  # Should raise validation error
E   Failed: DID NOT RAISE &lt;class 'Exception'&gt;</failure></testcase><testcase classname="tests.security.test_comprehensive_security.TestAuthentication" name="test_brute_force_protection" time="2.721" /><testcase classname="tests.security.test_comprehensive_security.TestAuthentication" name="test_token_expiration" time="1.383" /><testcase classname="tests.security.test_comprehensive_security.TestAuthorization" name="test_role_based_access_control" time="1.372"><failure message="AttributeError: 'SecurityService' object has no attribute 'has_permission'">tests/security/test_comprehensive_security.py:225: in test_role_based_access_control
    assert auth_manager.has_permission(admin_user["role"], Permission.SYSTEM_ADMIN)
           ^^^^^^^^^^^^^^^^^^^^^^^^^^^
E   AttributeError: 'SecurityService' object has no attribute 'has_permission'</failure></testcase><testcase classname="tests.security.test_comprehensive_security.TestAuthorization" name="test_permission_escalation_prevention" time="1.337"><failure message="AttributeError: 'SecurityService' object has no attribute 'has_permission'">tests/security/test_comprehensive_security.py:244: in test_permission_escalation_prevention
    assert not auth_manager.has_permission(
               ^^^^^^^^^^^^^^^^^^^^^^^^^^^
E   AttributeError: 'SecurityService' object has no attribute 'has_permission'</failure></testcase><testcase classname="tests.security.test_comprehensive_security.TestInputValidation" name="test_sql_injection_detection" time="0.031" /><testcase classname="tests.security.test_comprehensive_security.TestInputValidation" name="test_xss_detection" time="0.002" /><testcase classname="tests.security.test_comprehensive_security.TestInputValidation" name="test_command_injection_detection" time="0.003" /><testcase classname="tests.security.test_comprehensive_security.TestInputValidation" name="test_input_sanitization" time="0.002" /><testcase classname="tests.security.test_comprehensive_security.TestRateLimiting" name="test_rate_limit_enforcement" time="0.002"><error message="failed on setup with &quot;TypeError: EnumType.__call__() missing 1 required positional argument: 'value'&quot;">tests/security/test_comprehensive_security.py:347: in rate_limiter
    strategy = RateLimitStrategy()
               ^^^^^^^^^^^^^^^^^^^
E   TypeError: EnumType.__call__() missing 1 required positional argument: 'value'</error></testcase><testcase classname="tests.security.test_comprehensive_security.TestRateLimiting" name="test_ddos_detection" time="0.002"><error message="failed on setup with &quot;TypeError: EnumType.__call__() missing 1 required positional argument: 'value'&quot;">tests/security/test_comprehensive_security.py:347: in rate_limiter
    strategy = RateLimitStrategy()
               ^^^^^^^^^^^^^^^^^^^
E   TypeError: EnumType.__call__() missing 1 required positional argument: 'value'</error></testcase><testcase classname="tests.security.test_comprehensive_security.TestRateLimiting" name="test_ip_whitelist" time="0.002"><error message="failed on setup with &quot;TypeError: EnumType.__call__() missing 1 required positional argument: 'value'&quot;">tests/security/test_comprehensive_security.py:347: in rate_limiter
    strategy = RateLimitStrategy()
               ^^^^^^^^^^^^^^^^^^^
E   TypeError: EnumType.__call__() missing 1 required positional argument: 'value'</error></testcase><testcase classname="tests.security.test_comprehensive_security.TestSecurityHeaders" name="test_security_headers_configuration" time="0.002" /><testcase classname="tests.security.test_comprehensive_security.TestVulnerabilityAssessment" name="test_owasp_top_10_protection" time="1.381"><failure message="TypeError: RateLimitMiddleware.__init__() got an unexpected keyword argument 'backend'">tests/security/test_comprehensive_security.py:445: in test_owasp_top_10_protection
    response = await security_suite.client.get("/")
               ^^^^^^^^^^^^^^^^^^^^^^^^^^^^^^^^^^^^
.venv-ci/lib/python3.12/site-packages/httpx/_client.py:1814: in get
    return await self.request(
.venv-ci/lib/python3.12/site-packages/httpx/_client.py:1585: in request
    return await self.send(request, auth=auth, follow_redirects=follow_redirects)
           ^^^^^^^^^^^^^^^^^^^^^^^^^^^^^^^^^^^^^^^^^^^^^^^^^^^^^^^^^^^^^^^^^^^^^^
.venv-ci/lib/python3.12/site-packages/httpx/_client.py:1674: in send
    response = await self._send_handling_auth(
.venv-ci/lib/python3.12/site-packages/httpx/_client.py:1702: in _send_handling_auth
    response = await self._send_handling_redirects(
.venv-ci/lib/python3.12/site-packages/httpx/_client.py:1739: in _send_handling_redirects
    response = await self._send_single_request(request)
               ^^^^^^^^^^^^^^^^^^^^^^^^^^^^^^^^^^^^^^^^
.venv-ci/lib/python3.12/site-packages/httpx/_client.py:1776: in _send_single_request
    response = await transport.handle_async_request(request)
               ^^^^^^^^^^^^^^^^^^^^^^^^^^^^^^^^^^^^^^^^^^^^^
.venv-ci/lib/python3.12/site-packages/httpx/_transports/asgi.py:157: in handle_async_request
    await self.app(scope, receive, send)
.venv-ci/lib/python3.12/site-packages/fastapi/applications.py:1134: in __call__
    await super().__call__(scope, receive, send)
.venv-ci/lib/python3.12/site-packages/starlette/applications.py:112: in __call__
    self.middleware_stack = self.build_middleware_stack()
                            ^^^^^^^^^^^^^^^^^^^^^^^^^^^^^
.venv-ci/lib/python3.12/site-packages/fastapi/applications.py:1042: in build_middleware_stack
    app = cls(app, *args, **kwargs)
          ^^^^^^^^^^^^^^^^^^^^^^^^^
E   TypeError: RateLimitMiddleware.__init__() got an unexpected keyword argument 'backend'</failure></testcase><testcase classname="tests.security.test_comprehensive_security.TestVulnerabilityAssessment" name="test_information_disclosure_prevention" time="1.337"><failure message="TypeError: RateLimitMiddleware.__init__() got an unexpected keyword argument 'backend'">tests/security/test_comprehensive_security.py:476: in test_information_disclosure_prevention
    response = await security_suite.client.get("/nonexistent-endpoint")
               ^^^^^^^^^^^^^^^^^^^^^^^^^^^^^^^^^^^^^^^^^^^^^^^^^^^^^^^^
.venv-ci/lib/python3.12/site-packages/httpx/_client.py:1814: in get
    return await self.request(
.venv-ci/lib/python3.12/site-packages/httpx/_client.py:1585: in request
    return await self.send(request, auth=auth, follow_redirects=follow_redirects)
           ^^^^^^^^^^^^^^^^^^^^^^^^^^^^^^^^^^^^^^^^^^^^^^^^^^^^^^^^^^^^^^^^^^^^^^
.venv-ci/lib/python3.12/site-packages/httpx/_client.py:1674: in send
    response = await self._send_handling_auth(
.venv-ci/lib/python3.12/site-packages/httpx/_client.py:1702: in _send_handling_auth
    response = await self._send_handling_redirects(
.venv-ci/lib/python3.12/site-packages/httpx/_client.py:1739: in _send_handling_redirects
    response = await self._send_single_request(request)
               ^^^^^^^^^^^^^^^^^^^^^^^^^^^^^^^^^^^^^^^^
.venv-ci/lib/python3.12/site-packages/httpx/_client.py:1776: in _send_single_request
    response = await transport.handle_async_request(request)
               ^^^^^^^^^^^^^^^^^^^^^^^^^^^^^^^^^^^^^^^^^^^^^
.venv-ci/lib/python3.12/site-packages/httpx/_transports/asgi.py:157: in handle_async_request
    await self.app(scope, receive, send)
.venv-ci/lib/python3.12/site-packages/fastapi/applications.py:1134: in __call__
    await super().__call__(scope, receive, send)
.venv-ci/lib/python3.12/site-packages/starlette/applications.py:112: in __call__
    self.middleware_stack = self.build_middleware_stack()
                            ^^^^^^^^^^^^^^^^^^^^^^^^^^^^^
.venv-ci/lib/python3.12/site-packages/fastapi/applications.py:1042: in build_middleware_stack
    app = cls(app, *args, **kwargs)
          ^^^^^^^^^^^^^^^^^^^^^^^^^
E   TypeError: RateLimitMiddleware.__init__() got an unexpected keyword argument 'backend'</failure></testcase><testcase classname="tests.security.test_comprehensive_security.TestVulnerabilityAssessment" name="test_session_security" time="1.575" /><testcase classname="tests.security.test_comprehensive_security.TestSecurityMonitoring" name="test_security_event_logging" time="0.002" /><testcase classname="tests.security.test_comprehensive_security.TestSecurityMonitoring" name="test_audit_trail" time="0.002" /><testcase classname="tests.security.test_comprehensive_security.TestSecurityPerformance" name="test_rate_limiting_performance" time="0.019" /><testcase classname="tests.security.test_comprehensive_security.TestSecurityPerformance" name="test_input_validation_performance" time="0.137" /><testcase classname="tests.security.test_comprehensive_security.TestSecurityIntegration" name="test_end_to_end_security_flow" time="1.611"><failure message="TypeError: RateLimitMiddleware.__init__() got an unexpected keyword argument 'backend'">tests/security/test_comprehensive_security.py:602: in test_end_to_end_security_flow
    response = await security_suite.client.get(
.venv-ci/lib/python3.12/site-packages/httpx/_client.py:1814: in get
    return await self.request(
.venv-ci/lib/python3.12/site-packages/httpx/_client.py:1585: in request
    return await self.send(request, auth=auth, follow_redirects=follow_redirects)
           ^^^^^^^^^^^^^^^^^^^^^^^^^^^^^^^^^^^^^^^^^^^^^^^^^^^^^^^^^^^^^^^^^^^^^^
.venv-ci/lib/python3.12/site-packages/httpx/_client.py:1674: in send
    response = await self._send_handling_auth(
.venv-ci/lib/python3.12/site-packages/httpx/_client.py:1702: in _send_handling_auth
    response = await self._send_handling_redirects(
.venv-ci/lib/python3.12/site-packages/httpx/_client.py:1739: in _send_handling_redirects
    response = await self._send_single_request(request)
               ^^^^^^^^^^^^^^^^^^^^^^^^^^^^^^^^^^^^^^^^
.venv-ci/lib/python3.12/site-packages/httpx/_client.py:1776: in _send_single_request
    response = await transport.handle_async_request(request)
               ^^^^^^^^^^^^^^^^^^^^^^^^^^^^^^^^^^^^^^^^^^^^^
.venv-ci/lib/python3.12/site-packages/httpx/_transports/asgi.py:157: in handle_async_request
    await self.app(scope, receive, send)
.venv-ci/lib/python3.12/site-packages/fastapi/applications.py:1134: in __call__
    await super().__call__(scope, receive, send)
.venv-ci/lib/python3.12/site-packages/starlette/applications.py:112: in __call__
    self.middleware_stack = self.build_middleware_stack()
                            ^^^^^^^^^^^^^^^^^^^^^^^^^^^^^
.venv-ci/lib/python3.12/site-packages/fastapi/applications.py:1042: in build_middleware_stack
    app = cls(app, *args, **kwargs)
          ^^^^^^^^^^^^^^^^^^^^^^^^^
E   TypeError: RateLimitMiddleware.__init__() got an unexpected keyword argument 'backend'</failure></testcase><testcase classname="tests.test_ai_intelligence_integration.TestAIIntelligenceIntegration" name="test_integration_startup_success" time="0.367"><failure message="AssertionError: assert False&#10; +  where False = StandardResponse(success=False, data=None, error=ErrorInfo(code='TRADITIONAL_STARTUP_FAILED', message='Traditional system startup failed', details={'traditional_error': 'System orchestrator startup failed'}, recoverable=True, standard_guidance=None), metadata={}, timestamp=datetime.datetime(2025, 10, 29, 21, 58, 3, 8820)).success">tests/test_ai_intelligence_integration.py:118: in test_integration_startup_success
    assert result.success
E   AssertionError: assert False
E    +  where False = StandardResponse(success=False, data=None, error=ErrorInfo(code='TRADITIONAL_STARTUP_FAILED', message='Traditional system startup failed', details={'traditional_error': 'System orchestrator startup failed'}, recoverable=True, standard_guidance=None), metadata={}, timestamp=datetime.datetime(2025, 10, 29, 21, 58, 3, 8820)).success</failure></testcase></testsuite></testsuites>